Sun Mar 15 00:18:07 2026
%%%%%%%%%%%%%%%%%%%%%%%%%%%%%%%%%%%%%%%%%%%%%%%%%%%%%%%%%%%%%%%%%%%%%%%%%%%%%%%%%%%%%%%%%%%%%%%%%%%%%%%%%%%%%%%%%%%%%%%%%%%
% Results for /home/whq/Desktop/code_list/perple_test/all_allow_litmus_C910_naive_perple/MP+rfi-addr+ctrl-rfi-addr.litmus %
%%%%%%%%%%%%%%%%%%%%%%%%%%%%%%%%%%%%%%%%%%%%%%%%%%%%%%%%%%%%%%%%%%%%%%%%%%%%%%%%%%%%%%%%%%%%%%%%%%%%%%%%%%%%%%%%%%%%%%%%%%%
RISCV MP+rfi-addr+ctrl-rfi-addr
"Rfi DpAddrdW Rfe DpCtrldW Rfi DpAddrdR Fre"
{0:x5=1; 0:x6=x; 0:x9=y; 1:x6=y; 1:x7=1; 1:x8=z; 1:x12=x;}
 P0            | P1              ;
 sw x5,0(x6)   | lw x5,0(x6)     ;
 lw x7,0(x6)   | bne x5,x0,LC00  ;
 xor x8,x7,x7  | LC00:           ;
 add x10,x9,x8 | sw x7,0(x8)     ;
 sw x5,0(x10)  | lw x9,0(x8)     ;
               | xor x10,x9,x9   ;
               | add x13,x12,x10 ;
               | lw x11,0(x13)   ;

exists (0:x7=1 /\ 1:x5=1 /\ 1:x9=1 /\ 1:x11=0)
Generated assembler
	#START _litmus_P1
	lw a7,0(a5)
	bne a7,x0,0f
	0:
	sw a2,0(a4)
	lw t1,0(a4)
	xor s2,t1,t1
	add s1,a3,s2
	lw t3,0(s1)
	#START _litmus_P0
	sw a3,0(a5)
	lw a6,0(a5)
	xor t4,a6,a6
	add t3,a4,t4
	sw a3,0(t3)
heuristic statistic: 1556
heuristic statistic: 1758
heuristic statistic: 1517
heuristic statistic: 1796
heuristic statistic: 1443
heuristic statistic: 2282
heuristic statistic: 1414
heuristic statistic: 2852
heuristic statistic: 1341
heuristic statistic: 3406
heuristic statistic: 1192
heuristic statistic: 3353
heuristic statistic: 1288
heuristic statistic: 3881
heuristic statistic: 1595
heuristic statistic: 2488
heuristic statistic: 1431
heuristic statistic: 3309
heuristic statistic: 1148
heuristic statistic: 1786
Test MP+rfi-addr+ctrl-rfi-addr Allowed
Histogram (0 states)
No

Witnesses
Positive: 0, Negative: 2000000
Condition exists (0:x7=1 /\ 1:x5=1 /\ 1:x9=1 /\ 1:x11=0) is NOT validated
Hash=8c39f60e9a8b2877936e2b1a723453ff
Cycle=Rfi DpAddrdW Rfe DpCtrldW Rfi DpAddrdR Fre
Relax MP+rfi-addr+ctrl-rfi-addr No Rfi
Safe=Rfe Fre DpAddrdW DpAddrdR DpCtrldW
Generator=diy7 (version 7.51+4(dev))
Com=Rf Fr
Orig=Rfi DpAddrdW Rfe DpCtrldW Rfi DpAddrdR Fre
Observation MP+rfi-addr+ctrl-rfi-addr Never 0 2000000
Time MP+rfi-addr+ctrl-rfi-addr 0.27
Revision exported, version 7.56
Command line: litmus7 -carch RISCV -limit true -affinity incr1 -force_affinity true -mem direct -barrier none -detached false -thread std -launch changing -stride 1 -size_of_test 100 -number_of_run 10 -driver C -gcc riscv64-unknown-linux-gnu-gcc -ccopts -O2 -linkopt -static -smtmode seq -smt 2 -avail 4 -alloc dynamic -contiguous false -noalign none /home/whq/Desktop/code_list/perple_test/all_allow_litmus_C910_naive_perple/MP+rfi-addr+ctrl-rfi-addr.litmus -o /home/whq/Desktop/code_list/perple_test/bayes_banana_perple/MP+rfi-addr+ctrl-rfi-addr_0_5_0_0_0_0_2_0_0_0_1
Parameters
#define SIZE_OF_TEST 100
#define NUMBER_OF_RUN 10
#define AVAIL 4
#define STRIDE 1
#define MAX_LOOP 0
/* gcc options: -D_GNU_SOURCE -DFORCE_AFFINITY -Wall -std=gnu99 -O2 -pthread */
/* gcc link options: -static */
/* barrier: none */
/* launch: changing */
/* affinity: incr1 */
/* alloc: dynamic */
/* memory: direct */
/* stride: 1 */
/* safer: write */
/* preload: random */
/* speedcheck: no */
/* proc used: 4 */
Command: /home/sipeed/perple/MP+rfi-addr+ctrl-rfi-addr_0_5_0_0_0_0_2_0_0_0_1/run.exe -s 100000
Sun Mar 15 00:18:08 2026
