Sun Mar 15 00:19:37 2026
%%%%%%%%%%%%%%%%%%%%%%%%%%%%%%%%%%%%%%%%%%%%%%%%%%%%%%%%%%%%%%%%%%%%%%%%%%%%%%%%%%%%%%%%%%%%%%%%%%%%%%%%%%%%%%%%%%%%%%%%%
% Results for /home/whq/Desktop/code_list/perple_test/all_allow_litmus_C910_naive_perple/SB+fence.rw.rw+pos-addr.litmus %
%%%%%%%%%%%%%%%%%%%%%%%%%%%%%%%%%%%%%%%%%%%%%%%%%%%%%%%%%%%%%%%%%%%%%%%%%%%%%%%%%%%%%%%%%%%%%%%%%%%%%%%%%%%%%%%%%%%%%%%%%
RISCV SB+fence.rw.rw+pos-addr
"Fence.rw.rwdWR Fre PosWR DpAddrdR Fre"
{0:x5=1; 0:x6=x; 0:x8=y; 1:x5=1; 1:x6=y; 1:x10=x;}
 P0          | P1             ;
 sw x5,0(x6) | sw x5,0(x6)    ;
 fence rw,rw | lw x7,0(x6)    ;
 lw x7,0(x8) | xor x8,x7,x7   ;
             | add x11,x10,x8 ;
             | lw x9,0(x11)   ;

exists (0:x7=0 /\ 1:x9=0)
Generated assembler
	#START _litmus_P1
	sw a3,0(a5)
	lw t5,0(a5)
	xor t4,t5,t5
	add t3,a4,t4
	lw a6,0(t3)
	#START _litmus_P0
	sw a2,0(a5)
	fence rw,rw
	lw a6,0(a4)
heuristic statistic: 1073
heuristic statistic: 1057
heuristic statistic: 161
heuristic statistic: 20
heuristic statistic: 116
heuristic statistic: 96
heuristic statistic: 747
heuristic statistic: 555
heuristic statistic: 168
heuristic statistic: 156
heuristic statistic: 154
heuristic statistic: 432
heuristic statistic: 186
heuristic statistic: 567
heuristic statistic: 238
heuristic statistic: 504
heuristic statistic: 145
heuristic statistic: 464
heuristic statistic: 136
heuristic statistic: 187
Test SB+fence.rw.rw+pos-addr Allowed
Histogram (0 states)
No

Witnesses
Positive: 0, Negative: 2000000
Condition exists (0:x7=0 /\ 1:x9=0) is NOT validated
Hash=e4c80c155f970d6247fc1a3ca37bc01a
Cycle=Fre PosWR DpAddrdR Fre Fence.rw.rwdWR
Relax SB+fence.rw.rw+pos-addr No PosWR
Safe=Fre Fence.rw.rwdWR DpAddrdR
Generator=diy7 (version 7.51+4(dev))
Com=Fr Fr
Orig=Fence.rw.rwdWR Fre PosWR DpAddrdR Fre
Observation SB+fence.rw.rw+pos-addr Never 0 2000000
Time SB+fence.rw.rw+pos-addr 0.21
Revision exported, version 7.56
Command line: litmus7 -carch RISCV -limit true -affinity incr1 -force_affinity true -mem direct -barrier none -detached false -thread std -launch changing -stride 1 -size_of_test 100 -number_of_run 10 -driver C -gcc riscv64-unknown-linux-gnu-gcc -ccopts -O2 -linkopt -static -smtmode seq -smt 2 -avail 4 -alloc dynamic -contiguous false -noalign none /home/whq/Desktop/code_list/perple_test/all_allow_litmus_C910_naive_perple/SB+fence.rw.rw+pos-addr.litmus -o /home/whq/Desktop/code_list/perple_test/bayes_banana_perple/SB+fence.rw.rw+pos-addr_0_5_0_0_0_0_2_0_0_0_1
Parameters
#define SIZE_OF_TEST 100
#define NUMBER_OF_RUN 10
#define AVAIL 4
#define STRIDE 1
#define MAX_LOOP 0
/* gcc options: -D_GNU_SOURCE -DFORCE_AFFINITY -Wall -std=gnu99 -O2 -pthread */
/* gcc link options: -static */
/* barrier: none */
/* launch: changing */
/* affinity: incr1 */
/* alloc: dynamic */
/* memory: direct */
/* stride: 1 */
/* safer: write */
/* preload: random */
/* speedcheck: no */
/* proc used: 4 */
Command: /home/sipeed/perple/SB+fence.rw.rw+pos-addr_0_5_0_0_0_0_2_0_0_0_1/run.exe -s 100000
Sun Mar 15 00:19:38 2026
