Sun Mar 15 00:18:04 2026
%%%%%%%%%%%%%%%%%%%%%%%%%%%%%%%%%%%%%%%%%%%%%%%%%%%%%%%%%%%%%%%%%%%%%%%%%%%%%%%%%%%%%%%%%%%%%%%%%%%%%%%%%%%%%%%%%
% Results for /home/whq/Desktop/code_list/perple_test/all_allow_litmus_C910_naive_perple/SB+po+porlp+NEW.litmus %
%%%%%%%%%%%%%%%%%%%%%%%%%%%%%%%%%%%%%%%%%%%%%%%%%%%%%%%%%%%%%%%%%%%%%%%%%%%%%%%%%%%%%%%%%%%%%%%%%%%%%%%%%%%%%%%%%
RISCV SB+po+porlp+NEW
"PodWR FrePRl PodWRRlP Fre"
{0:x5=1; 0:x6=x; 0:x8=y; 1:x5=1; 1:x6=y; 1:x8=x;}
 P0          | P1                      ;
 sw x5,0(x6) | amoswap.w.rl x0,x5,(x6) ;
 lw x7,0(x8) | lw x7,0(x8)             ;

exists (0:x7=0 /\ 1:x7=0)
Generated assembler
	#START _litmus_P1
	amoswap.w.rl x0,a2,(a5)
	lw a6,0(a4)
	#START _litmus_P0
	sw a2,0(a5)
	lw a6,0(a4)
heuristic statistic: 40722
heuristic statistic: 35773
heuristic statistic: 36318
heuristic statistic: 37481
heuristic statistic: 28726
heuristic statistic: 38834
heuristic statistic: 17161
heuristic statistic: 39261
heuristic statistic: 22618
heuristic statistic: 38052
heuristic statistic: 22490
heuristic statistic: 36324
heuristic statistic: 22714
heuristic statistic: 35061
heuristic statistic: 21706
heuristic statistic: 34227
heuristic statistic: 20625
heuristic statistic: 34308
heuristic statistic: 19558
heuristic statistic: 32442
Test SB+po+porlp+NEW Allowed
Histogram (0 states)
No

Witnesses
Positive: 0, Negative: 2000000
Condition exists (0:x7=0 /\ 1:x7=0) is NOT validated
Hash=00762e834c0f9efc1107c24b485c2590
Cycle=Fre PodWR FrePRl PodWRRlP
Relax SB+po+porlp+NEW No Rl
Safe=Fre PodWR
Generator=diy7 (version 7.51+4(dev))
Com=Fr Fr
Orig=PodWR FrePRl PodWRRlP Fre
Observation SB+po+porlp+NEW Never 0 2000000
Time SB+po+porlp+NEW 0.21
Revision exported, version 7.56
Command line: litmus7 -carch RISCV -limit true -affinity incr1 -force_affinity true -mem direct -barrier none -detached false -thread std -launch changing -stride 1 -size_of_test 100 -number_of_run 10 -driver C -gcc riscv64-unknown-linux-gnu-gcc -ccopts -O2 -linkopt -static -smtmode seq -smt 2 -avail 4 -alloc dynamic -contiguous false -noalign none /home/whq/Desktop/code_list/perple_test/all_allow_litmus_C910_naive_perple/SB+po+porlp+NEW.litmus -o /home/whq/Desktop/code_list/perple_test/bayes_banana_perple/SB+po+porlp+NEW_0_5_0_0_0_0_2_0_0_0_1
Parameters
#define SIZE_OF_TEST 100
#define NUMBER_OF_RUN 10
#define AVAIL 4
#define STRIDE 1
#define MAX_LOOP 0
/* gcc options: -D_GNU_SOURCE -DFORCE_AFFINITY -Wall -std=gnu99 -O2 -pthread */
/* gcc link options: -static */
/* barrier: none */
/* launch: changing */
/* affinity: incr1 */
/* alloc: dynamic */
/* memory: direct */
/* stride: 1 */
/* safer: write */
/* preload: random */
/* speedcheck: no */
/* proc used: 4 */
Command: /home/sipeed/perple/SB+po+porlp+NEW_0_5_0_0_0_0_2_0_0_0_1/run.exe -s 100000
Sun Mar 15 00:18:05 2026
