LB+addr+data-wsi-rfi-data:[5, 1, 3, 2, 0, 0, 0, 0, 1, 0, 2, 0, 0]
MP+rfi-ctrl+ctrl-rfi-addr:[2, 3, 1, 3, 0, 0, 0, 0, 1, 4, 0, 0, 0]
SB+pos-addr+pos-ctrlfencei:[0, 2, 0, 4, 0, 0, 0, 0, 1, 1, 0, 0, 0]
R+poprl+porlp+NEW:[0, 0, 0, 0, 2, 0, 0, 2, 0, 0, 0, 0, 0]
MP+rfi-ctrl+addr-rfi-ctrlfencei:[2, 3, 1, 3, 0, 0, 0, 0, 1, 2, 0, 0, 0]
MP+fence.rw.w+fence.w.w:[0, 1, 1, 0, 0, 0, 0, 0, 0, 0, 0, 1, 1]
R+rfi-data+rfi-ctrl-rfi:[2, 1, 2, 4, 0, 0, 0, 0, 0, 2, 1, 0, 0]
S+rfi-addr+addr:[2, 0, 1, 1, 0, 0, 0, 0, 2, 0, 0, 0, 0]
R+po+fence.rw.rw:[0, 0, 1, 1, 0, 0, 0, 0, 0, 0, 0, 1, 0]
LB:[2, 0, 0, 0, 0, 0, 0, 0, 0, 0, 0, 0, 0]
S+rfi-ctrl+ctrlfencei-rfi-data:[4, 1, 2, 2, 0, 0, 0, 0, 0, 4, 1, 0, 0]
LB+fence.r.rw+po:[2, 0, 0, 0, 0, 0, 0, 0, 0, 0, 0, 1, 0]
S+rfi-ctrlfencei+fence.r.rw:[2, 0, 1, 1, 0, 0, 0, 0, 0, 1, 0, 1, 0]
ISA09:[1, 3, 1, 2, 0, 0, 0, 0, 1, 0, 0, 1, 0]
LB+addr+fri-rfi-data:[4, 1, 1, 1, 0, 0, 0, 0, 1, 0, 1, 0, 0]
LB+ctrl+data-wsi-rfi-ctrl:[5, 1, 3, 2, 0, 0, 0, 0, 0, 2, 1, 0, 0]
SB+po-ctrlfenceis+pos-po-addr:[0, 2, 1, 6, 0, 0, 0, 0, 1, 1, 0, 0, 0]
S+rfi-ctrlfencei+fence.rw.rw:[2, 0, 1, 1, 0, 0, 0, 0, 0, 1, 0, 1, 0]
MP+po+ctrlfencei:[0, 1, 1, 0, 0, 0, 0, 0, 0, 1, 0, 0, 0]
MP+pos-rfi-data+addr:[1, 1, 3, 2, 0, 0, 0, 0, 1, 0, 1, 0, 0]
MP+fence.rw.w+fence.i:[0, 1, 1, 0, 0, 0, 0, 0, 0, 0, 0, 1, 0]
Z6.3+fence.rw.w+fence.rw.w+ctrlfencei:[0, 1, 2, 0, 0, 0, 0, 0, 0, 1, 0, 2, 0]
SB+fence.rw.rw+wsi-rfi-ctrl:[0, 1, 1, 5, 0, 0, 0, 0, 0, 1, 0, 1, 0]
MP+rfi-ctrl+ctrlfencei-rfi-addr:[2, 3, 1, 3, 0, 0, 0, 0, 1, 4, 0, 0, 0]
MP+rfi-ctrl+fence.rw.rw:[1, 1, 1, 1, 0, 0, 0, 0, 0, 1, 0, 1, 0]
SB+rfi-data-rfi+rfi-ctrl-rfi:[2, 2, 2, 6, 0, 0, 0, 0, 0, 2, 1, 0, 0]
W+RWC+fence.rw.w+ctrlfencei+fence.rw.rws:[0, 1, 1, 1, 0, 0, 0, 0, 0, 1, 0, 2, 0]
S+rfi-addr+ctrlfencei-rfi-ctrl:[4, 1, 2, 2, 0, 0, 0, 0, 1, 4, 0, 0, 0]
SB+po+pos-po-addr:[0, 1, 1, 5, 0, 0, 0, 0, 1, 0, 0, 0, 0]
MP+rfi-addr+ctrl-rfi-ctrlfencei:[2, 3, 1, 3, 0, 0, 0, 0, 1, 4, 0, 0, 0]
MP+[ws-rf]-ctrlfencei+ctrlfencei:[1, 1, 1, 1, 0, 0, 0, 0, 0, 2, 0, 0, 0]
SB+po-addrs+pos-po-ctrlfenceis:[0, 2, 1, 6, 0, 0, 0, 0, 1, 1, 0, 0, 0]
MP+poxxs:[0, 0, 0, 0, 0, 8, 0, 0, 0, 0, 2, 0, 0]
MP+po+poaqaq+NEW:[0, 0, 1, 0, 2, 0, 2, 0, 0, 0, 0, 0, 0]
MP+[rf-fence.r.rw-ws]+ctrlfencei:[1, 1, 1, 0, 0, 0, 0, 0, 0, 1, 0, 1, 0]
MP+fence.w.w-[rf-fr]+ctrlfencei:[0, 1, 3, 0, 0, 0, 0, 0, 0, 1, 0, 1, 0]
SB+fence.rw.rw+pos-pos-ctrlfencei:[0, 1, 1, 5, 0, 0, 0, 0, 0, 1, 0, 1, 0]
SB+fence.rw.rw+po-addrs:[0, 1, 0, 3, 0, 0, 0, 0, 1, 0, 0, 1, 0]
LB+po+poaqp+NEW:[1, 0, 0, 0, 1, 0, 1, 0, 0, 0, 0, 0, 0]
MP+pos-rfi-data+data-rfi-ctrlfencei:[2, 3, 3, 4, 0, 0, 0, 0, 0, 1, 2, 0, 0]
MP+pos-rfi-addr+ctrlfencei-rfi-addr:[2, 3, 3, 4, 0, 0, 0, 0, 2, 3, 0, 0, 0]
MP+Data-XX-Addr:[0, 1, 1, 0, 0, 4, 0, 0, 1, 0, 1, 1, 0]
2+2W+fence.i+fence.w.w:[0, 0, 2, 0, 0, 0, 0, 0, 0, 0, 0, 1, 0]
SB+fence.rw.rw+po-addr:[0, 1, 0, 3, 0, 0, 0, 0, 1, 0, 0, 1, 0]
MP+[rf-ctrlfencei-fr]+fence.rw.rw:[0, 2, 1, 0, 0, 0, 0, 0, 0, 1, 0, 1, 0]
S+rfi-data+ctrlfencei-rfi-data:[4, 1, 2, 2, 0, 0, 0, 0, 0, 3, 2, 0, 0]
MP+rfi-ctrl+ctrl-rfi-ctrlfenceis:[2, 3, 1, 3, 0, 0, 0, 0, 0, 5, 0, 0, 0]
MP+rfi-addr+addr-rfi-addrs:[2, 3, 1, 3, 0, 0, 0, 0, 3, 0, 0, 0, 0]
ISA2+fence.rw.w+addr+ctrlfencei:[1, 1, 1, 0, 0, 0, 0, 0, 1, 1, 0, 1, 0]
MP+pos-rfi-data+data-rfi-addr:[2, 3, 3, 4, 0, 0, 0, 0, 1, 0, 2, 0, 0]
S+rfi-addr+addr-rfi-addr:[4, 1, 2, 2, 0, 0, 0, 0, 3, 0, 0, 0, 0]
LB+fence.rw.rw+poxp:[1, 0, 0, 0, 0, 2, 0, 0, 0, 0, 1, 1, 0]
R+rfi-ctrlfencei+rfi-addr:[1, 1, 1, 3, 0, 0, 0, 0, 1, 1, 0, 0, 0]
R+porlrl+porlp+NEW:[0, 0, 0, 0, 3, 0, 0, 3, 0, 0, 0, 0, 0]
S+fence.r.rw+fence.rw.rw:[1, 0, 1, 0, 0, 0, 0, 0, 0, 0, 0, 1, 1]
S+rfi-data+data-rfi-data:[4, 1, 2, 2, 0, 0, 0, 0, 0, 0, 3, 0, 0]
MP+rfi-ctrl+data-rfi-ctrlfenceis:[2, 3, 1, 3, 0, 0, 0, 0, 0, 2, 1, 0, 0]
WRC+data+ctrlfencei:[1, 1, 0, 0, 0, 0, 0, 0, 0, 1, 1, 0, 0]
MP+rfi-data+data-rfi:[2, 1, 1, 2, 0, 0, 0, 0, 0, 0, 2, 0, 0]
SB+po-ctrlfencei+pos-po-ctrlfencei:[0, 2, 1, 6, 0, 0, 0, 0, 0, 2, 0, 0, 0]
2+2W+[rf-ctrlfencei-fr]+fence.rw.rw:[0, 1, 2, 0, 0, 0, 0, 0, 0, 1, 0, 1, 0]
MP+fence.rw.rw+ctrl:[0, 1, 1, 0, 0, 0, 0, 0, 0, 1, 0, 1, 0]
SB+rfi-addr+rfi-data-rfi:[1, 2, 1, 5, 0, 0, 0, 0, 1, 0, 1, 0, 0]
MP+rfi-data+ctrlfencei-rfi-ctrlfencei:[2, 3, 1, 3, 0, 0, 0, 0, 0, 4, 1, 0, 0]
SB+pos-po+po-ctrlfencei:[0, 1, 1, 4, 0, 0, 0, 0, 0, 1, 0, 0, 0]
LB+fence.w.w+fence.rw.w:[2, 0, 0, 0, 0, 0, 0, 0, 0, 0, 0, 1, 1]
LB+data+poxx:[1, 0, 0, 0, 0, 4, 0, 0, 0, 0, 2, 0, 0]
S+rfi-ctrlfencei+ctrl-rfi-ctrlfencei:[4, 1, 2, 2, 0, 0, 0, 0, 0, 5, 0, 0, 0]
SB+rfi-ctrlfencei+pos-rfi-ctrlfencei:[0, 2, 1, 6, 0, 0, 0, 0, 0, 2, 0, 0, 0]
2+2W+rfi-data+rfi-ctrl:[2, 0, 2, 2, 0, 0, 0, 0, 0, 1, 1, 0, 0]
MP+fence.rw.rw+fence.i:[0, 1, 1, 0, 0, 0, 0, 0, 0, 0, 0, 1, 0]
R+fence.rw.rw+rfi-ctrlfencei:[0, 1, 1, 2, 0, 0, 0, 0, 0, 1, 0, 1, 0]
R+rfi-data+rfi-ctrlfencei-rfi:[2, 1, 2, 4, 0, 0, 0, 0, 0, 2, 1, 0, 0]
R+fence.rw.w+po:[0, 0, 1, 1, 0, 0, 0, 0, 0, 0, 0, 1, 0]
R+fence.rw.w+rfi-data-rfi:[1, 1, 2, 3, 0, 0, 0, 0, 0, 0, 1, 1, 0]
MP+pos-rfi-ctrlfencei+data-rfi-addr:[2, 3, 3, 4, 0, 0, 0, 0, 1, 1, 1, 0, 0]
S+rfi-data+ctrl-rfi-ctrl:[4, 1, 2, 2, 0, 0, 0, 0, 0, 4, 1, 0, 0]
ISA2+fence.w.w+fence.rw.rw+ctrlfencei:[1, 1, 1, 0, 0, 0, 0, 0, 0, 1, 0, 2, 0]
S+rfi-addr+data-rfi-data:[4, 1, 2, 2, 0, 0, 0, 0, 1, 0, 2, 0, 0]
S+rfi-data+ctrlfencei-rfi-ctrl:[4, 1, 2, 2, 0, 0, 0, 0, 0, 4, 1, 0, 0]
R+fence.w.w+pos-ctrlfencei:[0, 1, 1, 2, 0, 0, 0, 0, 0, 1, 0, 1, 0]
R+fence.w.w+fence.i:[0, 0, 1, 1, 0, 0, 0, 0, 0, 0, 0, 1, 0]
MP+rfi-ctrlfencei+addr-rfi-ctrlfenceis:[2, 3, 1, 3, 0, 0, 0, 0, 1, 2, 0, 0, 0]
SB+po+po-ctrlfenceis:[0, 1, 0, 3, 0, 0, 0, 0, 0, 1, 0, 0, 0]
WRC+fence.rw.rw+ctrlfencei:[1, 1, 0, 0, 0, 0, 0, 0, 0, 1, 0, 1, 0]
LB+ctrlfencei+po:[2, 0, 0, 0, 0, 0, 0, 0, 0, 1, 0, 0, 0]
LB+fri-rfi-addr+fri-rfi-ctrl:[6, 2, 2, 2, 0, 0, 0, 0, 1, 1, 0, 0, 0]
R+fence.rw.w+po-ctrlfenceis:[0, 1, 1, 2, 0, 0, 0, 0, 0, 1, 0, 1, 0]
MP+rfi-ctrl+data-rfi-addrs:[2, 3, 1, 3, 0, 0, 0, 0, 1, 1, 1, 0, 0]
MP+rfi-ctrl+addr-rfi-ctrlfenceis:[2, 3, 1, 3, 0, 0, 0, 0, 1, 2, 0, 0, 0]
R+rfi-ctrlfencei+rfi-ctrl-rfi:[2, 1, 2, 4, 0, 0, 0, 0, 0, 3, 0, 0, 0]
R+rfi-ctrlfenceis:[1, 1, 1, 3, 0, 0, 0, 0, 0, 2, 0, 0, 0]
R+pos-rfi-ctrl+rfi-ctrlfencei:[1, 1, 3, 4, 0, 0, 0, 0, 0, 2, 0, 0, 0]
SB+po-addrs+pos-po-ctrlfencei:[0, 2, 1, 6, 0, 0, 0, 0, 1, 1, 0, 0, 0]
S+rfi-ctrl+data-rfi-addr:[4, 1, 2, 2, 0, 0, 0, 0, 1, 1, 1, 0, 0]
MP+rfi-addr+addr-rfi-ctrlfencei:[2, 3, 1, 3, 0, 0, 0, 0, 2, 1, 0, 0, 0]
SB+fence.tsos:[0, 0, 0, 2, 0, 0, 0, 0, 0, 0, 0, 0, 0]
MP+rfi-addr+data-rfi-addrs:[2, 3, 1, 3, 0, 0, 0, 0, 2, 0, 1, 0, 0]
S+rfi-data+fence.rw.w:[2, 0, 1, 1, 0, 0, 0, 0, 0, 0, 1, 1, 0]
Luc01+Rlx:[0, 0, 0, 0, 5, 0, 0, 0, 0, 0, 4, 0, 0]
MP+pos-rfi-ctrlfencei+ctrlfencei-rfi-addr:[2, 3, 3, 4, 0, 0, 0, 0, 1, 4, 0, 0, 0]
S+fence.rw.rw+poxx:[0, 0, 1, 0, 0, 4, 0, 0, 0, 0, 1, 1, 0]
IRRWIW+ctrlfenceis:[1, 1, 0, 0, 0, 0, 0, 0, 0, 2, 0, 0, 0]
MP+fence.w.w+ctrlfencei-rfi-addr:[1, 3, 1, 2, 0, 0, 0, 0, 1, 3, 0, 1, 0]
ISA2+pos+fence.r.rw+ctrlfencei:[1, 1, 1, 0, 0, 0, 0, 0, 0, 1, 0, 1, 0]
S+[rf-ctrlfencei-fr]+data:[1, 1, 1, 0, 0, 0, 0, 0, 0, 1, 1, 0, 0]
SB+po-addrss:[0, 2, 0, 4, 0, 0, 0, 0, 2, 0, 0, 0, 0]
SB+rfi-ctrl-rfis:[2, 2, 2, 6, 0, 0, 0, 0, 0, 4, 0, 0, 0]
SB+po-addr+po-ctrlfencei:[0, 2, 0, 4, 0, 0, 0, 0, 1, 1, 0, 0, 0]
LB+fence.w.w+fence.rw.rw:[2, 0, 0, 0, 0, 0, 0, 0, 0, 0, 0, 1, 1]
MP+rfi-ctrlfencei+fence.rw.rw:[1, 1, 1, 1, 0, 0, 0, 0, 0, 1, 0, 1, 0]
MP:[0, 1, 1, 0, 0, 0, 0, 0, 0, 0, 0, 0, 0]
MP+fence.rw.rw+rmw-wsi-rfi-addr:[0, 1, 1, 2, 1, 0, 0, 0, 1, 0, 0, 1, 0]
SB+fence.rw.rw+pos-rfi-addr:[0, 1, 1, 5, 0, 0, 0, 0, 1, 0, 0, 1, 0]
SB+fence.rw.rw+pos-addr:[0, 1, 0, 3, 0, 0, 0, 0, 1, 0, 0, 1, 0]
MP+fence.rw.rw-[rf-fr]+ctrlfencei:[0, 1, 3, 0, 0, 0, 0, 0, 0, 1, 0, 1, 0]
ISA2+fence.rw.rw+data+ctrlfencei:[1, 1, 1, 0, 0, 0, 0, 0, 0, 1, 1, 1, 0]
SB+pos-po+pos-po-ctrlfenceis:[0, 1, 2, 6, 0, 0, 0, 0, 0, 1, 0, 0, 0]
MP+rfi-ctrlfencei+ctrlfencei-rfi:[2, 1, 1, 2, 0, 0, 0, 0, 0, 3, 0, 0, 0]
S+rfi-data+data-rfi-addr:[4, 1, 2, 2, 0, 0, 0, 0, 1, 0, 2, 0, 0]
MP+[ws-rf]-addr+ctrlfencei:[1, 1, 1, 1, 0, 0, 0, 0, 1, 1, 0, 0, 0]
LB+fence.rw.w+po:[2, 0, 0, 0, 0, 0, 0, 0, 0, 0, 0, 1, 0]
R+rfi-data+rfi-ctrlfencei:[1, 1, 1, 3, 0, 0, 0, 0, 0, 1, 1, 0, 0]
2+2W+fence.w.w+rfi-addr:[1, 0, 2, 1, 0, 0, 0, 0, 1, 0, 0, 1, 0]
R+fence.w.w+po-addrs:[0, 1, 1, 2, 0, 0, 0, 0, 1, 0, 0, 1, 0]
ISA2+fence.rw.rw+addr+ctrlfencei:[1, 1, 1, 0, 0, 0, 0, 0, 1, 1, 0, 1, 0]
MP+fence.rw.rw+data-rfi-ctrlfencei:[1, 3, 1, 2, 0, 0, 0, 0, 0, 1, 1, 1, 0]
S+po+addr:[1, 0, 1, 0, 0, 0, 0, 0, 1, 0, 0, 0, 0]
MP+rfi-ctrlfencei+ctrl-rfi-ctrlfenceis:[2, 3, 1, 3, 0, 0, 0, 0, 0, 5, 0, 0, 0]
SB+fence.rw.rw+wsi-rfi-addr:[0, 1, 1, 5, 0, 0, 0, 0, 1, 0, 0, 1, 0]
SB+po-ctrlfenceis+pos-po-ctrlfencei:[0, 2, 1, 6, 0, 0, 0, 0, 0, 2, 0, 0, 0]
MP+pos-rfi-addr+addr-rfi-addr:[2, 3, 3, 4, 0, 0, 0, 0, 3, 0, 0, 0, 0]
SB+fence.r.rw+fence.rw.rw:[0, 0, 0, 2, 0, 0, 0, 0, 0, 0, 0, 1, 1]
SB+fence.rw.rw+rfi-addr:[0, 1, 0, 3, 0, 0, 0, 0, 1, 0, 0, 1, 0]
R+rfi-addr+rfi-addr-rfi:[2, 1, 2, 4, 0, 0, 0, 0, 2, 0, 0, 0, 0]
SB+pos-po-addrs+pos-po-ctrlfencei:[0, 2, 2, 8, 0, 0, 0, 0, 1, 1, 0, 0, 0]
LB+addr+addrpx-poxp+VAR:[2, 0, 0, 0, 0, 1, 0, 0, 2, 0, 0, 0, 0]
SB+fence.rw.rw+rfi-ctrlfencei:[0, 1, 0, 3, 0, 0, 0, 0, 0, 1, 0, 1, 0]
2+2W+fence.rw.w+rfi-ctrl:[1, 0, 2, 1, 0, 0, 0, 0, 0, 1, 0, 1, 0]
S+rfi-addr+ctrl-rfi-ctrlfencei:[4, 1, 2, 2, 0, 0, 0, 0, 1, 4, 0, 0, 0]
LB+fence.i+fence.r.rw:[2, 0, 0, 0, 0, 0, 0, 0, 0, 0, 0, 1, 0]
WRR+2W+ctrlfencei+fence.rw.w:[0, 1, 1, 0, 0, 0, 0, 0, 0, 1, 0, 1, 0]
R+pos-rfi-ctrlfencei+rfi-addr:[1, 1, 3, 4, 0, 0, 0, 0, 1, 1, 0, 0, 0]
MP+pos-rfi-ctrl+data-rfi-addr:[2, 3, 3, 4, 0, 0, 0, 0, 1, 1, 1, 0, 0]
R+pos-rfi-ctrl+fence.rw.rw:[1, 0, 3, 3, 0, 0, 0, 0, 0, 1, 0, 1, 0]
ISA10+TER:[2, 6, 1, 2, 0, 0, 0, 0, 2, 0, 0, 1, 0]
ISA15:[2, 3, 2, 4, 0, 0, 0, 0, 1, 0, 1, 1, 0]
MP+wsi-rfi-data+addr:[1, 1, 3, 2, 0, 0, 0, 0, 1, 0, 1, 0, 0]
SB+fence.i+fence.rw.rw:[0, 0, 0, 2, 0, 0, 0, 0, 0, 0, 0, 1, 0]
2+2W+rfi-data+rfi-ctrlfencei:[2, 0, 2, 2, 0, 0, 0, 0, 0, 1, 1, 0, 0]
MP+fence.rw.rw+ctrl-fri-rfi-addr:[2, 6, 1, 2, 0, 0, 0, 0, 1, 4, 0, 1, 0]
S+rfi-ctrl+fence.rw.rw:[2, 0, 1, 1, 0, 0, 0, 0, 0, 1, 0, 1, 0]
LB+addr+fri-rfi-addr:[4, 1, 1, 1, 0, 0, 0, 0, 2, 0, 0, 0, 0]
SB+wsi-rfi-ctrls:[0, 2, 2, 8, 0, 0, 0, 0, 0, 2, 0, 0, 0]
MP+rfi-data+ctrl-rfi:[2, 1, 1, 2, 0, 0, 0, 0, 0, 2, 1, 0, 0]
R+rfi-ctrl+rfi-addr:[1, 1, 1, 3, 0, 0, 0, 0, 1, 1, 0, 0, 0]
MP+fence.rw.w+ctrlfencei:[0, 1, 1, 0, 0, 0, 0, 0, 0, 1, 0, 1, 0]
MP+rfi-ctrlfencei+data-rfi-addrs:[2, 3, 1, 3, 0, 0, 0, 0, 1, 1, 1, 0, 0]
S+rfi-ctrl+data-rfi-data:[4, 1, 2, 2, 0, 0, 0, 0, 0, 1, 2, 0, 0]
MP+fence.rw.rw+addr-wsi-rfi-ctrl:[2, 3, 2, 4, 0, 0, 0, 0, 1, 1, 0, 1, 0]
SB+fence.rw.rw+pos-rfi-ctrlfencei:[0, 1, 1, 5, 0, 0, 0, 0, 0, 1, 0, 1, 0]
R+fence.rw.rw+po-addrs:[0, 1, 1, 2, 0, 0, 0, 0, 1, 0, 0, 1, 0]
MP+rfi-ctrl+ctrl-rfi-addrs:[2, 3, 1, 3, 0, 0, 0, 0, 1, 4, 0, 0, 0]
R+fence.w.w+pos-addr:[0, 1, 1, 2, 0, 0, 0, 0, 1, 0, 0, 1, 0]
MP+rfi-ctrl+addr-rfi:[2, 1, 1, 2, 0, 0, 0, 0, 1, 1, 0, 0, 0]
2+2W+fence.w.w+rfi-data:[1, 0, 2, 1, 0, 0, 0, 0, 0, 0, 1, 1, 0]
2+2W+fence.rw.w+rfi-data:[1, 0, 2, 1, 0, 0, 0, 0, 0, 0, 1, 1, 0]
S+porlp+poprl+NEW:[0, 0, 0, 0, 2, 0, 0, 2, 0, 0, 0, 0, 0]
ISA2+fence.rw.w+ctrlfencei+ctrlfencei:[1, 1, 1, 0, 0, 0, 0, 0, 0, 2, 0, 1, 0]
SB+fence.tso+fence.tsoxp:[0, 0, 0, 1, 0, 2, 0, 0, 0, 0, 0, 0, 0]
SB+rfi-addr+pos-rfi-ctrlfencei:[0, 2, 1, 6, 0, 0, 0, 0, 1, 1, 0, 0, 0]
LB+fence.r.rw+data-po:[3, 0, 1, 0, 0, 0, 0, 0, 0, 0, 1, 1, 0]
SB+pos-addrs:[0, 2, 0, 4, 0, 0, 0, 0, 2, 0, 0, 0, 0]
S+rfi-addr+ctrlfencei-rfi-addr:[4, 1, 2, 2, 0, 0, 0, 0, 2, 3, 0, 0, 0]
MP+pos-rfi-ctrlfencei+ctrl-rfi-addr:[2, 3, 3, 4, 0, 0, 0, 0, 1, 4, 0, 0, 0]
MP+fence.rw.w+[fr-rf]-ctrlfencei:[0, 3, 1, 0, 0, 0, 0, 0, 0, 1, 0, 1, 0]
ISA2+pos+fence.rw.w+ctrlfencei:[1, 1, 1, 0, 0, 0, 0, 0, 0, 1, 0, 1, 0]
LB+fence.r.rw+fence.w.w:[2, 0, 0, 0, 0, 0, 0, 0, 0, 0, 0, 1, 1]
MP+fence.rw.rw+ctrl-rfi-ctrlfencei:[1, 3, 1, 2, 0, 0, 0, 0, 0, 4, 0, 1, 0]
MP+fence.rw.rw+ctrlfencei-rfi-ctrlfencei:[1, 3, 1, 2, 0, 0, 0, 0, 0, 4, 0, 1, 0]
SB+pos-ctrlfenceis:[0, 2, 0, 4, 0, 0, 0, 0, 0, 2, 0, 0, 0]
S+fence.rw.w+fence.w.w:[1, 0, 1, 0, 0, 0, 0, 0, 0, 0, 0, 1, 1]
SB+fence.rw.rw+rfi-ctrl-rfi:[1, 1, 1, 4, 0, 0, 0, 0, 0, 2, 0, 1, 0]
MP+pos-rfi-ctrl+fence.rw.rw:[1, 1, 3, 2, 0, 0, 0, 0, 0, 1, 0, 1, 0]
R+fence.rw.ws:[0, 0, 1, 1, 0, 0, 0, 0, 0, 0, 0, 1, 1]
MP+pos-rfi-addr+data-rfi-addr:[2, 3, 3, 4, 0, 0, 0, 0, 2, 0, 1, 0, 0]
SB+fence.rw.rw+po:[0, 0, 0, 2, 0, 0, 0, 0, 0, 0, 0, 1, 0]
S+rfi-ctrlfencei+ctrl-rfi-ctrl:[4, 1, 2, 2, 0, 0, 0, 0, 0, 5, 0, 0, 0]
IRIW+addr+ctrlfencei:[0, 2, 0, 0, 0, 0, 0, 0, 1, 1, 0, 0, 0]
MP+pos-rfi-data+ctrlfencei-rfi-ctrlfencei:[2, 3, 3, 4, 0, 0, 0, 0, 0, 4, 1, 0, 0]
MP+fence.rw.rw+addr-fri-rfi-addr:[2, 6, 1, 2, 0, 0, 0, 0, 2, 0, 0, 1, 0]
MP+porlp+po+NEW:[0, 1, 0, 0, 1, 0, 0, 1, 0, 0, 0, 0, 0]
SB+po-addr+po-ctrlfenceis:[0, 2, 0, 4, 0, 0, 0, 0, 1, 1, 0, 0, 0]
SB+popaqs+NEW:[0, 0, 0, 0, 2, 0, 2, 0, 0, 0, 0, 0, 0]
MP+pos-rfi-ctrlfencei+fence.rw.rw:[1, 1, 3, 2, 0, 0, 0, 0, 0, 1, 0, 1, 0]
RSW:[0, 6, 1, 0, 0, 0, 0, 0, 2, 0, 0, 1, 0]
MP+wsi-rfi-ctrl+fence.rw.rw:[1, 1, 3, 2, 0, 0, 0, 0, 0, 1, 0, 1, 0]
2+2W+rfi-addr+rfi-ctrl:[2, 0, 2, 2, 0, 0, 0, 0, 1, 1, 0, 0, 0]
MP+[rf-addr-fr]+ctrlfencei:[0, 2, 1, 0, 0, 0, 0, 0, 1, 1, 0, 0, 0]
S+rfi-ctrl+data-rfi-ctrlfencei:[4, 1, 2, 2, 0, 0, 0, 0, 0, 2, 1, 0, 0]
R+fence.w.w+po:[0, 0, 1, 1, 0, 0, 0, 0, 0, 0, 0, 1, 0]
MP+fence.rw.rw-[fr-ws]+ctrlfencei:[1, 1, 1, 1, 0, 0, 0, 0, 0, 1, 0, 1, 0]
MP+rfi-addr+data-rfi-addr:[2, 3, 1, 3, 0, 0, 0, 0, 2, 0, 1, 0, 0]
R+fence.w.w+fence.r.rw:[0, 0, 1, 1, 0, 0, 0, 0, 0, 0, 0, 1, 1]
SB+pos-po-addr+pos-po-ctrlfencei:[0, 2, 2, 8, 0, 0, 0, 0, 1, 1, 0, 0, 0]
MP+rfi-addr+addr-rfi-addr:[2, 3, 1, 3, 0, 0, 0, 0, 3, 0, 0, 0, 0]
SB+pos-addr+pos-pos-addr:[0, 2, 1, 6, 0, 0, 0, 0, 2, 0, 0, 0, 0]
S+rfi-ctrlfencei+ctrlfencei:[2, 0, 1, 1, 0, 0, 0, 0, 0, 2, 0, 0, 0]
SB+pos-rfi-addrs:[0, 2, 2, 8, 0, 0, 0, 0, 2, 0, 0, 0, 0]
SB+fence.tso+fence.tsopx:[0, 0, 0, 1, 0, 2, 0, 0, 0, 0, 1, 0, 0]
2+2W+rfi-ctrlfenceis:[2, 0, 2, 2, 0, 0, 0, 0, 0, 2, 0, 0, 0]
MP+fence.rw.rw+data-wsi-rfi-addr:[2, 3, 2, 4, 0, 0, 0, 0, 1, 0, 1, 1, 0]
S+rfi-ctrl+addr-rfi-ctrlfencei:[4, 1, 2, 2, 0, 0, 0, 0, 1, 2, 0, 0, 0]
S+[rf-ctrlfencei-fr]+fence.rw.w:[1, 1, 1, 0, 0, 0, 0, 0, 0, 1, 0, 1, 0]
MP+fence.w.w+fence.i:[0, 1, 1, 0, 0, 0, 0, 0, 0, 0, 0, 1, 0]
MP+po+poaqp+NEW:[0, 0, 1, 0, 1, 0, 1, 0, 0, 0, 0, 0, 0]
R+po+porlp+NEW:[0, 0, 1, 0, 1, 0, 0, 1, 0, 0, 0, 0, 0]
SB+poxxs:[0, 0, 0, 0, 0, 8, 0, 0, 0, 0, 2, 0, 0]
S+fence.rw.rw+popx:[0, 0, 1, 0, 0, 2, 0, 0, 0, 0, 0, 1, 0]
S+rfi-addr+fence.rw.rw:[2, 0, 1, 1, 0, 0, 0, 0, 1, 0, 0, 1, 0]
2+2W+rfi-ctrl+rfi-ctrlfencei:[2, 0, 2, 2, 0, 0, 0, 0, 0, 2, 0, 0, 0]
OpVsHerd01:[0, 1, 0, 3, 0, 2, 0, 0, 1, 0, 0, 2, 0]
MP+rfi-ctrl+ctrlfencei-rfi-addrs:[2, 3, 1, 3, 0, 0, 0, 0, 1, 4, 0, 0, 0]
R+wsi-rfi-data+fence.rw.rw:[1, 0, 3, 3, 0, 0, 0, 0, 0, 0, 1, 1, 0]
ISA2+pos+ctrl+ctrlfencei:[1, 1, 1, 0, 0, 0, 0, 0, 0, 2, 0, 0, 0]
MP+rfi-ctrlfencei+addr:[1, 1, 1, 1, 0, 0, 0, 0, 1, 1, 0, 0, 0]
IRRWIW+ctrlfencei+fence.rw.rw:[1, 1, 0, 0, 0, 0, 0, 0, 0, 1, 0, 1, 0]
MP+fence.rw.rw+po:[0, 1, 1, 0, 0, 0, 0, 0, 0, 0, 0, 1, 0]
MP+pos-rfi-ctrl+fence.r.rw:[1, 1, 3, 2, 0, 0, 0, 0, 0, 1, 0, 1, 0]
MP+fence.rw.rw+ctrl-fri-rfi-ctrl:[2, 6, 1, 2, 0, 0, 0, 0, 0, 5, 0, 1, 0]
2+2W+po+poprl+NEW:[0, 0, 1, 0, 1, 0, 0, 1, 0, 0, 0, 0, 0]
MP+fence.w.ws:[0, 1, 1, 0, 0, 0, 0, 0, 0, 0, 0, 1, 1]
SB+rfi-ctrlfenceis:[0, 2, 0, 4, 0, 0, 0, 0, 0, 2, 0, 0, 0]
MP+pos-rfi-addr+data-rfi-ctrlfencei:[2, 3, 3, 4, 0, 0, 0, 0, 1, 1, 1, 0, 0]
MP+fence.rw.w+ctrl-rfi-ctrlfencei:[1, 3, 1, 2, 0, 0, 0, 0, 0, 4, 0, 1, 0]
MP+rfi-ctrlfencei+ctrlfencei-rfi-addrs:[2, 3, 1, 3, 0, 0, 0, 0, 1, 4, 0, 0, 0]
MP+poprl+po+NEW:[0, 1, 0, 0, 1, 0, 0, 1, 0, 0, 0, 0, 0]
SB+pos-po+pos-po-addr:[0, 1, 2, 6, 0, 0, 0, 0, 1, 0, 0, 0, 0]
SB+fence.rw.rw+pos-po:[0, 0, 1, 3, 0, 0, 0, 0, 0, 0, 0, 1, 0]
SB+rfi-addr-rfi+rfi-ctrl-rfi:[2, 2, 2, 6, 0, 0, 0, 0, 1, 2, 0, 0, 0]
S+poxxs:[0, 0, 0, 0, 0, 8, 0, 0, 0, 0, 1, 0, 0]
ISA2+fence.rw.rw+fence.r.rw+ctrlfencei:[1, 1, 1, 0, 0, 0, 0, 0, 0, 1, 0, 2, 0]
S+rfi-data+data:[2, 0, 1, 1, 0, 0, 0, 0, 0, 0, 2, 0, 0]
SB+pos-po-ctrlfenceis+pos-po-ctrlfencei:[0, 2, 2, 8, 0, 0, 0, 0, 0, 2, 0, 0, 0]
R+fence.w.w+po-addr:[0, 1, 1, 2, 0, 0, 0, 0, 1, 0, 0, 1, 0]
MP+rfi-data+addr-rfi:[2, 1, 1, 2, 0, 0, 0, 0, 1, 0, 1, 0, 0]
MP+fence.rw.rw+ctrlfencei:[0, 1, 1, 0, 0, 0, 0, 0, 0, 1, 0, 1, 0]
SB+po+pos-po-addrs:[0, 1, 1, 5, 0, 0, 0, 0, 1, 0, 0, 0, 0]
R+fence.rw.w+pos-ctrlfencei:[0, 1, 1, 2, 0, 0, 0, 0, 0, 1, 0, 1, 0]
S+rfi-ctrlfencei+ctrl-rfi-data:[4, 1, 2, 2, 0, 0, 0, 0, 0, 4, 1, 0, 0]
ISA2+fence.rw.rw+ctrl+ctrlfencei:[1, 1, 1, 0, 0, 0, 0, 0, 0, 2, 0, 1, 0]
R+rfi-ctrl+fence.rw.rw:[1, 0, 1, 2, 0, 0, 0, 0, 0, 1, 0, 1, 0]
MP+fence.w.w+fri-rfi-ctrlfencei:[1, 3, 1, 2, 0, 0, 0, 0, 0, 1, 0, 1, 0]
S+rfi-data+ctrl-rfi-data:[4, 1, 2, 2, 0, 0, 0, 0, 0, 3, 2, 0, 0]
S+rfi-ctrl+ctrl-rfi-ctrlfencei:[4, 1, 2, 2, 0, 0, 0, 0, 0, 5, 0, 0, 0]
SB+wsi-rfi-addr+wsi-rfi-ctrl:[0, 2, 2, 8, 0, 0, 0, 0, 1, 1, 0, 0, 0]
R+fence.w.w+rfi-addr-rfi:[1, 1, 2, 3, 0, 0, 0, 0, 1, 0, 0, 1, 0]
MP+wsi-rfi-addr+fence.rw.rw:[1, 1, 3, 2, 0, 0, 0, 0, 1, 0, 0, 1, 0]
S+rfi-addr+fence.rw.w:[2, 0, 1, 1, 0, 0, 0, 0, 1, 0, 0, 1, 0]
LB+data+fri-rfi-addr:[4, 1, 1, 1, 0, 0, 0, 0, 1, 0, 1, 0, 0]
S+rfi-data+addr-rfi-ctrlfencei:[4, 1, 2, 2, 0, 0, 0, 0, 1, 1, 1, 0, 0]
Z6.3+fence.rw.rw+fence.w.w+ctrlfencei:[0, 1, 2, 0, 0, 0, 0, 0, 0, 1, 0, 2, 0]
R+rfi-ctrl+rfi-addr-rfi:[2, 1, 2, 4, 0, 0, 0, 0, 1, 1, 0, 0, 0]
MP+rfi-data+ctrl-rfi-addr:[2, 3, 1, 3, 0, 0, 0, 0, 1, 3, 1, 0, 0]
MP+rfi-ctrlfencei+data-rfi-ctrlfencei:[2, 3, 1, 3, 0, 0, 0, 0, 0, 2, 1, 0, 0]
MP+[rf-fr]-fence.w.w+ctrlfencei:[0, 1, 3, 0, 0, 0, 0, 0, 0, 1, 0, 1, 0]
MP+rfi-data+ctrlfencei-rfi:[2, 1, 1, 2, 0, 0, 0, 0, 0, 2, 1, 0, 0]
LB+addr+poxp:[1, 0, 0, 0, 0, 2, 0, 0, 1, 0, 1, 0, 0]
2+2W+rfi-datas:[2, 0, 2, 2, 0, 0, 0, 0, 0, 0, 2, 0, 0]
SB+fence.tsoxps:[0, 0, 0, 0, 0, 4, 0, 0, 0, 0, 0, 0, 0]
MP+rfi-ctrl+addr:[1, 1, 1, 1, 0, 0, 0, 0, 1, 1, 0, 0, 0]
MP+pos-rfi-ctrlfencei+data-rfi-ctrlfencei:[2, 3, 3, 4, 0, 0, 0, 0, 0, 2, 1, 0, 0]
S+rfi-ctrl+data-rfi-ctrl:[4, 1, 2, 2, 0, 0, 0, 0, 0, 2, 1, 0, 0]
S+fence.r.rw+fence.rw.w:[1, 0, 1, 0, 0, 0, 0, 0, 0, 0, 0, 1, 1]
S+rfi-ctrlfencei+ctrlfencei-rfi-data:[4, 1, 2, 2, 0, 0, 0, 0, 0, 4, 1, 0, 0]
R+rfi-data+rfi-addr:[1, 1, 1, 3, 0, 0, 0, 0, 1, 0, 1, 0, 0]
S+rfi-ctrlfencei+ctrlfencei-rfi-ctrl:[4, 1, 2, 2, 0, 0, 0, 0, 0, 5, 0, 0, 0]
ISA2+fence.w.w+addr+ctrlfencei:[1, 1, 1, 0, 0, 0, 0, 0, 1, 1, 0, 1, 0]
IRRWIW+ctrlfencei+fence.r.rw:[1, 1, 0, 0, 0, 0, 0, 0, 0, 1, 0, 1, 0]
MP+rfi-addr+ctrl-rfi-addrs:[2, 3, 1, 3, 0, 0, 0, 0, 2, 3, 0, 0, 0]
R+fence.rw.rw+fence.r.rw:[0, 0, 1, 1, 0, 0, 0, 0, 0, 0, 0, 1, 1]
MP+rfi-data+ctrlfencei:[1, 1, 1, 1, 0, 0, 0, 0, 0, 1, 1, 0, 0]
SB+fence.is:[0, 0, 0, 2, 0, 0, 0, 0, 0, 0, 0, 0, 0]
SB+po-addr+pos-po-ctrlfenceis:[0, 2, 1, 6, 0, 0, 0, 0, 1, 1, 0, 0, 0]
MP+fence.i+fence.r.rw:[0, 1, 1, 0, 0, 0, 0, 0, 0, 0, 0, 1, 0]
MP+rfi-addr+ctrl-rfi-ctrlfenceis:[2, 3, 1, 3, 0, 0, 0, 0, 1, 4, 0, 0, 0]
SB+pos-po+po-ctrlfenceis:[0, 1, 1, 4, 0, 0, 0, 0, 0, 1, 0, 0, 0]
MP+rfi-data+ctrl-rfi-ctrlfencei:[2, 3, 1, 3, 0, 0, 0, 0, 0, 4, 1, 0, 0]
S+fence.i+fence.rw.rw:[1, 0, 1, 0, 0, 0, 0, 0, 0, 0, 0, 1, 0]
MP+pos-rfi-ctrl+ctrl-rfi-addr:[2, 3, 3, 4, 0, 0, 0, 0, 1, 4, 0, 0, 0]
LB+poxxs:[0, 0, 0, 0, 0, 8, 0, 0, 0, 0, 2, 0, 0]
LB+fence.is:[2, 0, 0, 0, 0, 0, 0, 0, 0, 0, 0, 0, 0]
S+fence.rw.rw+fri-rfi-data:[3, 1, 2, 1, 0, 0, 0, 0, 0, 0, 1, 1, 0]
MP+fence.i+ctrlfencei:[0, 1, 1, 0, 0, 0, 0, 0, 0, 1, 0, 0, 0]
SB+fence.w.ws:[0, 0, 0, 2, 0, 0, 0, 0, 0, 0, 0, 0, 2]
MP+pos-rfi-addr+ctrl-rfi-ctrlfencei:[2, 3, 3, 4, 0, 0, 0, 0, 1, 4, 0, 0, 0]
MP+fence.rw.w+ctrlfencei-[fr-rf]:[0, 3, 1, 0, 0, 0, 0, 0, 0, 2, 0, 1, 0]
MP+fence.rw.rw+ctrlfencei-rfi-addr:[1, 3, 1, 2, 0, 0, 0, 0, 1, 3, 0, 1, 0]
SB+po-addrs+po-addr:[0, 2, 0, 4, 0, 0, 0, 0, 2, 0, 0, 0, 0]
S+fence.rw.w+fence.i:[1, 0, 1, 0, 0, 0, 0, 0, 0, 0, 0, 1, 0]
MP+rfi-data+data-rfi-addrs:[2, 3, 1, 3, 0, 0, 0, 0, 1, 0, 2, 0, 0]
SB+po-ctrlfenceiss:[0, 2, 0, 4, 0, 0, 0, 0, 0, 2, 0, 0, 0]
S+fence.i+fence.r.rw:[1, 0, 1, 0, 0, 0, 0, 0, 0, 0, 0, 1, 0]
S+fence.w.w+fri-rfi-ctrl+REAL:[3, 1, 2, 1, 0, 0, 0, 0, 0, 1, 0, 1, 0]
MP+rfi-ctrlfencei+ctrl-rfi-addr:[2, 3, 1, 3, 0, 0, 0, 0, 1, 4, 0, 0, 0]
LB+fence.rw.rw+data-wsi-rfi-data:[5, 1, 3, 2, 0, 0, 0, 0, 0, 0, 2, 1, 0]
S+rfi-addr+addr-rfi-ctrlfencei:[4, 1, 2, 2, 0, 0, 0, 0, 2, 1, 0, 0, 0]
S+[rf-ctrlfencei-fr]+ctrlfencei:[1, 1, 1, 0, 0, 0, 0, 0, 0, 2, 0, 0, 0]
MP+rfi-ctrlfencei+fence.r.rw:[1, 1, 1, 1, 0, 0, 0, 0, 0, 1, 0, 1, 0]
R+wsi-rfi-addr+fence.rw.rw:[1, 0, 3, 3, 0, 0, 0, 0, 1, 0, 0, 1, 0]
R+fence.rw.rw+fence.i:[0, 0, 1, 1, 0, 0, 0, 0, 0, 0, 0, 1, 0]
S+rfi-ctrlfencei+data-rfi-ctrlfencei:[4, 1, 2, 2, 0, 0, 0, 0, 0, 2, 1, 0, 0]
2+2W+rfi-addr+rfi-data:[2, 0, 2, 2, 0, 0, 0, 0, 1, 0, 1, 0, 0]
MP+rfi-ctrlfencei+addr-rfi-addr:[2, 3, 1, 3, 0, 0, 0, 0, 2, 1, 0, 0, 0]
MP+rfi-addr+ctrlfencei-rfi-addrs:[2, 3, 1, 3, 0, 0, 0, 0, 2, 3, 0, 0, 0]
S+rfi-addr+addr-rfi-ctrl:[4, 1, 2, 2, 0, 0, 0, 0, 2, 1, 0, 0, 0]
MP+rfi-ctrlfencei+addr-rfi-ctrlfencei:[2, 3, 1, 3, 0, 0, 0, 0, 1, 2, 0, 0, 0]
2+2W+porlps+NEW:[0, 0, 0, 0, 2, 0, 0, 2, 0, 0, 0, 0, 0]
MP+rfi-ctrlfencei+addr-rfi:[2, 1, 1, 2, 0, 0, 0, 0, 1, 1, 0, 0, 0]
MP+pos-rfi-ctrlfencei+ctrlfencei-rfi-ctrlfencei:[2, 3, 3, 4, 0, 0, 0, 0, 0, 5, 0, 0, 0]
LB+fence.rw.rw+po:[2, 0, 0, 0, 0, 0, 0, 0, 0, 0, 0, 1, 0]
SB+po-addr+pos-po-ctrlfencei:[0, 2, 1, 6, 0, 0, 0, 0, 1, 1, 0, 0, 0]
MP+fence.rw.rw+fence.w.w:[0, 1, 1, 0, 0, 0, 0, 0, 0, 0, 0, 1, 1]
W+RWC+pos+ctrlfencei+fence.rw.rw:[0, 1, 1, 1, 0, 0, 0, 0, 0, 1, 0, 1, 0]
R+fence.tsopx+fence.tso:[0, 0, 0, 1, 0, 2, 0, 0, 0, 0, 0, 0, 0]
R+fence.i+fence.rw.rw:[0, 0, 1, 1, 0, 0, 0, 0, 0, 0, 0, 1, 0]
MP+rfi-ctrl+addr-rfi-addrs:[2, 3, 1, 3, 0, 0, 0, 0, 2, 1, 0, 0, 0]
SB+rfi-pos:[0, 2, 0, 4, 0, 0, 0, 0, 0, 0, 0, 0, 0]
LB+addr+fri-rfi-ctrl:[4, 1, 1, 1, 0, 0, 0, 0, 1, 1, 0, 0, 0]
SB+fence.rw.ws:[0, 0, 0, 2, 0, 0, 0, 0, 0, 0, 0, 0, 2]
MP+rfi-addr+fence.rw.rw:[1, 1, 1, 1, 0, 0, 0, 0, 1, 0, 0, 1, 0]
MP+rfi-ctrl+fence.r.rw:[1, 1, 1, 1, 0, 0, 0, 0, 0, 1, 0, 1, 0]
2+2W+fence.i+fence.rw.rw:[0, 0, 2, 0, 0, 0, 0, 0, 0, 0, 0, 1, 0]
S+fence.rw.rw+fence.w.w:[1, 0, 1, 0, 0, 0, 0, 0, 0, 0, 0, 1, 1]
LB+addr+popx:[1, 0, 0, 0, 0, 2, 0, 0, 1, 0, 0, 0, 0]
S+fence.rw.rw+fence.i:[1, 0, 1, 0, 0, 0, 0, 0, 0, 0, 0, 1, 0]
LB+ctrl+data-wsi-rfi-addr:[5, 1, 3, 2, 0, 0, 0, 0, 1, 1, 1, 0, 0]
MP+fence.rw.rw+fence.rw.w:[0, 1, 1, 0, 0, 0, 0, 0, 0, 0, 0, 1, 1]
MP+fence.rw.w+ctrlfencei-rfi-addr:[1, 3, 1, 2, 0, 0, 0, 0, 1, 3, 0, 1, 0]
MP+pos-rfi-addr+addr-rfi-ctrlfencei:[2, 3, 3, 4, 0, 0, 0, 0, 2, 1, 0, 0, 0]
MP+pos-rfi-addr+ctrl-rfi-addr:[2, 3, 3, 4, 0, 0, 0, 0, 2, 3, 0, 0, 0]
R+pos-rfi-addr+rfi-addr:[1, 1, 3, 4, 0, 0, 0, 0, 2, 0, 0, 0, 0]
SB+fence.rw.rw+pos-ctrlfencei:[0, 1, 0, 3, 0, 0, 0, 0, 0, 1, 0, 1, 0]
R+rfi-data+rfi-addr-rfi:[2, 1, 2, 4, 0, 0, 0, 0, 1, 0, 1, 0, 0]
S+rfi-ctrl+addr-rfi-data:[4, 1, 2, 2, 0, 0, 0, 0, 1, 1, 1, 0, 0]
S+rfi-ctrlfencei+ctrl:[2, 0, 1, 1, 0, 0, 0, 0, 0, 2, 0, 0, 0]
MP+[rf-ctrlfencei-fr]+fence.r.rw:[0, 2, 1, 0, 0, 0, 0, 0, 0, 1, 0, 1, 0]
S+rfi-ctrl+ctrlfencei:[2, 0, 1, 1, 0, 0, 0, 0, 0, 2, 0, 0, 0]
R+rfi-addr+fence.rw.rw:[1, 0, 1, 2, 0, 0, 0, 0, 1, 0, 0, 1, 0]
SB+wsi-rfi-addrs:[0, 2, 2, 8, 0, 0, 0, 0, 2, 0, 0, 0, 0]
S+rfi-ctrlfencei+addr-rfi-addr:[4, 1, 2, 2, 0, 0, 0, 0, 2, 1, 0, 0, 0]
SB+rfi-fence.r.rs:[0, 2, 0, 4, 0, 0, 0, 0, 0, 0, 0, 2, 0]
S+fence.i+addr:[1, 0, 1, 0, 0, 0, 0, 0, 1, 0, 0, 0, 0]
R+pos-rfi-addr+fence.rw.rw:[1, 0, 3, 3, 0, 0, 0, 0, 1, 0, 0, 1, 0]
LB+data+data-wsi-rfi-data:[5, 1, 3, 2, 0, 0, 0, 0, 0, 0, 3, 0, 0]
S+rfi-ctrlfencei+addr-rfi-data:[4, 1, 2, 2, 0, 0, 0, 0, 1, 1, 1, 0, 0]
MP+pos-rfi-ctrl+addr-rfi-addr:[2, 3, 3, 4, 0, 0, 0, 0, 2, 1, 0, 0, 0]
MP+fence.w.w+fence.rw.w:[0, 1, 1, 0, 0, 0, 0, 0, 0, 0, 0, 1, 1]
LB+fence.rw.rw+data-wsi-rfi-ctrl:[5, 1, 3, 2, 0, 0, 0, 0, 0, 1, 1, 1, 0]
ISA12:[0, 0, 0, 0, 0, 2, 0, 0, 0, 0, 0, 0, 0]
MP+pos-rfi-data+fence.r.rw:[1, 1, 3, 2, 0, 0, 0, 0, 0, 0, 1, 1, 0]
WRR+2W+ctrlfencei+fence.w.w:[0, 1, 1, 0, 0, 0, 0, 0, 0, 1, 0, 1, 0]
MP+rfi-ctrlfencei+ctrlfencei-rfi-ctrlfencei:[2, 3, 1, 3, 0, 0, 0, 0, 0, 5, 0, 0, 0]
LB+fence.w.w+addr:[2, 0, 0, 0, 0, 0, 0, 0, 1, 0, 0, 0, 1]
MP+pos-rfi-ctrl+ctrl-rfi-ctrlfencei:[2, 3, 3, 4, 0, 0, 0, 0, 0, 5, 0, 0, 0]
S+fence.i+fence.rw.w:[1, 0, 1, 0, 0, 0, 0, 0, 0, 0, 0, 1, 0]
LB+ctrl+poxp:[1, 0, 0, 0, 0, 2, 0, 0, 0, 1, 1, 0, 0]
SB+fence.rw.rw+rfi-addr-rfi:[1, 1, 1, 4, 0, 0, 0, 0, 1, 0, 0, 1, 0]
S+fence.i+data:[1, 0, 1, 0, 0, 0, 0, 0, 0, 0, 1, 0, 0]
2+2W+po+porlrl+NEW:[0, 0, 1, 0, 2, 0, 0, 2, 0, 0, 0, 0, 0]
MP+wsi-rfi-addr+ctrl:[1, 1, 3, 2, 0, 0, 0, 0, 1, 1, 0, 0, 0]
R+porlrl+po+NEW:[0, 0, 0, 1, 2, 0, 0, 2, 0, 0, 0, 0, 0]
LB+fri-rfi-data+fri-rfi-ctrl:[6, 2, 2, 2, 0, 0, 0, 0, 0, 1, 1, 0, 0]
SB+pos-ctrlfencei+pos-pos-addr:[0, 2, 1, 6, 0, 0, 0, 0, 1, 1, 0, 0, 0]
SB+rfi-data-rfis:[2, 2, 2, 6, 0, 0, 0, 0, 0, 0, 2, 0, 0]
R+fence.rw.rw+rfi-ctrlfencei-rfi:[1, 1, 2, 3, 0, 0, 0, 0, 0, 2, 0, 1, 0]
MP+fence.w.w+ctrl:[0, 1, 1, 0, 0, 0, 0, 0, 0, 1, 0, 1, 0]
R+fence.w.w+rfi-ctrl-rfi:[1, 1, 2, 3, 0, 0, 0, 0, 0, 2, 0, 1, 0]
MP+fence.w.w+addr-fence.i:[0, 3, 1, 0, 0, 0, 0, 0, 1, 0, 0, 1, 0]
MP+[ws-rf]-fence.rw.w+ctrlfencei:[1, 1, 1, 1, 0, 0, 0, 0, 0, 1, 0, 1, 0]
MP+fence.r.rws:[0, 1, 1, 0, 0, 0, 0, 0, 0, 0, 0, 1, 1]
MP+wsi-rfi-ctrl+ctrl:[1, 1, 3, 2, 0, 0, 0, 0, 0, 2, 0, 0, 0]
MP+rfi-ctrl+data-rfi:[2, 1, 1, 2, 0, 0, 0, 0, 0, 1, 1, 0, 0]
R+fence.rw.rw+rfi-addr-rfi:[1, 1, 2, 3, 0, 0, 0, 0, 1, 0, 0, 1, 0]
LB+fence.rw.rw+data-wsi-rfi-addr:[5, 1, 3, 2, 0, 0, 0, 0, 1, 0, 1, 1, 0]
SB+rfi-addr+rfi-ctrlfencei:[0, 2, 0, 4, 0, 0, 0, 0, 1, 1, 0, 0, 0]
MP+[rf-ctrlfencei-fr]+ctrlfencei:[0, 2, 1, 0, 0, 0, 0, 0, 0, 2, 0, 0, 0]
SB+fence.tso+fence.tsoxx:[0, 0, 0, 1, 0, 4, 0, 0, 0, 0, 1, 0, 0]
Z6.3+fence.w.w+fence.w.w+ctrlfencei:[0, 1, 2, 0, 0, 0, 0, 0, 0, 1, 0, 2, 0]
MP+[rf-ctrl-ws]+ctrlfencei:[1, 1, 1, 0, 0, 0, 0, 0, 0, 2, 0, 0, 0]
MP+fence.rw.rw+ctrl-rfi-addr:[1, 3, 1, 2, 0, 0, 0, 0, 1, 3, 0, 1, 0]
LB+data+fri-rfi-ctrl:[4, 1, 1, 1, 0, 0, 0, 0, 0, 1, 1, 0, 0]
LB+data+data-wsi-rfi-ctrl:[5, 1, 3, 2, 0, 0, 0, 0, 0, 1, 2, 0, 0]
LB+fence.i+fence.rw.rw:[2, 0, 0, 0, 0, 0, 0, 0, 0, 0, 0, 1, 0]
S+fence.rw.rw+po:[1, 0, 1, 0, 0, 0, 0, 0, 0, 0, 0, 1, 0]
R+rfi-data+fence.rw.rw:[1, 0, 1, 2, 0, 0, 0, 0, 0, 0, 1, 1, 0]
MP+pos-rfi-ctrl+ctrlfencei-rfi-ctrlfencei:[2, 3, 3, 4, 0, 0, 0, 0, 0, 5, 0, 0, 0]
MP+[rf-fence.rw.rw-ws]+ctrlfencei:[1, 1, 1, 0, 0, 0, 0, 0, 0, 1, 0, 1, 0]
R+pos-rfi-ctrlfencei+rfi-ctrlfencei:[1, 1, 3, 4, 0, 0, 0, 0, 0, 2, 0, 0, 0]
MP+rfi-ctrl+ctrlfencei-rfi-ctrlfenceis:[2, 3, 1, 3, 0, 0, 0, 0, 0, 5, 0, 0, 0]
MP+[ws-rf]-fence.r.rw+ctrlfencei:[1, 1, 1, 1, 0, 0, 0, 0, 0, 1, 0, 1, 0]
R+fence.rw.rw+po-addr:[0, 1, 1, 2, 0, 0, 0, 0, 1, 0, 0, 1, 0]
2+2W+[rf-ctrlfencei-fr]+fence.rw.w:[0, 1, 2, 0, 0, 0, 0, 0, 0, 1, 0, 1, 0]
MP+fence.i+fence.rw.rw:[0, 1, 1, 0, 0, 0, 0, 0, 0, 0, 0, 1, 0]
MP+fence.rw.w+ctrlfencei-rfi-ctrlfencei:[1, 3, 1, 2, 0, 0, 0, 0, 0, 4, 0, 1, 0]
ISA2+fence.w.w+fence.r.rw+ctrlfencei:[1, 1, 1, 0, 0, 0, 0, 0, 0, 1, 0, 2, 0]
R+fence.r.rw+fence.rw.rw:[0, 0, 1, 1, 0, 0, 0, 0, 0, 0, 0, 1, 1]
R+fence.rw.w+po-addr:[0, 1, 1, 2, 0, 0, 0, 0, 1, 0, 0, 1, 0]
MP+rfi-data+addr-rfi-addr:[2, 3, 1, 3, 0, 0, 0, 0, 2, 0, 1, 0, 0]
2+2W+fence.is:[0, 0, 2, 0, 0, 0, 0, 0, 0, 0, 0, 0, 0]
SB+pos-po-ctrlfenceis:[0, 2, 2, 8, 0, 0, 0, 0, 0, 2, 0, 0, 0]
MP+fence.w.w+data-fence.i:[1, 1, 1, 1, 0, 0, 0, 0, 0, 0, 1, 1, 0]
S+rfi-data+fence.rw.rw:[2, 0, 1, 1, 0, 0, 0, 0, 0, 0, 1, 1, 0]
MP+pos-rfi-ctrl+addr:[1, 1, 3, 2, 0, 0, 0, 0, 1, 1, 0, 0, 0]
R+fence.rw.rw+po:[0, 0, 1, 1, 0, 0, 0, 0, 0, 0, 0, 1, 0]
S+rfi-addr+ctrlfencei-rfi-data:[4, 1, 2, 2, 0, 0, 0, 0, 1, 3, 1, 0, 0]
MP+fence.rw.rw+fri-rfi-ctrl-fri-rfi:[4, 6, 2, 4, 0, 0, 0, 0, 0, 3, 0, 1, 0]
MP+wsi-rfi-data+ctrl:[1, 1, 3, 2, 0, 0, 0, 0, 0, 1, 1, 0, 0]
SB+pos-rfi-addr+pos-rfi-ctrlfencei:[0, 2, 2, 8, 0, 0, 0, 0, 1, 1, 0, 0, 0]
MP+rfi-ctrl+ctrlfencei-rfi-ctrlfencei:[2, 3, 1, 3, 0, 0, 0, 0, 0, 5, 0, 0, 0]
LB+fence.rw.rw+popx:[1, 0, 0, 0, 0, 2, 0, 0, 0, 0, 0, 1, 0]
MP+rfi-ctrl+addr-rfi-addr:[2, 3, 1, 3, 0, 0, 0, 0, 2, 1, 0, 0, 0]
R+pos-rfi-data+rfi-addr:[1, 1, 3, 4, 0, 0, 0, 0, 1, 0, 1, 0, 0]
MP+pos-rfi-data+ctrl-rfi-ctrlfencei:[2, 3, 3, 4, 0, 0, 0, 0, 0, 4, 1, 0, 0]
SB+rfi-ctrlfencei+rfi-ctrlfencei-rfi:[1, 2, 1, 5, 0, 0, 0, 0, 0, 3, 0, 0, 0]
S+rfi-data+fence.r.rw:[2, 0, 1, 1, 0, 0, 0, 0, 0, 0, 1, 1, 0]
S+rfi-ctrl+fence.rw.w:[2, 0, 1, 1, 0, 0, 0, 0, 0, 1, 0, 1, 0]
ISA2+fence.rw.w+fence.rw.rw+ctrlfencei:[1, 1, 1, 0, 0, 0, 0, 0, 0, 1, 0, 2, 0]
LB+fri-rfi-ctrls:[6, 2, 2, 2, 0, 0, 0, 0, 0, 2, 0, 0, 0]
R+rfi-ctrlfencei+rfi-data-rfi:[2, 1, 2, 4, 0, 0, 0, 0, 0, 1, 1, 0, 0]
ISA2+fence.w.w+pos+ctrlfencei:[1, 1, 1, 0, 0, 0, 0, 0, 0, 1, 0, 1, 0]
IRRWIW+ctrlfencei+data:[1, 1, 0, 0, 0, 0, 0, 0, 0, 1, 1, 0, 0]
S+rfi-data+ctrl-rfi-ctrlfencei:[4, 1, 2, 2, 0, 0, 0, 0, 0, 4, 1, 0, 0]
MP+wsi-rfi-data+fence.rw.rw:[1, 1, 3, 2, 0, 0, 0, 0, 0, 0, 1, 1, 0]
MP+fence.rw.rw+ctrl-wsi-rfi-addr:[2, 3, 2, 4, 0, 0, 0, 0, 1, 4, 0, 1, 0]
LB+data+data-wsi-rfi-addr:[5, 1, 3, 2, 0, 0, 0, 0, 1, 0, 2, 0, 0]
MP+[rf-addr-ws]+ctrlfencei:[1, 1, 1, 0, 0, 0, 0, 0, 1, 1, 0, 0, 0]
R+rfi-ctrlfencei+fence.rw.rw:[1, 0, 1, 2, 0, 0, 0, 0, 0, 1, 0, 1, 0]
SB+pos-po-addrs:[0, 2, 2, 8, 0, 0, 0, 0, 2, 0, 0, 0, 0]
MP+rfi-ctrl+ctrlfencei-rfi:[2, 1, 1, 2, 0, 0, 0, 0, 0, 3, 0, 0, 0]
R+fence.rw.rw+fence.w.w:[0, 0, 1, 1, 0, 0, 0, 0, 0, 0, 0, 1, 1]
Z6.3+fence.w.w+fence.rw.rw+ctrlfencei:[0, 1, 2, 0, 0, 0, 0, 0, 0, 1, 0, 2, 0]
S+rfi-data+ctrlfencei:[2, 0, 1, 1, 0, 0, 0, 0, 0, 1, 1, 0, 0]
S+rfi-addr+addr-rfi-data:[4, 1, 2, 2, 0, 0, 0, 0, 2, 0, 1, 0, 0]
R+fence.rw.w+fence.w.w:[0, 0, 1, 1, 0, 0, 0, 0, 0, 0, 0, 1, 1]
R+poprl+po+NEW:[0, 0, 0, 1, 1, 0, 0, 1, 0, 0, 0, 0, 0]
MP+fence.rw.w-[rf-fr]+ctrlfencei:[0, 1, 3, 0, 0, 0, 0, 0, 0, 1, 0, 1, 0]
LB+ctrl+poxx:[1, 0, 0, 0, 0, 4, 0, 0, 0, 1, 1, 0, 0]
MP+[rf-fr]-fence.rw.rw+ctrlfencei:[0, 1, 3, 0, 0, 0, 0, 0, 0, 1, 0, 1, 0]
Z6.3+fence.rw.rw+fence.rw.w+ctrlfencei:[0, 1, 2, 0, 0, 0, 0, 0, 0, 1, 0, 2, 0]
MP+rfi-addr+addr-rfi:[2, 1, 1, 2, 0, 0, 0, 0, 2, 0, 0, 0, 0]
R+fence.rw.w+po-ctrlfencei:[0, 1, 1, 2, 0, 0, 0, 0, 0, 1, 0, 1, 0]
ISA2+fence.rw.w+ctrl+ctrlfencei:[1, 1, 1, 0, 0, 0, 0, 0, 0, 2, 0, 1, 0]
SB+po-addrs+po-ctrlfenceis:[0, 2, 0, 4, 0, 0, 0, 0, 1, 1, 0, 0, 0]
2+2W+rfi-addrs:[2, 0, 2, 2, 0, 0, 0, 0, 2, 0, 0, 0, 0]
R+rfi-ctrlfencei+rfi-addr-rfi:[2, 1, 2, 4, 0, 0, 0, 0, 1, 1, 0, 0, 0]
MP+po+popaq+NEW:[0, 0, 1, 0, 1, 0, 1, 0, 0, 0, 0, 0, 0]
R+rfi-addr+rfi-ctrlfencei-rfi:[2, 1, 2, 4, 0, 0, 0, 0, 1, 2, 0, 0, 0]
R+fence.rw.rw+pos-addr:[0, 1, 1, 2, 0, 0, 0, 0, 1, 0, 0, 1, 0]
MP+fence.rw.rw+ctrl-wsi-rfi-ctrl:[2, 3, 2, 4, 0, 0, 0, 0, 0, 5, 0, 1, 0]
S+rfi-ctrlfencei+data-rfi-data:[4, 1, 2, 2, 0, 0, 0, 0, 0, 1, 2, 0, 0]
S+po+data:[1, 0, 1, 0, 0, 0, 0, 0, 0, 0, 1, 0, 0]
MP+rfi-addr+data-rfi-ctrlfencei:[2, 3, 1, 3, 0, 0, 0, 0, 1, 1, 1, 0, 0]
S+rfi-ctrl+ctrl-rfi-addr:[4, 1, 2, 2, 0, 0, 0, 0, 1, 4, 0, 0, 0]
R+fence.tsoxp+fence.tso:[0, 0, 0, 1, 0, 2, 0, 0, 0, 0, 0, 0, 0]
LB+ctrl+fri-rfi-ctrl:[4, 1, 1, 1, 0, 0, 0, 0, 0, 2, 0, 0, 0]
SB+po-ctrlfenceis:[0, 2, 0, 4, 0, 0, 0, 0, 0, 2, 0, 0, 0]
MP+rfi-addr+addr-rfi-ctrlfenceis:[2, 3, 1, 3, 0, 0, 0, 0, 2, 1, 0, 0, 0]
MP+rfi-ctrlfencei+ctrl-rfi:[2, 1, 1, 2, 0, 0, 0, 0, 0, 3, 0, 0, 0]
2+2W+fence.rw.w+po:[0, 0, 2, 0, 0, 0, 0, 0, 0, 0, 0, 1, 0]
MP+po+fence.rw.rw:[0, 1, 1, 0, 0, 0, 0, 0, 0, 0, 0, 1, 0]
R+fence.tsos:[0, 0, 1, 1, 0, 0, 0, 0, 0, 0, 0, 0, 0]
MP+rfi-addr+ctrlfencei-rfi-addr:[2, 3, 1, 3, 0, 0, 0, 0, 2, 3, 0, 0, 0]
MP+pos-rfi-ctrlfencei+fence.r.rw:[1, 1, 3, 2, 0, 0, 0, 0, 0, 1, 0, 1, 0]
S+rfi-ctrl+ctrlfencei-rfi-ctrl:[4, 1, 2, 2, 0, 0, 0, 0, 0, 5, 0, 0, 0]
LB+fence.rw.rw+poxx:[1, 0, 0, 0, 0, 4, 0, 0, 0, 0, 1, 1, 0]
LB+fri-rfi-addrs:[6, 2, 2, 2, 0, 0, 0, 0, 2, 0, 0, 0, 0]
R+fence.rw.w+fence.i:[0, 0, 1, 1, 0, 0, 0, 0, 0, 0, 0, 1, 0]
SB+fence.rw.rw+pos-po-addr:[0, 1, 1, 5, 0, 0, 0, 0, 1, 0, 0, 1, 0]
S+rfi-data+ctrlfencei-rfi-addr:[4, 1, 2, 2, 0, 0, 0, 0, 1, 3, 1, 0, 0]
SB+rfi-ctrlfencei+rfi-ctrl-rfi:[1, 2, 1, 5, 0, 0, 0, 0, 0, 3, 0, 0, 0]
MP+[ws-fence.rw.w-ws]+ctrlfencei:[0, 1, 2, 0, 0, 0, 0, 0, 0, 1, 0, 1, 0]
2+2W+rfi-ctrls:[2, 0, 2, 2, 0, 0, 0, 0, 0, 2, 0, 0, 0]
W+RWC+fence.w.w+ctrlfencei+fence.rw.rw:[0, 1, 1, 1, 0, 0, 0, 0, 0, 1, 0, 2, 0]
MP+wsi-rfi-addr+addr:[1, 1, 3, 2, 0, 0, 0, 0, 2, 0, 0, 0, 0]
SB+rfi-addr-rfis:[2, 2, 2, 6, 0, 0, 0, 0, 2, 0, 0, 0, 0]
MP+fence.w.w+data-wsi-rfi-addr:[2, 3, 2, 4, 0, 0, 0, 0, 1, 0, 1, 1, 0]
S:[1, 0, 1, 0, 0, 0, 0, 0, 0, 0, 0, 0, 0]
S+rfi-addr+data-rfi-addr:[4, 1, 2, 2, 0, 0, 0, 0, 2, 0, 1, 0, 0]
SB+rfi-addr+rfi-ctrl-rfi:[1, 2, 1, 5, 0, 0, 0, 0, 1, 2, 0, 0, 0]
S+[rf-ctrlfencei-fr]+addr:[1, 1, 1, 0, 0, 0, 0, 0, 1, 1, 0, 0, 0]
SB+rfi-addr-rfi+rfi-data-rfi:[2, 2, 2, 6, 0, 0, 0, 0, 1, 0, 1, 0, 0]
ISA2+fence.w.w+fence.rw.w+ctrlfencei:[1, 1, 1, 0, 0, 0, 0, 0, 0, 1, 0, 2, 0]
MP+fence.rw.rw+addr-rfi-ctrlfencei:[1, 3, 1, 2, 0, 0, 0, 0, 1, 1, 0, 1, 0]
SB+fence.rw.rw+pos-po-addrs:[0, 1, 1, 5, 0, 0, 0, 0, 1, 0, 0, 1, 0]
MP+fence.r.rw+fence.rw.rw:[0, 1, 1, 0, 0, 0, 0, 0, 0, 0, 0, 1, 1]
S+rfi-ctrlfencei+data-rfi-ctrl:[4, 1, 2, 2, 0, 0, 0, 0, 0, 2, 1, 0, 0]
SB+rfi-addr-rfi+rfi-ctrlfencei-rfi:[2, 2, 2, 6, 0, 0, 0, 0, 1, 2, 0, 0, 0]
R+fence.w.w+fence.tso:[0, 0, 1, 1, 0, 0, 0, 0, 0, 0, 0, 1, 0]
MP+fence.rw.w+ctrl-rfi-addr:[1, 3, 1, 2, 0, 0, 0, 0, 1, 3, 0, 1, 0]
IRRWIW+ctrlfencei+ctrl:[1, 1, 0, 0, 0, 0, 0, 0, 0, 2, 0, 0, 0]
MP+rfi-data+ctrl-rfi-addrs:[2, 3, 1, 3, 0, 0, 0, 0, 1, 3, 1, 0, 0]
MP+rfi-ctrl+ctrl-rfi-ctrlfencei:[2, 3, 1, 3, 0, 0, 0, 0, 0, 5, 0, 0, 0]
S+rfi-ctrlfencei+data-rfi-addr:[4, 1, 2, 2, 0, 0, 0, 0, 1, 1, 1, 0, 0]
MP+pos-rfi-data+addr-rfi-ctrlfencei:[2, 3, 3, 4, 0, 0, 0, 0, 1, 1, 1, 0, 0]
MP+[ws-rf]-data+ctrlfencei:[1, 1, 1, 1, 0, 0, 0, 0, 0, 1, 1, 0, 0]
WRR+2W+ctrlfencei+fence.rw.rw:[0, 1, 1, 0, 0, 0, 0, 0, 0, 1, 0, 1, 0]
MP+rfi-addr+ctrl-rfi:[2, 1, 1, 2, 0, 0, 0, 0, 1, 2, 0, 0, 0]
R+rfi-addr+rfi-ctrlfencei:[1, 1, 1, 3, 0, 0, 0, 0, 1, 1, 0, 0, 0]
MP+rfi-ctrlfencei+addr-rfi-addrs:[2, 3, 1, 3, 0, 0, 0, 0, 2, 1, 0, 0, 0]
S+rfi-data+ctrl:[2, 0, 1, 1, 0, 0, 0, 0, 0, 1, 1, 0, 0]
MP+fence.w.w+data-rfi-ctrlfencei:[1, 3, 1, 2, 0, 0, 0, 0, 0, 1, 1, 1, 0]
SB+po+po-addr:[0, 1, 0, 3, 0, 0, 0, 0, 1, 0, 0, 0, 0]
MP+rfi-data+addr-rfi-ctrlfenceis:[2, 3, 1, 3, 0, 0, 0, 0, 1, 1, 1, 0, 0]
R+fence.w.w+rfi-data-rfi:[1, 1, 2, 3, 0, 0, 0, 0, 0, 0, 1, 1, 0]
2+2W+poprl+porlp+NEW:[0, 0, 0, 0, 2, 0, 0, 2, 0, 0, 0, 0, 0]
MP+rfi-data+addr-rfi-addrs:[2, 3, 1, 3, 0, 0, 0, 0, 2, 0, 1, 0, 0]
S+rfi-addr+data-rfi-ctrlfencei:[4, 1, 2, 2, 0, 0, 0, 0, 1, 1, 1, 0, 0]
SB+po-ctrlfenceis+pos-po-addrs:[0, 2, 1, 6, 0, 0, 0, 0, 1, 1, 0, 0, 0]
SB+pos-pos-ctrlfenceis:[0, 2, 2, 8, 0, 0, 0, 0, 0, 2, 0, 0, 0]
R+fence.w.w+po-ctrlfenceis:[0, 1, 1, 2, 0, 0, 0, 0, 0, 1, 0, 1, 0]
SB+fence.rw.rw+rfi-ctrlfencei-rfi:[1, 1, 1, 4, 0, 0, 0, 0, 0, 2, 0, 1, 0]
R+pos-rfi-addr+rfi-ctrlfencei:[1, 1, 3, 4, 0, 0, 0, 0, 1, 1, 0, 0, 0]
2+2W+fence.rw.rw+rfi-ctrlfencei:[1, 0, 2, 1, 0, 0, 0, 0, 0, 1, 0, 1, 0]
LB+ctrl+fri-rfi-addr:[4, 1, 1, 1, 0, 0, 0, 0, 1, 1, 0, 0, 0]
2+2W+fence.rw.w+rfi-ctrlfencei:[1, 0, 2, 1, 0, 0, 0, 0, 0, 1, 0, 1, 0]
MP+wsi-rfi-ctrl+addr:[1, 1, 3, 2, 0, 0, 0, 0, 1, 1, 0, 0, 0]
MP+[ws-rf]-fence.rw.rw+ctrlfencei:[1, 1, 1, 1, 0, 0, 0, 0, 0, 1, 0, 1, 0]
MP+rfi-addr+fence.r.rw:[1, 1, 1, 1, 0, 0, 0, 0, 1, 0, 0, 1, 0]
LB+addr+data-wsi-rfi-ctrl:[5, 1, 3, 2, 0, 0, 0, 0, 1, 1, 1, 0, 0]
S+rfi-addr+data:[2, 0, 1, 1, 0, 0, 0, 0, 1, 0, 1, 0, 0]
MP+rfi-ctrlfencei+ctrlfencei-rfi-ctrlfenceis:[2, 3, 1, 3, 0, 0, 0, 0, 0, 5, 0, 0, 0]
LB+ctrl+data-wsi-rfi-data:[5, 1, 3, 2, 0, 0, 0, 0, 0, 1, 2, 0, 0]
R+wsi-rfi-ctrl+fence.rw.rw:[1, 0, 3, 3, 0, 0, 0, 0, 0, 1, 0, 1, 0]
MP+fence.r.rw+addr:[0, 1, 1, 0, 0, 0, 0, 0, 1, 0, 0, 0, 1]
R:[0, 0, 1, 1, 0, 0, 0, 0, 0, 0, 0, 0, 0]
MP+rfi-ctrlfencei+ctrl-rfi-ctrlfencei:[2, 3, 1, 3, 0, 0, 0, 0, 0, 5, 0, 0, 0]
S+fence.rw.rw+fri-rfi-addr:[3, 1, 2, 1, 0, 0, 0, 0, 1, 0, 0, 1, 0]
SB+rfi-ctrlfencei+rfi-addr-rfi:[1, 2, 1, 5, 0, 0, 0, 0, 1, 1, 0, 0, 0]
S+rfi-data+addr-rfi-addr:[4, 1, 2, 2, 0, 0, 0, 0, 2, 0, 1, 0, 0]
S+fence.r.rw+data:[1, 0, 1, 0, 0, 0, 0, 0, 0, 0, 1, 0, 1]
SB+po-ctrlfenceis+po-ctrlfencei:[0, 2, 0, 4, 0, 0, 0, 0, 0, 2, 0, 0, 0]
SB+fence.r.rws:[0, 0, 0, 2, 0, 0, 0, 0, 0, 0, 0, 0, 2]
IRRWIW+ctrlfencei+fence.rw.w:[1, 1, 0, 0, 0, 0, 0, 0, 0, 1, 0, 1, 0]
SB+rfi-addr+rfi-addr-rfi:[1, 2, 1, 5, 0, 0, 0, 0, 2, 0, 0, 0, 0]
MP+pos-rfi-ctrlfencei+addr-rfi-ctrlfencei:[2, 3, 3, 4, 0, 0, 0, 0, 1, 2, 0, 0, 0]
S+fence.rw.rw+data-wsi-rfi-data:[4, 1, 4, 2, 0, 0, 0, 0, 0, 0, 2, 1, 0]
W+RWC+fence.rw.rw+ctrlfencei+fence.rw.rw:[0, 1, 1, 1, 0, 0, 0, 0, 0, 1, 0, 2, 0]
R+fence.rw.w+rfi-ctrl-rfi:[1, 1, 2, 3, 0, 0, 0, 0, 0, 2, 0, 1, 0]
S+rfi-data+addr-rfi-ctrl:[4, 1, 2, 2, 0, 0, 0, 0, 1, 1, 1, 0, 0]
S+po+fence.r.rw:[1, 0, 1, 0, 0, 0, 0, 0, 0, 0, 0, 1, 0]
2+2W+fence.r.rw+fence.rw.rw:[0, 0, 2, 0, 0, 0, 0, 0, 0, 0, 0, 1, 1]
SB+pos-pos-addrs:[0, 2, 2, 8, 0, 0, 0, 0, 2, 0, 0, 0, 0]
MP+rfi-addr+data-rfi:[2, 1, 1, 2, 0, 0, 0, 0, 1, 0, 1, 0, 0]
ISA2+fence.rw.rw+pos+ctrlfencei:[1, 1, 1, 0, 0, 0, 0, 0, 0, 1, 0, 1, 0]
SB+fence.rw.rw+ctrlfence.r.r:[0, 0, 0, 1, 0, 2, 0, 0, 0, 1, 0, 1, 1]
SB+fence.rw.rw+pos-po-ctrlfenceis:[0, 1, 1, 5, 0, 0, 0, 0, 0, 1, 0, 1, 0]
SB+pos-po-addrss:[0, 2, 2, 8, 0, 0, 0, 0, 2, 0, 0, 0, 0]
S+rfi-addr+fence.r.rw:[2, 0, 1, 1, 0, 0, 0, 0, 1, 0, 0, 1, 0]
S+rfi-ctrl+data:[2, 0, 1, 1, 0, 0, 0, 0, 0, 1, 1, 0, 0]
SB+pos-po+po-addr:[0, 1, 1, 4, 0, 0, 0, 0, 1, 0, 0, 0, 0]
MP+fence.w.w+addr-rfi-ctrlfencei:[1, 3, 1, 2, 0, 0, 0, 0, 1, 1, 0, 1, 0]
Z6.3+fence.rw.rw+fence.rw.rw+ctrlfencei:[0, 1, 2, 0, 0, 0, 0, 0, 0, 1, 0, 2, 0]
W+RWC+fence.rw.w+ctrlfencei+fence.rw.rw:[0, 1, 1, 1, 0, 0, 0, 0, 0, 1, 0, 2, 0]
W+RWC+fence.w.w+ctrlfencei+fence.rw.rws:[0, 1, 1, 1, 0, 0, 0, 0, 0, 1, 0, 2, 0]
MP+rfi-data+data-rfi-ctrlfenceis:[2, 3, 1, 3, 0, 0, 0, 0, 0, 1, 2, 0, 0]
R+rfi-ctrl+rfi-ctrlfencei:[1, 1, 1, 3, 0, 0, 0, 0, 0, 2, 0, 0, 0]
MP+fence.rw.rw+fri-rfi-ctrl:[1, 3, 1, 2, 0, 0, 0, 0, 0, 1, 0, 1, 0]
2+2W+poxxs:[0, 0, 0, 0, 0, 8, 0, 0, 0, 0, 0, 0, 0]
MP+fence.rw.ws:[0, 1, 1, 0, 0, 0, 0, 0, 0, 0, 0, 1, 1]
MP+rfi-addr+data-rfi-ctrlfenceis:[2, 3, 1, 3, 0, 0, 0, 0, 1, 1, 1, 0, 0]
SB+pos-rfi-ctrlfenceis:[0, 2, 2, 8, 0, 0, 0, 0, 0, 2, 0, 0, 0]
S+rfi-ctrl+addr:[2, 0, 1, 1, 0, 0, 0, 0, 1, 1, 0, 0, 0]
SB+fence.rw.rw+rfi-data-rfi:[1, 1, 1, 4, 0, 0, 0, 0, 0, 0, 1, 1, 0]
S+rfi-addr+ctrlfencei:[2, 0, 1, 1, 0, 0, 0, 0, 1, 1, 0, 0, 0]
R+rfi-ctrl+rfi-data-rfi:[2, 1, 2, 4, 0, 0, 0, 0, 0, 1, 1, 0, 0]
R+fence.rw.rw+rfi-data-rfi:[1, 1, 2, 3, 0, 0, 0, 0, 0, 0, 1, 1, 0]
LB+fence.i+ctrlfencei:[2, 0, 0, 0, 0, 0, 0, 0, 0, 1, 0, 0, 0]
MP+rfi-data+ctrl-rfi-ctrlfenceis:[2, 3, 1, 3, 0, 0, 0, 0, 0, 4, 1, 0, 0]
MP+rfi-data+ctrlfencei-rfi-ctrlfenceis:[2, 3, 1, 3, 0, 0, 0, 0, 0, 4, 1, 0, 0]
2+2W:[0, 0, 2, 0, 0, 0, 0, 0, 0, 0, 0, 0, 0]
S+rfi-ctrl+addr-rfi-ctrl:[4, 1, 2, 2, 0, 0, 0, 0, 1, 2, 0, 0, 0]
LB+poxps:[0, 0, 0, 0, 0, 4, 0, 0, 0, 0, 2, 0, 0]
MP+fence.rw.rw+data-wsi-rfi-ctrl:[2, 3, 2, 4, 0, 0, 0, 0, 0, 1, 1, 1, 0]
Z6.3+fence.rw.w+fence.w.w+ctrlfencei:[0, 1, 2, 0, 0, 0, 0, 0, 0, 1, 0, 2, 0]
LB+po+poprl+NEW:[1, 0, 0, 0, 1, 0, 0, 1, 0, 0, 0, 0, 0]
MP+fence.w.w+ctrlfencei-rfi-ctrlfencei:[1, 3, 1, 2, 0, 0, 0, 0, 0, 4, 0, 1, 0]
ISA2+fence.rw.w+data+ctrlfencei:[1, 1, 1, 0, 0, 0, 0, 0, 0, 1, 1, 1, 0]
2+2W+po+porlp+NEW:[0, 0, 1, 0, 1, 0, 0, 1, 0, 0, 0, 0, 0]
S+rfi-ctrl+fence.r.rw:[2, 0, 1, 1, 0, 0, 0, 0, 0, 1, 0, 1, 0]
R+fence.rw.w+rfi-addr:[0, 1, 1, 2, 0, 0, 0, 0, 1, 0, 0, 1, 0]
S+fence.w.ws:[1, 0, 1, 0, 0, 0, 0, 0, 0, 0, 0, 1, 1]
S+fence.rw.w+po:[1, 0, 1, 0, 0, 0, 0, 0, 0, 0, 0, 1, 0]
MP+pos-rfi-ctrl+ctrlfencei-rfi-addr:[2, 3, 3, 4, 0, 0, 0, 0, 1, 4, 0, 0, 0]
2+2W+fence.rw.rw+rfi-addr:[1, 0, 2, 1, 0, 0, 0, 0, 1, 0, 0, 1, 0]
R+rfi-addrs:[1, 1, 1, 3, 0, 0, 0, 0, 2, 0, 0, 0, 0]
2+2W+fence.w.w+rfi-ctrl:[1, 0, 2, 1, 0, 0, 0, 0, 0, 1, 0, 1, 0]
MP+fence.rw.rw+ctrlfencei-[fr-rf]:[0, 3, 1, 0, 0, 0, 0, 0, 0, 2, 0, 1, 0]
C-Will02+HEAD:[0, 0, 0, 2, 1, 0, 1, 0, 0, 0, 0, 2, 0]
S+rfi-data+data-rfi-ctrl:[4, 1, 2, 2, 0, 0, 0, 0, 0, 1, 2, 0, 0]
SB:[0, 0, 0, 2, 0, 0, 0, 0, 0, 0, 0, 0, 0]
MP+rfi-ctrlfencei+ctrlfencei:[1, 1, 1, 1, 0, 0, 0, 0, 0, 2, 0, 0, 0]
IRIW+fence.rw.rw+ctrlfencei:[0, 2, 0, 0, 0, 0, 0, 0, 0, 1, 0, 1, 0]
MP+fence.w.w+po:[0, 1, 1, 0, 0, 0, 0, 0, 0, 0, 0, 1, 0]
MP+fence.rw.rw+ctrl-cleaninit:[0, 1, 1, 0, 0, 0, 0, 0, 0, 1, 0, 1, 0]
S+[rf-ctrlfencei-fr]+fence.r.rw:[1, 1, 1, 0, 0, 0, 0, 0, 0, 1, 0, 1, 0]
S+po+fence.rw.rw:[1, 0, 1, 0, 0, 0, 0, 0, 0, 0, 0, 1, 0]
R+fence.w.w+rfi-addr:[0, 1, 1, 2, 0, 0, 0, 0, 1, 0, 0, 1, 0]
MP+fence.rw.rw+addr-wsi-rfi-addr:[2, 3, 2, 4, 0, 0, 0, 0, 2, 0, 0, 1, 0]
ISA2+fence.rw.w+fence.r.rw+ctrlfencei:[1, 1, 1, 0, 0, 0, 0, 0, 0, 1, 0, 2, 0]
S+rfi-data+ctrlfencei-rfi-ctrlfencei:[4, 1, 2, 2, 0, 0, 0, 0, 0, 4, 1, 0, 0]
R+fence.rw.w+po-addrs:[0, 1, 1, 2, 0, 0, 0, 0, 1, 0, 0, 1, 0]
S+fence.rw.rw+data-wsi-rfi-addr:[4, 1, 4, 2, 0, 0, 0, 0, 1, 0, 1, 1, 0]
SB+pos-po+pos-po-ctrlfencei:[0, 1, 2, 6, 0, 0, 0, 0, 0, 1, 0, 0, 0]
MP+[rf-fence.r.rw-fr]+ctrlfencei:[0, 2, 1, 0, 0, 0, 0, 0, 0, 1, 0, 1, 0]
R+fence.w.ws:[0, 0, 1, 1, 0, 0, 0, 0, 0, 0, 0, 1, 1]
LB+fence.rw.rw+fri-rfi-data:[4, 1, 1, 1, 0, 0, 0, 0, 0, 0, 1, 1, 0]
S+rfi-ctrlfencei+fence.rw.w:[2, 0, 1, 1, 0, 0, 0, 0, 0, 1, 0, 1, 0]
S+po+fence.rw.w:[1, 0, 1, 0, 0, 0, 0, 0, 0, 0, 0, 1, 0]
R+pos-rfi-data+rfi-ctrlfencei:[1, 1, 3, 4, 0, 0, 0, 0, 0, 1, 1, 0, 0]
MP+pos-rfi-data+ctrl-rfi-addr:[2, 3, 3, 4, 0, 0, 0, 0, 1, 3, 1, 0, 0]
MP+pos-rfi-addr+ctrlfencei:[1, 1, 3, 2, 0, 0, 0, 0, 1, 1, 0, 0, 0]
SB+pos-po-ctrlfenceiss:[0, 2, 2, 8, 0, 0, 0, 0, 0, 2, 0, 0, 0]
S+rfi-ctrlfencei+addr-rfi-ctrlfencei:[4, 1, 2, 2, 0, 0, 0, 0, 1, 2, 0, 0, 0]
S+rfi-addr+ctrlfencei-rfi-ctrlfencei:[4, 1, 2, 2, 0, 0, 0, 0, 1, 4, 0, 0, 0]
MP+rfi-ctrlfencei+ctrlfencei-rfi-addr:[2, 3, 1, 3, 0, 0, 0, 0, 1, 4, 0, 0, 0]
2+2W+porlp+porlrl+NEW:[0, 0, 0, 0, 3, 0, 0, 3, 0, 0, 0, 0, 0]
LB+addr+poxx:[1, 0, 0, 0, 0, 4, 0, 0, 1, 0, 1, 0, 0]
S+rfi-data+ctrl-rfi-addr:[4, 1, 2, 2, 0, 0, 0, 0, 1, 3, 1, 0, 0]
ISA2+pos+addr+ctrlfencei:[1, 1, 1, 0, 0, 0, 0, 0, 1, 1, 0, 0, 0]
S+po+poprl+NEW:[0, 0, 1, 0, 1, 0, 0, 1, 0, 0, 0, 0, 0]
S+rfi-addr+ctrl-rfi-ctrl:[4, 1, 2, 2, 0, 0, 0, 0, 1, 4, 0, 0, 0]
S+rfi-addr+ctrl-rfi-addr:[4, 1, 2, 2, 0, 0, 0, 0, 2, 3, 0, 0, 0]
S+rfi-data+addr:[2, 0, 1, 1, 0, 0, 0, 0, 1, 0, 1, 0, 0]
R+rfi-ctrl+rfi-ctrl-rfi:[2, 1, 2, 4, 0, 0, 0, 0, 0, 3, 0, 0, 0]
MP+fence.w.w+[fr-rf]-ctrlfencei:[0, 3, 1, 0, 0, 0, 0, 0, 0, 1, 0, 1, 0]
MP+pos-rfi-data+fence.rw.rw:[1, 1, 3, 2, 0, 0, 0, 0, 0, 0, 1, 1, 0]
MP+rfi-data+ctrlfencei-rfi-addrs:[2, 3, 1, 3, 0, 0, 0, 0, 1, 3, 1, 0, 0]
IRIW+fence.r.rw+ctrlfencei:[0, 2, 0, 0, 0, 0, 0, 0, 0, 1, 0, 1, 0]
R+pos-rfi-ctrl+rfi-addr:[1, 1, 3, 4, 0, 0, 0, 0, 1, 1, 0, 0, 0]
SB+po+popaq+NEW:[0, 0, 0, 1, 1, 0, 1, 0, 0, 0, 0, 0, 0]
R+pos-rfi-data+fence.rw.rw:[1, 0, 3, 3, 0, 0, 0, 0, 0, 0, 1, 1, 0]
MP+[rf-ctrlfencei-ws]+ctrlfencei:[1, 1, 1, 0, 0, 0, 0, 0, 0, 2, 0, 0, 0]
LB+fence.w.w+ctrl:[2, 0, 0, 0, 0, 0, 0, 0, 0, 1, 0, 0, 1]
MP+fence.rw.w+po:[0, 1, 1, 0, 0, 0, 0, 0, 0, 0, 0, 1, 0]
R+rfi-addr+rfi-ctrl-rfi:[2, 1, 2, 4, 0, 0, 0, 0, 1, 2, 0, 0, 0]
MP+fence.rw.rw+ctrlfence.w.r:[0, 1, 1, 0, 0, 0, 0, 0, 0, 1, 0, 1, 1]
R+fence.rw.w+rfi-ctrlfencei-rfi:[1, 1, 2, 3, 0, 0, 0, 0, 0, 2, 0, 1, 0]
R+fence.rw.rw+rfi-addr:[0, 1, 1, 2, 0, 0, 0, 0, 1, 0, 0, 1, 0]
SB+po-addrs:[0, 2, 0, 4, 0, 0, 0, 0, 2, 0, 0, 0, 0]
MP+po+ctrl:[0, 1, 1, 0, 0, 0, 0, 0, 0, 1, 0, 0, 0]
2+2W+fence.rw.rw+rfi-ctrl:[1, 0, 2, 1, 0, 0, 0, 0, 0, 1, 0, 1, 0]
2+2W+fence.w.w+po:[0, 0, 2, 0, 0, 0, 0, 0, 0, 0, 0, 1, 0]
SB+rfi-ctrl-rfi+rfi-ctrlfencei-rfi:[2, 2, 2, 6, 0, 0, 0, 0, 0, 4, 0, 0, 0]
SB+rfi-addr+rfi-ctrlfencei-rfi:[1, 2, 1, 5, 0, 0, 0, 0, 1, 2, 0, 0, 0]
MP+[ws-fence.w.w-ws]+ctrlfencei:[0, 1, 2, 0, 0, 0, 0, 0, 0, 1, 0, 1, 0]
SB+rfi-ctrlfencei+pos-rfi-addr:[0, 2, 1, 6, 0, 0, 0, 0, 1, 1, 0, 0, 0]
MP+[rf-ctrlfencei-fr]+addr:[0, 2, 1, 0, 0, 0, 0, 0, 1, 1, 0, 0, 0]
MP+fence.w.w+ctrlfencei-[fr-rf]:[0, 3, 1, 0, 0, 0, 0, 0, 0, 2, 0, 1, 0]
MP+pos-rfi-data+addr-rfi-addr:[2, 3, 3, 4, 0, 0, 0, 0, 2, 0, 1, 0, 0]
SB+pos-po-addr+pos-po-ctrlfenceis:[0, 2, 2, 8, 0, 0, 0, 0, 1, 1, 0, 0, 0]
MP+fence.w.w+ctrl-rfi-ctrlfencei:[1, 3, 1, 2, 0, 0, 0, 0, 0, 4, 0, 1, 0]
MP+pos-rfi-addr+fence.r.rw:[1, 1, 3, 2, 0, 0, 0, 0, 1, 0, 0, 1, 0]
MP+[rf-fr]-fence.rw.w+ctrlfencei:[0, 1, 3, 0, 0, 0, 0, 0, 0, 1, 0, 1, 0]
S+rfi-ctrlfencei+addr-rfi-ctrl:[4, 1, 2, 2, 0, 0, 0, 0, 1, 2, 0, 0, 0]
R+rfi-data+rfi-data-rfi:[2, 1, 2, 4, 0, 0, 0, 0, 0, 0, 2, 0, 0]
MP+rfi-data+fence.rw.rw:[1, 1, 1, 1, 0, 0, 0, 0, 0, 0, 1, 1, 0]
LB+fence.rw.rw+fri-rfi-addr:[4, 1, 1, 1, 0, 0, 0, 0, 1, 0, 0, 1, 0]
ISA02:[0, 2, 0, 4, 0, 0, 0, 0, 0, 0, 0, 2, 0]
LB+popxs:[0, 0, 0, 0, 0, 4, 0, 0, 0, 0, 0, 0, 0]
MP+[ws-fence.rw.rw-fr]+ctrlfencei:[0, 1, 1, 1, 0, 0, 0, 0, 0, 1, 0, 1, 0]
S+po+poaqp+NEW:[0, 0, 1, 0, 1, 0, 1, 0, 0, 0, 0, 0, 0]
ISA2+fence.rw.w+pos+ctrlfencei:[1, 1, 1, 0, 0, 0, 0, 0, 0, 1, 0, 1, 0]
R+fence.rw.rw+rfi-ctrl-rfi:[1, 1, 2, 3, 0, 0, 0, 0, 0, 2, 0, 1, 0]
SB+po+porlp+NEW:[0, 0, 0, 1, 1, 0, 0, 1, 0, 0, 0, 0, 0]
R+porlps+NEW:[0, 0, 0, 0, 2, 0, 0, 2, 0, 0, 0, 0, 0]
LB+ctrl+po:[2, 0, 0, 0, 0, 0, 0, 0, 0, 1, 0, 0, 0]
SB+rfi-addrs:[0, 2, 0, 4, 0, 0, 0, 0, 2, 0, 0, 0, 0]
R+poxxs:[0, 0, 0, 0, 0, 8, 0, 0, 0, 0, 1, 0, 0]
R+fence.w.w+po-ctrlfencei:[0, 1, 1, 2, 0, 0, 0, 0, 0, 1, 0, 1, 0]
S+rfi-ctrl+ctrl-rfi-data:[4, 1, 2, 2, 0, 0, 0, 0, 0, 4, 1, 0, 0]
S+fence.rw.rw+data-wsi-rfi-ctrl:[4, 1, 4, 2, 0, 0, 0, 0, 0, 1, 1, 1, 0]
MP+[rf-fence.rw.w-ws]+ctrlfencei:[1, 1, 1, 0, 0, 0, 0, 0, 0, 1, 0, 1, 0]
R+fence.w.w+rfi-ctrlfencei:[0, 1, 1, 2, 0, 0, 0, 0, 0, 1, 0, 1, 0]
S+[rf-ctrlfencei-fr]+fence.rw.rw:[1, 1, 1, 0, 0, 0, 0, 0, 0, 1, 0, 1, 0]
ISA2+fence.w.w+ctrl+ctrlfencei:[1, 1, 1, 0, 0, 0, 0, 0, 0, 2, 0, 1, 0]
S+fence.r.rw+ctrl:[1, 0, 1, 0, 0, 0, 0, 0, 0, 1, 0, 0, 1]
R+fence.rw.w+rfi-addr-rfi:[1, 1, 2, 3, 0, 0, 0, 0, 1, 0, 0, 1, 0]
MP+pos-rfi-data+ctrlfencei:[1, 1, 3, 2, 0, 0, 0, 0, 0, 1, 1, 0, 0]
MP+pos-rfi-addr+ctrlfencei-rfi-ctrlfencei:[2, 3, 3, 4, 0, 0, 0, 0, 1, 4, 0, 0, 0]
MP+rfi-ctrl+data-rfi-ctrlfencei:[2, 3, 1, 3, 0, 0, 0, 0, 0, 2, 1, 0, 0]
WRC+fence.r.rw+ctrlfencei:[1, 1, 0, 0, 0, 0, 0, 0, 0, 1, 0, 1, 0]
LB+data+po:[2, 0, 0, 0, 0, 0, 0, 0, 0, 0, 1, 0, 0]
MP+rfi-addr+ctrlfencei:[1, 1, 1, 1, 0, 0, 0, 0, 1, 1, 0, 0, 0]
LB+fence.i+ctrl:[2, 0, 0, 0, 0, 0, 0, 0, 0, 1, 0, 0, 0]
MP+rfi-ctrlfencei+data-rfi-ctrlfenceis:[2, 3, 1, 3, 0, 0, 0, 0, 0, 2, 1, 0, 0]
SB+porlps+NEW:[0, 0, 0, 0, 2, 0, 0, 2, 0, 0, 0, 0, 0]
MP+rfi-addr+ctrl-rfi-addr:[2, 3, 1, 3, 0, 0, 0, 0, 2, 3, 0, 0, 0]
MP+fence.rw.rw+addr-fri-rfi-ctrl:[2, 6, 1, 2, 0, 0, 0, 0, 1, 1, 0, 1, 0]
S+porlp+po+NEW:[1, 0, 0, 0, 1, 0, 0, 1, 0, 0, 0, 0, 0]
MP+pos-rfi-ctrlfencei+addr:[1, 1, 3, 2, 0, 0, 0, 0, 1, 1, 0, 0, 0]
MP+fence.w.w+fri-rfi-addr:[1, 3, 1, 2, 0, 0, 0, 0, 1, 0, 0, 1, 0]
IRRWIW+ctrlfencei+addr:[1, 1, 0, 0, 0, 0, 0, 0, 1, 1, 0, 0, 0]
MP+fence.w.w+ctrl-rfi-addr:[1, 3, 1, 2, 0, 0, 0, 0, 1, 3, 0, 1, 0]
S+fence.r.rw+addr:[1, 0, 1, 0, 0, 0, 0, 0, 1, 0, 0, 0, 1]
S+rfi-ctrlfencei+ctrl-rfi-addr:[4, 1, 2, 2, 0, 0, 0, 0, 1, 4, 0, 0, 0]
MP+rfi-data+fence.r.rw:[1, 1, 1, 1, 0, 0, 0, 0, 0, 0, 1, 1, 0]
S+fence.r.rws:[1, 0, 1, 0, 0, 0, 0, 0, 0, 0, 0, 1, 1]
SB+po-addr+pos-po-addr:[0, 2, 1, 6, 0, 0, 0, 0, 2, 0, 0, 0, 0]
SB+pos-po+pos-po-addrs:[0, 1, 2, 6, 0, 0, 0, 0, 1, 0, 0, 0, 0]
SB+po+po-addrs:[0, 1, 0, 3, 0, 0, 0, 0, 1, 0, 0, 0, 0]
MP+fence.rw.w+addr-rfi-ctrlfencei:[1, 3, 1, 2, 0, 0, 0, 0, 1, 1, 0, 1, 0]
R+fence.rw.rw+po-ctrlfenceis:[0, 1, 1, 2, 0, 0, 0, 0, 0, 1, 0, 1, 0]
R+rfi-addr+rfi-data-rfi:[2, 1, 2, 4, 0, 0, 0, 0, 1, 0, 1, 0, 0]
S+rfi-ctrlfencei+ctrlfencei-rfi-ctrlfencei:[4, 1, 2, 2, 0, 0, 0, 0, 0, 5, 0, 0, 0]
MP+[ws-rf]-ctrl+ctrlfencei:[1, 1, 1, 1, 0, 0, 0, 0, 0, 2, 0, 0, 0]
SB+fence.w.w+fence.rw.rw:[0, 0, 0, 2, 0, 0, 0, 0, 0, 0, 0, 1, 1]
R+fence.rw.w+fence.r.rw:[0, 0, 1, 1, 0, 0, 0, 0, 0, 0, 0, 1, 1]
MP+rfi-addr+ctrlfencei-rfi-ctrlfenceis:[2, 3, 1, 3, 0, 0, 0, 0, 1, 4, 0, 0, 0]
LB+data+poxp:[1, 0, 0, 0, 0, 2, 0, 0, 0, 0, 2, 0, 0]
S+rfi-addr+data-rfi-ctrl:[4, 1, 2, 2, 0, 0, 0, 0, 1, 1, 1, 0, 0]
2+2W+fence.rw.rw+po:[0, 0, 2, 0, 0, 0, 0, 0, 0, 0, 0, 1, 0]
LB+data+fri-rfi-data:[4, 1, 1, 1, 0, 0, 0, 0, 0, 0, 2, 0, 0]
S+fence.w.w+fence.i:[1, 0, 1, 0, 0, 0, 0, 0, 0, 0, 0, 1, 0]
Z6.3+fence.w.w+fence.rw.w+ctrlfencei:[0, 1, 2, 0, 0, 0, 0, 0, 0, 1, 0, 2, 0]
R+fence.rw.rw+pos-ctrlfencei:[0, 1, 1, 2, 0, 0, 0, 0, 0, 1, 0, 1, 0]
MP+fence.r.rw+ctrlfencei:[0, 1, 1, 0, 0, 0, 0, 0, 0, 1, 0, 0, 1]
SB+po-ctrlfenceis+pos-po-ctrlfenceis:[0, 2, 1, 6, 0, 0, 0, 0, 0, 2, 0, 0, 0]
WRC+addr+ctrlfencei:[1, 1, 0, 0, 0, 0, 0, 0, 1, 1, 0, 0, 0]
MP+pos-rfi-ctrlfencei+ctrl-rfi-ctrlfencei:[2, 3, 3, 4, 0, 0, 0, 0, 0, 5, 0, 0, 0]
S+fence.rw.rw+poxp:[0, 0, 1, 0, 0, 2, 0, 0, 0, 0, 1, 1, 0]
SB+pos-ctrlfencei+pos-pos-ctrlfencei:[0, 2, 1, 6, 0, 0, 0, 0, 0, 2, 0, 0, 0]
MP+fence.rw.rw+[fr-rf]-ctrlfencei:[0, 3, 1, 0, 0, 0, 0, 0, 0, 1, 0, 1, 0]
MP+rfi-addr+addr:[1, 1, 1, 1, 0, 0, 0, 0, 2, 0, 0, 0, 0]
ISA2+fence.w.w+data+ctrlfencei:[1, 1, 1, 0, 0, 0, 0, 0, 0, 1, 1, 1, 0]
SB+po-addrs+pos-po-addr:[0, 2, 1, 6, 0, 0, 0, 0, 2, 0, 0, 0, 0]
S+fence.i+ctrl:[1, 0, 1, 0, 0, 0, 0, 0, 0, 1, 0, 0, 0]
S+rfi-ctrl+ctrlfencei-rfi-ctrlfencei:[4, 1, 2, 2, 0, 0, 0, 0, 0, 5, 0, 0, 0]
MP+pos-rfi-ctrlfencei+ctrlfencei:[1, 1, 3, 2, 0, 0, 0, 0, 0, 2, 0, 0, 0]
SB+rfi-addr+pos-rfi-addr:[0, 2, 1, 6, 0, 0, 0, 0, 2, 0, 0, 0, 0]
MP+pos-rfi-ctrl+data-rfi-ctrlfencei:[2, 3, 3, 4, 0, 0, 0, 0, 0, 2, 1, 0, 0]
MP+pos-rfi-ctrlfencei+addr-rfi-addr:[2, 3, 3, 4, 0, 0, 0, 0, 2, 1, 0, 0, 0]
SB+rfi-data-rfi+rfi-ctrlfencei-rfi:[2, 2, 2, 6, 0, 0, 0, 0, 0, 2, 1, 0, 0]
R+rfi-ctrl+rfi-ctrlfencei-rfi:[2, 1, 2, 4, 0, 0, 0, 0, 0, 3, 0, 0, 0]
LB+addr+data-wsi-rfi-addr:[5, 1, 3, 2, 0, 0, 0, 0, 2, 0, 1, 0, 0]
LB+fence.w.w+ctrlfencei:[2, 0, 0, 0, 0, 0, 0, 0, 0, 1, 0, 0, 1]
ISA2+pos+fence.rw.rw+ctrlfencei:[1, 1, 1, 0, 0, 0, 0, 0, 0, 1, 0, 1, 0]
MP+rfi-data+addr:[1, 1, 1, 1, 0, 0, 0, 0, 1, 0, 1, 0, 0]
ISA2+fence.rw.rw+fence.rw.rw+ctrlfencei:[1, 1, 1, 0, 0, 0, 0, 0, 0, 1, 0, 2, 0]
LB+fence.rw.rw+fri-rfi-ctrl:[4, 1, 1, 1, 0, 0, 0, 0, 0, 1, 0, 1, 0]
S+fence.r.rw+ctrlfencei:[1, 0, 1, 0, 0, 0, 0, 0, 0, 1, 0, 0, 1]
SB+fence.rw.rw+pos-po-ctrlfencei:[0, 1, 1, 5, 0, 0, 0, 0, 0, 1, 0, 1, 0]
S+fence.i+ctrlfencei:[1, 0, 1, 0, 0, 0, 0, 0, 0, 1, 0, 0, 0]
SB+po-addrs+pos-po-addrs:[0, 2, 1, 6, 0, 0, 0, 0, 2, 0, 0, 0, 0]
MP+rfi-data+addr-rfi-ctrlfencei:[2, 3, 1, 3, 0, 0, 0, 0, 1, 1, 1, 0, 0]
R+fence.tsoxx+fence.tso:[0, 0, 0, 1, 0, 4, 0, 0, 0, 0, 0, 0, 0]
S+porlrl+po+NEW:[1, 0, 0, 0, 2, 0, 0, 2, 0, 0, 0, 0, 0]
R+fence.rw.w+pos-addr:[0, 1, 1, 2, 0, 0, 0, 0, 1, 0, 0, 1, 0]
S+rfi-ctrlfencei+ctrlfencei-rfi-addr:[4, 1, 2, 2, 0, 0, 0, 0, 1, 4, 0, 0, 0]
R+fence.w.w+fence.rw.w:[0, 0, 1, 1, 0, 0, 0, 0, 0, 0, 0, 1, 1]
2+2W+fence.rw.w+rfi-addr:[1, 0, 2, 1, 0, 0, 0, 0, 1, 0, 0, 1, 0]
LB+fri-rfi-datas:[6, 2, 2, 2, 0, 0, 0, 0, 0, 0, 2, 0, 0]
MP+fence.rw.rw+fri-rfi-addr-fri-rfi:[4, 6, 2, 4, 0, 0, 0, 0, 1, 0, 0, 1, 0]
R+fence.rw.rw+fence.rw.w:[0, 0, 1, 1, 0, 0, 0, 0, 0, 0, 0, 1, 1]
SB+pos-po+po-addrs:[0, 1, 1, 4, 0, 0, 0, 0, 1, 0, 0, 0, 0]
R+fence.w.w+rfi-ctrlfencei-rfi:[1, 1, 2, 3, 0, 0, 0, 0, 0, 2, 0, 1, 0]
MP+rfi-data+ctrlfencei-rfi-addr:[2, 3, 1, 3, 0, 0, 0, 0, 1, 3, 1, 0, 0]
S+rfi-ctrl+ctrl:[2, 0, 1, 1, 0, 0, 0, 0, 0, 2, 0, 0, 0]
SB+po+pos-po-ctrlfenceis:[0, 1, 1, 5, 0, 0, 0, 0, 0, 1, 0, 0, 0]
MP+fence.rw.w+data-rfi-ctrlfencei:[1, 3, 1, 2, 0, 0, 0, 0, 0, 1, 1, 1, 0]
S+rfi-addr+ctrl:[2, 0, 1, 1, 0, 0, 0, 0, 1, 1, 0, 0, 0]
MP+pos-rfi-addr+fence.rw.rw:[1, 1, 3, 2, 0, 0, 0, 0, 1, 0, 0, 1, 0]
MP+fence.w.w+ctrlfencei:[0, 1, 1, 0, 0, 0, 0, 0, 0, 1, 0, 1, 0]
SB+po+pos-po:[0, 0, 1, 3, 0, 0, 0, 0, 0, 0, 0, 0, 0]
2+2W+rfi-addr+rfi-ctrlfencei:[2, 0, 2, 2, 0, 0, 0, 0, 1, 1, 0, 0, 0]
R+fence.rw.rw+po-ctrlfencei:[0, 1, 1, 2, 0, 0, 0, 0, 0, 1, 0, 1, 0]
MP+pos-rfi-ctrl+ctrlfencei:[1, 1, 3, 2, 0, 0, 0, 0, 0, 2, 0, 0, 0]
S+rfi-addr+ctrl-rfi-data:[4, 1, 2, 2, 0, 0, 0, 0, 1, 3, 1, 0, 0]
W+RWC+fence.rw.rw+ctrlfencei+fence.rw.rws:[0, 1, 1, 1, 0, 0, 0, 0, 0, 1, 0, 2, 0]
MP+rfi-ctrlfencei+data-rfi-addr:[2, 3, 1, 3, 0, 0, 0, 0, 1, 1, 1, 0, 0]
ISA2+fence.rw.rw+fence.rw.w+ctrlfencei:[1, 1, 1, 0, 0, 0, 0, 0, 0, 1, 0, 2, 0]
S+rfi-data+addr-rfi-data:[4, 1, 2, 2, 0, 0, 0, 0, 1, 0, 2, 0, 0]
SB+pos-pos-addr+pos-pos-ctrlfencei:[0, 2, 2, 8, 0, 0, 0, 0, 1, 1, 0, 0, 0]
MP+pos-rfi-ctrl+addr-rfi-ctrlfencei:[2, 3, 3, 4, 0, 0, 0, 0, 1, 2, 0, 0, 0]
SB+pos-addr+pos-pos-ctrlfencei:[0, 2, 1, 6, 0, 0, 0, 0, 1, 1, 0, 0, 0]
SB+fence.rw.rw+pos-pos-addr:[0, 1, 1, 5, 0, 0, 0, 0, 1, 0, 0, 1, 0]
MP+pos-rfi-addr+addr:[1, 1, 3, 2, 0, 0, 0, 0, 2, 0, 0, 0, 0]
S+poprl+po+NEW:[1, 0, 0, 0, 1, 0, 0, 1, 0, 0, 0, 0, 0]
MP+po+fence.r.rw:[0, 1, 1, 0, 0, 0, 0, 0, 0, 0, 0, 1, 0]
LB+fri-rfi-addr+fri-rfi-data:[6, 2, 2, 2, 0, 0, 0, 0, 1, 0, 1, 0, 0]
LB+fence.w.ws:[2, 0, 0, 0, 0, 0, 0, 0, 0, 0, 0, 0, 2]
2+2W+fence.r.rw+fence.rw.w:[0, 0, 2, 0, 0, 0, 0, 0, 0, 0, 0, 1, 1]
SB+po+po-ctrlfencei:[0, 1, 0, 3, 0, 0, 0, 0, 0, 1, 0, 0, 0]
RWC+ctrlfencei+fence.rw.rw:[0, 1, 0, 1, 0, 0, 0, 0, 0, 1, 0, 1, 0]
2+2W+fence.w.w+rfi-ctrlfencei:[1, 0, 2, 1, 0, 0, 0, 0, 0, 1, 0, 1, 0]
MP+[rf-data-ws]+ctrlfencei:[1, 1, 1, 0, 0, 0, 0, 0, 0, 1, 1, 0, 0]
MP+rfi-ctrl+data-rfi-addr:[2, 3, 1, 3, 0, 0, 0, 0, 1, 1, 1, 0, 0]
SB+rfi-ctrlfencei+rfi-data-rfi:[1, 2, 1, 5, 0, 0, 0, 0, 0, 1, 1, 0, 0]
R+porlp+po+NEW:[0, 0, 0, 1, 1, 0, 0, 1, 0, 0, 0, 0, 0]
SB+po-ctrlfencei+pos-po-addrs:[0, 2, 1, 6, 0, 0, 0, 0, 1, 1, 0, 0, 0]
ISA2+fence.w.w+ctrlfencei+ctrlfencei:[1, 1, 1, 0, 0, 0, 0, 0, 0, 2, 0, 1, 0]
SB+pos-pos:[0, 0, 2, 4, 0, 0, 0, 0, 0, 0, 0, 0, 0]
SB+pos-po-addrs+pos-po-addr:[0, 2, 2, 8, 0, 0, 0, 0, 2, 0, 0, 0, 0]
S+rfi-ctrl+ctrlfencei-rfi-addr:[4, 1, 2, 2, 0, 0, 0, 0, 1, 4, 0, 0, 0]
Z6.3+fence.rw.w+fence.rw.rw+ctrlfencei:[0, 1, 2, 0, 0, 0, 0, 0, 0, 1, 0, 2, 0]
SB+[ws-rf]-ctrlfencei+fence.rw.rw:[0, 1, 0, 3, 0, 0, 0, 0, 0, 1, 0, 1, 0]
LB+fence.w.w+data:[2, 0, 0, 0, 0, 0, 0, 0, 0, 0, 1, 0, 1]
R+pos-rfi-ctrlfencei+fence.rw.rw:[1, 0, 3, 3, 0, 0, 0, 0, 0, 1, 0, 1, 0]
S+[rf-ctrlfencei-fr]+ctrl:[1, 1, 1, 0, 0, 0, 0, 0, 0, 2, 0, 0, 0]
MP+fence.i+addr:[0, 1, 1, 0, 0, 0, 0, 0, 1, 0, 0, 0, 0]
SB+pos-po-addrs+pos-po-ctrlfenceis:[0, 2, 2, 8, 0, 0, 0, 0, 1, 1, 0, 0, 0]
2+2W+fence.r.rw+fence.w.w:[0, 0, 2, 0, 0, 0, 0, 0, 0, 0, 0, 1, 1]
2+2W+fence.r.rws:[0, 0, 2, 0, 0, 0, 0, 0, 0, 0, 0, 0, 2]
MP+rfi-addr+ctrlfencei-rfi:[2, 1, 1, 2, 0, 0, 0, 0, 1, 2, 0, 0, 0]
ISA2+pos+data+ctrlfencei:[1, 1, 1, 0, 0, 0, 0, 0, 0, 1, 1, 0, 0]
IRIW+ctrlfenceis:[0, 2, 0, 0, 0, 0, 0, 0, 0, 2, 0, 0, 0]
SB+po-ctrlfencei+pos-po-ctrlfenceis:[0, 2, 1, 6, 0, 0, 0, 0, 0, 2, 0, 0, 0]
LB+fence.i+fence.rw.w:[2, 0, 0, 0, 0, 0, 0, 0, 0, 0, 0, 1, 0]
SB+po+pos-po-ctrlfencei:[0, 1, 1, 5, 0, 0, 0, 0, 0, 1, 0, 0, 0]
S+fence.w.w+po:[1, 0, 1, 0, 0, 0, 0, 0, 0, 0, 0, 1, 0]
S+rfi-ctrlfencei+addr:[2, 0, 1, 1, 0, 0, 0, 0, 1, 1, 0, 0, 0]
SB+fence.rw.rw+po-ctrlfencei:[0, 1, 0, 3, 0, 0, 0, 0, 0, 1, 0, 1, 0]
SB+po-ctrlfencei+pos-po-addr:[0, 2, 1, 6, 0, 0, 0, 0, 1, 1, 0, 0, 0]
SB+rfi-ctrlfencei-rfis:[2, 2, 2, 6, 0, 0, 0, 0, 0, 4, 0, 0, 0]
MP+pos-rfi-data+ctrlfencei-rfi-addr:[2, 3, 3, 4, 0, 0, 0, 0, 1, 3, 1, 0, 0]
MP+rfi-ctrl+ctrlfencei:[1, 1, 1, 1, 0, 0, 0, 0, 0, 2, 0, 0, 0]
ISA2+fence.rw.rw+ctrlfencei+ctrlfencei:[1, 1, 1, 0, 0, 0, 0, 0, 0, 2, 0, 1, 0]
S+rfi-ctrlfencei+data:[2, 0, 1, 1, 0, 0, 0, 0, 0, 1, 1, 0, 0]
SB+fence.rw.rw+po-ctrlfenceis:[0, 1, 0, 3, 0, 0, 0, 0, 0, 1, 0, 1, 0]
R+po+popaq+NEW:[0, 0, 1, 0, 1, 0, 1, 0, 0, 0, 0, 0, 0]
S+rfi-ctrl+ctrl-rfi-ctrl:[4, 1, 2, 2, 0, 0, 0, 0, 0, 5, 0, 0, 0]
S+rfi-data+data-rfi-ctrlfencei:[4, 1, 2, 2, 0, 0, 0, 0, 0, 1, 2, 0, 0]
MP+fence.rw.w+ctrl:[0, 1, 1, 0, 0, 0, 0, 0, 0, 1, 0, 1, 0]
MP+fence.rw.rw+fri-rfi-addr:[1, 3, 1, 2, 0, 0, 0, 0, 1, 0, 0, 1, 0]
MP+rfi-ctrlfencei+ctrl-rfi-addrs:[2, 3, 1, 3, 0, 0, 0, 0, 1, 4, 0, 0, 0]
2+2W+fence.rw.rw+rfi-data:[1, 0, 2, 1, 0, 0, 0, 0, 0, 0, 1, 1, 0]
2+2Swap:[0, 0, 0, 0, 4, 0, 0, 0, 0, 0, 0, 0, 0]
MP+rfi-ctrl+ctrl-rfi:[2, 1, 1, 2, 0, 0, 0, 0, 0, 3, 0, 0, 0]
LB+fence.i+addr:[2, 0, 0, 0, 0, 0, 0, 0, 1, 0, 0, 0, 0]
2+2W+[rf-ctrlfencei-fr]+fence.w.w:[0, 1, 2, 0, 0, 0, 0, 0, 0, 1, 0, 1, 0]
MP+rfi-data+data-rfi-ctrlfencei:[2, 3, 1, 3, 0, 0, 0, 0, 0, 1, 2, 0, 0]
S+po+ctrlfencei:[1, 0, 1, 0, 0, 0, 0, 0, 0, 1, 0, 0, 0]
R+fence.rw.w+rfi-ctrlfencei:[0, 1, 1, 2, 0, 0, 0, 0, 0, 1, 0, 1, 0]
S+rfi-ctrl+addr-rfi-addr:[4, 1, 2, 2, 0, 0, 0, 0, 2, 1, 0, 0, 0]
ISA2+fence.rw.w+fence.rw.w+ctrlfencei:[1, 1, 1, 0, 0, 0, 0, 0, 0, 1, 0, 2, 0]
SB+fence.rw.w+fence.rw.rw:[0, 0, 0, 2, 0, 0, 0, 0, 0, 0, 0, 1, 1]
WRC+ctrlfenceis:[1, 1, 0, 0, 0, 0, 0, 0, 0, 2, 0, 0, 0]
LB+data+popx:[1, 0, 0, 0, 0, 2, 0, 0, 0, 0, 1, 0, 0]
MP+[ws-fence.rw.rw-ws]+ctrlfencei:[0, 1, 2, 0, 0, 0, 0, 0, 0, 1, 0, 1, 0]
LB+ctrl+popx:[1, 0, 0, 0, 0, 2, 0, 0, 0, 1, 0, 0, 0]
S+fence.rw.rw+fri-rfi-ctrl:[3, 1, 2, 1, 0, 0, 0, 0, 0, 1, 0, 1, 0]
MP+rfi-addr+ctrlfencei-rfi-ctrlfencei:[2, 3, 1, 3, 0, 0, 0, 0, 1, 4, 0, 0, 0]
SB+po-addrs+po-ctrlfencei:[0, 2, 0, 4, 0, 0, 0, 0, 1, 1, 0, 0, 0]
MP+rfi-ctrlfencei+data-rfi:[2, 1, 1, 2, 0, 0, 0, 0, 0, 1, 1, 0, 0]
R+[rf-ctrlfencei-fr]+fence.rw.rw:[0, 1, 1, 1, 0, 0, 0, 0, 0, 1, 0, 1, 0]
MP+porlrl+po+NEW:[0, 1, 0, 0, 2, 0, 0, 2, 0, 0, 0, 0, 0]
ISA2+pos+ctrlfencei+ctrlfencei:[1, 1, 1, 0, 0, 0, 0, 0, 0, 2, 0, 0, 0]
2+2W+fence.i+fence.rw.w:[0, 0, 2, 0, 0, 0, 0, 0, 0, 0, 0, 1, 0]
R+rfi-ctrlfencei+rfi-ctrlfencei-rfi:[2, 1, 2, 4, 0, 0, 0, 0, 0, 3, 0, 0, 0]
WRC+fence.rw.w+ctrlfencei:[1, 1, 0, 0, 0, 0, 0, 0, 0, 1, 0, 1, 0]
MP+rfi-data+data-rfi-addr:[2, 3, 1, 3, 0, 0, 0, 0, 1, 0, 2, 0, 0]
WRC+ctrl+ctrlfencei:[1, 1, 0, 0, 0, 0, 0, 0, 0, 2, 0, 0, 0]
LB+fence.i+data:[2, 0, 0, 0, 0, 0, 0, 0, 0, 0, 1, 0, 0]
SB+po-addr+pos-po-addrs:[0, 2, 1, 6, 0, 0, 0, 0, 2, 0, 0, 0, 0]
LB+ctrl+fri-rfi-data:[4, 1, 1, 1, 0, 0, 0, 0, 0, 1, 1, 0, 0]
MP+[rf-fence.rw.rw-fr]+ctrlfencei:[0, 2, 1, 0, 0, 0, 0, 0, 0, 1, 0, 1, 0]
