Sun Mar 15 00:23:56 2026
%%%%%%%%%%%%%%%%%%%%%%%%%%%%%%%%%%%%%%%%%%%%%%%%%%%%%%%%%%%%%%%%%%%%%%%%%%%%%%%%%%%%%%%%%%%%%%%%%%%%%%%%%%%%%%%%%%%
% Results for /home/whq/Desktop/code_list/perple_test/all_allow_litmus_C910_naive_perple/LB+fence.rw.rw+po.litmus %
%%%%%%%%%%%%%%%%%%%%%%%%%%%%%%%%%%%%%%%%%%%%%%%%%%%%%%%%%%%%%%%%%%%%%%%%%%%%%%%%%%%%%%%%%%%%%%%%%%%%%%%%%%%%%%%%%%%
RISCV LB+fence.rw.rw+po
"Fence.rw.rwdRW Rfe PodRW Rfe"
{0:x6=x; 0:x7=1; 0:x8=y; 1:x6=y; 1:x7=1; 1:x8=x;}
 P0          | P1          ;
 lw x5,0(x6) | lw x5,0(x6) ;
 fence rw,rw | sw x7,0(x8) ;
 sw x7,0(x8) |             ;

exists (0:x5=1 /\ 1:x5=1)
Generated assembler
	#START _litmus_P1
	lw a6,0(a5)
	sw a2,0(a4)
	#START _litmus_P0
	lw a6,0(a5)
	fence rw,rw
	sw a2,0(a4)
heuristic statistic: 37
heuristic statistic: 49
heuristic statistic: 50
heuristic statistic: 35
heuristic statistic: 55
heuristic statistic: 30
heuristic statistic: 54
heuristic statistic: 73
heuristic statistic: 62
heuristic statistic: 138
heuristic statistic: 52
heuristic statistic: 196
heuristic statistic: 51
heuristic statistic: 247
heuristic statistic: 51
heuristic statistic: 197
heuristic statistic: 51
heuristic statistic: 218
heuristic statistic: 54
heuristic statistic: 85
Test LB+fence.rw.rw+po Allowed
Histogram (0 states)
No

Witnesses
Positive: 0, Negative: 2000000
Condition exists (0:x5=1 /\ 1:x5=1) is NOT validated
Hash=5a15974b653c676b29f249b2cd3e8284
Cycle=Rfe PodRW Rfe Fence.rw.rwdRW
Relax LB+fence.rw.rw+po No PodRW
Safe=Rfe Fence.rw.rwdRW
Generator=diy7 (version 7.51+4(dev))
Com=Rf Rf
Orig=Fence.rw.rwdRW Rfe PodRW Rfe
Observation LB+fence.rw.rw+po Never 0 2000000
Time LB+fence.rw.rw+po 0.18
Revision exported, version 7.56
Command line: litmus7 -carch RISCV -limit true -affinity incr1 -force_affinity true -mem direct -barrier none -detached false -thread std -launch changing -stride 1 -size_of_test 100 -number_of_run 10 -driver C -gcc riscv64-unknown-linux-gnu-gcc -ccopts -O2 -linkopt -static -smtmode seq -smt 2 -avail 4 -alloc dynamic -contiguous false -noalign none /home/whq/Desktop/code_list/perple_test/all_allow_litmus_C910_naive_perple/LB+fence.rw.rw+po.litmus -o /home/whq/Desktop/code_list/perple_test/bayes_banana_perple/LB+fence.rw.rw+po_0_5_0_0_0_0_2_0_0_0_1
Parameters
#define SIZE_OF_TEST 100
#define NUMBER_OF_RUN 10
#define AVAIL 4
#define STRIDE 1
#define MAX_LOOP 0
/* gcc options: -D_GNU_SOURCE -DFORCE_AFFINITY -Wall -std=gnu99 -O2 -pthread */
/* gcc link options: -static */
/* barrier: none */
/* launch: changing */
/* affinity: incr1 */
/* alloc: dynamic */
/* memory: direct */
/* stride: 1 */
/* safer: write */
/* preload: random */
/* speedcheck: no */
/* proc used: 4 */
Command: /home/sipeed/perple/LB+fence.rw.rw+po_0_5_0_0_0_0_2_0_0_0_1/run.exe -s 100000
Sun Mar 15 00:23:57 2026
