Sun Mar 15 00:24:02 2026
%%%%%%%%%%%%%%%%%%%%%%%%%%%%%%%%%%%%%%%%%%%%%%%%%%%%%%%%%%%%%%%%%%%%%%%%%%%%%%%%%%%%%%%%%%%%%%%%%%%%%%%%%%%%%%%%%%
% Results for /home/whq/Desktop/code_list/perple_test/all_allow_litmus_C910_naive_perple/LB+fence.rw.w+po.litmus %
%%%%%%%%%%%%%%%%%%%%%%%%%%%%%%%%%%%%%%%%%%%%%%%%%%%%%%%%%%%%%%%%%%%%%%%%%%%%%%%%%%%%%%%%%%%%%%%%%%%%%%%%%%%%%%%%%%
RISCV LB+fence.rw.w+po
"Fence.rw.wdRW Rfe PodRW Rfe"
{0:x6=x; 0:x7=1; 0:x8=y; 1:x6=y; 1:x7=1; 1:x8=x;}
 P0          | P1          ;
 lw x5,0(x6) | lw x5,0(x6) ;
 fence rw,w  | sw x7,0(x8) ;
 sw x7,0(x8) |             ;

exists (0:x5=1 /\ 1:x5=1)
Generated assembler
	#START _litmus_P1
	lw a6,0(a5)
	sw a2,0(a4)
	#START _litmus_P0
	lw a6,0(a5)
	fence rw,w
	sw a2,0(a4)
heuristic statistic: 18048
heuristic statistic: 0
heuristic statistic: 4228
heuristic statistic: 0
heuristic statistic: 62
heuristic statistic: 0
heuristic statistic: 59
heuristic statistic: 0
heuristic statistic: 60
heuristic statistic: 0
heuristic statistic: 25
heuristic statistic: 0
heuristic statistic: 65
heuristic statistic: 0
heuristic statistic: 49
heuristic statistic: 0
heuristic statistic: 67
heuristic statistic: 0
heuristic statistic: 53
heuristic statistic: 0
Test LB+fence.rw.w+po Allowed
Histogram (0 states)
No

Witnesses
Positive: 0, Negative: 2000000
Condition exists (0:x5=1 /\ 1:x5=1) is NOT validated
Hash=f7b17f4d2389312f8521a3ed07271a6d
Cycle=Rfe PodRW Rfe Fence.rw.wdRW
Relax LB+fence.rw.w+po No PodRW
Safe=Rfe Fence.rw.wdRW
Generator=diy7 (version 7.51+4(dev))
Com=Rf Rf
Orig=Fence.rw.wdRW Rfe PodRW Rfe
Observation LB+fence.rw.w+po Never 0 2000000
Time LB+fence.rw.w+po 0.21
Revision exported, version 7.56
Command line: litmus7 -carch RISCV -limit true -affinity incr1 -force_affinity true -mem direct -barrier none -detached false -thread std -launch changing -stride 1 -size_of_test 100 -number_of_run 10 -driver C -gcc riscv64-unknown-linux-gnu-gcc -ccopts -O2 -linkopt -static -smtmode seq -smt 2 -avail 4 -alloc dynamic -contiguous false -noalign none /home/whq/Desktop/code_list/perple_test/all_allow_litmus_C910_naive_perple/LB+fence.rw.w+po.litmus -o /home/whq/Desktop/code_list/perple_test/bayes_banana_perple/LB+fence.rw.w+po_0_5_0_0_0_0_2_0_0_0_1
Parameters
#define SIZE_OF_TEST 100
#define NUMBER_OF_RUN 10
#define AVAIL 4
#define STRIDE 1
#define MAX_LOOP 0
/* gcc options: -D_GNU_SOURCE -DFORCE_AFFINITY -Wall -std=gnu99 -O2 -pthread */
/* gcc link options: -static */
/* barrier: none */
/* launch: changing */
/* affinity: incr1 */
/* alloc: dynamic */
/* memory: direct */
/* stride: 1 */
/* safer: write */
/* preload: random */
/* speedcheck: no */
/* proc used: 4 */
Command: /home/sipeed/perple/LB+fence.rw.w+po_0_5_0_0_0_0_2_0_0_0_1/run.exe -s 100000
Sun Mar 15 00:24:02 2026
