Sun Mar 15 00:23:54 2026
%%%%%%%%%%%%%%%%%%%%%%%%%%%%%%%%%%%%%%%%%%%%%%%%%%%%%%%%%%%%%%%%%%%%%%%%%%%%%%%%%%%%%%%%%%%%%%%%%%%%%%%%%%%%%%%%%
% Results for /home/whq/Desktop/code_list/perple_test/all_allow_litmus_C910_naive_perple/MP+porlp+po+NEW.litmus %
%%%%%%%%%%%%%%%%%%%%%%%%%%%%%%%%%%%%%%%%%%%%%%%%%%%%%%%%%%%%%%%%%%%%%%%%%%%%%%%%%%%%%%%%%%%%%%%%%%%%%%%%%%%%%%%%%
RISCV MP+porlp+po+NEW
"PodWWRlP Rfe PodRR FrePRl"
{0:x5=1; 0:x6=x; 0:x7=y; 1:x6=y; 1:x8=x;}
 P0                      | P1          ;
 amoswap.w.rl x0,x5,(x6) | lw x5,0(x6) ;
 sw x5,0(x7)             | lw x7,0(x8) ;

exists (1:x5=1 /\ 1:x7=0)
Generated assembler
	#START _litmus_P1
	lw a7,0(a5)
	lw t1,0(a4)
	#START _litmus_P0
	amoswap.w.rl x0,a2,(a5)
	sw a2,0(a4)
heuristic statistic: 827
heuristic statistic: 907
heuristic statistic: 656
heuristic statistic: 735
heuristic statistic: 716
heuristic statistic: 618
heuristic statistic: 803
heuristic statistic: 672
heuristic statistic: 748
heuristic statistic: 643
heuristic statistic: 616
heuristic statistic: 536
heuristic statistic: 851
heuristic statistic: 742
heuristic statistic: 645
heuristic statistic: 566
heuristic statistic: 929
heuristic statistic: 833
heuristic statistic: 791
heuristic statistic: 720
Test MP+porlp+po+NEW Allowed
Histogram (0 states)
Ok

Witnesses
Positive: 2, Negative: 1999998
Condition exists (1:x5=1 /\ 1:x7=0) is validated
Hash=8a66410f696bc187227193a91de7dd99
Cycle=Rfe PodRR FrePRl PodWWRlP
Relax MP+porlp+po+NEW Ok Rl
Safe=Rfe Fre PodWW PodRR
Generator=diy7 (version 7.51+4(dev))
Com=Rf Fr
Orig=PodWWRlP Rfe PodRR FrePRl
Observation MP+porlp+po+NEW Sometimes 2 1999998
Time MP+porlp+po+NEW 0.20
Revision exported, version 7.56
Command line: litmus7 -carch RISCV -limit true -affinity incr1 -force_affinity true -mem direct -barrier none -detached false -thread std -launch changing -stride 1 -size_of_test 100 -number_of_run 10 -driver C -gcc riscv64-unknown-linux-gnu-gcc -ccopts -O2 -linkopt -static -smtmode seq -smt 2 -avail 4 -alloc dynamic -contiguous false -noalign none /home/whq/Desktop/code_list/perple_test/all_allow_litmus_C910_naive_perple/MP+porlp+po+NEW.litmus -o /home/whq/Desktop/code_list/perple_test/bayes_banana_perple/MP+porlp+po+NEW_0_5_0_0_0_0_2_0_0_0_1
Parameters
#define SIZE_OF_TEST 100
#define NUMBER_OF_RUN 10
#define AVAIL 4
#define STRIDE 1
#define MAX_LOOP 0
/* gcc options: -D_GNU_SOURCE -DFORCE_AFFINITY -Wall -std=gnu99 -O2 -pthread */
/* gcc link options: -static */
/* barrier: none */
/* launch: changing */
/* affinity: incr1 */
/* alloc: dynamic */
/* memory: direct */
/* stride: 1 */
/* safer: write */
/* preload: random */
/* speedcheck: no */
/* proc used: 4 */
Command: /home/sipeed/perple/MP+porlp+po+NEW_0_5_0_0_0_0_2_0_0_0_1/run.exe -s 100000
Sun Mar 15 00:23:55 2026
