Sun Mar 15 00:24:32 2026
%%%%%%%%%%%%%%%%%%%%%%%%%%%%%%%%%%%%%%%%%%%%%%%%%%%%%%%%%%%%%%%%%%%%%%%%%%%%%%%%%%%%%%%%%%%%%%%%%%%%%%%%%%%%%%%%%%%%%%%%
% Results for /home/whq/Desktop/code_list/perple_test/all_allow_litmus_C910_naive_perple/MP+rfi-ctrl+fence.r.rw.litmus %
%%%%%%%%%%%%%%%%%%%%%%%%%%%%%%%%%%%%%%%%%%%%%%%%%%%%%%%%%%%%%%%%%%%%%%%%%%%%%%%%%%%%%%%%%%%%%%%%%%%%%%%%%%%%%%%%%%%%%%%%
RISCV MP+rfi-ctrl+fence.r.rw
"Rfi DpCtrldW Rfe Fence.r.rwdRR Fre"
{0:x5=1; 0:x6=x; 0:x8=y; 1:x6=y; 1:x8=x;}
 P0             | P1          ;
 sw x5,0(x6)    | lw x5,0(x6) ;
 lw x7,0(x6)    | fence r,rw  ;
 bne x7,x0,LC00 | lw x7,0(x8) ;
 LC00:          |             ;
 sw x5,0(x8)    |             ;

exists (0:x7=1 /\ 1:x5=1 /\ 1:x7=0)
Generated assembler
	#START _litmus_P1
	lw a7,0(a5)
	fence r,rw
	lw t1,0(a4)
	#START _litmus_P0
	sw a2,0(a5)
	lw a6,0(a5)
	bne a6,x0,0f
	0:
	sw a2,0(a4)
heuristic statistic: 31
heuristic statistic: 687
heuristic statistic: 12
heuristic statistic: 526
heuristic statistic: 10
heuristic statistic: 601
heuristic statistic: 23
heuristic statistic: 643
heuristic statistic: 32
heuristic statistic: 680
heuristic statistic: 37
heuristic statistic: 937
heuristic statistic: 35
heuristic statistic: 1194
heuristic statistic: 28
heuristic statistic: 1498
heuristic statistic: 25
heuristic statistic: 1946
heuristic statistic: 19
heuristic statistic: 564
Test MP+rfi-ctrl+fence.r.rw Allowed
Histogram (0 states)
No

Witnesses
Positive: 0, Negative: 2000000
Condition exists (0:x7=1 /\ 1:x5=1 /\ 1:x7=0) is NOT validated
Hash=676eb8df283ceb65a147bfbbcc75bd92
Cycle=Rfi DpCtrldW Rfe Fence.r.rwdRR Fre
Relax MP+rfi-ctrl+fence.r.rw No Rfi
Safe=Rfe Fre Fence.r.rwdRR DpCtrldW
Generator=diy7 (version 7.51+4(dev))
Com=Rf Fr
Orig=Rfi DpCtrldW Rfe Fence.r.rwdRR Fre
Observation MP+rfi-ctrl+fence.r.rw Never 0 2000000
Time MP+rfi-ctrl+fence.r.rw 0.20
Revision exported, version 7.56
Command line: litmus7 -carch RISCV -limit true -affinity incr1 -force_affinity true -mem direct -barrier none -detached false -thread std -launch changing -stride 1 -size_of_test 100 -number_of_run 10 -driver C -gcc riscv64-unknown-linux-gnu-gcc -ccopts -O2 -linkopt -static -smtmode seq -smt 2 -avail 4 -alloc dynamic -contiguous false -noalign none /home/whq/Desktop/code_list/perple_test/all_allow_litmus_C910_naive_perple/MP+rfi-ctrl+fence.r.rw.litmus -o /home/whq/Desktop/code_list/perple_test/bayes_banana_perple/MP+rfi-ctrl+fence.r.rw_0_5_0_0_0_0_2_0_0_0_1
Parameters
#define SIZE_OF_TEST 100
#define NUMBER_OF_RUN 10
#define AVAIL 4
#define STRIDE 1
#define MAX_LOOP 0
/* gcc options: -D_GNU_SOURCE -DFORCE_AFFINITY -Wall -std=gnu99 -O2 -pthread */
/* gcc link options: -static */
/* barrier: none */
/* launch: changing */
/* affinity: incr1 */
/* alloc: dynamic */
/* memory: direct */
/* stride: 1 */
/* safer: write */
/* preload: random */
/* speedcheck: no */
/* proc used: 4 */
Command: /home/sipeed/perple/MP+rfi-ctrl+fence.r.rw_0_5_0_0_0_0_2_0_0_0_1/run.exe -s 100000
Sun Mar 15 00:24:32 2026
