Sun Mar 15 00:21:59 2026
%%%%%%%%%%%%%%%%%%%%%%%%%%%%%%%%%%%%%%%%%%%%%%%%%%%%%%%%%%%%%%%%%%%%%%%%%%%%%%%%%%%%%%%%%%%%%%%%%%%%%%%%%%%%%%%
% Results for /home/whq/Desktop/code_list/perple_test/all_allow_litmus_C910_naive_perple/SB+fence.w.ws.litmus %
%%%%%%%%%%%%%%%%%%%%%%%%%%%%%%%%%%%%%%%%%%%%%%%%%%%%%%%%%%%%%%%%%%%%%%%%%%%%%%%%%%%%%%%%%%%%%%%%%%%%%%%%%%%%%%%
RISCV SB+fence.w.ws
"Fence.w.wdWR Fre Fence.w.wdWR Fre"
{0:x5=1; 0:x6=x; 0:x8=y; 1:x5=1; 1:x6=y; 1:x8=x;}
 P0          | P1          ;
 sw x5,0(x6) | sw x5,0(x6) ;
 fence w,w   | fence w,w   ;
 lw x7,0(x8) | lw x7,0(x8) ;

exists (0:x7=0 /\ 1:x7=0)
Generated assembler
	#START _litmus_P1
	sw a2,0(a5)
	fence w,w
	lw a6,0(a4)
	#START _litmus_P0
	sw a2,0(a5)
	fence w,w
	lw a6,0(a4)
heuristic statistic: 38728
heuristic statistic: 39863
heuristic statistic: 8077
heuristic statistic: 13808
heuristic statistic: 7860
heuristic statistic: 43861
heuristic statistic: 3855
heuristic statistic: 44907
heuristic statistic: 6564
heuristic statistic: 45584
heuristic statistic: 8900
heuristic statistic: 45193
heuristic statistic: 6205
heuristic statistic: 14909
heuristic statistic: 7967
heuristic statistic: 46786
heuristic statistic: 5436
heuristic statistic: 45611
heuristic statistic: 9364
heuristic statistic: 43332
Test SB+fence.w.ws Allowed
Histogram (0 states)
No

Witnesses
Positive: 0, Negative: 2000000
Condition exists (0:x7=0 /\ 1:x7=0) is NOT validated
Hash=465658aa282b4962295d4140dd9be4de
Cycle=Fre Fence.w.wdWR Fre Fence.w.wdWR
Relax SB+fence.w.ws No Fence.w.wdWR
Safe=Fre
Generator=diy7 (version 7.51+4(dev))
Com=Fr Fr
Orig=Fence.w.wdWR Fre Fence.w.wdWR Fre
Observation SB+fence.w.ws Never 0 2000000
Time SB+fence.w.ws 0.25
Revision exported, version 7.56
Command line: litmus7 -carch RISCV -limit true -affinity incr1 -force_affinity true -mem direct -barrier none -detached false -thread std -launch changing -stride 1 -size_of_test 100 -number_of_run 10 -driver C -gcc riscv64-unknown-linux-gnu-gcc -ccopts -O2 -linkopt -static -smtmode seq -smt 2 -avail 4 -alloc dynamic -contiguous false -noalign none /home/whq/Desktop/code_list/perple_test/all_allow_litmus_C910_naive_perple/SB+fence.w.ws.litmus -o /home/whq/Desktop/code_list/perple_test/bayes_banana_perple/SB+fence.w.ws_0_5_0_0_0_0_2_0_0_0_1
Parameters
#define SIZE_OF_TEST 100
#define NUMBER_OF_RUN 10
#define AVAIL 4
#define STRIDE 1
#define MAX_LOOP 0
/* gcc options: -D_GNU_SOURCE -DFORCE_AFFINITY -Wall -std=gnu99 -O2 -pthread */
/* gcc link options: -static */
/* barrier: none */
/* launch: changing */
/* affinity: incr1 */
/* alloc: dynamic */
/* memory: direct */
/* stride: 1 */
/* safer: write */
/* preload: random */
/* speedcheck: no */
/* proc used: 4 */
Command: /home/sipeed/perple/SB+fence.w.ws_0_5_0_0_0_0_2_0_0_0_1/run.exe -s 100000
Sun Mar 15 00:21:59 2026
