Sun Mar 15 00:21:35 2026
%%%%%%%%%%%%%%%%%%%%%%%%%%%%%%%%%%%%%%%%%%%%%%%%%%%%%%%%%%%%%%%%%%%%%%%%%%%%%%%%%%%%%%%%%%%%%%%%%%%%%%%%%%%%%
% Results for /home/whq/Desktop/code_list/perple_test/all_allow_litmus_C910_naive_perple/SB+po-addrs.litmus %
%%%%%%%%%%%%%%%%%%%%%%%%%%%%%%%%%%%%%%%%%%%%%%%%%%%%%%%%%%%%%%%%%%%%%%%%%%%%%%%%%%%%%%%%%%%%%%%%%%%%%%%%%%%%%
RISCV SB+po-addrs
"PodWR DpAddrdR Fre PodWR DpAddrdR Fre"
{0:x5=1; 0:x6=x; 0:x8=y; 0:x11=z; 1:x5=1; 1:x6=z; 1:x8=a; 1:x11=x;}
 P0             | P1             ;
 sw x5,0(x6)    | sw x5,0(x6)    ;
 lw x7,0(x8)    | lw x7,0(x8)    ;
 xor x9,x7,x7   | xor x9,x7,x7   ;
 add x12,x11,x9 | add x12,x11,x9 ;
 lw x10,0(x12)  | lw x10,0(x12)  ;

exists (0:x10=0 /\ 1:x10=0)
Generated assembler
	#START _litmus_P1
	sw a2,0(a5)
	lw t0,0(a4)
	xor t6,t0,t0
	add t5,a3,t6
	lw a7,0(t5)
	#START _litmus_P0
	sw a2,0(a5)
	lw t6,0(a4)
	xor t5,t6,t6
	add t4,a3,t5
	lw a7,0(t4)
heuristic statistic: 6115
heuristic statistic: 6469
heuristic statistic: 5637
heuristic statistic: 6860
heuristic statistic: 5404
heuristic statistic: 7129
heuristic statistic: 5914
heuristic statistic: 7090
heuristic statistic: 4798
heuristic statistic: 3232
heuristic statistic: 5623
heuristic statistic: 7217
heuristic statistic: 3678
heuristic statistic: 5862
heuristic statistic: 4185
heuristic statistic: 5247
heuristic statistic: 3780
heuristic statistic: 4721
heuristic statistic: 4187
heuristic statistic: 3793
Test SB+po-addrs Allowed
Histogram (0 states)
No

Witnesses
Positive: 0, Negative: 2000000
Condition exists (0:x10=0 /\ 1:x10=0) is NOT validated
Hash=63365e9c2bc623e1bc67d6db3b0079c9
Cycle=Fre PodWR DpAddrdR Fre PodWR DpAddrdR
Relax SB+po-addrs No PodWR
Safe=Fre DpAddrdR
Generator=diy7 (version 7.51+4(dev))
Com=Fr Fr
Orig=PodWR DpAddrdR Fre PodWR DpAddrdR Fre
Observation SB+po-addrs Never 0 2000000
Time SB+po-addrs 0.29
Revision exported, version 7.56
Command line: litmus7 -carch RISCV -limit true -affinity incr1 -force_affinity true -mem direct -barrier none -detached false -thread std -launch changing -stride 1 -size_of_test 100 -number_of_run 10 -driver C -gcc riscv64-unknown-linux-gnu-gcc -ccopts -O2 -linkopt -static -smtmode seq -smt 2 -avail 4 -alloc dynamic -contiguous false -noalign none /home/whq/Desktop/code_list/perple_test/all_allow_litmus_C910_naive_perple/SB+po-addrs.litmus -o /home/whq/Desktop/code_list/perple_test/bayes_banana_perple/SB+po-addrs_0_5_0_0_0_0_2_0_0_0_1
Parameters
#define SIZE_OF_TEST 100
#define NUMBER_OF_RUN 10
#define AVAIL 4
#define STRIDE 1
#define MAX_LOOP 0
/* gcc options: -D_GNU_SOURCE -DFORCE_AFFINITY -Wall -std=gnu99 -O2 -pthread */
/* gcc link options: -static */
/* barrier: none */
/* launch: changing */
/* affinity: incr1 */
/* alloc: dynamic */
/* memory: direct */
/* stride: 1 */
/* safer: write */
/* preload: random */
/* speedcheck: no */
/* proc used: 4 */
Command: /home/sipeed/perple/SB+po-addrs_0_5_0_0_0_0_2_0_0_0_1/run.exe -s 100000
Sun Mar 15 00:21:36 2026
