Sun Mar 15 00:25:14 2026
%%%%%%%%%%%%%%%%%%%%%%%%%%%%%%%%%%%%%%%%%%%%%%%%%%%%%%%%%%%%%%%%%%%%%%%%%%%%%%%%%%%%%%%%%%%%%%%%%%%%%%%%%%%%%%
% Results for /home/whq/Desktop/code_list/perple_test/all_allow_litmus_C910_naive_perple/SB+po-addrss.litmus %
%%%%%%%%%%%%%%%%%%%%%%%%%%%%%%%%%%%%%%%%%%%%%%%%%%%%%%%%%%%%%%%%%%%%%%%%%%%%%%%%%%%%%%%%%%%%%%%%%%%%%%%%%%%%%%
RISCV SB+po-addrss
"PodWR DpAddrsR Fre PodWR DpAddrsR Fre"
{0:x5=1; 0:x6=x; 0:x8=y; 1:x5=1; 1:x6=y; 1:x8=x;}
 P0            | P1            ;
 sw x5,0(x6)   | sw x5,0(x6)   ;
 lw x7,0(x8)   | lw x7,0(x8)   ;
 xor x9,x7,x7  | xor x9,x7,x7  ;
 add x11,x8,x9 | add x11,x8,x9 ;
 lw x10,0(x11) | lw x10,0(x11) ;

exists (0:x10=0 /\ 1:x10=0)
Generated assembler
	#START _litmus_P1
	sw a3,0(a5)
	lw t5,0(a4)
	xor t4,t5,t5
	add t3,a4,t4
	lw a6,0(t3)
	#START _litmus_P0
	sw a3,0(a5)
	lw t5,0(a4)
	xor t4,t5,t5
	add t3,a4,t4
	lw a6,0(t3)
heuristic statistic: 12014
heuristic statistic: 11986
heuristic statistic: 12323
heuristic statistic: 13489
heuristic statistic: 10557
heuristic statistic: 8487
heuristic statistic: 7696
heuristic statistic: 784
heuristic statistic: 7875
heuristic statistic: 1797
heuristic statistic: 7608
heuristic statistic: 10988
heuristic statistic: 12903
heuristic statistic: 11134
heuristic statistic: 9186
heuristic statistic: 10934
heuristic statistic: 6640
heuristic statistic: 11322
heuristic statistic: 10990
heuristic statistic: 12066
Test SB+po-addrss Allowed
Histogram (0 states)
No

Witnesses
Positive: 0, Negative: 2000000
Condition exists (0:x10=0 /\ 1:x10=0) is NOT validated
Hash=e926ea2a9acf8996334b61a03b9ebc14
Cycle=Fre PodWR DpAddrsR Fre PodWR DpAddrsR
Relax SB+po-addrss No PodWR
Safe=Fre DpAddrsR
Generator=diy7 (version 7.51+4(dev))
Com=Fr Fr
Orig=PodWR DpAddrsR Fre PodWR DpAddrsR Fre
Observation SB+po-addrss Never 0 2000000
Time SB+po-addrss 0.19
Revision exported, version 7.56
Command line: litmus7 -carch RISCV -limit true -affinity incr1 -force_affinity true -mem direct -barrier none -detached false -thread std -launch changing -stride 1 -size_of_test 100 -number_of_run 10 -driver C -gcc riscv64-unknown-linux-gnu-gcc -ccopts -O2 -linkopt -static -smtmode seq -smt 2 -avail 4 -alloc dynamic -contiguous false -noalign none /home/whq/Desktop/code_list/perple_test/all_allow_litmus_C910_naive_perple/SB+po-addrss.litmus -o /home/whq/Desktop/code_list/perple_test/bayes_banana_perple/SB+po-addrss_0_5_0_0_0_0_2_0_0_0_1
Parameters
#define SIZE_OF_TEST 100
#define NUMBER_OF_RUN 10
#define AVAIL 4
#define STRIDE 1
#define MAX_LOOP 0
/* gcc options: -D_GNU_SOURCE -DFORCE_AFFINITY -Wall -std=gnu99 -O2 -pthread */
/* gcc link options: -static */
/* barrier: none */
/* launch: changing */
/* affinity: incr1 */
/* alloc: dynamic */
/* memory: direct */
/* stride: 1 */
/* safer: write */
/* preload: random */
/* speedcheck: no */
/* proc used: 4 */
Command: /home/sipeed/perple/SB+po-addrss_0_5_0_0_0_0_2_0_0_0_1/run.exe -s 100000
Sun Mar 15 00:25:14 2026
