Sun Mar 15 13:09:35 2026
%%%%%%%%%%%%%%%%%%%%%%%%%%%%%%%%%%%%%%%%%%%%%%%%%%%%%%%%%%%%%%%%%%%%%%%%%%%%%%%%%%%%%%%%%%%%%%%%%%%%%%%%%%%%%%%%%%%%%%%%%%
% Results for /home/whq/Desktop/code_list/perple_test/all_allow_litmus_C910_naive_perple/SB+po-addr+po-ctrlfencei.litmus %
%%%%%%%%%%%%%%%%%%%%%%%%%%%%%%%%%%%%%%%%%%%%%%%%%%%%%%%%%%%%%%%%%%%%%%%%%%%%%%%%%%%%%%%%%%%%%%%%%%%%%%%%%%%%%%%%%%%%%%%%%%
RISCV SB+po-addr+po-ctrlfencei
"PodWR DpAddrdR Fre PodWR DpCtrlFenceIdR Fre"
{0:x5=1; 0:x6=x; 0:x8=y; 0:x11=z; 1:x5=1; 1:x6=z; 1:x8=a; 1:x10=x;}
 P0             | P1             ;
 sw x5,0(x6)    | sw x5,0(x6)    ;
 lw x7,0(x8)    | lw x7,0(x8)    ;
 xor x9,x7,x7   | bne x7,x0,LC00 ;
 add x12,x11,x9 | LC00:          ;
 lw x10,0(x12)  | fence.i        ;
                | lw x9,0(x10)   ;

exists (0:x10=0 /\ 1:x9=0)
Generated assembler
	#START _litmus_P1
	sw a2,0(a5)
	lw t5,0(a4)
	bne t5,x0,0f
	0:
	fence.i
	lw a7,0(a3)
	#START _litmus_P0
	sw a2,0(a5)
	lw t6,0(a4)
	xor t5,t6,t6
	add t4,a3,t5
	lw a7,0(t4)
heuristic statistic: 11
heuristic statistic: 0
heuristic statistic: 13
heuristic statistic: 1
heuristic statistic: 10
heuristic statistic: 0
heuristic statistic: 15
heuristic statistic: 0
heuristic statistic: 11
heuristic statistic: 0
heuristic statistic: 9
heuristic statistic: 0
heuristic statistic: 13
heuristic statistic: 1
heuristic statistic: 14
heuristic statistic: 0
heuristic statistic: 10
heuristic statistic: 0
heuristic statistic: 13
heuristic statistic: 2
Test SB+po-addr+po-ctrlfencei Allowed
Histogram (0 states)
No

Witnesses
Positive: 0, Negative: 2000000
Condition exists (0:x10=0 /\ 1:x9=0) is NOT validated
Hash=1f6e6c1f172593dc2c91cdd9d39272bd
Cycle=Fre PodWR DpAddrdR Fre PodWR DpCtrlFenceIdR
Relax SB+po-addr+po-ctrlfencei No PodWR
Safe=Fre DpAddrdR DpCtrlFenceIdR
Generator=diy7 (version 7.51+4(dev))
Com=Fr Fr
Orig=PodWR DpAddrdR Fre PodWR DpCtrlFenceIdR Fre
Observation SB+po-addr+po-ctrlfencei Never 0 2000000
Time SB+po-addr+po-ctrlfencei 0.44
Revision exported, version 7.56
Command line: litmus7 -carch RISCV -limit true -affinity incr1 -force_affinity true -mem direct -barrier none -detached false -thread std -launch changing -stride 1 -size_of_test 100 -number_of_run 10 -driver C -gcc riscv64-unknown-linux-gnu-gcc -ccopts -O2 -linkopt -static -smtmode seq -smt 2 -avail 4 -alloc dynamic -contiguous false -noalign none /home/whq/Desktop/code_list/perple_test/all_allow_litmus_C910_naive_perple/SB+po-addr+po-ctrlfencei.litmus -o /home/whq/Desktop/code_list/perple_test/bayes_banana_perple/SB+po-addr+po-ctrlfencei_0_5_0_0_0_0_2_0_0_0_1
Parameters
#define SIZE_OF_TEST 100
#define NUMBER_OF_RUN 10
#define AVAIL 4
#define STRIDE 1
#define MAX_LOOP 0
/* gcc options: -D_GNU_SOURCE -DFORCE_AFFINITY -Wall -std=gnu99 -O2 -pthread */
/* gcc link options: -static */
/* barrier: none */
/* launch: changing */
/* affinity: incr1 */
/* alloc: dynamic */
/* memory: direct */
/* stride: 1 */
/* safer: write */
/* preload: random */
/* speedcheck: no */
/* proc used: 4 */
Command: /root/perple/SB+po-addr+po-ctrlfencei_0_5_0_0_0_0_2_0_0_0_1/run.exe -s 100000
Sun Mar 15 13:09:35 2026
