Sun Mar 15 13:10:49 2026
%%%%%%%%%%%%%%%%%%%%%%%%%%%%%%%%%%%%%%%%%%%%%%%%%%%%%%%%%%%%%%%%%%%%%%%%%%%%%%%%%%%%%%%%%%%%%%%%%%%%%%%%%%%%%%%%%%%%%%%%%%%%
% Results for /home/whq/Desktop/code_list/perple_test/all_allow_litmus_C910_naive_perple/SB+rfi-addr+rfi-ctrlfencei.litmus %
%%%%%%%%%%%%%%%%%%%%%%%%%%%%%%%%%%%%%%%%%%%%%%%%%%%%%%%%%%%%%%%%%%%%%%%%%%%%%%%%%%%%%%%%%%%%%%%%%%%%%%%%%%%%%%%%%%%%%%%%%%%%
RISCV SB+rfi-addr+rfi-ctrlfencei
"Rfi DpAddrdR Fre Rfi DpCtrlFenceIdR Fre"
{0:x5=1; 0:x6=x; 0:x10=y; 1:x5=1; 1:x6=y; 1:x9=x;}
 P0             | P1             ;
 sw x5,0(x6)    | sw x5,0(x6)    ;
 lw x7,0(x6)    | lw x7,0(x6)    ;
 xor x8,x7,x7   | bne x7,x0,LC00 ;
 add x11,x10,x8 | LC00:          ;
 lw x9,0(x11)   | fence.i        ;
                | lw x8,0(x9)    ;

exists (0:x7=1 /\ 0:x9=0 /\ 1:x7=1 /\ 1:x8=0)
Generated assembler
	#START _litmus_P1
	sw a3,0(a5)
	lw t1,0(a5)
	bne t1,x0,0f
	0:
	fence.i
	lw t3,0(a4)
	#START _litmus_P0
	sw a3,0(a5)
	lw t1,0(a5)
	xor t6,t1,t1
	add t5,a4,t6
	lw t3,0(t5)
heuristic statistic: 4
heuristic statistic: 6
heuristic statistic: 5
heuristic statistic: 7
heuristic statistic: 2
heuristic statistic: 7
heuristic statistic: 10
heuristic statistic: 3
heuristic statistic: 11
heuristic statistic: 3
heuristic statistic: 3
heuristic statistic: 4
heuristic statistic: 8
heuristic statistic: 3
heuristic statistic: 5
heuristic statistic: 6
heuristic statistic: 8
heuristic statistic: 6
heuristic statistic: 6
heuristic statistic: 4
Test SB+rfi-addr+rfi-ctrlfencei Allowed
Histogram (0 states)
No

Witnesses
Positive: 0, Negative: 2000000
Condition exists (0:x7=1 /\ 0:x9=0 /\ 1:x7=1 /\ 1:x8=0) is NOT validated
Hash=d1451cad3145bfe491d4694647d00aa6
Cycle=Rfi DpAddrdR Fre Rfi DpCtrlFenceIdR Fre
Relax SB+rfi-addr+rfi-ctrlfencei No Rfi
Safe=Fre DpAddrdR DpCtrlFenceIdR
Generator=diy7 (version 7.51+4(dev))
Com=Fr Fr
Orig=Rfi DpAddrdR Fre Rfi DpCtrlFenceIdR Fre
Observation SB+rfi-addr+rfi-ctrlfencei Never 0 2000000
Time SB+rfi-addr+rfi-ctrlfencei 0.41
Revision exported, version 7.56
Command line: litmus7 -carch RISCV -limit true -affinity incr1 -force_affinity true -mem direct -barrier none -detached false -thread std -launch changing -stride 1 -size_of_test 100 -number_of_run 10 -driver C -gcc riscv64-unknown-linux-gnu-gcc -ccopts -O2 -linkopt -static -smtmode seq -smt 2 -avail 4 -alloc dynamic -contiguous false -noalign none /home/whq/Desktop/code_list/perple_test/all_allow_litmus_C910_naive_perple/SB+rfi-addr+rfi-ctrlfencei.litmus -o /home/whq/Desktop/code_list/perple_test/bayes_banana_perple/SB+rfi-addr+rfi-ctrlfencei_0_5_0_0_0_0_2_0_0_0_1
Parameters
#define SIZE_OF_TEST 100
#define NUMBER_OF_RUN 10
#define AVAIL 4
#define STRIDE 1
#define MAX_LOOP 0
/* gcc options: -D_GNU_SOURCE -DFORCE_AFFINITY -Wall -std=gnu99 -O2 -pthread */
/* gcc link options: -static */
/* barrier: none */
/* launch: changing */
/* affinity: incr1 */
/* alloc: dynamic */
/* memory: direct */
/* stride: 1 */
/* safer: write */
/* preload: random */
/* speedcheck: no */
/* proc used: 4 */
Command: /root/perple/SB+rfi-addr+rfi-ctrlfencei_0_5_0_0_0_0_2_0_0_0_1/run.exe -s 100000
Sun Mar 15 13:10:50 2026
