Sun Mar 15 13:12:10 2026
%%%%%%%%%%%%%%%%%%%%%%%%%%%%%%%%%%%%%%%%%%%%%%%%%%%%%%%%%%%%%%%%%%%%%%%%%%%%%%%%%%%%%%%%%%%%%%%%%%%%%%%%%%%%%%%%%%%%
% Results for /home/whq/Desktop/code_list/perple_test/all_allow_litmus_C910_naive_perple/SB+po-ctrlfenceiss.litmus %
%%%%%%%%%%%%%%%%%%%%%%%%%%%%%%%%%%%%%%%%%%%%%%%%%%%%%%%%%%%%%%%%%%%%%%%%%%%%%%%%%%%%%%%%%%%%%%%%%%%%%%%%%%%%%%%%%%%%
RISCV SB+po-ctrlfenceiss
"PodWR DpCtrlFenceIsR Fre PodWR DpCtrlFenceIsR Fre"
{0:x5=1; 0:x6=x; 0:x8=y; 1:x5=1; 1:x6=y; 1:x8=x;}
 P0             | P1             ;
 sw x5,0(x6)    | sw x5,0(x6)    ;
 lw x7,0(x8)    | lw x7,0(x8)    ;
 bne x7,x0,LC00 | bne x7,x0,LC01 ;
 LC00:          | LC01:          ;
 fence.i        | fence.i        ;
 lw x9,0(x8)    | lw x9,0(x8)    ;

exists (0:x9=0 /\ 1:x9=0)
Generated assembler
	#START _litmus_P1
	sw a3,0(a5)
	lw t3,0(a4)
	bne t3,x0,0f
	0:
	fence.i
	lw a6,0(a4)
	#START _litmus_P0
	sw a3,0(a5)
	lw t3,0(a4)
	bne t3,x0,0f
	0:
	fence.i
	lw a6,0(a4)
heuristic statistic: 0
heuristic statistic: 0
heuristic statistic: 0
heuristic statistic: 0
heuristic statistic: 0
heuristic statistic: 0
heuristic statistic: 0
heuristic statistic: 0
heuristic statistic: 0
heuristic statistic: 0
heuristic statistic: 0
heuristic statistic: 0
heuristic statistic: 0
heuristic statistic: 0
heuristic statistic: 0
heuristic statistic: 0
heuristic statistic: 0
heuristic statistic: 0
heuristic statistic: 0
heuristic statistic: 0
Test SB+po-ctrlfenceiss Allowed
Histogram (0 states)
No

Witnesses
Positive: 0, Negative: 2000000
Condition exists (0:x9=0 /\ 1:x9=0) is NOT validated
Hash=279b53fb3866f4de843e4526f3dd6a37
Cycle=Fre PodWR DpCtrlFenceIsR Fre PodWR DpCtrlFenceIsR
Relax SB+po-ctrlfenceiss No PodWR
Safe=Fre DpCtrlFenceIsR
Generator=diy7 (version 7.51+4(dev))
Com=Fr Fr
Orig=PodWR DpCtrlFenceIsR Fre PodWR DpCtrlFenceIsR Fre
Observation SB+po-ctrlfenceiss Never 0 2000000
Time SB+po-ctrlfenceiss 0.39
Revision exported, version 7.56
Command line: litmus7 -carch RISCV -limit true -affinity incr1 -force_affinity true -mem direct -barrier none -detached false -thread std -launch changing -stride 1 -size_of_test 100 -number_of_run 10 -driver C -gcc riscv64-unknown-linux-gnu-gcc -ccopts -O2 -linkopt -static -smtmode seq -smt 2 -avail 4 -alloc dynamic -contiguous false -noalign none /home/whq/Desktop/code_list/perple_test/all_allow_litmus_C910_naive_perple/SB+po-ctrlfenceiss.litmus -o /home/whq/Desktop/code_list/perple_test/bayes_banana_perple/SB+po-ctrlfenceiss_0_5_0_0_0_0_2_0_0_0_1
Parameters
#define SIZE_OF_TEST 100
#define NUMBER_OF_RUN 10
#define AVAIL 4
#define STRIDE 1
#define MAX_LOOP 0
/* gcc options: -D_GNU_SOURCE -DFORCE_AFFINITY -Wall -std=gnu99 -O2 -pthread */
/* gcc link options: -static */
/* barrier: none */
/* launch: changing */
/* affinity: incr1 */
/* alloc: dynamic */
/* memory: direct */
/* stride: 1 */
/* safer: write */
/* preload: random */
/* speedcheck: no */
/* proc used: 4 */
Command: /root/perple/SB+po-ctrlfenceiss_0_5_0_0_0_0_2_0_0_0_1/run.exe -s 100000
Sun Mar 15 13:12:11 2026
