Sun Mar 15 13:11:27 2026
%%%%%%%%%%%%%%%%%%%%%%%%%%%%%%%%%%%%%%%%%%%%%%%%%%%%%%%%%%%%%%%%%%%%%%%%%%%%%%%%%%%%%%%%%%%%%%%%%%%%%%%%%%%%%%%%%%%%%%%%%%%%
% Results for /home/whq/Desktop/code_list/perple_test/all_allow_litmus_C910_naive_perple/SB+po-addrs+po-ctrlfenceis.litmus %
%%%%%%%%%%%%%%%%%%%%%%%%%%%%%%%%%%%%%%%%%%%%%%%%%%%%%%%%%%%%%%%%%%%%%%%%%%%%%%%%%%%%%%%%%%%%%%%%%%%%%%%%%%%%%%%%%%%%%%%%%%%%
RISCV SB+po-addrs+po-ctrlfenceis
"PodWR DpAddrsR Fre PodWR DpCtrlFenceIsR Fre"
{0:x5=1; 0:x6=x; 0:x8=y; 1:x5=1; 1:x6=y; 1:x8=x;}
 P0            | P1             ;
 sw x5,0(x6)   | sw x5,0(x6)    ;
 lw x7,0(x8)   | lw x7,0(x8)    ;
 xor x9,x7,x7  | bne x7,x0,LC00 ;
 add x11,x8,x9 | LC00:          ;
 lw x10,0(x11) | fence.i        ;
               | lw x9,0(x8)    ;

exists (0:x10=0 /\ 1:x9=0)
Generated assembler
	#START _litmus_P1
	sw a3,0(a5)
	lw t3,0(a4)
	bne t3,x0,0f
	0:
	fence.i
	lw a6,0(a4)
	#START _litmus_P0
	sw a3,0(a5)
	lw t5,0(a4)
	xor t4,t5,t5
	add t3,a4,t4
	lw a6,0(t3)
heuristic statistic: 8
heuristic statistic: 4
heuristic statistic: 11
heuristic statistic: 4
heuristic statistic: 11
heuristic statistic: 4
heuristic statistic: 13
heuristic statistic: 1
heuristic statistic: 9
heuristic statistic: 3
heuristic statistic: 15
heuristic statistic: 4
heuristic statistic: 10
heuristic statistic: 2
heuristic statistic: 9
heuristic statistic: 2
heuristic statistic: 10
heuristic statistic: 3
heuristic statistic: 17
heuristic statistic: 7
Test SB+po-addrs+po-ctrlfenceis Allowed
Histogram (0 states)
No

Witnesses
Positive: 0, Negative: 2000000
Condition exists (0:x10=0 /\ 1:x9=0) is NOT validated
Hash=bc8278ac522f653b8821826d6dc4de54
Cycle=Fre PodWR DpAddrsR Fre PodWR DpCtrlFenceIsR
Relax SB+po-addrs+po-ctrlfenceis No PodWR
Safe=Fre DpAddrsR DpCtrlFenceIsR
Generator=diy7 (version 7.51+4(dev))
Com=Fr Fr
Orig=PodWR DpAddrsR Fre PodWR DpCtrlFenceIsR Fre
Observation SB+po-addrs+po-ctrlfenceis Never 0 2000000
Time SB+po-addrs+po-ctrlfenceis 0.32
Revision exported, version 7.56
Command line: litmus7 -carch RISCV -limit true -affinity incr1 -force_affinity true -mem direct -barrier none -detached false -thread std -launch changing -stride 1 -size_of_test 100 -number_of_run 10 -driver C -gcc riscv64-unknown-linux-gnu-gcc -ccopts -O2 -linkopt -static -smtmode seq -smt 2 -avail 4 -alloc dynamic -contiguous false -noalign none /home/whq/Desktop/code_list/perple_test/all_allow_litmus_C910_naive_perple/SB+po-addrs+po-ctrlfenceis.litmus -o /home/whq/Desktop/code_list/perple_test/bayes_banana_perple/SB+po-addrs+po-ctrlfenceis_0_5_0_0_0_0_2_0_0_0_1
Parameters
#define SIZE_OF_TEST 100
#define NUMBER_OF_RUN 10
#define AVAIL 4
#define STRIDE 1
#define MAX_LOOP 0
/* gcc options: -D_GNU_SOURCE -DFORCE_AFFINITY -Wall -std=gnu99 -O2 -pthread */
/* gcc link options: -static */
/* barrier: none */
/* launch: changing */
/* affinity: incr1 */
/* alloc: dynamic */
/* memory: direct */
/* stride: 1 */
/* safer: write */
/* preload: random */
/* speedcheck: no */
/* proc used: 4 */
Command: /root/perple/SB+po-addrs+po-ctrlfenceis_0_5_0_0_0_0_2_0_0_0_1/run.exe -s 100000
Sun Mar 15 13:11:27 2026
