Sun Mar 15 00:26:51 2026
%%%%%%%%%%%%%%%%%%%%%%%%%%%%%%%%%%%%%%%%%%%%%%%%%%%%%%%%%%%%%%%%%%%%%%%%%%%%%%%%%%%%%%%%%%%%%%%%%%%%
% Results for /home/whq/Desktop/code_list/perple_test/all_allow_litmus_C910_naive_perple/LB.litmus %
%%%%%%%%%%%%%%%%%%%%%%%%%%%%%%%%%%%%%%%%%%%%%%%%%%%%%%%%%%%%%%%%%%%%%%%%%%%%%%%%%%%%%%%%%%%%%%%%%%%%
RISCV LB
"PodRW Rfe PodRW Rfe"
{0:x6=x; 0:x7=1; 0:x8=y; 1:x6=y; 1:x7=1; 1:x8=x;}
 P0          | P1          ;
 lw x5,0(x6) | lw x5,0(x6) ;
 sw x7,0(x8) | sw x7,0(x8) ;

exists (0:x5=1 /\ 1:x5=1)
Generated assembler
	#START _litmus_P1
	lw a6,0(a5)
	sw a2,0(a4)
	#START _litmus_P0
	lw a6,0(a5)
	sw a2,0(a4)
heuristic statistic: 28175
heuristic statistic: 28487
heuristic statistic: 27571
heuristic statistic: 27597
heuristic statistic: 23819
heuristic statistic: 26016
heuristic statistic: 22220
heuristic statistic: 24525
heuristic statistic: 22211
heuristic statistic: 24534
heuristic statistic: 20332
heuristic statistic: 23615
heuristic statistic: 16702
heuristic statistic: 20998
heuristic statistic: 14658
heuristic statistic: 19225
heuristic statistic: 12048
heuristic statistic: 18172
heuristic statistic: 10783
heuristic statistic: 13221
Test LB Allowed
Histogram (0 states)
No

Witnesses
Positive: 0, Negative: 2000000
Condition exists (0:x5=1 /\ 1:x5=1) is NOT validated
Hash=585d57e5ad552d5cb01e772ee7cc749c
Cycle=Rfe PodRW Rfe PodRW
Relax LB No 
Safe=Rfe PodRW
Generator=diy7 (version 7.51+4(dev))
Com=Rf Rf
Orig=PodRW Rfe PodRW Rfe
Observation LB Never 0 2000000
Time LB 0.17
Revision exported, version 7.56
Command line: litmus7 -carch RISCV -limit true -affinity incr1 -force_affinity true -mem direct -barrier none -detached false -thread std -launch changing -stride 1 -size_of_test 100 -number_of_run 10 -driver C -gcc riscv64-unknown-linux-gnu-gcc -ccopts -O2 -linkopt -static -smtmode seq -smt 2 -avail 4 -alloc dynamic -contiguous false -noalign none /home/whq/Desktop/code_list/perple_test/all_allow_litmus_C910_naive_perple/LB.litmus -o /home/whq/Desktop/code_list/perple_test/bayes_banana_perple/LB_0_5_0_0_0_0_2_0_0_0_1
Parameters
#define SIZE_OF_TEST 100
#define NUMBER_OF_RUN 10
#define AVAIL 4
#define STRIDE 1
#define MAX_LOOP 0
/* gcc options: -D_GNU_SOURCE -DFORCE_AFFINITY -Wall -std=gnu99 -O2 -pthread */
/* gcc link options: -static */
/* barrier: none */
/* launch: changing */
/* affinity: incr1 */
/* alloc: dynamic */
/* memory: direct */
/* stride: 1 */
/* safer: write */
/* preload: random */
/* speedcheck: no */
/* proc used: 4 */
Command: /home/sipeed/perple/LB_0_5_0_0_0_0_2_0_0_0_1/run.exe -s 100000
Sun Mar 15 00:26:51 2026
