Sun Mar 15 00:28:18 2026
%%%%%%%%%%%%%%%%%%%%%%%%%%%%%%%%%%%%%%%%%%%%%%%%%%%%%%%%%%%%%%%%%%%%%%%%%%%%%%%%%%%%%%%%%%%%%%%%%%%%%%%%%%%%%%%%%%%%
% Results for /home/whq/Desktop/code_list/perple_test/all_allow_litmus_C910_naive_perple/MP+fence.r.rw+addr.litmus %
%%%%%%%%%%%%%%%%%%%%%%%%%%%%%%%%%%%%%%%%%%%%%%%%%%%%%%%%%%%%%%%%%%%%%%%%%%%%%%%%%%%%%%%%%%%%%%%%%%%%%%%%%%%%%%%%%%%%
RISCV MP+fence.r.rw+addr
"Fence.r.rwdWW Rfe DpAddrdR Fre"
{0:x5=1; 0:x6=x; 0:x7=y; 1:x6=y; 1:x9=x;}
 P0          | P1            ;
 sw x5,0(x6) | lw x5,0(x6)   ;
 fence r,rw  | xor x7,x5,x5  ;
 sw x5,0(x7) | add x10,x9,x7 ;
             | lw x8,0(x10)  ;

exists (1:x5=1 /\ 1:x8=0)
Generated assembler
	#START _litmus_P1
	lw a7,0(a5)
	xor t5,a7,a7
	add t4,a4,t5
	lw t1,0(t4)
	#START _litmus_P0
	sw a2,0(a5)
	fence r,rw
	sw a2,0(a4)
heuristic statistic: 0
heuristic statistic: 0
heuristic statistic: 0
heuristic statistic: 0
heuristic statistic: 0
heuristic statistic: 0
heuristic statistic: 0
heuristic statistic: 0
heuristic statistic: 0
heuristic statistic: 0
heuristic statistic: 0
heuristic statistic: 0
heuristic statistic: 0
heuristic statistic: 0
heuristic statistic: 0
heuristic statistic: 0
heuristic statistic: 0
heuristic statistic: 0
heuristic statistic: 0
heuristic statistic: 0
Test MP+fence.r.rw+addr Allowed
Histogram (0 states)
No

Witnesses
Positive: 0, Negative: 2000000
Condition exists (1:x5=1 /\ 1:x8=0) is NOT validated
Hash=764aa123d24d6c87c4f6b58e52bf556b
Cycle=Rfe DpAddrdR Fre Fence.r.rwdWW
Relax MP+fence.r.rw+addr No Fence.r.rwdWW
Safe=Rfe Fre DpAddrdR
Generator=diy7 (version 7.51+4(dev))
Com=Rf Fr
Orig=Fence.r.rwdWW Rfe DpAddrdR Fre
Observation MP+fence.r.rw+addr Never 0 2000000
Time MP+fence.r.rw+addr 0.20
Revision exported, version 7.56
Command line: litmus7 -carch RISCV -limit true -affinity incr1 -force_affinity true -mem direct -barrier none -detached false -thread std -launch changing -stride 1 -size_of_test 100 -number_of_run 10 -driver C -gcc riscv64-unknown-linux-gnu-gcc -ccopts -O2 -linkopt -static -smtmode seq -smt 2 -avail 4 -alloc dynamic -contiguous false -noalign none /home/whq/Desktop/code_list/perple_test/all_allow_litmus_C910_naive_perple/MP+fence.r.rw+addr.litmus -o /home/whq/Desktop/code_list/perple_test/bayes_banana_perple/MP+fence.r.rw+addr_0_5_0_0_0_0_2_0_0_0_1
Parameters
#define SIZE_OF_TEST 100
#define NUMBER_OF_RUN 10
#define AVAIL 4
#define STRIDE 1
#define MAX_LOOP 0
/* gcc options: -D_GNU_SOURCE -DFORCE_AFFINITY -Wall -std=gnu99 -O2 -pthread */
/* gcc link options: -static */
/* barrier: none */
/* launch: changing */
/* affinity: incr1 */
/* alloc: dynamic */
/* memory: direct */
/* stride: 1 */
/* safer: write */
/* preload: random */
/* speedcheck: no */
/* proc used: 4 */
Command: /home/sipeed/perple/MP+fence.r.rw+addr_0_5_0_0_0_0_2_0_0_0_1/run.exe -s 100000
Sun Mar 15 00:28:18 2026
