Sun Mar 15 00:28:54 2026
%%%%%%%%%%%%%%%%%%%%%%%%%%%%%%%%%%%%%%%%%%%%%%%%%%%%%%%%%%%%%%%%%%%%%%%%%%%%%%%%%%%%%%%%%%%%%%%%%%%%%%%%%%%%%%%%%%%%%%%%%%%
% Results for /home/whq/Desktop/code_list/perple_test/all_allow_litmus_C910_naive_perple/MP+fence.w.w+addr-fence.i.litmus %
%%%%%%%%%%%%%%%%%%%%%%%%%%%%%%%%%%%%%%%%%%%%%%%%%%%%%%%%%%%%%%%%%%%%%%%%%%%%%%%%%%%%%%%%%%%%%%%%%%%%%%%%%%%%%%%%%%%%%%%%%%%
RISCV MP+fence.w.w+addr-fence.i
"Fence.w.wdWW Rfe DpAddrdR Fence.idRR Fre"
{0:x6=x; 0:x8=y; 1:x6=y; 1:x9=z; 1:x12=x;}
 P0          | P1            ;
 ori x5,x0,1 | lw x5,0(x6)   ;
 sw x5,0(x6) | xor x7,x5,x5  ;
 fence w,w   | add x10,x9,x7 ;
 ori x7,x0,1 | lw x8,0(x10)  ;
 sw x7,0(x8) | fence.i       ;
             | lw x11,0(x12) ;

exists (1:x5=1 /\ 1:x11=0)
Generated assembler
	#START _litmus_P1
	lw t1,0(a5)
	xor t0,t1,t1
	add t5,a4,t0
	lw t6,0(t5)
	fence.i
	lw t3,0(a3)
	#START _litmus_P0
	#_litmus_P0_1
	fence w,w
	#_litmus_P0_4
heuristic statistic: 0
heuristic statistic: 0
heuristic statistic: 0
heuristic statistic: 0
heuristic statistic: 0
heuristic statistic: 0
heuristic statistic: 0
heuristic statistic: 0
heuristic statistic: 0
heuristic statistic: 0
heuristic statistic: 0
heuristic statistic: 0
heuristic statistic: 0
heuristic statistic: 0
heuristic statistic: 0
heuristic statistic: 0
heuristic statistic: 0
heuristic statistic: 0
heuristic statistic: 0
heuristic statistic: 0
Test MP+fence.w.w+addr-fence.i Allowed
Histogram (0 states)
No

Witnesses
Positive: 0, Negative: 2000000
Condition exists (1:x5=1 /\ 1:x11=0) is NOT validated
Hash=1c87ea8948d27a1748945f034b51908f
Generator=diyone7 (version 7.47+2)
Com=Rf Fr
Orig=Fence.w.wdWW Rfe DpAddrdR Fence.idRR Fre
Observation MP+fence.w.w+addr-fence.i Never 0 2000000
Time MP+fence.w.w+addr-fence.i 1.91
Revision exported, version 7.56
Command line: litmus7 -carch RISCV -limit true -affinity incr1 -force_affinity true -mem direct -barrier none -detached false -thread std -launch changing -stride 1 -size_of_test 100 -number_of_run 10 -driver C -gcc riscv64-unknown-linux-gnu-gcc -ccopts -O2 -linkopt -static -smtmode seq -smt 2 -avail 4 -alloc dynamic -contiguous false -noalign none /home/whq/Desktop/code_list/perple_test/all_allow_litmus_C910_naive_perple/MP+fence.w.w+addr-fence.i.litmus -o /home/whq/Desktop/code_list/perple_test/bayes_banana_perple/MP+fence.w.w+addr-fence.i_0_5_0_0_0_0_2_0_0_0_1
Parameters
#define SIZE_OF_TEST 100
#define NUMBER_OF_RUN 10
#define AVAIL 4
#define STRIDE 1
#define MAX_LOOP 0
/* gcc options: -D_GNU_SOURCE -DFORCE_AFFINITY -Wall -std=gnu99 -O2 -pthread */
/* gcc link options: -static */
/* barrier: none */
/* launch: changing */
/* affinity: incr1 */
/* alloc: dynamic */
/* memory: direct */
/* stride: 1 */
/* safer: write */
/* preload: random */
/* speedcheck: no */
/* proc used: 4 */
Command: /home/sipeed/perple/MP+fence.w.w+addr-fence.i_0_5_0_0_0_0_2_0_0_0_1/run.exe -s 100000
Sun Mar 15 00:28:55 2026
