Sun Mar 15 00:28:48 2026
%%%%%%%%%%%%%%%%%%%%%%%%%%%%%%%%%%%%%%%%%%%%%%%%%%%%%%%%%%%%%%%%%%%%%%%%%%%%%%%%%%%%%%%%%%%%%%%%%%%%%%%%%%%%%%%%%%
% Results for /home/whq/Desktop/code_list/perple_test/all_allow_litmus_C910_naive_perple/MP+po+fence.r.rw.litmus %
%%%%%%%%%%%%%%%%%%%%%%%%%%%%%%%%%%%%%%%%%%%%%%%%%%%%%%%%%%%%%%%%%%%%%%%%%%%%%%%%%%%%%%%%%%%%%%%%%%%%%%%%%%%%%%%%%%
RISCV MP+po+fence.r.rw
"PodWW Rfe Fence.r.rwdRR Fre"
{0:x5=1; 0:x6=x; 0:x7=y; 1:x6=y; 1:x8=x;}
 P0          | P1          ;
 sw x5,0(x6) | lw x5,0(x6) ;
 sw x5,0(x7) | fence r,rw  ;
             | lw x7,0(x8) ;

exists (1:x5=1 /\ 1:x7=0)
Generated assembler
	#START _litmus_P1
	lw a7,0(a5)
	fence r,rw
	lw t1,0(a4)
	#START _litmus_P0
	sw a2,0(a5)
	sw a2,0(a4)
heuristic statistic: 14
heuristic statistic: 144
heuristic statistic: 38
heuristic statistic: 56
heuristic statistic: 100
heuristic statistic: 39
heuristic statistic: 91
heuristic statistic: 176
heuristic statistic: 90
heuristic statistic: 38
heuristic statistic: 110
heuristic statistic: 206
heuristic statistic: 148
heuristic statistic: 182
heuristic statistic: 1231
heuristic statistic: 81
heuristic statistic: 1654
heuristic statistic: 41
heuristic statistic: 1231
heuristic statistic: 2
Test MP+po+fence.r.rw Allowed
Histogram (0 states)
No

Witnesses
Positive: 0, Negative: 2000000
Condition exists (1:x5=1 /\ 1:x7=0) is NOT validated
Hash=ec3d28642a1d43b77fd7d35e75abab28
Cycle=Rfe Fence.r.rwdRR Fre PodWW
Relax MP+po+fence.r.rw No PodWW
Safe=Rfe Fre Fence.r.rwdRR
Generator=diy7 (version 7.51+4(dev))
Com=Rf Fr
Orig=PodWW Rfe Fence.r.rwdRR Fre
Observation MP+po+fence.r.rw Never 0 2000000
Time MP+po+fence.r.rw 0.22
Revision exported, version 7.56
Command line: litmus7 -carch RISCV -limit true -affinity incr1 -force_affinity true -mem direct -barrier none -detached false -thread std -launch changing -stride 1 -size_of_test 100 -number_of_run 10 -driver C -gcc riscv64-unknown-linux-gnu-gcc -ccopts -O2 -linkopt -static -smtmode seq -smt 2 -avail 4 -alloc dynamic -contiguous false -noalign none /home/whq/Desktop/code_list/perple_test/all_allow_litmus_C910_naive_perple/MP+po+fence.r.rw.litmus -o /home/whq/Desktop/code_list/perple_test/bayes_banana_perple/MP+po+fence.r.rw_0_5_0_0_0_0_2_0_0_0_1
Parameters
#define SIZE_OF_TEST 100
#define NUMBER_OF_RUN 10
#define AVAIL 4
#define STRIDE 1
#define MAX_LOOP 0
/* gcc options: -D_GNU_SOURCE -DFORCE_AFFINITY -Wall -std=gnu99 -O2 -pthread */
/* gcc link options: -static */
/* barrier: none */
/* launch: changing */
/* affinity: incr1 */
/* alloc: dynamic */
/* memory: direct */
/* stride: 1 */
/* safer: write */
/* preload: random */
/* speedcheck: no */
/* proc used: 4 */
Command: /home/sipeed/perple/MP+po+fence.r.rw_0_5_0_0_0_0_2_0_0_0_1/run.exe -s 100000
Sun Mar 15 00:28:48 2026
