Sun Mar 15 13:15:12 2026
%%%%%%%%%%%%%%%%%%%%%%%%%%%%%%%%%%%%%%%%%%%%%%%%%%%%%%%%%%%%%%%%%%%%%%%%%%%%%%%%%%%%%%%%%%%%%%%%%%%%%%%%%%%%%%%%%%%%%%
% Results for /home/whq/Desktop/code_list/perple_test/all_allow_litmus_C910_naive_perple/MP+fence.w.w+fence.i.litmus %
%%%%%%%%%%%%%%%%%%%%%%%%%%%%%%%%%%%%%%%%%%%%%%%%%%%%%%%%%%%%%%%%%%%%%%%%%%%%%%%%%%%%%%%%%%%%%%%%%%%%%%%%%%%%%%%%%%%%%%
RISCV MP+fence.w.w+fence.i
"Fence.w.wdWW Rfe Fence.idRR Fre"
{0:x5=1; 0:x6=x; 0:x7=y; 1:x6=y; 1:x8=x;}
 P0          | P1          ;
 sw x5,0(x6) | lw x5,0(x6) ;
 fence w,w   | fence.i     ;
 sw x5,0(x7) | lw x7,0(x8) ;

exists (1:x5=1 /\ 1:x7=0)
Generated assembler
	#START _litmus_P1
	lw a7,0(a5)
	fence.i
	lw t1,0(a4)
	#START _litmus_P0
	sw a2,0(a5)
	fence w,w
	sw a2,0(a4)
heuristic statistic: 0
heuristic statistic: 0
heuristic statistic: 0
heuristic statistic: 0
heuristic statistic: 0
heuristic statistic: 0
heuristic statistic: 0
heuristic statistic: 0
heuristic statistic: 0
heuristic statistic: 0
heuristic statistic: 0
heuristic statistic: 0
heuristic statistic: 0
heuristic statistic: 0
heuristic statistic: 0
heuristic statistic: 0
heuristic statistic: 0
heuristic statistic: 0
heuristic statistic: 0
heuristic statistic: 0
Test MP+fence.w.w+fence.i Allowed
Histogram (0 states)
No

Witnesses
Positive: 0, Negative: 2000000
Condition exists (1:x5=1 /\ 1:x7=0) is NOT validated
Hash=e69923253810458c1cd050d566bf020f
Cycle=Rfe Fence.idRR Fre Fence.w.wdWW
Relax MP+fence.w.w+fence.i No Fence.idRR
Safe=Rfe Fre Fence.w.wdWW
Generator=diy7 (version 7.51+4(dev))
Com=Rf Fr
Orig=Fence.w.wdWW Rfe Fence.idRR Fre
Observation MP+fence.w.w+fence.i Never 0 2000000
Time MP+fence.w.w+fence.i 0.33
Revision exported, version 7.56
Command line: litmus7 -carch RISCV -limit true -affinity incr1 -force_affinity true -mem direct -barrier none -detached false -thread std -launch changing -stride 1 -size_of_test 100 -number_of_run 10 -driver C -gcc riscv64-unknown-linux-gnu-gcc -ccopts -O2 -linkopt -static -smtmode seq -smt 2 -avail 4 -alloc dynamic -contiguous false -noalign none /home/whq/Desktop/code_list/perple_test/all_allow_litmus_C910_naive_perple/MP+fence.w.w+fence.i.litmus -o /home/whq/Desktop/code_list/perple_test/bayes_banana_perple/MP+fence.w.w+fence.i_0_5_0_0_0_0_2_0_0_0_1
Parameters
#define SIZE_OF_TEST 100
#define NUMBER_OF_RUN 10
#define AVAIL 4
#define STRIDE 1
#define MAX_LOOP 0
/* gcc options: -D_GNU_SOURCE -DFORCE_AFFINITY -Wall -std=gnu99 -O2 -pthread */
/* gcc link options: -static */
/* barrier: none */
/* launch: changing */
/* affinity: incr1 */
/* alloc: dynamic */
/* memory: direct */
/* stride: 1 */
/* safer: write */
/* preload: random */
/* speedcheck: no */
/* proc used: 4 */
Command: /root/perple/MP+fence.w.w+fence.i_0_5_0_0_0_0_2_0_0_0_1/run.exe -s 100000
Sun Mar 15 13:15:12 2026
