Sun Mar 15 13:16:06 2026
%%%%%%%%%%%%%%%%%%%%%%%%%%%%%%%%%%%%%%%%%%%%%%%%%%%%%%%%%%%%%%%%%%%%%%%%%%%%%%%%%%%%%%%%%%%%%%%%%%%%%%%%%%%%%%%%%%%%%%%%%%%%
% Results for /home/whq/Desktop/code_list/perple_test/all_allow_litmus_C910_naive_perple/SB+pos-addr+pos-ctrlfencei.litmus %
%%%%%%%%%%%%%%%%%%%%%%%%%%%%%%%%%%%%%%%%%%%%%%%%%%%%%%%%%%%%%%%%%%%%%%%%%%%%%%%%%%%%%%%%%%%%%%%%%%%%%%%%%%%%%%%%%%%%%%%%%%%%
RISCV SB+pos-addr+pos-ctrlfencei
"PosWR DpAddrdR Fre PosWR DpCtrlFenceIdR Fre"
{0:x5=1; 0:x6=x; 0:x10=y; 1:x5=1; 1:x6=y; 1:x9=x;}
 P0             | P1             ;
 sw x5,0(x6)    | sw x5,0(x6)    ;
 lw x7,0(x6)    | lw x7,0(x6)    ;
 xor x8,x7,x7   | bne x7,x0,LC00 ;
 add x11,x10,x8 | LC00:          ;
 lw x9,0(x11)   | fence.i        ;
                | lw x8,0(x9)    ;

exists (0:x9=0 /\ 1:x8=0)
Generated assembler
	#START _litmus_P1
	sw a3,0(a5)
	lw t3,0(a5)
	bne t3,x0,0f
	0:
	fence.i
	lw a6,0(a4)
	#START _litmus_P0
	sw a3,0(a5)
	lw t5,0(a5)
	xor t4,t5,t5
	add t3,a4,t4
	lw a6,0(t3)
heuristic statistic: 6
heuristic statistic: 2
heuristic statistic: 6
heuristic statistic: 7
heuristic statistic: 5
heuristic statistic: 7
heuristic statistic: 4
heuristic statistic: 3
heuristic statistic: 5
heuristic statistic: 9
heuristic statistic: 5
heuristic statistic: 6
heuristic statistic: 4
heuristic statistic: 5
heuristic statistic: 6
heuristic statistic: 4
heuristic statistic: 11
heuristic statistic: 1
heuristic statistic: 5
heuristic statistic: 8
Test SB+pos-addr+pos-ctrlfencei Allowed
Histogram (0 states)
No

Witnesses
Positive: 0, Negative: 2000000
Condition exists (0:x9=0 /\ 1:x8=0) is NOT validated
Hash=2f26c997e543bdd1cf845a605f29d07f
Cycle=Fre PosWR DpAddrdR Fre PosWR DpCtrlFenceIdR
Relax SB+pos-addr+pos-ctrlfencei No PosWR
Safe=Fre DpAddrdR DpCtrlFenceIdR
Generator=diy7 (version 7.51+4(dev))
Com=Fr Fr
Orig=PosWR DpAddrdR Fre PosWR DpCtrlFenceIdR Fre
Observation SB+pos-addr+pos-ctrlfencei Never 0 2000000
Time SB+pos-addr+pos-ctrlfencei 0.32
Revision exported, version 7.56
Command line: litmus7 -carch RISCV -limit true -affinity incr1 -force_affinity true -mem direct -barrier none -detached false -thread std -launch changing -stride 1 -size_of_test 100 -number_of_run 10 -driver C -gcc riscv64-unknown-linux-gnu-gcc -ccopts -O2 -linkopt -static -smtmode seq -smt 2 -avail 4 -alloc dynamic -contiguous false -noalign none /home/whq/Desktop/code_list/perple_test/all_allow_litmus_C910_naive_perple/SB+pos-addr+pos-ctrlfencei.litmus -o /home/whq/Desktop/code_list/perple_test/bayes_banana_perple/SB+pos-addr+pos-ctrlfencei_0_5_0_0_0_0_2_0_0_0_1
Parameters
#define SIZE_OF_TEST 100
#define NUMBER_OF_RUN 10
#define AVAIL 4
#define STRIDE 1
#define MAX_LOOP 0
/* gcc options: -D_GNU_SOURCE -DFORCE_AFFINITY -Wall -std=gnu99 -O2 -pthread */
/* gcc link options: -static */
/* barrier: none */
/* launch: changing */
/* affinity: incr1 */
/* alloc: dynamic */
/* memory: direct */
/* stride: 1 */
/* safer: write */
/* preload: random */
/* speedcheck: no */
/* proc used: 4 */
Command: /root/perple/SB+pos-addr+pos-ctrlfencei_0_5_0_0_0_0_2_0_0_0_1/run.exe -s 100000
Sun Mar 15 13:16:06 2026
