Sun Mar 15 13:16:15 2026
%%%%%%%%%%%%%%%%%%%%%%%%%%%%%%%%%%%%%%%%%%%%%%%%%%%%%%%%%%%%%%%%%%%%%%%%%%%%%%%%%%%%%%%%%%%%%%%%%%%%
% Results for /home/whq/Desktop/code_list/perple_test/all_allow_litmus_C910_naive_perple/SB.litmus %
%%%%%%%%%%%%%%%%%%%%%%%%%%%%%%%%%%%%%%%%%%%%%%%%%%%%%%%%%%%%%%%%%%%%%%%%%%%%%%%%%%%%%%%%%%%%%%%%%%%%
RISCV SB
"PodWR Fre PodWR Fre"
{0:x5=1; 0:x6=x; 0:x8=y; 1:x5=1; 1:x6=y; 1:x8=x;}
 P0          | P1          ;
 sw x5,0(x6) | sw x5,0(x6) ;
 lw x7,0(x8) | lw x7,0(x8) ;

exists (0:x7=0 /\ 1:x7=0)
Generated assembler
	#START _litmus_P1
	sw a2,0(a5)
	lw a6,0(a4)
	#START _litmus_P0
	sw a2,0(a5)
	lw a6,0(a4)
heuristic statistic: 45277
heuristic statistic: 45750
heuristic statistic: 44656
heuristic statistic: 45479
heuristic statistic: 42157
heuristic statistic: 43075
heuristic statistic: 42715
heuristic statistic: 45021
heuristic statistic: 38764
heuristic statistic: 44851
heuristic statistic: 37759
heuristic statistic: 45101
heuristic statistic: 37340
heuristic statistic: 43095
heuristic statistic: 44901
heuristic statistic: 45607
heuristic statistic: 36899
heuristic statistic: 44618
heuristic statistic: 37185
heuristic statistic: 37616
Test SB Allowed
Histogram (0 states)
No

Witnesses
Positive: 0, Negative: 2000000
Condition exists (0:x7=0 /\ 1:x7=0) is NOT validated
Hash=1be21f7e9dba92a472a306f5f690a1f6
Cycle=Fre PodWR Fre PodWR
Relax SB No 
Safe=Fre PodWR
Generator=diy7 (version 7.51+4(dev))
Com=Fr Fr
Orig=PodWR Fre PodWR Fre
Observation SB Never 0 2000000
Time SB 0.16
Revision exported, version 7.56
Command line: litmus7 -carch RISCV -limit true -affinity incr1 -force_affinity true -mem direct -barrier none -detached false -thread std -launch changing -stride 1 -size_of_test 100 -number_of_run 10 -driver C -gcc riscv64-unknown-linux-gnu-gcc -ccopts -O2 -linkopt -static -smtmode seq -smt 2 -avail 4 -alloc dynamic -contiguous false -noalign none /home/whq/Desktop/code_list/perple_test/all_allow_litmus_C910_naive_perple/SB.litmus -o /home/whq/Desktop/code_list/perple_test/bayes_banana_perple/SB_0_5_0_0_0_0_2_0_0_0_1
Parameters
#define SIZE_OF_TEST 100
#define NUMBER_OF_RUN 10
#define AVAIL 4
#define STRIDE 1
#define MAX_LOOP 0
/* gcc options: -D_GNU_SOURCE -DFORCE_AFFINITY -Wall -std=gnu99 -O2 -pthread */
/* gcc link options: -static */
/* barrier: none */
/* launch: changing */
/* affinity: incr1 */
/* alloc: dynamic */
/* memory: direct */
/* stride: 1 */
/* safer: write */
/* preload: random */
/* speedcheck: no */
/* proc used: 4 */
Command: /root/perple/SB_0_5_0_0_0_0_2_0_0_0_1/run.exe -s 100000
Sun Mar 15 13:16:15 2026
