Mon Jan 26 01:50:39 2026
Revision exported, version 7.56
Command line: litmus7 -carch RISCV -limit true -affinity incr2 -force_affinity true -mem indirect -barrier user2 -detached true -thread detached -launch fixed -stride 1 -size_of_test 100 -number_of_run 10 -driver C -gcc riscv64-unknown-linux-gnu-gcc -ccopts -O2 -linkopt -static -avail 4 -alloc dynamic -contiguous false -noalign all ./make_new_litmus/litmus_output/Coe_Fence.rw.wdWR_Fre_Fence.w.wdWW_Rfe_DpAddrdW.litmus -o ./make_new_litmus/litmus_output_bayes/Coe_Fence.rw.wdWR_Fre_Fence.w.wdWW_Rfe_DpAddrdW_1_2_0_1_1_1_3_1_0_1_0
Parameters
#define SIZE_OF_TEST 100
#define NUMBER_OF_RUN 10
#define AVAIL 4
#define STRIDE 1
#define MAX_LOOP 0
/* gcc options: -D_GNU_SOURCE -DFORCE_AFFINITY -Wall -std=gnu99 -O2 -pthread */
/* gcc link options: -static */
/* barrier: user2 */
/* launch: fixed */
/* affinity: incr2 */
/* alloc: dynamic */
/* memory: indirect */
/* stride: 1 */
/* safer: write */
/* preload: random */
/* speedcheck: no */
/* proc used: 4 */
Command: /home/sipeed/test/run_41e83796.exe -s 100000
Mon Jan 26 01:50:39 2026
