Mon Jan 26 02:24:16 2026
%%%%%%%%%%%%%%%%%%%%%%%%%%%%%%%%%%%%%%%%%%%%%%%%%%%%%%%%%%%%%%%%%%%%%%%%%%
% Results for ./make_new_litmus/litmus_output/Fre_PodWR_Fre_PodWR.litmus %
%%%%%%%%%%%%%%%%%%%%%%%%%%%%%%%%%%%%%%%%%%%%%%%%%%%%%%%%%%%%%%%%%%%%%%%%%%
RISCV A
"Fre PodWR Fre PodWR"
{0:x6=x; 0:x8=y; 1:x6=y; 1:x8=x;}
 P0          | P1          ;
 ori x5,x0,1 | ori x5,x0,1 ;
 sw x5,0(x6) | sw x5,0(x6) ;
 lw x7,0(x8) | lw x7,0(x8) ;

exists (0:x7=0 /\ 1:x7=0)
Generated assembler
#START _litmus_P1
	ori t3,x0,1
	sw t3,0(a3)
	lw a0,0(a4)
#START _litmus_P0
	ori t3,x0,1
	sw t3,0(a3)
	lw a0,0(a4)
Test A Allowed
Histogram (4 states)
310984*>0:x7=0; 1:x7=0;
629462:>0:x7=1; 1:x7=0;
1054559:>0:x7=0; 1:x7=1;
4995  :>0:x7=1; 1:x7=1;
Ok

Witnesses
Positive: 310984, Negative: 1689016
Condition exists (0:x7=0 /\ 1:x7=0) is validated
Hash=7731cc3aff39e05d36f7e84bb59699a0
Generator=diyone7 (version 7.56)
Com=Fr Fr
Orig=Fre PodWR Fre PodWR
Observation A Sometimes 310984 1689016
Time A 0.81
Revision exported, version 7.56
Command line: litmus7 -carch RISCV -limit true -affinity incr3 -force_affinity true -mem indirect -barrier none -detached false -thread detached -launch fixed -stride 31 -size_of_test 100 -number_of_run 10 -driver C -gcc riscv64-unknown-linux-gnu-gcc -ccopts -O2 -linkopt -static -avail 4 -alloc dynamic -contiguous true -noalign none ./make_new_litmus/litmus_output/Fre_PodWR_Fre_PodWR.litmus -o ./make_new_litmus/litmus_output_bayes/Fre_PodWR_Fre_PodWR_1_5_0_0_1_1_4_1_1_0_0
Parameters
#define SIZE_OF_TEST 100
#define NUMBER_OF_RUN 10
#define AVAIL 4
#define STRIDE 31
#define MAX_LOOP 0
/* gcc options: -D_GNU_SOURCE -DFORCE_AFFINITY -Wall -std=gnu99 -O2 -pthread */
/* gcc link options: -static */
/* barrier: none */
/* launch: fixed */
/* affinity: incr3 */
/* alloc: dynamic */
/* memory: indirect */
/* stride: 31 */
/* safer: write */
/* preload: random */
/* speedcheck: no */
/* proc used: 4 */
Command: /home/sipeed/test/run_c0ecb421.exe -s 100000
Mon Jan 26 02:24:17 2026
