CAC: npool=00, nout=01, ntable=00, sum=1
CAC: npool=00, nout=02, ntable=00, sum=2
CAC: npool=00, nout=03, ntable=00, sum=3
CAC: npool=00, nout=02, ntable=02, sum=4
Mon Jan 26 01:50:04 2026
%%%%%%%%%%%%%%%%%%%%%%%%%%%%%%%%%%%%%%%%%%%%%%%%%%%%%%%%%%%%%%%%%%%%%%%%%%%%%%%%%%%%%%%%%
% Results for ./make_new_litmus/litmus_output/Fre_PodWR_Fre_RfLeave_PodRW_RfBack.litmus %
%%%%%%%%%%%%%%%%%%%%%%%%%%%%%%%%%%%%%%%%%%%%%%%%%%%%%%%%%%%%%%%%%%%%%%%%%%%%%%%%%%%%%%%%%
RISCV A
"Fre PodWR Fre RfLeave PodRW RfBack"
{0:x6=x; 0:x8=y; 1:x6=y; 1:x8=x; 2:x6=y; 2:x8=x;}
 P0          | P1          | P2          ;
 ori x5,x0,2 | ori x5,x0,1 | lw x5,0(x6) ;
 sw x5,0(x6) | sw x5,0(x6) | ori x7,x0,1 ;
 lw x7,0(x8) | lw x7,0(x8) | sw x7,0(x8) ;

exists (x=2 /\ 0:x7=0 /\ 1:x7=1 /\ 2:x5=1)
Generated assembler
#START _litmus_P0
	ori s1,x0,2
	sw s1,0(a5)
	lw a3,0(a4)
#START _litmus_P2
	lw a3,0(a5)
	ori s1,x0,1
	sw s1,0(a4)
#START _litmus_P1
	ori s1,x0,1
	sw s1,0(a5)
	lw a3,0(a4)
Test A Allowed
Histogram (24 states)
7931  :>0:x7=0; 1:x7=0; 2:x5=0; x=1;
1925  :>0:x7=1; 1:x7=0; 2:x5=0; x=1;
28361 :>0:x7=0; 1:x7=1; 2:x5=0; x=1;
529   :>0:x7=1; 1:x7=1; 2:x5=0; x=1;
51847 :>0:x7=0; 1:x7=2; 2:x5=0; x=1;
300   :>0:x7=1; 1:x7=2; 2:x5=0; x=1;
7991  :>0:x7=0; 1:x7=0; 2:x5=1; x=1;
53814 :>0:x7=1; 1:x7=0; 2:x5=1; x=1;
3674  :>0:x7=0; 1:x7=1; 2:x5=1; x=1;
2024  :>0:x7=1; 1:x7=1; 2:x5=1; x=1;
233757:>0:x7=0; 1:x7=2; 2:x5=1; x=1;
3581  :>0:x7=1; 1:x7=2; 2:x5=1; x=1;
2873  :>0:x7=0; 1:x7=0; 2:x5=0; x=2;
4063  :>0:x7=1; 1:x7=0; 2:x5=0; x=2;
6395  :>0:x7=0; 1:x7=1; 2:x5=0; x=2;
29364 :>0:x7=1; 1:x7=1; 2:x5=0; x=2;
260893:>0:x7=0; 1:x7=2; 2:x5=0; x=2;
32373 :>0:x7=1; 1:x7=2; 2:x5=0; x=2;
430   :>0:x7=0; 1:x7=0; 2:x5=1; x=2;
267343:>0:x7=1; 1:x7=0; 2:x5=1; x=2;
28    *>0:x7=0; 1:x7=1; 2:x5=1; x=2;
93    :>0:x7=1; 1:x7=1; 2:x5=1; x=2;
83    :>0:x7=0; 1:x7=2; 2:x5=1; x=2;
328   :>0:x7=1; 1:x7=2; 2:x5=1; x=2;
Ok

Witnesses
Positive: 28, Negative: 999972
Condition exists (x=2 /\ 0:x7=0 /\ 1:x7=1 /\ 2:x5=1) is validated
Hash=7d8b19c31d46abbc00b91c537897340f
Generator=diyone7 (version 7.56)
Com=Fr Fr Rf
Orig=Fre PodWR Fre RfLeave PodRW RfBack
Observation A Sometimes 28 999972
Time A 0.43
Revision exported, version 7.56
Command line: litmus7 -carch RISCV -limit true -affinity incr1 -force_affinity true -mem direct -barrier user2 -detached false -thread cached -launch fixed -stride 1 -size_of_test 100 -number_of_run 10 -driver C -gcc riscv64-unknown-linux-gnu-gcc -ccopts -O2 -linkopt -static -avail 4 -alloc before -contiguous false -noalign all ./make_new_litmus/litmus_output/Fre_PodWR_Fre_RfLeave_PodRW_RfBack.litmus -o ./make_new_litmus/litmus_output_bayes/Fre_PodWR_Fre_RfLeave_PodRW_RfBack_0_2_1_0_2_1_2_1_0_1_0
Parameters
#define SIZE_OF_TEST 100
#define NUMBER_OF_RUN 10
#define AVAIL 4
#define STRIDE 1
#define MAX_LOOP 0
/* gcc options: -D_GNU_SOURCE -DFORCE_AFFINITY -Wall -std=gnu99 -O2 -pthread */
/* gcc link options: -static */
/* barrier: user2 */
/* launch: fixed */
/* affinity: incr1 */
/* alloc: Before */
/* memory: direct */
/* stride: 1 */
/* safer: write */
/* preload: random */
/* speedcheck: no */
/* proc used: 4 */
Command: /home/sipeed/test/run_96a74f91.exe -s 100000
Mon Jan 26 01:50:05 2026
