Mon Jan 26 01:46:15 2026
%%%%%%%%%%%%%%%%%%%%%%%%%%%%%%%%%%%%%%%%%%%%%%%%%%%%%%%%%%%%%%%%%%%%%%%%%%%%%%%%%%%%%%%%%
% Results for ./make_new_litmus/litmus_output/Fre_PodWR_Fre_RfLeave_FrBack_PodWR.litmus %
%%%%%%%%%%%%%%%%%%%%%%%%%%%%%%%%%%%%%%%%%%%%%%%%%%%%%%%%%%%%%%%%%%%%%%%%%%%%%%%%%%%%%%%%%
RISCV A
"Fre PodWR Fre RfLeave FrBack PodWR"
{0:x6=x; 0:x8=y; 1:x6=y; 1:x9=x; 2:x6=y;}
 P0          | P1          | P2          ;
 ori x5,x0,1 | ori x5,x0,1 | lw x5,0(x6) ;
 sw x5,0(x6) | sw x5,0(x6) |             ;
 lw x7,0(x8) | ori x7,x0,2 |             ;
             | sw x7,0(x6) |             ;
             | lw x8,0(x9) |             ;

exists (y=2 /\ 0:x7=0 /\ 1:x8=0 /\ 2:x5=1)
Generated assembler
#START _litmus_P1
	ori s2,x0,1
	sw s2,0(a5)
	ori s1,x0,2
	sw s1,0(a5)
	lw a1,0(a4)
#START _litmus_P2
	lw a4,0(a5)
#START _litmus_P0
	ori s1,x0,1
	sw s1,0(a5)
	lw a1,0(a4)
Test A Allowed
Histogram (8 states)
385   :>0:x7=0; 1:x8=0; 2:x5=0; y=2;
2693  :>0:x7=2; 1:x8=0; 2:x5=0; y=2;
3448  :>0:x7=0; 1:x8=1; 2:x5=0; y=2;
21    :>0:x7=2; 1:x8=1; 2:x5=0; y=2;
235   :>0:x7=0; 1:x8=0; 2:x5=2; y=2;
2970  :>0:x7=2; 1:x8=0; 2:x5=2; y=2;
211   :>0:x7=0; 1:x8=1; 2:x5=2; y=2;
37    :>0:x7=2; 1:x8=1; 2:x5=2; y=2;
No

Witnesses
Positive: 0, Negative: 10000
Condition exists (y=2 /\ 0:x7=0 /\ 1:x8=0 /\ 2:x5=1) is NOT validated
Hash=8ebc0c6106f86484a23d564c7de24558
Generator=diyone7 (version 7.56)
Com=Fr Fr Fr
Orig=Fre PodWR Fre RfLeave FrBack PodWR
Observation A Never 0 10000
Time A 0.06
Revision exported, version 7.56
Command line: litmus7 -carch RISCV -limit true -affinity incr3 -force_affinity true -mem direct -barrier userfence -detached false -thread detached -launch fixed -stride 2 -size_of_test 100 -number_of_run 10 -driver C -gcc riscv64-unknown-linux-gnu-gcc -ccopts -O2 -linkopt -static -avail 4 -alloc before -contiguous false -noalign none ./make_new_litmus/litmus_output/Fre_PodWR_Fre_RfLeave_FrBack_PodWR.litmus -o ./make_new_litmus/litmus_output_bayes/Fre_PodWR_Fre_RfLeave_FrBack_PodWR_0_1_1_0_1_1_4_2_0_0_0
Parameters
#define SIZE_OF_TEST 100
#define NUMBER_OF_RUN 10
#define AVAIL 4
#define STRIDE 2
#define MAX_LOOP 0
/* gcc options: -D_GNU_SOURCE -DFORCE_AFFINITY -Wall -std=gnu99 -O2 -pthread */
/* gcc link options: -static */
/* barrier: userfence */
/* launch: fixed */
/* affinity: incr3 */
/* alloc: Before */
/* memory: direct */
/* stride: 2 */
/* safer: write */
/* preload: random */
/* speedcheck: no */
/* proc used: 4 */
Command: /home/sipeed/test/run_db34e57e.exe -s 1000
Mon Jan 26 01:46:15 2026
