Sun Jan 25 22:43:16 2026
%%%%%%%%%%%%%%%%%%%%%%%%%%%%%%%%%%%%%%%%%%%%%%%%%%%%%%%%%%%%%%%%%%%%%%%%%%%%%%%%%%%%%%%%%
% Results for ./make_new_litmus/litmus_output/Fre_PodWR_Fre_RfLeave_FrBack_PodWR.litmus %
%%%%%%%%%%%%%%%%%%%%%%%%%%%%%%%%%%%%%%%%%%%%%%%%%%%%%%%%%%%%%%%%%%%%%%%%%%%%%%%%%%%%%%%%%
RISCV A
"Fre PodWR Fre RfLeave FrBack PodWR"
{0:x6=x; 0:x8=y; 1:x6=y; 1:x9=x; 2:x6=y;}
 P0          | P1          | P2          ;
 ori x5,x0,1 | ori x5,x0,1 | lw x5,0(x6) ;
 sw x5,0(x6) | sw x5,0(x6) |             ;
 lw x7,0(x8) | ori x7,x0,2 |             ;
             | sw x7,0(x6) |             ;
             | lw x8,0(x9) |             ;

exists (y=2 /\ 0:x7=0 /\ 1:x8=0 /\ 2:x5=1)
Generated assembler
#START _litmus_P1
	ori t6,x0,1
	sw t6,0(a5)
	ori t4,x0,2
	sw t4,0(a5)
	lw a1,0(a4)
#START _litmus_P2
	lw a4,0(a5)
#START _litmus_P0
	ori t4,x0,1
	sw t4,0(a5)
	lw a1,0(a4)
Test A Allowed
Histogram (18 states)
162777:>0:x7=0; 1:x8=0; 2:x5=0; y=2;
74    :>0:x7=1; 1:x8=0; 2:x5=0; y=2;
135776:>0:x7=2; 1:x8=0; 2:x5=0; y=2;
319357:>0:x7=0; 1:x8=1; 2:x5=0; y=2;
110   :>0:x7=1; 1:x8=1; 2:x5=0; y=2;
12952 :>0:x7=2; 1:x8=1; 2:x5=0; y=2;
31    *>0:x7=0; 1:x8=0; 2:x5=1; y=2;
285   :>0:x7=1; 1:x8=0; 2:x5=1; y=2;
36    :>0:x7=2; 1:x8=0; 2:x5=1; y=2;
122   :>0:x7=0; 1:x8=1; 2:x5=1; y=2;
1811  :>0:x7=1; 1:x8=1; 2:x5=1; y=2;
3     :>0:x7=2; 1:x8=1; 2:x5=1; y=2;
22966 :>0:x7=0; 1:x8=0; 2:x5=2; y=2;
13    :>0:x7=1; 1:x8=0; 2:x5=2; y=2;
266192:>0:x7=2; 1:x8=0; 2:x5=2; y=2;
51407 :>0:x7=0; 1:x8=1; 2:x5=2; y=2;
8     :>0:x7=1; 1:x8=1; 2:x5=2; y=2;
26080 :>0:x7=2; 1:x8=1; 2:x5=2; y=2;
Ok

Witnesses
Positive: 31, Negative: 999969
Condition exists (y=2 /\ 0:x7=0 /\ 1:x8=0 /\ 2:x5=1) is validated
Hash=8ebc0c6106f86484a23d564c7de24558
Generator=diyone7 (version 7.56)
Com=Fr Fr Fr
Orig=Fre PodWR Fre RfLeave FrBack PodWR
Observation A Sometimes 31 999969
Time A 0.88
Revision exported, version 7.56
Command line: litmus7 -carch RISCV -limit true -affinity incr1 -force_affinity true -mem direct -barrier userfence -detached false -thread std -launch changing -stride 0 -size_of_test 100 -number_of_run 10 -driver C -gcc riscv64-unknown-linux-gnu-gcc -ccopts -O2 -linkopt -static -avail 4 -alloc dynamic -contiguous false -noalign none ./make_new_litmus/litmus_output/Fre_PodWR_Fre_RfLeave_FrBack_PodWR.litmus -o ./make_new_litmus/litmus_output_bayes/Fre_PodWR_Fre_RfLeave_FrBack_PodWR_0_1_0_0_0_0_2_0_0_0_0
Parameters
#define SIZE_OF_TEST 100
#define NUMBER_OF_RUN 10
#define AVAIL 4
#define STRIDE (-1)
#define MAX_LOOP 0
/* gcc options: -D_GNU_SOURCE -DFORCE_AFFINITY -Wall -std=gnu99 -O2 -pthread */
/* gcc link options: -static */
/* barrier: userfence */
/* launch: changing */
/* affinity: incr1 */
/* alloc: dynamic */
/* memory: direct */
/* safer: write */
/* preload: random */
/* speedcheck: no */
/* proc used: 4 */
Command: /home/sipeed/test/run_45d225e2.exe -s 100000
Sun Jan 25 22:43:16 2026
