Sun Jan 25 22:43:32 2026
%%%%%%%%%%%%%%%%%%%%%%%%%%%%%%%%%%%%%%%%%%%%%%%%%%%%%%%%%%%%%%%%%%%%%%%%%%
% Results for ./make_new_litmus/litmus_output/Fre_PodWR_Fre_PodWR.litmus %
%%%%%%%%%%%%%%%%%%%%%%%%%%%%%%%%%%%%%%%%%%%%%%%%%%%%%%%%%%%%%%%%%%%%%%%%%%
RISCV A
"Fre PodWR Fre PodWR"
{0:x6=x; 0:x8=y; 1:x6=y; 1:x8=x;}
 P0          | P1          ;
 ori x5,x0,1 | ori x5,x0,1 ;
 sw x5,0(x6) | sw x5,0(x6) ;
 lw x7,0(x8) | lw x7,0(x8) ;

exists (0:x7=0 /\ 1:x7=0)
Generated assembler
#START _litmus_P0
	ori t3,x0,1
	sw t3,0(a5)
	lw a1,0(a4)
#START _litmus_P1
	ori t3,x0,1
	sw t3,0(a5)
	lw a1,0(a4)
Test A Allowed
Histogram (4 states)
225995*>0:x7=0; 1:x7=0;
851292:>0:x7=1; 1:x7=0;
874216:>0:x7=0; 1:x7=1;
48497 :>0:x7=1; 1:x7=1;
Ok

Witnesses
Positive: 225995, Negative: 1774005
Condition exists (0:x7=0 /\ 1:x7=0) is validated
Hash=7731cc3aff39e05d36f7e84bb59699a0
Generator=diyone7 (version 7.56)
Com=Fr Fr
Orig=Fre PodWR Fre PodWR
Observation A Sometimes 225995 1774005
Time A 0.60
Revision exported, version 7.56
Command line: litmus7 -carch RISCV -limit true -affinity incr1 -force_affinity true -mem direct -barrier userfence -detached false -thread std -launch changing -stride 0 -size_of_test 100 -number_of_run 10 -driver C -gcc riscv64-unknown-linux-gnu-gcc -ccopts -O2 -linkopt -static -avail 4 -alloc dynamic -contiguous false -noalign none ./make_new_litmus/litmus_output/Fre_PodWR_Fre_PodWR.litmus -o ./make_new_litmus/litmus_output_bayes/Fre_PodWR_Fre_PodWR_0_1_0_0_0_0_2_0_0_0_0
Parameters
#define SIZE_OF_TEST 100
#define NUMBER_OF_RUN 10
#define AVAIL 4
#define STRIDE (-1)
#define MAX_LOOP 0
/* gcc options: -D_GNU_SOURCE -DFORCE_AFFINITY -Wall -std=gnu99 -O2 -pthread */
/* gcc link options: -static */
/* barrier: userfence */
/* launch: changing */
/* affinity: incr1 */
/* alloc: dynamic */
/* memory: direct */
/* safer: write */
/* preload: random */
/* speedcheck: no */
/* proc used: 4 */
Command: /home/sipeed/test/run_8cfe9a1e.exe -s 100000
Sun Jan 25 22:43:32 2026
