Sun Jan 25 22:43:42 2026
%%%%%%%%%%%%%%%%%%%%%%%%%%%%%%%%%%%%%%%%%%%%%%%%%%%%%%%%%%%%%%%%%%%%%%%%%%%%%%%%%%%%%%%%%
% Results for ./make_new_litmus/litmus_output/Fre_PodWR_Fre_RfLeave_PodRW_RfBack.litmus %
%%%%%%%%%%%%%%%%%%%%%%%%%%%%%%%%%%%%%%%%%%%%%%%%%%%%%%%%%%%%%%%%%%%%%%%%%%%%%%%%%%%%%%%%%
RISCV A
"Fre PodWR Fre RfLeave PodRW RfBack"
{0:x6=x; 0:x8=y; 1:x6=y; 1:x8=x; 2:x6=y; 2:x8=x;}
 P0          | P1          | P2          ;
 ori x5,x0,2 | ori x5,x0,1 | lw x5,0(x6) ;
 sw x5,0(x6) | sw x5,0(x6) | ori x7,x0,1 ;
 lw x7,0(x8) | lw x7,0(x8) | sw x7,0(x8) ;

exists (x=2 /\ 0:x7=0 /\ 1:x7=1 /\ 2:x5=1)
Generated assembler
#START _litmus_P0
	ori t4,x0,2
	sw t4,0(a5)
	lw a1,0(a4)
#START _litmus_P2
	lw a1,0(a5)
	ori t4,x0,1
	sw t4,0(a4)
#START _litmus_P1
	ori t4,x0,1
	sw t4,0(a5)
	lw a1,0(a4)
Test A Allowed
Histogram (24 states)
22632 :>0:x7=0; 1:x7=0; 2:x5=0; x=1;
4190  :>0:x7=1; 1:x7=0; 2:x5=0; x=1;
139006:>0:x7=0; 1:x7=1; 2:x5=0; x=1;
2033  :>0:x7=1; 1:x7=1; 2:x5=0; x=1;
25233 :>0:x7=0; 1:x7=2; 2:x5=0; x=1;
885   :>0:x7=1; 1:x7=2; 2:x5=0; x=1;
24447 :>0:x7=0; 1:x7=0; 2:x5=1; x=1;
143391:>0:x7=1; 1:x7=0; 2:x5=1; x=1;
742   :>0:x7=0; 1:x7=1; 2:x5=1; x=1;
1553  :>0:x7=1; 1:x7=1; 2:x5=1; x=1;
130815:>0:x7=0; 1:x7=2; 2:x5=1; x=1;
13522 :>0:x7=1; 1:x7=2; 2:x5=1; x=1;
22056 :>0:x7=0; 1:x7=0; 2:x5=0; x=2;
23285 :>0:x7=1; 1:x7=0; 2:x5=0; x=2;
20938 :>0:x7=0; 1:x7=1; 2:x5=0; x=2;
133913:>0:x7=1; 1:x7=1; 2:x5=0; x=2;
138453:>0:x7=0; 1:x7=2; 2:x5=0; x=2;
1083  :>0:x7=1; 1:x7=2; 2:x5=0; x=2;
2744  :>0:x7=0; 1:x7=0; 2:x5=1; x=2;
135484:>0:x7=1; 1:x7=0; 2:x5=1; x=2;
437   *>0:x7=0; 1:x7=1; 2:x5=1; x=2;
10134 :>0:x7=1; 1:x7=1; 2:x5=1; x=2;
1398  :>0:x7=0; 1:x7=2; 2:x5=1; x=2;
1626  :>0:x7=1; 1:x7=2; 2:x5=1; x=2;
Ok

Witnesses
Positive: 437, Negative: 999563
Condition exists (x=2 /\ 0:x7=0 /\ 1:x7=1 /\ 2:x5=1) is validated
Hash=7d8b19c31d46abbc00b91c537897340f
Generator=diyone7 (version 7.56)
Com=Fr Fr Rf
Orig=Fre PodWR Fre RfLeave PodRW RfBack
Observation A Sometimes 437 999563
Time A 0.88
Revision exported, version 7.56
Command line: litmus7 -carch RISCV -limit true -affinity incr1 -force_affinity true -mem direct -barrier userfence -detached false -thread std -launch changing -stride 0 -size_of_test 100 -number_of_run 10 -driver C -gcc riscv64-unknown-linux-gnu-gcc -ccopts -O2 -linkopt -static -avail 4 -alloc dynamic -contiguous false -noalign none ./make_new_litmus/litmus_output/Fre_PodWR_Fre_RfLeave_PodRW_RfBack.litmus -o ./make_new_litmus/litmus_output_bayes/Fre_PodWR_Fre_RfLeave_PodRW_RfBack_0_1_0_0_0_0_2_0_0_0_0
Parameters
#define SIZE_OF_TEST 100
#define NUMBER_OF_RUN 10
#define AVAIL 4
#define STRIDE (-1)
#define MAX_LOOP 0
/* gcc options: -D_GNU_SOURCE -DFORCE_AFFINITY -Wall -std=gnu99 -O2 -pthread */
/* gcc link options: -static */
/* barrier: userfence */
/* launch: changing */
/* affinity: incr1 */
/* alloc: dynamic */
/* memory: direct */
/* safer: write */
/* preload: random */
/* speedcheck: no */
/* proc used: 4 */
Command: /home/sipeed/test/run_4cc413bf.exe -s 100000
Sun Jan 25 22:43:43 2026
