Sun Jan 25 22:43:43 2026
%%%%%%%%%%%%%%%%%%%%%%%%%%%%%%%%%%%%%%%%%%%%%%%%%%%%%%%%%%%%%%%%%%%%%%%%%%%%%%%%%%%%%%%%%
% Results for ./make_new_litmus/litmus_output/Fre_PodWR_Fre_PodWR_FrLeave_RfBack.litmus %
%%%%%%%%%%%%%%%%%%%%%%%%%%%%%%%%%%%%%%%%%%%%%%%%%%%%%%%%%%%%%%%%%%%%%%%%%%%%%%%%%%%%%%%%%
RISCV A
"Fre PodWR Fre PodWR FrLeave RfBack"
{0:x6=x; 0:x8=y; 1:x6=y; 1:x8=x; 2:x6=x;}
 P0          | P1          | P2          ;
 ori x5,x0,2 | ori x5,x0,1 | ori x5,x0,1 ;
 sw x5,0(x6) | sw x5,0(x6) | sw x5,0(x6) ;
 lw x7,0(x8) | lw x7,0(x8) |             ;
             | lw x9,0(x8) |             ;

exists (x=2 /\ 0:x7=0 /\ 1:x7=0 /\ 1:x9=1)
Generated assembler
#START _litmus_P1
	ori t0,x0,1
	sw t0,0(a5)
	lw a1,0(a4)
	lw t6,0(a4)
#START _litmus_P2
	ori a4,x0,1
	sw a4,0(a5)
#START _litmus_P0
	ori t4,x0,2
	sw t4,0(a5)
	lw a1,0(a4)
Test A Allowed
Histogram (23 states)
50735 :>0:x7=0; 1:x7=0; 1:x9=0; x=1;
122306:>0:x7=1; 1:x7=0; 1:x9=0; x=1;
259   :>0:x7=0; 1:x7=0; 1:x9=1; x=1;
97    :>0:x7=1; 1:x7=0; 1:x9=1; x=1;
139287:>0:x7=0; 1:x7=1; 1:x9=1; x=1;
10781 :>0:x7=1; 1:x7=1; 1:x9=1; x=1;
57    :>0:x7=0; 1:x7=2; 1:x9=1; x=1;
234   :>0:x7=0; 1:x7=0; 1:x9=2; x=1;
39    :>0:x7=1; 1:x7=0; 1:x9=2; x=1;
125820:>0:x7=0; 1:x7=2; 1:x9=2; x=1;
13583 :>0:x7=1; 1:x7=2; 1:x9=2; x=1;
56724 :>0:x7=0; 1:x7=0; 1:x9=0; x=2;
179383:>0:x7=1; 1:x7=0; 1:x9=0; x=2;
153   *>0:x7=0; 1:x7=0; 1:x9=1; x=2;
482   :>0:x7=1; 1:x7=0; 1:x9=1; x=2;
44254 :>0:x7=0; 1:x7=1; 1:x9=1; x=2;
111128:>0:x7=1; 1:x7=1; 1:x9=1; x=2;
312   :>0:x7=0; 1:x7=0; 1:x9=2; x=2;
60    :>0:x7=1; 1:x7=0; 1:x9=2; x=2;
49    :>0:x7=0; 1:x7=1; 1:x9=2; x=2;
15    :>0:x7=1; 1:x7=1; 1:x9=2; x=2;
118900:>0:x7=0; 1:x7=2; 1:x9=2; x=2;
25342 :>0:x7=1; 1:x7=2; 1:x9=2; x=2;
Ok

Witnesses
Positive: 153, Negative: 999847
Condition exists (x=2 /\ 0:x7=0 /\ 1:x7=0 /\ 1:x9=1) is validated
Hash=f4e8c3068174148c38476b2b69980ee9
Generator=diyone7 (version 7.56)
Com=Fr Fr Rf
Orig=Fre PodWR Fre PodWR FrLeave RfBack
Observation A Sometimes 153 999847
Time A 0.95
Revision exported, version 7.56
Command line: litmus7 -carch RISCV -limit true -affinity incr1 -force_affinity true -mem direct -barrier userfence -detached false -thread std -launch changing -stride 0 -size_of_test 100 -number_of_run 10 -driver C -gcc riscv64-unknown-linux-gnu-gcc -ccopts -O2 -linkopt -static -avail 4 -alloc dynamic -contiguous false -noalign none ./make_new_litmus/litmus_output/Fre_PodWR_Fre_PodWR_FrLeave_RfBack.litmus -o ./make_new_litmus/litmus_output_bayes/Fre_PodWR_Fre_PodWR_FrLeave_RfBack_0_1_0_0_0_0_2_0_0_0_0
Parameters
#define SIZE_OF_TEST 100
#define NUMBER_OF_RUN 10
#define AVAIL 4
#define STRIDE (-1)
#define MAX_LOOP 0
/* gcc options: -D_GNU_SOURCE -DFORCE_AFFINITY -Wall -std=gnu99 -O2 -pthread */
/* gcc link options: -static */
/* barrier: userfence */
/* launch: changing */
/* affinity: incr1 */
/* alloc: dynamic */
/* memory: direct */
/* safer: write */
/* preload: random */
/* speedcheck: no */
/* proc used: 4 */
Command: /home/sipeed/test/run_546f9593.exe -s 100000
Sun Jan 25 22:43:44 2026
