Mon Jan 26 01:46:15 2026
%%%%%%%%%%%%%%%%%%%%%%%%%%%%%%%%%%%%%%%%%%%%%%%%%%%%%%%%%%%%%%%%%%%%%%%%%%%%%%%%%%
% Results for ./make_new_litmus/litmus_output/Hat_Rmw_PodWR_Hat_Rmw_PodWR.litmus %
%%%%%%%%%%%%%%%%%%%%%%%%%%%%%%%%%%%%%%%%%%%%%%%%%%%%%%%%%%%%%%%%%%%%%%%%%%%%%%%%%%
RISCV A
"Hat LxSx PodWR Hat LxSx PodWR"
{0:x5=x; 0:x9=y; 1:x5=y; 1:x9=x;}
 P0                   | P1                   ;
 ori x7,x0,1          | ori x7,x0,1          ;
 amoswap.w x6,x7,(x5) | amoswap.w x6,x7,(x5) ;
 lw x8,0(x9)          | lw x8,0(x9)          ;

exists (0:x6=0 /\ 0:x8=0 /\ 1:x6=0 /\ 1:x8=0)
Generated assembler
#START _litmus_P0
	ori t6,x0,1
	amoswap.w a1,t6,(a5)
	lw a0,0(a4)
#START _litmus_P1
	ori t6,x0,1
	amoswap.w a1,t6,(a5)
	lw a0,0(a4)
Test A Allowed
Histogram (3 states)
8154  *>0:x6=0; 0:x8=0; 1:x6=0; 1:x8=0;
3658  :>0:x6=0; 0:x8=1; 1:x6=0; 1:x8=0;
8188  :>0:x6=0; 0:x8=0; 1:x6=0; 1:x8=1;
Ok

Witnesses
Positive: 8154, Negative: 11846
Condition exists (0:x6=0 /\ 0:x8=0 /\ 1:x6=0 /\ 1:x8=0) is validated
Hash=aa39de434298613deb076d447c651c9f
Generator=diyone7 (version 7.56)
Com=Fr Fr
Orig=Hat LxSx PodWR Hat LxSx PodWR
Observation A Sometimes 8154 11846
Time A 0.13
Revision exported, version 7.56
Command line: litmus7 -carch RISCV -limit true -affinity incr3 -force_affinity true -mem direct -barrier userfence -detached false -thread detached -launch fixed -stride 2 -size_of_test 100 -number_of_run 10 -driver C -gcc riscv64-unknown-linux-gnu-gcc -ccopts -O2 -linkopt -static -avail 4 -alloc dynamic -contiguous false -noalign none ./make_new_litmus/litmus_output/Hat_Rmw_PodWR_Hat_Rmw_PodWR.litmus -o ./make_new_litmus/litmus_output_bayes/Hat_Rmw_PodWR_Hat_Rmw_PodWR_0_1_0_0_1_1_4_2_0_0_0
Parameters
#define SIZE_OF_TEST 100
#define NUMBER_OF_RUN 10
#define AVAIL 4
#define STRIDE 2
#define MAX_LOOP 0
/* gcc options: -D_GNU_SOURCE -DFORCE_AFFINITY -Wall -std=gnu99 -O2 -pthread */
/* gcc link options: -static */
/* barrier: userfence */
/* launch: fixed */
/* affinity: incr3 */
/* alloc: dynamic */
/* memory: direct */
/* stride: 2 */
/* safer: write */
/* preload: random */
/* speedcheck: no */
/* proc used: 4 */
Command: /home/sipeed/test/run_965fce2a.exe -s 1000
Mon Jan 26 01:46:15 2026
