Mon Jan 26 01:46:59 2026
Revision exported, version 7.56
Command line: litmus7 -carch RISCV -limit true -affinity incr3 -force_affinity true -mem indirect -barrier none -detached false -thread std -launch changing -stride 2 -size_of_test 100 -number_of_run 10 -driver C -gcc riscv64-unknown-linux-gnu-gcc -ccopts -O2 -linkopt -static -avail 4 -alloc dynamic -contiguous true -noalign none ./make_new_litmus/litmus_output/PodWWPAR_CoeARP_PodWRPAR_FreARP.litmus -o ./make_new_litmus/litmus_output_bayes/PodWWPAR_CoeARP_PodWRPAR_FreARP_1_5_0_0_0_0_4_2_1_0_0
Parameters
#define SIZE_OF_TEST 100
#define NUMBER_OF_RUN 10
#define AVAIL 4
#define STRIDE 2
#define MAX_LOOP 0
/* gcc options: -D_GNU_SOURCE -DFORCE_AFFINITY -Wall -std=gnu99 -O2 -pthread */
/* gcc link options: -static */
/* barrier: none */
/* launch: changing */
/* affinity: incr3 */
/* alloc: dynamic */
/* memory: indirect */
/* stride: 2 */
/* safer: write */
/* preload: random */
/* speedcheck: no */
/* proc used: 4 */
Command: /home/sipeed/test/run_7b3c741c.exe -s 1000
Mon Jan 26 01:46:59 2026
