Mon Jan 26 02:23:23 2026
%%%%%%%%%%%%%%%%%%%%%%%%%%%%%%%%%%%%%%%%%%%%%%%%%%%%%%%%%%%%%%%%%%%%%%%%%%%%%%%%%%%%
% Results for ./make_new_litmus/litmus_output/Rfe_PodRR_Fre_PosWW_Rfe_PodRW.litmus %
%%%%%%%%%%%%%%%%%%%%%%%%%%%%%%%%%%%%%%%%%%%%%%%%%%%%%%%%%%%%%%%%%%%%%%%%%%%%%%%%%%%%
RISCV A
"Rfe PodRR Fre PosWW Rfe PodRW"
{0:x6=x; 0:x8=y; 1:x6=y; 2:x6=y; 2:x8=x;}
 P0          | P1          | P2          ;
 lw x5,0(x6) | ori x5,x0,1 | lw x5,0(x6) ;
 lw x7,0(x8) | sw x5,0(x6) | ori x7,x0,1 ;
             | ori x7,x0,2 | sw x7,0(x8) ;
             | sw x7,0(x6) |             ;

exists (y=2 /\ 0:x5=1 /\ 0:x7=0 /\ 2:x5=2)
Generated assembler
#START _litmus_P0
	lw a1,0(a5)
	lw s2,0(a4)
#START _litmus_P1
	ori a2,x0,1
	sw a2,0(a5)
	ori a4,x0,2
	sw a4,0(a5)
#START _litmus_P2
	lw a1,0(a5)
	ori s1,x0,1
	sw s1,0(a4)
Test A Allowed
Histogram (14 states)
297743:>0:x5=0; 0:x7=0; 2:x5=0; y=2;
132064:>0:x5=1; 0:x7=0; 2:x5=0; y=2;
1     :>0:x5=0; 0:x7=1; 2:x5=0; y=2;
1     :>0:x5=1; 0:x7=1; 2:x5=0; y=2;
82889 :>0:x5=0; 0:x7=2; 2:x5=0; y=2;
123581:>0:x5=1; 0:x7=2; 2:x5=0; y=2;
5     :>0:x5=0; 0:x7=1; 2:x5=1; y=2;
7     :>0:x5=0; 0:x7=2; 2:x5=1; y=2;
9     :>0:x5=1; 0:x7=2; 2:x5=1; y=2;
149446:>0:x5=0; 0:x7=0; 2:x5=2; y=2;
10318 *>0:x5=1; 0:x7=0; 2:x5=2; y=2;
10    :>0:x5=0; 0:x7=1; 2:x5=2; y=2;
142491:>0:x5=0; 0:x7=2; 2:x5=2; y=2;
61435 :>0:x5=1; 0:x7=2; 2:x5=2; y=2;
Ok

Witnesses
Positive: 10318, Negative: 989682
Condition exists (y=2 /\ 0:x5=1 /\ 0:x7=0 /\ 2:x5=2) is validated
Hash=7f432d4a89037ff37d3ae91fbc2eed21
Generator=diyone7 (version 7.56)
Com=Fr Rf Rf
Orig=Rfe PodRR Fre PosWW Rfe PodRW
Observation A Sometimes 10318 989682
Time A 1.01
Revision exported, version 7.56
Command line: litmus7 -carch RISCV -limit true -affinity incr3 -force_affinity true -mem direct -barrier userfence -detached false -thread detached -launch fixed -stride 133 -size_of_test 100 -number_of_run 10 -driver C -gcc riscv64-unknown-linux-gnu-gcc -ccopts -O2 -linkopt -static -avail 4 -alloc before -contiguous false -noalign none ./make_new_litmus/litmus_output/Rfe_PodRR_Fre_PosWW_Rfe_PodRW.litmus -o ./make_new_litmus/litmus_output_bayes/Rfe_PodRR_Fre_PosWW_Rfe_PodRW_0_1_1_0_1_1_4_2_0_0_0
Parameters
#define SIZE_OF_TEST 100
#define NUMBER_OF_RUN 10
#define AVAIL 4
#define STRIDE 133
#define MAX_LOOP 0
/* gcc options: -D_GNU_SOURCE -DFORCE_AFFINITY -Wall -std=gnu99 -O2 -pthread */
/* gcc link options: -static */
/* barrier: userfence */
/* launch: fixed */
/* affinity: incr3 */
/* alloc: Before */
/* memory: direct */
/* stride: 133 */
/* safer: write */
/* preload: random */
/* speedcheck: no */
/* proc used: 4 */
Command: /home/sipeed/test/run_d3bf524d.exe -s 100000
Mon Jan 26 02:23:24 2026
