Sun Jan 25 22:42:26 2026
%%%%%%%%%%%%%%%%%%%%%%%%%%%%%%%%%%%%%%%%%%%%%%%%%%%%%%%%%%%%%%%%%%%%%%%%%%%%%%%%%%%%%%%
% Results for ./make_new_litmus/litmus_output/Rfe_PodRR_Fre_PodWW_Rfe_DpDatadW.litmus %
%%%%%%%%%%%%%%%%%%%%%%%%%%%%%%%%%%%%%%%%%%%%%%%%%%%%%%%%%%%%%%%%%%%%%%%%%%%%%%%%%%%%%%%
RISCV A
"Rfe PodRR Fre PodWW Rfe DpDatadW"
{0:x6=x; 0:x8=y; 1:x6=y; 1:x8=z; 2:x6=z; 2:x8=x;}
 P0          | P1          | P2           ;
 lw x5,0(x6) | ori x5,x0,1 | lw x5,0(x6)  ;
 lw x7,0(x8) | sw x5,0(x6) | xor x7,x5,x5 ;
             | ori x7,x0,1 | ori x7,x7,1  ;
             | sw x7,0(x8) | sw x7,0(x8)  ;

exists (0:x5=1 /\ 0:x7=0 /\ 2:x5=1)
Generated assembler
#START _litmus_P2
	lw a1,0(a5)
	xor t4,a1,a1
	ori t4,t4,1
	sw t4,0(a4)
#START _litmus_P1
	ori t3,x0,1
	sw t3,0(a5)
	ori a2,x0,1
	sw a2,0(a4)
#START _litmus_P0
	lw a1,0(a5)
	lw t6,0(a4)
Test A Allowed
Histogram (8 states)
269761:>0:x5=0; 0:x7=0; 2:x5=0;
136406:>0:x5=1; 0:x7=0; 2:x5=0;
45221 :>0:x5=0; 0:x7=1; 2:x5=0;
164383:>0:x5=1; 0:x7=1; 2:x5=0;
91078 :>0:x5=0; 0:x7=0; 2:x5=1;
1884  *>0:x5=1; 0:x7=0; 2:x5=1;
270816:>0:x5=0; 0:x7=1; 2:x5=1;
20451 :>0:x5=1; 0:x7=1; 2:x5=1;
Ok

Witnesses
Positive: 1884, Negative: 998116
Condition exists (0:x5=1 /\ 0:x7=0 /\ 2:x5=1) is validated
Hash=96c9ad82683be308ca01318c5c7936ed
Generator=diyone7 (version 7.56)
Com=Fr Rf Rf
Orig=Rfe PodRR Fre PodWW Rfe DpDatadW
Observation A Sometimes 1884 998116
Time A 0.62
Revision exported, version 7.56
Command line: litmus7 -carch RISCV -limit true -affinity incr1 -force_affinity true -mem direct -barrier userfence -detached false -thread std -launch changing -stride 0 -size_of_test 100 -number_of_run 10 -driver C -gcc riscv64-unknown-linux-gnu-gcc -ccopts -O2 -linkopt -static -avail 4 -alloc dynamic -contiguous false -noalign none ./make_new_litmus/litmus_output/Rfe_PodRR_Fre_PodWW_Rfe_DpDatadW.litmus -o ./make_new_litmus/litmus_output_bayes/Rfe_PodRR_Fre_PodWW_Rfe_DpDatadW_0_1_0_0_0_0_2_0_0_0_0
Parameters
#define SIZE_OF_TEST 100
#define NUMBER_OF_RUN 10
#define AVAIL 4
#define STRIDE (-1)
#define MAX_LOOP 0
/* gcc options: -D_GNU_SOURCE -DFORCE_AFFINITY -Wall -std=gnu99 -O2 -pthread */
/* gcc link options: -static */
/* barrier: userfence */
/* launch: changing */
/* affinity: incr1 */
/* alloc: dynamic */
/* memory: direct */
/* safer: write */
/* preload: random */
/* speedcheck: no */
/* proc used: 4 */
Command: /home/sipeed/test/run_2731ca55.exe -s 100000
Sun Jan 25 22:42:26 2026
