Mon Jan 26 01:49:24 2026
%%%%%%%%%%%%%%%%%%%%%%%%%%%%%%%%%%%%%%%%%%%%%%%%%%%%%%%%%%%%%%%%%%%%%%%%%%%%%%%%%%%%%%%%%%%%%
% Results for ./make_new_litmus/litmus_output/Rfe_DpCtrlFenceIsR_Fre_PodWR_Fre_PodWW.litmus %
%%%%%%%%%%%%%%%%%%%%%%%%%%%%%%%%%%%%%%%%%%%%%%%%%%%%%%%%%%%%%%%%%%%%%%%%%%%%%%%%%%%%%%%%%%%%%
RISCV A
"Rfe DpCtrlFenceIsR Fre PodWR Fre PodWW"
{0:x6=x; 1:x6=x; 1:x8=y; 2:x6=y; 2:x8=x;}
 P0             | P1          | P2          ;
 lw x5,0(x6)    | ori x5,x0,2 | ori x5,x0,1 ;
 bne x5,x0,LC00 | sw x5,0(x6) | sw x5,0(x6) ;
 LC00:          | lw x7,0(x8) | ori x7,x0,1 ;
 fence.i        |             | sw x7,0(x8) ;
 lw x7,0(x6)    |             |             ;

exists (x=2 /\ 0:x5=1 /\ 0:x7=1 /\ 1:x7=0)
Generated assembler
#START _litmus_P0
	lw a4,0(a5)
	bne a4,x0,0f
0:
	fence.i
	lw a1,0(a5)
#START _litmus_P2
	ori t2,x0,1
	sw t2,0(a5)
	ori a2,x0,1
	sw a2,0(a4)
#START _litmus_P1
	ori s1,x0,2
	sw s1,0(a5)
	lw a1,0(a4)
Test A Allowed
Histogram (23 states)
288   :>0:x5=0; 0:x7=0; 1:x7=0; x=1;
170752:>0:x5=0; 0:x7=1; 1:x7=0; x=1;
173842:>0:x5=1; 0:x7=1; 1:x7=0; x=1;
31441 :>0:x5=2; 0:x7=1; 1:x7=0; x=1;
6125  :>0:x5=0; 0:x7=2; 1:x7=0; x=1;
378   :>0:x5=2; 0:x7=2; 1:x7=0; x=1;
191   :>0:x5=0; 0:x7=0; 1:x7=1; x=1;
6401  :>0:x5=0; 0:x7=1; 1:x7=1; x=1;
23831 :>0:x5=1; 0:x7=1; 1:x7=1; x=1;
9659  :>0:x5=2; 0:x7=1; 1:x7=1; x=1;
1109  :>0:x5=0; 0:x7=2; 1:x7=1; x=1;
13    :>0:x5=2; 0:x7=2; 1:x7=1; x=1;
284   :>0:x5=0; 0:x7=0; 1:x7=0; x=2;
2409  :>0:x5=0; 0:x7=1; 1:x7=0; x=2;
52501 :>0:x5=0; 0:x7=2; 1:x7=0; x=2;
59236 :>0:x5=1; 0:x7=2; 1:x7=0; x=2;
53255 :>0:x5=2; 0:x7=2; 1:x7=0; x=2;
541   :>0:x5=0; 0:x7=0; 1:x7=1; x=2;
3406  :>0:x5=0; 0:x7=1; 1:x7=1; x=2;
252   :>0:x5=1; 0:x7=1; 1:x7=1; x=2;
243113:>0:x5=0; 0:x7=2; 1:x7=1; x=2;
22259 :>0:x5=1; 0:x7=2; 1:x7=1; x=2;
138714:>0:x5=2; 0:x7=2; 1:x7=1; x=2;
No

Witnesses
Positive: 0, Negative: 1000000
Condition exists (x=2 /\ 0:x5=1 /\ 0:x7=1 /\ 1:x7=0) is NOT validated
Hash=0461b6e5c2f28da0cb7c994e68c3289c
Generator=diyone7 (version 7.56)
Com=Fr Fr Rf
Orig=Rfe DpCtrlFenceIsR Fre PodWR Fre PodWW
Observation A Never 0 1000000
Time A 2.60
Revision exported, version 7.56
Command line: litmus7 -carch RISCV -limit true -affinity incr3 -force_affinity true -mem direct -barrier userfence -detached true -thread std -launch fixed -stride 1 -size_of_test 100 -number_of_run 10 -driver C -gcc riscv64-unknown-linux-gnu-gcc -ccopts -O2 -linkopt -static -avail 4 -alloc before -contiguous true -noalign none ./make_new_litmus/litmus_output/Rfe_DpCtrlFenceIsR_Fre_PodWR_Fre_PodWW.litmus -o ./make_new_litmus/litmus_output_bayes/Rfe_DpCtrlFenceIsR_Fre_PodWR_Fre_PodWW_0_1_1_1_0_1_4_1_1_0_0
Parameters
#define SIZE_OF_TEST 100
#define NUMBER_OF_RUN 10
#define AVAIL 4
#define STRIDE 1
#define MAX_LOOP 0
/* gcc options: -D_GNU_SOURCE -DFORCE_AFFINITY -Wall -std=gnu99 -O2 -pthread */
/* gcc link options: -static */
/* barrier: userfence */
/* launch: fixed */
/* affinity: incr3 */
/* alloc: Before */
/* memory: direct */
/* stride: 1 */
/* safer: write */
/* preload: random */
/* speedcheck: no */
/* proc used: 4 */
Command: /home/sipeed/test/run_449d1eb7.exe -s 100000
Mon Jan 26 01:49:26 2026
