Mon Jan 26 01:45:39 2026
%%%%%%%%%%%%%%%%%%%%%%%%%%%%%%%%%%%%%%%%%%%%%%%%%%%%%%%%%%%%%%%%%%%%%%%%%%%%%%%%%%%%%%%%%
% Results for ./make_new_litmus/litmus_output/Rfe_PodRR_FrLeave_RfBack_Fre_PodWW.litmus %
%%%%%%%%%%%%%%%%%%%%%%%%%%%%%%%%%%%%%%%%%%%%%%%%%%%%%%%%%%%%%%%%%%%%%%%%%%%%%%%%%%%%%%%%%
RISCV A
"Rfe PodRR FrLeave RfBack Fre PodWW"
{0:x6=x; 0:x8=y; 1:x6=y; 2:x6=y; 2:x8=x;}
 P0          | P1          | P2          ;
 lw x5,0(x6) | ori x5,x0,1 | ori x5,x0,2 ;
 lw x7,0(x8) | sw x5,0(x6) | sw x5,0(x6) ;
 lw x9,0(x8) |             | ori x7,x0,1 ;
             |             | sw x7,0(x8) ;

exists (y=2 /\ 0:x5=1 /\ 0:x7=0 /\ 0:x9=1)
Generated assembler
#START _litmus_P0
	lw s2,0(a5)
	lw s3,0(a3)
	lw s4,0(a3)
#START _litmus_P1
	ori a4,x0,1
	sw a4,0(a5)
#START _litmus_P2
	ori t2,x0,2
	sw t2,0(a5)
	ori a2,x0,1
	sw a2,0(a4)
Test A Allowed
Histogram (22 states)
1402  :>0:x5=0; 0:x7=0; 0:x9=0; y=1;
19    :>0:x5=1; 0:x7=0; 0:x9=0; y=1;
10    :>0:x5=0; 0:x7=0; 0:x9=1; y=1;
78    :>0:x5=0; 0:x7=1; 0:x9=1; y=1;
2425  :>0:x5=1; 0:x7=1; 0:x9=1; y=1;
2     :>0:x5=0; 0:x7=2; 0:x9=1; y=1;
5     :>0:x5=1; 0:x7=2; 0:x9=1; y=1;
16    :>0:x5=0; 0:x7=0; 0:x9=2; y=1;
1     :>0:x5=1; 0:x7=0; 0:x9=2; y=1;
190   :>0:x5=0; 0:x7=2; 0:x9=2; y=1;
297   :>0:x5=1; 0:x7=2; 0:x9=2; y=1;
2546  :>0:x5=0; 0:x7=0; 0:x9=0; y=2;
18    :>0:x5=1; 0:x7=0; 0:x9=0; y=2;
21    :>0:x5=0; 0:x7=0; 0:x9=1; y=2;
1     *>0:x5=1; 0:x7=0; 0:x9=1; y=2;
1046  :>0:x5=0; 0:x7=1; 0:x9=1; y=2;
126   :>0:x5=1; 0:x7=1; 0:x9=1; y=2;
6     :>0:x5=0; 0:x7=0; 0:x9=2; y=2;
16    :>0:x5=0; 0:x7=1; 0:x9=2; y=2;
8     :>0:x5=1; 0:x7=1; 0:x9=2; y=2;
1539  :>0:x5=0; 0:x7=2; 0:x9=2; y=2;
228   :>0:x5=1; 0:x7=2; 0:x9=2; y=2;
Ok

Witnesses
Positive: 1, Negative: 9999
Condition exists (y=2 /\ 0:x5=1 /\ 0:x7=0 /\ 0:x9=1) is validated
Hash=624afd28a5e3b56755d63d3e17feee9d
Generator=diyone7 (version 7.56)
Com=Fr Rf Rf
Orig=Rfe PodRR FrLeave RfBack Fre PodWW
Observation A Sometimes 1 9999
Time A 0.07
Revision exported, version 7.56
Command line: litmus7 -carch RISCV -limit true -affinity incr2 -force_affinity true -mem direct -barrier userfence -detached false -thread detached -launch changing -stride 2 -size_of_test 100 -number_of_run 10 -driver C -gcc riscv64-unknown-linux-gnu-gcc -ccopts -O2 -linkopt -static -avail 4 -alloc before -contiguous false -noalign all ./make_new_litmus/litmus_output/Rfe_PodRR_FrLeave_RfBack_Fre_PodWW.litmus -o ./make_new_litmus/litmus_output_bayes/Rfe_PodRR_FrLeave_RfBack_Fre_PodWW_0_1_1_0_1_0_3_2_0_1_0
Parameters
#define SIZE_OF_TEST 100
#define NUMBER_OF_RUN 10
#define AVAIL 4
#define STRIDE 2
#define MAX_LOOP 0
/* gcc options: -D_GNU_SOURCE -DFORCE_AFFINITY -Wall -std=gnu99 -O2 -pthread */
/* gcc link options: -static */
/* barrier: userfence */
/* launch: changing */
/* affinity: incr2 */
/* alloc: Before */
/* memory: direct */
/* stride: 2 */
/* safer: write */
/* preload: random */
/* speedcheck: no */
/* proc used: 4 */
Command: /home/sipeed/test/run_333b9f6b.exe -s 1000
Mon Jan 26 01:45:40 2026
