Sun Jan 25 22:43:21 2026
%%%%%%%%%%%%%%%%%%%%%%%%%%%%%%%%%%%%%%%%%%%%%%%%%%%%%%%%%%%%%%%%%%%%%%%%%%%%%%%%%%%%%%%%%
% Results for ./make_new_litmus/litmus_output/Rfe_FrLeave_PodWW_RfBack_Fre_PodWW.litmus %
%%%%%%%%%%%%%%%%%%%%%%%%%%%%%%%%%%%%%%%%%%%%%%%%%%%%%%%%%%%%%%%%%%%%%%%%%%%%%%%%%%%%%%%%%
RISCV A
"Rfe FrLeave PodWW RfBack Fre PodWW"
{0:x6=x; 0:x8=y; 1:x6=y; 1:x8=x; 2:x6=x; 2:x8=y;}
 P0          | P1          | P2          ;
 ori x5,x0,2 | ori x5,x0,2 | lw x5,0(x6) ;
 sw x5,0(x6) | sw x5,0(x6) | lw x7,0(x8) ;
 ori x7,x0,1 | ori x7,x0,1 |             ;
 sw x7,0(x8) | sw x7,0(x8) |             ;

exists (x=2 /\ y=2 /\ 2:x5=1 /\ 2:x7=1)
Generated assembler
#START _litmus_P0
	ori t3,x0,2
	sw t3,0(a5)
	ori a2,x0,1
	sw a2,0(a4)
#START _litmus_P2
	lw a1,0(a5)
	lw t6,0(a4)
#START _litmus_P1
	ori t3,x0,2
	sw t3,0(a5)
	ori a2,x0,1
	sw a2,0(a4)
Test A Allowed
Histogram (36 states)
116002:>2:x5=0; 2:x7=0; x=1; y=1;
2778  :>2:x5=1; 2:x7=0; x=1; y=1;
38643 :>2:x5=2; 2:x7=0; x=1; y=1;
6773  :>2:x5=0; 2:x7=1; x=1; y=1;
11187 :>2:x5=1; 2:x7=1; x=1; y=1;
41740 :>2:x5=2; 2:x7=1; x=1; y=1;
61196 :>2:x5=0; 2:x7=2; x=1; y=1;
12076 :>2:x5=1; 2:x7=2; x=1; y=1;
3503  :>2:x5=2; 2:x7=2; x=1; y=1;
99281 :>2:x5=0; 2:x7=0; x=2; y=1;
8527  :>2:x5=1; 2:x7=0; x=2; y=1;
7013  :>2:x5=2; 2:x7=0; x=2; y=1;
5201  :>2:x5=0; 2:x7=1; x=2; y=1;
3004  :>2:x5=1; 2:x7=1; x=2; y=1;
66240 :>2:x5=2; 2:x7=1; x=2; y=1;
20015 :>2:x5=0; 2:x7=2; x=2; y=1;
104366:>2:x5=1; 2:x7=2; x=2; y=1;
18316 :>2:x5=2; 2:x7=2; x=2; y=1;
120261:>2:x5=0; 2:x7=0; x=1; y=2;
2809  :>2:x5=1; 2:x7=0; x=1; y=2;
19155 :>2:x5=2; 2:x7=0; x=1; y=2;
8474  :>2:x5=0; 2:x7=1; x=1; y=2;
1777  :>2:x5=1; 2:x7=1; x=1; y=2;
80618 :>2:x5=2; 2:x7=1; x=1; y=2;
7802  :>2:x5=0; 2:x7=2; x=1; y=2;
89236 :>2:x5=1; 2:x7=2; x=1; y=2;
32783 :>2:x5=2; 2:x7=2; x=1; y=2;
2476  :>2:x5=0; 2:x7=0; x=2; y=2;
835   :>2:x5=1; 2:x7=0; x=2; y=2;
1285  :>2:x5=2; 2:x7=0; x=2; y=2;
554   :>2:x5=0; 2:x7=1; x=2; y=2;
171   *>2:x5=1; 2:x7=1; x=2; y=2;
460   :>2:x5=2; 2:x7=1; x=2; y=2;
1022  :>2:x5=0; 2:x7=2; x=2; y=2;
1379  :>2:x5=1; 2:x7=2; x=2; y=2;
3042  :>2:x5=2; 2:x7=2; x=2; y=2;
Ok

Witnesses
Positive: 171, Negative: 999829
Condition exists (x=2 /\ y=2 /\ 2:x5=1 /\ 2:x7=1) is validated
Hash=ff7c9edb77fc536f9a7f4e2c52766895
Generator=diyone7 (version 7.56)
Com=Rf Rf Fr
Orig=Rfe FrLeave PodWW RfBack Fre PodWW
Observation A Sometimes 171 999829
Time A 0.76
Revision exported, version 7.56
Command line: litmus7 -carch RISCV -limit true -affinity incr1 -force_affinity true -mem direct -barrier userfence -detached false -thread std -launch changing -stride 0 -size_of_test 100 -number_of_run 10 -driver C -gcc riscv64-unknown-linux-gnu-gcc -ccopts -O2 -linkopt -static -avail 4 -alloc dynamic -contiguous false -noalign none ./make_new_litmus/litmus_output/Rfe_FrLeave_PodWW_RfBack_Fre_PodWW.litmus -o ./make_new_litmus/litmus_output_bayes/Rfe_FrLeave_PodWW_RfBack_Fre_PodWW_0_1_0_0_0_0_2_0_0_0_0
Parameters
#define SIZE_OF_TEST 100
#define NUMBER_OF_RUN 10
#define AVAIL 4
#define STRIDE (-1)
#define MAX_LOOP 0
/* gcc options: -D_GNU_SOURCE -DFORCE_AFFINITY -Wall -std=gnu99 -O2 -pthread */
/* gcc link options: -static */
/* barrier: userfence */
/* launch: changing */
/* affinity: incr1 */
/* alloc: dynamic */
/* memory: direct */
/* safer: write */
/* preload: random */
/* speedcheck: no */
/* proc used: 4 */
Command: /home/sipeed/test/run_a3900a68.exe -s 100000
Sun Jan 25 22:43:21 2026
