Mon Jan 26 01:46:10 2026
%%%%%%%%%%%%%%%%%%%%%%%%%%%%%%%%%%%%%%%%%%%%%%%%%%%%%%%%%%%%%%%%%%%%%%%%%%%%%%%%%%%%%%%%%%%%%%%%%%%%
% Results for ./make_new_litmus/litmus_output/Rfe_DpAddrdR_Fre_CoLeave_Fence.r.rwdWR_FrBack.litmus %
%%%%%%%%%%%%%%%%%%%%%%%%%%%%%%%%%%%%%%%%%%%%%%%%%%%%%%%%%%%%%%%%%%%%%%%%%%%%%%%%%%%%%%%%%%%%%%%%%%%%
RISCV A
"Rfe DpAddrdR Fre CoLeave Fence.r.rwdWR FrBack"
{0:x6=x; 0:x9=y; 1:x6=y; 1:x8=x; 2:x6=y; 2:x8=x;}
 P0            | P1          | P2          ;
 lw x5,0(x6)   | ori x5,x0,1 | ori x5,x0,2 ;
 xor x7,x5,x5  | sw x5,0(x6) | sw x5,0(x6) ;
 add x10,x9,x7 | ori x7,x0,1 | fence r,rw  ;
 lw x8,0(x10)  | sw x7,0(x8) | lw x7,0(x8) ;

exists (y=2 /\ 0:x5=1 /\ 0:x8=0 /\ 2:x7=0)
Generated assembler
#START _litmus_P0
	lw a1,0(a5)
	xor s4,a1,a1
	add s3,a4,s4
	lw s2,0(s3)
#START _litmus_P1
	ori t2,x0,1
	sw t2,0(a5)
	ori a2,x0,1
	sw a2,0(a4)
#START _litmus_P2
	ori s1,x0,2
	sw s1,0(a5)
	fence r,rw
	lw a1,0(a4)
Test A Allowed
Histogram (19 states)
1629  :>0:x5=0; 0:x8=0; 2:x7=0; y=1;
2970  :>0:x5=0; 0:x8=1; 2:x7=0; y=1;
33    :>0:x5=1; 0:x8=1; 2:x7=0; y=1;
430   :>0:x5=0; 0:x8=2; 2:x7=0; y=1;
98    :>0:x5=0; 0:x8=0; 2:x7=1; y=1;
1     :>0:x5=1; 0:x8=0; 2:x7=1; y=1;
21    :>0:x5=0; 0:x8=1; 2:x7=1; y=1;
109   :>0:x5=1; 0:x8=1; 2:x7=1; y=1;
21    :>0:x5=0; 0:x8=2; 2:x7=1; y=1;
285   :>0:x5=1; 0:x8=2; 2:x7=1; y=1;
2     :>0:x5=0; 0:x8=0; 2:x7=0; y=2;
1     :>0:x5=0; 0:x8=1; 2:x7=0; y=2;
11    :>0:x5=0; 0:x8=2; 2:x7=0; y=2;
1373  :>0:x5=0; 0:x8=0; 2:x7=1; y=2;
16    :>0:x5=1; 0:x8=0; 2:x7=1; y=2;
445   :>0:x5=0; 0:x8=1; 2:x7=1; y=2;
40    :>0:x5=1; 0:x8=1; 2:x7=1; y=2;
718   :>0:x5=0; 0:x8=2; 2:x7=1; y=2;
1797  :>0:x5=1; 0:x8=2; 2:x7=1; y=2;
No

Witnesses
Positive: 0, Negative: 10000
Condition exists (y=2 /\ 0:x5=1 /\ 0:x8=0 /\ 2:x7=0) is NOT validated
Hash=5a42d9550b9bcc04f4689944c597af30
Generator=diyone7 (version 7.56)
Com=Fr Rf Fr
Orig=Rfe DpAddrdR Fre CoLeave Fence.r.rwdWR FrBack
Observation A Never 0 10000
Time A 0.01
Revision exported, version 7.56
Command line: litmus7 -carch RISCV -limit true -affinity incr2 -force_affinity true -mem direct -barrier userfence -detached true -thread detached -launch changing -stride 2 -size_of_test 100 -number_of_run 10 -driver C -gcc riscv64-unknown-linux-gnu-gcc -ccopts -O2 -linkopt -static -avail 4 -alloc dynamic -contiguous false -noalign none ./make_new_litmus/litmus_output/Rfe_DpAddrdR_Fre_CoLeave_Fence.r.rwdWR_FrBack.litmus -o ./make_new_litmus/litmus_output_bayes/Rfe_DpAddrdR_Fre_CoLeave_Fence.r.rwdWR_FrBack_0_1_0_1_1_0_3_2_0_0_0
Parameters
#define SIZE_OF_TEST 100
#define NUMBER_OF_RUN 10
#define AVAIL 4
#define STRIDE 2
#define MAX_LOOP 0
/* gcc options: -D_GNU_SOURCE -DFORCE_AFFINITY -Wall -std=gnu99 -O2 -pthread */
/* gcc link options: -static */
/* barrier: userfence */
/* launch: changing */
/* affinity: incr2 */
/* alloc: dynamic */
/* memory: direct */
/* stride: 2 */
/* safer: write */
/* preload: random */
/* speedcheck: no */
/* proc used: 4 */
Command: /home/sipeed/test/run_f4ed1fd5.exe -s 1000
Mon Jan 26 01:46:10 2026
