Sun Jan 25 22:42:54 2026
%%%%%%%%%%%%%%%%%%%%%%%%%%%%%%%%%%%%%%%%%%%%%%%%%%%%%%%%%%%%%%%%%%%%%%%%%%%%%%%%%%%%%%%%%
% Results for ./make_new_litmus/litmus_output/Rfe_PodRR_Fre_RfLeave_PodRR_FrBack.litmus %
%%%%%%%%%%%%%%%%%%%%%%%%%%%%%%%%%%%%%%%%%%%%%%%%%%%%%%%%%%%%%%%%%%%%%%%%%%%%%%%%%%%%%%%%%
RISCV A
"Rfe PodRR Fre RfLeave PodRR FrBack"
{0:x6=x; 0:x8=y; 1:x6=y; 1:x8=x; 2:x6=y; 2:x8=x;}
 P0          | P1          | P2          ;
 lw x5,0(x6) | ori x5,x0,1 | lw x5,0(x6) ;
 lw x7,0(x8) | sw x5,0(x6) | lw x7,0(x8) ;
             | ori x7,x0,1 |             ;
             | sw x7,0(x8) |             ;

exists (0:x5=1 /\ 0:x7=0 /\ 2:x5=1 /\ 2:x7=0)
Generated assembler
#START _litmus_P0
	lw a1,0(a5)
	lw t6,0(a4)
#START _litmus_P2
	lw a1,0(a5)
	lw t6,0(a4)
#START _litmus_P1
	ori t3,x0,1
	sw t3,0(a5)
	ori a2,x0,1
	sw a2,0(a4)
Test A Allowed
Histogram (16 states)
308646:>0:x5=0; 0:x7=0; 2:x5=0; 2:x7=0;
18567 :>0:x5=1; 0:x7=0; 2:x5=0; 2:x7=0;
105655:>0:x5=0; 0:x7=1; 2:x5=0; 2:x7=0;
49398 :>0:x5=1; 0:x7=1; 2:x5=0; 2:x7=0;
68551 :>0:x5=0; 0:x7=0; 2:x5=1; 2:x7=0;
1148  *>0:x5=1; 0:x7=0; 2:x5=1; 2:x7=0;
50751 :>0:x5=0; 0:x7=1; 2:x5=1; 2:x7=0;
20892 :>0:x5=1; 0:x7=1; 2:x5=1; 2:x7=0;
44649 :>0:x5=0; 0:x7=0; 2:x5=0; 2:x7=1;
35368 :>0:x5=1; 0:x7=0; 2:x5=0; 2:x7=1;
1794  :>0:x5=0; 0:x7=1; 2:x5=0; 2:x7=1;
20557 :>0:x5=1; 0:x7=1; 2:x5=0; 2:x7=1;
44027 :>0:x5=0; 0:x7=0; 2:x5=1; 2:x7=1;
16070 :>0:x5=1; 0:x7=0; 2:x5=1; 2:x7=1;
29358 :>0:x5=0; 0:x7=1; 2:x5=1; 2:x7=1;
184569:>0:x5=1; 0:x7=1; 2:x5=1; 2:x7=1;
Ok

Witnesses
Positive: 1148, Negative: 998852
Condition exists (0:x5=1 /\ 0:x7=0 /\ 2:x5=1 /\ 2:x7=0) is validated
Hash=5022c4994c06d830b91e430a1f310200
Generator=diyone7 (version 7.56)
Com=Fr Rf Fr
Orig=Rfe PodRR Fre RfLeave PodRR FrBack
Observation A Sometimes 1148 998852
Time A 0.58
Revision exported, version 7.56
Command line: litmus7 -carch RISCV -limit true -affinity incr1 -force_affinity true -mem direct -barrier userfence -detached false -thread std -launch changing -stride 0 -size_of_test 100 -number_of_run 10 -driver C -gcc riscv64-unknown-linux-gnu-gcc -ccopts -O2 -linkopt -static -avail 4 -alloc dynamic -contiguous false -noalign none ./make_new_litmus/litmus_output/Rfe_PodRR_Fre_RfLeave_PodRR_FrBack.litmus -o ./make_new_litmus/litmus_output_bayes/Rfe_PodRR_Fre_RfLeave_PodRR_FrBack_0_1_0_0_0_0_2_0_0_0_0
Parameters
#define SIZE_OF_TEST 100
#define NUMBER_OF_RUN 10
#define AVAIL 4
#define STRIDE (-1)
#define MAX_LOOP 0
/* gcc options: -D_GNU_SOURCE -DFORCE_AFFINITY -Wall -std=gnu99 -O2 -pthread */
/* gcc link options: -static */
/* barrier: userfence */
/* launch: changing */
/* affinity: incr1 */
/* alloc: dynamic */
/* memory: direct */
/* safer: write */
/* preload: random */
/* speedcheck: no */
/* proc used: 4 */
Command: /home/sipeed/test/run_e4d1601f.exe -s 100000
Sun Jan 25 22:42:54 2026
