Mon Jan 26 01:45:44 2026
%%%%%%%%%%%%%%%%%%%%%%%%%%%%%%%%%%%%%%%%%%%%%%%%%%%%%%%%%%%%%%%%%%%%%%%%%%%%%%%%%%%%%%%%%%%%%
% Results for ./make_new_litmus/litmus_output/Rfe_PodRW_Rfe_DpCtrlFenceIsR_Fre_PodWW.litmus %
%%%%%%%%%%%%%%%%%%%%%%%%%%%%%%%%%%%%%%%%%%%%%%%%%%%%%%%%%%%%%%%%%%%%%%%%%%%%%%%%%%%%%%%%%%%%%
RISCV A
"Rfe PodRW Rfe DpCtrlFenceIsR Fre PodWW"
{0:x6=x; 0:x8=y; 1:x6=y; 2:x6=y; 2:x8=x;}
 P0          | P1             | P2          ;
 lw x5,0(x6) | lw x5,0(x6)    | ori x5,x0,2 ;
 ori x7,x0,1 | bne x5,x0,LC00 | sw x5,0(x6) ;
 sw x7,0(x8) | LC00:          | ori x7,x0,1 ;
             | fence.i        | sw x7,0(x8) ;
             | lw x7,0(x6)    |             ;

exists (y=2 /\ 0:x5=1 /\ 1:x5=1 /\ 1:x7=1)
Generated assembler
#START _litmus_P1
	lw a4,0(a5)
	bne a4,x0,0f
0:
	fence.i
	lw a1,0(a5)
#START _litmus_P2
	ori t3,x0,2
	sw t3,0(a2)
	ori t1,x0,1
	sw t1,0(a5)
#START _litmus_P0
	lw a2,0(a4)
	ori t5,x0,1
	sw t5,0(a5)
Test A Allowed
Histogram (22 states)
49    :>0:x5=0; 1:x5=0; 1:x7=0; y=1;
69    :>0:x5=1; 1:x5=0; 1:x7=0; y=1;
352   :>0:x5=0; 1:x5=0; 1:x7=1; y=1;
956   :>0:x5=1; 1:x5=0; 1:x7=1; y=1;
396   :>0:x5=0; 1:x5=1; 1:x7=1; y=1;
2831  :>0:x5=1; 1:x5=1; 1:x7=1; y=1;
65    :>0:x5=0; 1:x5=2; 1:x7=1; y=1;
86    :>0:x5=1; 1:x5=2; 1:x7=1; y=1;
32    :>0:x5=0; 1:x5=0; 1:x7=2; y=1;
349   :>0:x5=1; 1:x5=0; 1:x7=2; y=1;
4     :>0:x5=0; 1:x5=2; 1:x7=2; y=1;
16    :>0:x5=1; 1:x5=2; 1:x7=2; y=1;
104   :>0:x5=0; 1:x5=0; 1:x7=0; y=2;
338   :>0:x5=0; 1:x5=0; 1:x7=1; y=2;
2     :>0:x5=1; 1:x5=0; 1:x7=1; y=2;
10    :>0:x5=0; 1:x5=1; 1:x7=1; y=2;
1117  :>0:x5=0; 1:x5=0; 1:x7=2; y=2;
7     :>0:x5=1; 1:x5=0; 1:x7=2; y=2;
455   :>0:x5=0; 1:x5=1; 1:x7=2; y=2;
1     :>0:x5=1; 1:x5=1; 1:x7=2; y=2;
2760  :>0:x5=0; 1:x5=2; 1:x7=2; y=2;
1     :>0:x5=1; 1:x5=2; 1:x7=2; y=2;
No

Witnesses
Positive: 0, Negative: 10000
Condition exists (y=2 /\ 0:x5=1 /\ 1:x5=1 /\ 1:x7=1) is NOT validated
Hash=e3ce93835c1c0c76b9bd4f342c6d1398
Generator=diyone7 (version 7.56)
Com=Rf Fr Rf
Orig=Rfe PodRW Rfe DpCtrlFenceIsR Fre PodWW
Observation A Never 0 10000
Time A 0.02
Revision exported, version 7.56
Command line: litmus7 -carch RISCV -limit true -affinity incr2 -force_affinity true -mem indirect -barrier userfence2 -detached false -thread detached -launch fixed -stride 0 -size_of_test 100 -number_of_run 10 -driver C -gcc riscv64-unknown-linux-gnu-gcc -ccopts -O2 -linkopt -static -avail 4 -alloc dynamic -contiguous false -noalign all ./make_new_litmus/litmus_output/Rfe_PodRW_Rfe_DpCtrlFenceIsR_Fre_PodWW.litmus -o ./make_new_litmus/litmus_output_bayes/Rfe_PodRW_Rfe_DpCtrlFenceIsR_Fre_PodWW_1_3_0_0_1_1_3_0_0_1_0
Parameters
#define SIZE_OF_TEST 100
#define NUMBER_OF_RUN 10
#define AVAIL 4
#define STRIDE (-1)
#define MAX_LOOP 0
/* gcc options: -D_GNU_SOURCE -DFORCE_AFFINITY -Wall -std=gnu99 -O2 -pthread */
/* gcc link options: -static */
/* barrier: userfence2 */
/* launch: fixed */
/* affinity: incr2 */
/* alloc: dynamic */
/* memory: indirect */
/* safer: write */
/* preload: random */
/* speedcheck: no */
/* proc used: 4 */
Command: /home/sipeed/test/run_8e60114e.exe -s 1000
Mon Jan 26 01:45:44 2026
