Mon Jan 26 02:23:29 2026
%%%%%%%%%%%%%%%%%%%%%%%%%%%%%%%%%%%%%%%%%%%%%%%%%%%%%%%%%%%%%%%%%%%%%%%%%%%%%%%%%%%%%%%
% Results for ./make_new_litmus/litmus_output/Rfe_PodRW_Rfe_PodRW_Rfe_DpAddrdW.litmus %
%%%%%%%%%%%%%%%%%%%%%%%%%%%%%%%%%%%%%%%%%%%%%%%%%%%%%%%%%%%%%%%%%%%%%%%%%%%%%%%%%%%%%%%
RISCV A
"Rfe PodRW Rfe PodRW Rfe DpAddrdW"
{0:x6=x; 0:x8=y; 1:x6=y; 1:x8=z; 2:x6=z; 2:x9=x;}
 P0          | P1          | P2            ;
 lw x5,0(x6) | lw x5,0(x6) | lw x5,0(x6)   ;
 ori x7,x0,1 | ori x7,x0,1 | xor x7,x5,x5  ;
 sw x7,0(x8) | sw x7,0(x8) | ori x8,x0,1   ;
             |             | add x10,x9,x7 ;
             |             | sw x8,0(x10)  ;

exists (0:x5=1 /\ 1:x5=1 /\ 2:x5=1)
Generated assembler
#START _litmus_P2
	lw a1,0(a5)
	xor s3,a1,a1
	ori s2,x0,1
	add s1,a4,s3
	sw s2,0(s1)
#START _litmus_P1
	lw a1,0(a5)
	ori s1,x0,1
	sw s1,0(a4)
#START _litmus_P0
	lw a1,0(a5)
	ori s1,x0,1
	sw s1,0(a4)
Test A Allowed
Histogram (8 states)
323479:>0:x5=0; 1:x5=0; 2:x5=0;
137997:>0:x5=1; 1:x5=0; 2:x5=0;
215388:>0:x5=0; 1:x5=1; 2:x5=0;
21825 :>0:x5=1; 1:x5=1; 2:x5=0;
247881:>0:x5=0; 1:x5=0; 2:x5=1;
13391 :>0:x5=1; 1:x5=0; 2:x5=1;
39995 :>0:x5=0; 1:x5=1; 2:x5=1;
44    *>0:x5=1; 1:x5=1; 2:x5=1;
Ok

Witnesses
Positive: 44, Negative: 999956
Condition exists (0:x5=1 /\ 1:x5=1 /\ 2:x5=1) is validated
Hash=02a2a93767600c59dd65aecaf689b64d
Generator=diyone7 (version 7.56)
Com=Rf Rf Rf
Orig=Rfe PodRW Rfe PodRW Rfe DpAddrdW
Observation A Sometimes 44 999956
Time A 1.14
Revision exported, version 7.56
Command line: litmus7 -carch RISCV -limit true -affinity incr2 -force_affinity true -mem direct -barrier userfence -detached true -thread std -launch fixed -stride 133 -size_of_test 100 -number_of_run 10 -driver C -gcc riscv64-unknown-linux-gnu-gcc -ccopts -O2 -linkopt -static -avail 4 -alloc dynamic -contiguous false -noalign all ./make_new_litmus/litmus_output/Rfe_PodRW_Rfe_PodRW_Rfe_DpAddrdW.litmus -o ./make_new_litmus/litmus_output_bayes/Rfe_PodRW_Rfe_PodRW_Rfe_DpAddrdW_0_1_0_1_0_1_3_2_0_1_0
Parameters
#define SIZE_OF_TEST 100
#define NUMBER_OF_RUN 10
#define AVAIL 4
#define STRIDE 133
#define MAX_LOOP 0
/* gcc options: -D_GNU_SOURCE -DFORCE_AFFINITY -Wall -std=gnu99 -O2 -pthread */
/* gcc link options: -static */
/* barrier: userfence */
/* launch: fixed */
/* affinity: incr2 */
/* alloc: dynamic */
/* memory: direct */
/* stride: 133 */
/* safer: write */
/* preload: random */
/* speedcheck: no */
/* proc used: 4 */
Command: /home/sipeed/test/run_3cfe25f2.exe -s 100000
Mon Jan 26 02:23:30 2026
