Sun Jan 25 22:42:41 2026
%%%%%%%%%%%%%%%%%%%%%%%%%%%%%%%%%%%%%%%%%%%%%%%%%%%%%%%%%%%%%%%%%%%%%%%%%%%%%%%%%%%%%%%
% Results for ./make_new_litmus/litmus_output/Rfe_PodRW_Rfe_DpAddrsR_Fre_PodWW.litmus %
%%%%%%%%%%%%%%%%%%%%%%%%%%%%%%%%%%%%%%%%%%%%%%%%%%%%%%%%%%%%%%%%%%%%%%%%%%%%%%%%%%%%%%%
RISCV A
"Rfe PodRW Rfe DpAddrsR Fre PodWW"
{0:x6=x; 0:x8=y; 1:x6=y; 2:x6=y; 2:x8=x;}
 P0          | P1           | P2          ;
 lw x5,0(x6) | lw x5,0(x6)  | ori x5,x0,2 ;
 ori x7,x0,1 | xor x7,x5,x5 | sw x5,0(x6) ;
 sw x7,0(x8) | add x9,x6,x7 | ori x7,x0,1 ;
             | lw x8,0(x9)  | sw x7,0(x8) ;

exists (y=2 /\ 0:x5=1 /\ 1:x5=1 /\ 1:x8=1)
Generated assembler
#START _litmus_P1
	lw a4,0(a5)
	xor t0,a4,a4
	add t6,a5,t0
	lw a1,0(t6)
#START _litmus_P2
	ori t3,x0,2
	sw t3,0(a5)
	ori a2,x0,1
	sw a2,0(a4)
#START _litmus_P0
	lw a1,0(a5)
	ori t4,x0,1
	sw t4,0(a4)
Test A Allowed
Histogram (24 states)
205777:>0:x5=0; 1:x5=0; 1:x8=0; y=1;
21972 :>0:x5=1; 1:x5=0; 1:x8=0; y=1;
264   :>0:x5=0; 1:x5=0; 1:x8=1; y=1;
69    :>0:x5=1; 1:x5=0; 1:x8=1; y=1;
23378 :>0:x5=0; 1:x5=1; 1:x8=1; y=1;
135668:>0:x5=1; 1:x5=1; 1:x8=1; y=1;
30    :>0:x5=0; 1:x5=2; 1:x8=1; y=1;
33    :>0:x5=1; 1:x5=2; 1:x8=1; y=1;
881   :>0:x5=0; 1:x5=0; 1:x8=2; y=1;
125   :>0:x5=1; 1:x5=0; 1:x8=2; y=1;
20073 :>0:x5=0; 1:x5=2; 1:x8=2; y=1;
133635:>0:x5=1; 1:x5=2; 1:x8=2; y=1;
145118:>0:x5=0; 1:x5=0; 1:x8=0; y=2;
4050  :>0:x5=1; 1:x5=0; 1:x8=0; y=2;
1896  :>0:x5=0; 1:x5=0; 1:x8=1; y=2;
27    :>0:x5=1; 1:x5=0; 1:x8=1; y=2;
208992:>0:x5=0; 1:x5=1; 1:x8=1; y=2;
4264  *>0:x5=1; 1:x5=1; 1:x8=1; y=2;
885   :>0:x5=0; 1:x5=0; 1:x8=2; y=2;
3     :>0:x5=1; 1:x5=0; 1:x8=2; y=2;
129   :>0:x5=0; 1:x5=1; 1:x8=2; y=2;
5     :>0:x5=1; 1:x5=1; 1:x8=2; y=2;
90591 :>0:x5=0; 1:x5=2; 1:x8=2; y=2;
2135  :>0:x5=1; 1:x5=2; 1:x8=2; y=2;
Ok

Witnesses
Positive: 4264, Negative: 995736
Condition exists (y=2 /\ 0:x5=1 /\ 1:x5=1 /\ 1:x8=1) is validated
Hash=6ef33f3d488957bbbb5dfeff98b81643
Generator=diyone7 (version 7.56)
Com=Rf Fr Rf
Orig=Rfe PodRW Rfe DpAddrsR Fre PodWW
Observation A Sometimes 4264 995736
Time A 0.65
Revision exported, version 7.56
Command line: litmus7 -carch RISCV -limit true -affinity incr1 -force_affinity true -mem direct -barrier userfence -detached false -thread std -launch changing -stride 0 -size_of_test 100 -number_of_run 10 -driver C -gcc riscv64-unknown-linux-gnu-gcc -ccopts -O2 -linkopt -static -avail 4 -alloc dynamic -contiguous false -noalign none ./make_new_litmus/litmus_output/Rfe_PodRW_Rfe_DpAddrsR_Fre_PodWW.litmus -o ./make_new_litmus/litmus_output_bayes/Rfe_PodRW_Rfe_DpAddrsR_Fre_PodWW_0_1_0_0_0_0_2_0_0_0_0
Parameters
#define SIZE_OF_TEST 100
#define NUMBER_OF_RUN 10
#define AVAIL 4
#define STRIDE (-1)
#define MAX_LOOP 0
/* gcc options: -D_GNU_SOURCE -DFORCE_AFFINITY -Wall -std=gnu99 -O2 -pthread */
/* gcc link options: -static */
/* barrier: userfence */
/* launch: changing */
/* affinity: incr1 */
/* alloc: dynamic */
/* memory: direct */
/* safer: write */
/* preload: random */
/* speedcheck: no */
/* proc used: 4 */
Command: /home/sipeed/test/run_458ce2d9.exe -s 100000
Sun Jan 25 22:42:42 2026
