Mon Jan 26 02:25:08 2026
%%%%%%%%%%%%%%%%%%%%%%%%%%%%%%%%%%%%%%%%%%%%%%%%%%%%%%%%%%%%%%%%%%%%%%%%%%%%%%%%%%%%%%%%%%%%%
% Results for ./make_new_litmus/litmus_output/Rfe_PosRR_Fre_PodWW_Rfe_DpCtrlFenceIdW.litmus %
%%%%%%%%%%%%%%%%%%%%%%%%%%%%%%%%%%%%%%%%%%%%%%%%%%%%%%%%%%%%%%%%%%%%%%%%%%%%%%%%%%%%%%%%%%%%%
RISCV A
"Rfe PosRR Fre PodWW Rfe DpCtrlFenceIdW"
{0:x6=x; 1:x6=x; 1:x8=y; 2:x6=y; 2:x8=x;}
 P0          | P1          | P2             ;
 lw x5,0(x6) | ori x5,x0,2 | lw x5,0(x6)    ;
 lw x7,0(x6) | sw x5,0(x6) | bne x5,x0,LC00 ;
             | ori x7,x0,1 | LC00:          ;
             | sw x7,0(x8) | fence.i        ;
             |             | ori x7,x0,1    ;
             |             | sw x7,0(x8)    ;

exists (x=2 /\ 0:x5=1 /\ 0:x7=1 /\ 2:x5=1)
Generated assembler
#START _litmus_P2
	lw a1,0(a5)
	bne a1,x0,0f
0:
	fence.i
	ori s1,x0,1
	sw s1,0(a4)
#START _litmus_P0
	lw a4,0(a5)
	lw a1,0(a5)
#START _litmus_P1
	ori t2,x0,2
	sw t2,0(a5)
	ori a2,x0,1
	sw a2,0(a4)
Test A Allowed
Histogram (14 states)
179208:>0:x5=0; 0:x7=0; 2:x5=0; x=1;
190   :>0:x5=1; 0:x7=1; 2:x5=0; x=1;
232   :>0:x5=0; 0:x7=2; 2:x5=0; x=1;
162629:>0:x5=2; 0:x7=2; 2:x5=0; x=1;
475939:>0:x5=0; 0:x7=0; 2:x5=1; x=1;
1     :>0:x5=0; 0:x7=1; 2:x5=1; x=1;
316   :>0:x5=1; 0:x7=1; 2:x5=1; x=1;
1     :>0:x5=2; 0:x7=1; 2:x5=1; x=1;
2000  :>0:x5=0; 0:x7=2; 2:x5=1; x=1;
179004:>0:x5=2; 0:x7=2; 2:x5=1; x=1;
384   :>0:x5=0; 0:x7=0; 2:x5=0; x=2;
48    :>0:x5=1; 0:x7=1; 2:x5=0; x=2;
47    :>0:x5=2; 0:x7=2; 2:x5=0; x=2;
1     :>0:x5=0; 0:x7=0; 2:x5=1; x=2;
No

Witnesses
Positive: 0, Negative: 1000000
Condition exists (x=2 /\ 0:x5=1 /\ 0:x7=1 /\ 2:x5=1) is NOT validated
Hash=e450f055c651e481825037018e1d6e46
Generator=diyone7 (version 7.56)
Com=Fr Rf Rf
Orig=Rfe PosRR Fre PodWW Rfe DpCtrlFenceIdW
Observation A Never 0 1000000
Time A 2.32
Revision exported, version 7.56
Command line: litmus7 -carch RISCV -limit true -affinity incr3 -force_affinity true -mem direct -barrier userfence -detached true -thread detached -launch fixed -stride 31 -size_of_test 100 -number_of_run 10 -driver C -gcc riscv64-unknown-linux-gnu-gcc -ccopts -O2 -linkopt -static -avail 4 -alloc before -contiguous true -noalign none ./make_new_litmus/litmus_output/Rfe_PosRR_Fre_PodWW_Rfe_DpCtrlFenceIdW.litmus -o ./make_new_litmus/litmus_output_bayes/Rfe_PosRR_Fre_PodWW_Rfe_DpCtrlFenceIdW_0_1_1_1_1_1_4_1_1_0_0
Parameters
#define SIZE_OF_TEST 100
#define NUMBER_OF_RUN 10
#define AVAIL 4
#define STRIDE 31
#define MAX_LOOP 0
/* gcc options: -D_GNU_SOURCE -DFORCE_AFFINITY -Wall -std=gnu99 -O2 -pthread */
/* gcc link options: -static */
/* barrier: userfence */
/* launch: fixed */
/* affinity: incr3 */
/* alloc: Before */
/* memory: direct */
/* stride: 31 */
/* safer: write */
/* preload: random */
/* speedcheck: no */
/* proc used: 4 */
Command: /home/sipeed/test/run_ab764dd6.exe -s 100000
Mon Jan 26 02:25:10 2026
