Mon Jan 26 02:23:10 2026
%%%%%%%%%%%%%%%%%%%%%%%%%%%%%%%%%%%%%%%%%%%%%%%%%%%%%%%%%%%%%%%%%%%%%%%%%%%%%%%%%%%%%%%%%%%%%
% Results for ./make_new_litmus/litmus_output/Rfe_PodRW_Rfe_DpCtrlFenceIsR_Fre_PodWW.litmus %
%%%%%%%%%%%%%%%%%%%%%%%%%%%%%%%%%%%%%%%%%%%%%%%%%%%%%%%%%%%%%%%%%%%%%%%%%%%%%%%%%%%%%%%%%%%%%
RISCV A
"Rfe PodRW Rfe DpCtrlFenceIsR Fre PodWW"
{0:x6=x; 0:x8=y; 1:x6=y; 2:x6=y; 2:x8=x;}
 P0          | P1             | P2          ;
 lw x5,0(x6) | lw x5,0(x6)    | ori x5,x0,2 ;
 ori x7,x0,1 | bne x5,x0,LC00 | sw x5,0(x6) ;
 sw x7,0(x8) | LC00:          | ori x7,x0,1 ;
             | fence.i        | sw x7,0(x8) ;
             | lw x7,0(x6)    |             ;

exists (y=2 /\ 0:x5=1 /\ 1:x5=1 /\ 1:x7=1)
Generated assembler
#START _litmus_P1
	lw a4,0(a5)
	bne a4,x0,0f
0:
	fence.i
	lw a2,0(a5)
#START _litmus_P2
	ori s2,x0,2
	sw s2,0(a2)
	ori s1,x0,1
	sw s1,0(a5)
#START _litmus_P0
	lw s3,0(a2)
	ori s4,x0,1
	sw s4,0(a5)
Test A Allowed
Histogram (23 states)
823   :>0:x5=0; 1:x5=0; 1:x7=0; y=1;
5514  :>0:x5=1; 1:x5=0; 1:x7=0; y=1;
90147 :>0:x5=0; 1:x5=0; 1:x7=1; y=1;
112256:>0:x5=1; 1:x5=0; 1:x7=1; y=1;
54281 :>0:x5=0; 1:x5=1; 1:x7=1; y=1;
250999:>0:x5=1; 1:x5=1; 1:x7=1; y=1;
12672 :>0:x5=0; 1:x5=2; 1:x7=1; y=1;
33042 :>0:x5=1; 1:x5=2; 1:x7=1; y=1;
4768  :>0:x5=0; 1:x5=0; 1:x7=2; y=1;
13007 :>0:x5=1; 1:x5=0; 1:x7=2; y=1;
7604  :>0:x5=0; 1:x5=2; 1:x7=2; y=1;
3117  :>0:x5=1; 1:x5=2; 1:x7=2; y=1;
741   :>0:x5=0; 1:x5=0; 1:x7=0; y=2;
25    :>0:x5=1; 1:x5=0; 1:x7=0; y=2;
5505  :>0:x5=0; 1:x5=0; 1:x7=1; y=2;
11    :>0:x5=1; 1:x5=0; 1:x7=1; y=2;
479   :>0:x5=0; 1:x5=1; 1:x7=1; y=2;
91652 :>0:x5=0; 1:x5=0; 1:x7=2; y=2;
444   :>0:x5=1; 1:x5=0; 1:x7=2; y=2;
72249 :>0:x5=0; 1:x5=1; 1:x7=2; y=2;
1097  :>0:x5=1; 1:x5=1; 1:x7=2; y=2;
236193:>0:x5=0; 1:x5=2; 1:x7=2; y=2;
3374  :>0:x5=1; 1:x5=2; 1:x7=2; y=2;
No

Witnesses
Positive: 0, Negative: 1000000
Condition exists (y=2 /\ 0:x5=1 /\ 1:x5=1 /\ 1:x7=1) is NOT validated
Hash=e3ce93835c1c0c76b9bd4f342c6d1398
Generator=diyone7 (version 7.56)
Com=Rf Fr Rf
Orig=Rfe PodRW Rfe DpCtrlFenceIsR Fre PodWW
Observation A Never 0 1000000
Time A 2.61
Revision exported, version 7.56
Command line: litmus7 -carch RISCV -limit true -affinity incr2 -force_affinity true -mem indirect -barrier userfence2 -detached false -thread detached -launch fixed -stride 1 -size_of_test 100 -number_of_run 10 -driver C -gcc riscv64-unknown-linux-gnu-gcc -ccopts -O2 -linkopt -static -avail 4 -alloc dynamic -contiguous false -noalign all ./make_new_litmus/litmus_output/Rfe_PodRW_Rfe_DpCtrlFenceIsR_Fre_PodWW.litmus -o ./make_new_litmus/litmus_output_bayes/Rfe_PodRW_Rfe_DpCtrlFenceIsR_Fre_PodWW_1_3_0_0_1_1_3_0_0_1_0
Parameters
#define SIZE_OF_TEST 100
#define NUMBER_OF_RUN 10
#define AVAIL 4
#define STRIDE 1
#define MAX_LOOP 0
/* gcc options: -D_GNU_SOURCE -DFORCE_AFFINITY -Wall -std=gnu99 -O2 -pthread */
/* gcc link options: -static */
/* barrier: userfence2 */
/* launch: fixed */
/* affinity: incr2 */
/* alloc: dynamic */
/* memory: indirect */
/* stride: 1 */
/* safer: write */
/* preload: random */
/* speedcheck: no */
/* proc used: 4 */
Command: /home/sipeed/test/run_b8b79467.exe -s 100000
Mon Jan 26 02:23:12 2026
