Mon Jan 26 01:49:36 2026
%%%%%%%%%%%%%%%%%%%%%%%%%%%%%%%%%%%%%%%%%%%%%%%%%%%%%%%%%%%%%%%%%%%%%%%%%%%%%%%%%%%%
% Results for ./make_new_litmus/litmus_output/Rfe_PosRW_Rfe_PodRW_Rfe_PodRW.litmus %
%%%%%%%%%%%%%%%%%%%%%%%%%%%%%%%%%%%%%%%%%%%%%%%%%%%%%%%%%%%%%%%%%%%%%%%%%%%%%%%%%%%%
RISCV A
"Rfe PosRW Rfe PodRW Rfe PodRW"
{0:x6=x; 1:x6=x; 1:x8=y; 2:x6=y; 2:x8=x;}
 P0          | P1          | P2          ;
 lw x5,0(x6) | lw x5,0(x6) | lw x5,0(x6) ;
 ori x7,x0,2 | ori x7,x0,1 | ori x7,x0,1 ;
 sw x7,0(x6) | sw x7,0(x8) | sw x7,0(x8) ;

exists (x=2 /\ 0:x5=1 /\ 1:x5=2 /\ 2:x5=1)
Generated assembler
#START _litmus_P1
	lw a3,0(a5)
	ori t5,x0,1
	sw t5,0(a4)
#START _litmus_P0
	lw a4,0(a5)
	ori a3,x0,2
	sw a3,0(a5)
#START _litmus_P2
	lw a3,0(a5)
	ori t5,x0,1
	sw t5,0(a4)
Test A Allowed
Histogram (18 states)
6374  :>0:x5=0; 1:x5=0; 2:x5=0; x=1;
221102:>0:x5=0; 1:x5=1; 2:x5=0; x=1;
60846 :>0:x5=0; 1:x5=2; 2:x5=0; x=1;
283787:>0:x5=0; 1:x5=0; 2:x5=1; x=1;
3546  :>0:x5=0; 1:x5=1; 2:x5=1; x=1;
45485 :>0:x5=0; 1:x5=2; 2:x5=1; x=1;
3373  :>0:x5=0; 1:x5=0; 2:x5=0; x=2;
23702 :>0:x5=1; 1:x5=0; 2:x5=0; x=2;
400   :>0:x5=0; 1:x5=1; 2:x5=0; x=2;
302359:>0:x5=1; 1:x5=1; 2:x5=0; x=2;
313   :>0:x5=0; 1:x5=2; 2:x5=0; x=2;
1774  :>0:x5=1; 1:x5=2; 2:x5=0; x=2;
21722 :>0:x5=0; 1:x5=0; 2:x5=1; x=2;
24122 :>0:x5=1; 1:x5=0; 2:x5=1; x=2;
70    :>0:x5=0; 1:x5=1; 2:x5=1; x=2;
1014  :>0:x5=1; 1:x5=1; 2:x5=1; x=2;
7     :>0:x5=0; 1:x5=2; 2:x5=1; x=2;
4     *>0:x5=1; 1:x5=2; 2:x5=1; x=2;
Ok

Witnesses
Positive: 4, Negative: 999996
Condition exists (x=2 /\ 0:x5=1 /\ 1:x5=2 /\ 2:x5=1) is validated
Hash=ef5bfcaf2669f081562334c8f8534aca
Generator=diyone7 (version 7.56)
Com=Rf Rf Rf
Orig=Rfe PosRW Rfe PodRW Rfe PodRW
Observation A Sometimes 4 999996
Time A 0.73
Revision exported, version 7.56
Command line: litmus7 -carch RISCV -limit true -affinity incr1 -force_affinity true -mem direct -barrier user2 -detached false -thread std -launch changing -stride 0 -size_of_test 100 -number_of_run 10 -driver C -gcc riscv64-unknown-linux-gnu-gcc -ccopts -O2 -linkopt -static -avail 4 -alloc dynamic -contiguous false -noalign none ./make_new_litmus/litmus_output/Rfe_PosRW_Rfe_PodRW_Rfe_PodRW.litmus -o ./make_new_litmus/litmus_output_bayes/Rfe_PosRW_Rfe_PodRW_Rfe_PodRW_0_2_0_0_0_0_2_0_0_0_0
Parameters
#define SIZE_OF_TEST 100
#define NUMBER_OF_RUN 10
#define AVAIL 4
#define STRIDE (-1)
#define MAX_LOOP 0
/* gcc options: -D_GNU_SOURCE -DFORCE_AFFINITY -Wall -std=gnu99 -O2 -pthread */
/* gcc link options: -static */
/* barrier: user2 */
/* launch: changing */
/* affinity: incr1 */
/* alloc: dynamic */
/* memory: direct */
/* safer: write */
/* preload: random */
/* speedcheck: no */
/* proc used: 4 */
Command: /home/sipeed/test/run_3a53bc56.exe -s 100000
Mon Jan 26 01:49:37 2026
