Mon Jan 26 02:23:03 2026
%%%%%%%%%%%%%%%%%%%%%%%%%%%%%%%%%%%%%%%%%%%%%%%%%%%%%%%%%%%%%%%%%%%%%%%%%%%%%%%%%%%%
% Results for ./make_new_litmus/litmus_output/Rfe_PodRW_Rfe_PodRR_Fre_PosWW.litmus %
%%%%%%%%%%%%%%%%%%%%%%%%%%%%%%%%%%%%%%%%%%%%%%%%%%%%%%%%%%%%%%%%%%%%%%%%%%%%%%%%%%%%
RISCV A
"Rfe PodRW Rfe PodRR Fre PosWW"
{0:x6=x; 0:x8=y; 1:x6=y; 1:x8=x; 2:x6=x;}
 P0          | P1          | P2          ;
 lw x5,0(x6) | lw x5,0(x6) | ori x5,x0,1 ;
 ori x7,x0,1 | lw x7,0(x8) | sw x5,0(x6) ;
 sw x7,0(x8) |             | ori x7,x0,2 ;
             |             | sw x7,0(x6) ;

exists (x=2 /\ 0:x5=2 /\ 1:x5=1 /\ 1:x7=0)
Generated assembler
#START _litmus_P0
	lw a1,0(a5)
	ori s1,x0,1
	sw s1,0(a4)
#START _litmus_P2
	ori a2,x0,1
	sw a2,0(a5)
	ori a4,x0,2
	sw a4,0(a5)
#START _litmus_P1
	lw a1,0(a5)
	lw s2,0(a4)
Test A Allowed
Histogram (14 states)
327493:>0:x5=0; 1:x5=0; 1:x7=0; x=2;
131171:>0:x5=2; 1:x5=0; 1:x7=0; x=2;
193509:>0:x5=0; 1:x5=1; 1:x7=0; x=2;
21877 *>0:x5=2; 1:x5=1; 1:x7=0; x=2;
21    :>0:x5=1; 1:x5=0; 1:x7=1; x=2;
20    :>0:x5=2; 1:x5=0; 1:x7=1; x=2;
1     :>0:x5=0; 1:x5=1; 1:x7=1; x=2;
12    :>0:x5=1; 1:x5=1; 1:x7=1; x=2;
73483 :>0:x5=0; 1:x5=0; 1:x7=2; x=2;
16    :>0:x5=1; 1:x5=0; 1:x7=2; x=2;
79665 :>0:x5=2; 1:x5=0; 1:x7=2; x=2;
136137:>0:x5=0; 1:x5=1; 1:x7=2; x=2;
18    :>0:x5=1; 1:x5=1; 1:x7=2; x=2;
36577 :>0:x5=2; 1:x5=1; 1:x7=2; x=2;
Ok

Witnesses
Positive: 21877, Negative: 978123
Condition exists (x=2 /\ 0:x5=2 /\ 1:x5=1 /\ 1:x7=0) is validated
Hash=014b3a14edbc4624753541f5e35e6cf9
Generator=diyone7 (version 7.56)
Com=Rf Fr Rf
Orig=Rfe PodRW Rfe PodRR Fre PosWW
Observation A Sometimes 21877 978123
Time A 0.75
Revision exported, version 7.56
Command line: litmus7 -carch RISCV -limit true -affinity incr3 -force_affinity true -mem direct -barrier userfence -detached false -thread detached -launch fixed -stride 133 -size_of_test 100 -number_of_run 10 -driver C -gcc riscv64-unknown-linux-gnu-gcc -ccopts -O2 -linkopt -static -avail 4 -alloc before -contiguous false -noalign none ./make_new_litmus/litmus_output/Rfe_PodRW_Rfe_PodRR_Fre_PosWW.litmus -o ./make_new_litmus/litmus_output_bayes/Rfe_PodRW_Rfe_PodRR_Fre_PosWW_0_1_1_0_1_1_4_2_0_0_0
Parameters
#define SIZE_OF_TEST 100
#define NUMBER_OF_RUN 10
#define AVAIL 4
#define STRIDE 133
#define MAX_LOOP 0
/* gcc options: -D_GNU_SOURCE -DFORCE_AFFINITY -Wall -std=gnu99 -O2 -pthread */
/* gcc link options: -static */
/* barrier: userfence */
/* launch: fixed */
/* affinity: incr3 */
/* alloc: Before */
/* memory: direct */
/* stride: 133 */
/* safer: write */
/* preload: random */
/* speedcheck: no */
/* proc used: 4 */
Command: /home/sipeed/test/run_09ca4486.exe -s 100000
Mon Jan 26 02:23:04 2026
