Mon Jan 26 01:46:57 2026
%%%%%%%%%%%%%%%%%%%%%%%%%%%%%%%%%%%%%%%%%%%%%%%%%%%%%%%%%%%%%%%%%%%%%%%%%%%%%%%%%%%%%%%
% Results for ./make_new_litmus/litmus_output/Rfe_PodRW_Rfe_DpAddrdR_Fre_PodWW.litmus %
%%%%%%%%%%%%%%%%%%%%%%%%%%%%%%%%%%%%%%%%%%%%%%%%%%%%%%%%%%%%%%%%%%%%%%%%%%%%%%%%%%%%%%%
RISCV A
"Rfe PodRW Rfe DpAddrdR Fre PodWW"
{0:x6=x; 0:x8=y; 1:x6=y; 1:x9=z; 2:x6=z; 2:x8=x;}
 P0          | P1            | P2          ;
 lw x5,0(x6) | lw x5,0(x6)   | ori x5,x0,1 ;
 ori x7,x0,1 | xor x7,x5,x5  | sw x5,0(x6) ;
 sw x7,0(x8) | add x10,x9,x7 | ori x7,x0,1 ;
             | lw x8,0(x10)  | sw x7,0(x8) ;

exists (0:x5=1 /\ 1:x5=1 /\ 1:x8=0)
Generated assembler
#START _litmus_P1
	lw a2,0(a5)
	xor s6,a2,a2
	add s5,a4,s6
	lw s4,0(s5)
#START _litmus_P2
	ori s2,x0,1
	sw s2,0(a2)
	ori s1,x0,1
	sw s1,0(a5)
#START _litmus_P0
	lw s3,0(a2)
	ori s4,x0,1
	sw s4,0(a5)
Test A Allowed
Histogram (8 states)
1781  :>0:x5=0; 1:x5=0; 1:x8=0;
1294  :>0:x5=1; 1:x5=0; 1:x8=0;
573   :>0:x5=0; 1:x5=1; 1:x8=0;
5     *>0:x5=1; 1:x5=1; 1:x8=0;
738   :>0:x5=0; 1:x5=0; 1:x8=1;
1730  :>0:x5=1; 1:x5=0; 1:x8=1;
2869  :>0:x5=0; 1:x5=1; 1:x8=1;
1010  :>0:x5=1; 1:x5=1; 1:x8=1;
Ok

Witnesses
Positive: 5, Negative: 9995
Condition exists (0:x5=1 /\ 1:x5=1 /\ 1:x8=0) is validated
Hash=7518e8d4facb57da7d15c67736441e16
Generator=diyone7 (version 7.56)
Com=Rf Fr Rf
Orig=Rfe PodRW Rfe DpAddrdR Fre PodWW
Observation A Sometimes 5 9995
Time A 0.05
Revision exported, version 7.56
Command line: litmus7 -carch RISCV -limit true -affinity incr1 -force_affinity true -mem indirect -barrier userfence -detached true -thread detached -launch fixed -stride 1 -size_of_test 100 -number_of_run 10 -driver C -gcc riscv64-unknown-linux-gnu-gcc -ccopts -O2 -linkopt -static -avail 4 -alloc dynamic -contiguous false -noalign all ./make_new_litmus/litmus_output/Rfe_PodRW_Rfe_DpAddrdR_Fre_PodWW.litmus -o ./make_new_litmus/litmus_output_bayes/Rfe_PodRW_Rfe_DpAddrdR_Fre_PodWW_1_1_0_1_1_1_2_1_0_1_0
Parameters
#define SIZE_OF_TEST 100
#define NUMBER_OF_RUN 10
#define AVAIL 4
#define STRIDE 1
#define MAX_LOOP 0
/* gcc options: -D_GNU_SOURCE -DFORCE_AFFINITY -Wall -std=gnu99 -O2 -pthread */
/* gcc link options: -static */
/* barrier: userfence */
/* launch: fixed */
/* affinity: incr1 */
/* alloc: dynamic */
/* memory: indirect */
/* stride: 1 */
/* safer: write */
/* preload: random */
/* speedcheck: no */
/* proc used: 4 */
Command: /home/sipeed/test/run_5a05f0eb.exe -s 1000
Mon Jan 26 01:46:58 2026
