Mon Jan 26 01:49:55 2026
%%%%%%%%%%%%%%%%%%%%%%%%%%%%%%%%%%%%%%%%%%%%%%%%%%%%%%%%%%%%%%%%%%%%%%%%%%%%%%
% Results for ./make_new_litmus/litmus_output/Rfe_PodRW_Rfe_PodRR_Fre.litmus %
%%%%%%%%%%%%%%%%%%%%%%%%%%%%%%%%%%%%%%%%%%%%%%%%%%%%%%%%%%%%%%%%%%%%%%%%%%%%%%
RISCV A
"Rfe PodRW Rfe PodRR Fre"
{0:x6=x; 1:x6=x; 1:x8=y; 2:x6=y; 2:x8=x;}
 P0          | P1          | P2          ;
 ori x5,x0,1 | lw x5,0(x6) | lw x5,0(x6) ;
 sw x5,0(x6) | ori x7,x0,1 | lw x7,0(x8) ;
             | sw x7,0(x8) |             ;

exists (1:x5=1 /\ 2:x5=1 /\ 2:x7=0)
Generated assembler
#START _litmus_P1
	lw a1,0(a5)
	ori s1,x0,1
	sw s1,0(a4)
#START _litmus_P0
	ori a4,x0,1
	sw a4,0(a5)
#START _litmus_P2
	lw a1,0(a5)
	lw s2,0(a4)
Test A Allowed
Histogram (8 states)
323346:>1:x5=0; 2:x5=0; 2:x7=0;
32024 :>1:x5=1; 2:x5=0; 2:x7=0;
222981:>1:x5=0; 2:x5=1; 2:x7=0;
3273  *>1:x5=1; 2:x5=1; 2:x7=0;
13783 :>1:x5=0; 2:x5=0; 2:x7=1;
245187:>1:x5=1; 2:x5=0; 2:x7=1;
65084 :>1:x5=0; 2:x5=1; 2:x7=1;
94322 :>1:x5=1; 2:x5=1; 2:x7=1;
Ok

Witnesses
Positive: 3273, Negative: 996727
Condition exists (1:x5=1 /\ 2:x5=1 /\ 2:x7=0) is validated
Hash=a0834419a6f0294f0e98c975349780e9
Generator=diyone7 (version 7.56)
Com=Rf Rf Fr
Orig=Rfe PodRW Rfe PodRR Fre
Observation A Sometimes 3273 996727
Time A 0.62
Revision exported, version 7.56
Command line: litmus7 -carch RISCV -limit true -affinity incr3 -force_affinity true -mem direct -barrier userfence -detached true -thread std -launch fixed -stride 2 -size_of_test 100 -number_of_run 10 -driver C -gcc riscv64-unknown-linux-gnu-gcc -ccopts -O2 -linkopt -static -avail 4 -alloc before -contiguous false -noalign none ./make_new_litmus/litmus_output/Rfe_PodRW_Rfe_PodRR_Fre.litmus -o ./make_new_litmus/litmus_output_bayes/Rfe_PodRW_Rfe_PodRR_Fre_0_1_1_1_0_1_4_2_0_0_0
Parameters
#define SIZE_OF_TEST 100
#define NUMBER_OF_RUN 10
#define AVAIL 4
#define STRIDE 2
#define MAX_LOOP 0
/* gcc options: -D_GNU_SOURCE -DFORCE_AFFINITY -Wall -std=gnu99 -O2 -pthread */
/* gcc link options: -static */
/* barrier: userfence */
/* launch: fixed */
/* affinity: incr3 */
/* alloc: Before */
/* memory: direct */
/* stride: 2 */
/* safer: write */
/* preload: random */
/* speedcheck: no */
/* proc used: 4 */
Command: /home/sipeed/test/run_81cc9524.exe -s 100000
Mon Jan 26 01:49:56 2026
