Sun Jan 25 22:43:55 2026
%%%%%%%%%%%%%%%%%%%%%%%%%%%%%%%%%%%%%%%%%%%%%%%%%%%%%%%%%%%%%%%%%%%%%%%%%%%%%%%%%%
% Results for ./make_new_litmus/litmus_output/Rfe_PodRR_Fre_Rfe_PodRR_Fre.litmus %
%%%%%%%%%%%%%%%%%%%%%%%%%%%%%%%%%%%%%%%%%%%%%%%%%%%%%%%%%%%%%%%%%%%%%%%%%%%%%%%%%%
RISCV A
"Rfe PodRR Fre Rfe PodRR Fre"
{0:x6=x; 1:x6=x; 1:x8=y; 2:x6=y; 3:x6=y; 3:x8=x;}
 P0          | P1          | P2          | P3          ;
 ori x5,x0,1 | lw x5,0(x6) | ori x5,x0,1 | lw x5,0(x6) ;
 sw x5,0(x6) | lw x7,0(x8) | sw x5,0(x6) | lw x7,0(x8) ;

exists (1:x5=1 /\ 1:x7=0 /\ 3:x5=1 /\ 3:x7=0)
Generated assembler
#START _litmus_P1
	lw a1,0(a5)
	lw a0,0(a4)
#START _litmus_P2
	ori a4,x0,1
	sw a4,0(a5)
#START _litmus_P0
	ori a4,x0,1
	sw a4,0(a5)
#START _litmus_P3
	lw a1,0(a5)
	lw a0,0(a4)
Test A Allowed
Histogram (16 states)
194630:>1:x5=0; 1:x7=0; 3:x5=0; 3:x7=0;
47670 :>1:x5=1; 1:x7=0; 3:x5=0; 3:x7=0;
26826 :>1:x5=0; 1:x7=1; 3:x5=0; 3:x7=0;
75360 :>1:x5=1; 1:x7=1; 3:x5=0; 3:x7=0;
27268 :>1:x5=0; 1:x7=0; 3:x5=1; 3:x7=0;
1035  *>1:x5=1; 1:x7=0; 3:x5=1; 3:x7=0;
78456 :>1:x5=0; 1:x7=1; 3:x5=1; 3:x7=0;
32621 :>1:x5=1; 1:x7=1; 3:x5=1; 3:x7=0;
60261 :>1:x5=0; 1:x7=0; 3:x5=0; 3:x7=1;
88886 :>1:x5=1; 1:x7=0; 3:x5=0; 3:x7=1;
1546  :>1:x5=0; 1:x7=1; 3:x5=0; 3:x7=1;
25917 :>1:x5=1; 1:x7=1; 3:x5=0; 3:x7=1;
87138 :>1:x5=0; 1:x7=0; 3:x5=1; 3:x7=1;
17556 :>1:x5=1; 1:x7=0; 3:x5=1; 3:x7=1;
41184 :>1:x5=0; 1:x7=1; 3:x5=1; 3:x7=1;
193646:>1:x5=1; 1:x7=1; 3:x5=1; 3:x7=1;
Ok

Witnesses
Positive: 1035, Negative: 998965
Condition exists (1:x5=1 /\ 1:x7=0 /\ 3:x5=1 /\ 3:x7=0) is validated
Hash=d881344d35a36d0254c9c3cf80aa22b3
Generator=diyone7 (version 7.56)
Com=Rf Fr Rf Fr
Orig=Rfe PodRR Fre Rfe PodRR Fre
Observation A Sometimes 1035 998965
Time A 0.95
Revision exported, version 7.56
Command line: litmus7 -carch RISCV -limit true -affinity incr1 -force_affinity true -mem direct -barrier userfence -detached false -thread std -launch changing -stride 0 -size_of_test 100 -number_of_run 10 -driver C -gcc riscv64-unknown-linux-gnu-gcc -ccopts -O2 -linkopt -static -avail 4 -alloc dynamic -contiguous false -noalign none ./make_new_litmus/litmus_output/Rfe_PodRR_Fre_Rfe_PodRR_Fre.litmus -o ./make_new_litmus/litmus_output_bayes/Rfe_PodRR_Fre_Rfe_PodRR_Fre_0_1_0_0_0_0_2_0_0_0_0
Parameters
#define SIZE_OF_TEST 100
#define NUMBER_OF_RUN 10
#define AVAIL 4
#define STRIDE (-1)
#define MAX_LOOP 0
/* gcc options: -D_GNU_SOURCE -DFORCE_AFFINITY -Wall -std=gnu99 -O2 -pthread */
/* gcc link options: -static */
/* barrier: userfence */
/* launch: changing */
/* affinity: incr1 */
/* alloc: dynamic */
/* memory: direct */
/* safer: write */
/* preload: random */
/* speedcheck: no */
/* proc used: 4 */
Command: /home/sipeed/test/run_b774c469.exe -s 100000
Sun Jan 25 22:43:56 2026
