Mon Jan 26 02:24:00 2026
%%%%%%%%%%%%%%%%%%%%%%%%%%%%%%%%%%%%%%%%%%%%%%%%%%%%%%%%%%%%%%%%%%%%%%%%%%%%%%%%%%%%%%%%%%%%%%%%%%%%%%%%%%
% Results for ./make_new_litmus/litmus_output/Rfe_Fence.rw.rwdRR_Fre_CoLeave_Fence.rw.wdWR_FrBack.litmus %
%%%%%%%%%%%%%%%%%%%%%%%%%%%%%%%%%%%%%%%%%%%%%%%%%%%%%%%%%%%%%%%%%%%%%%%%%%%%%%%%%%%%%%%%%%%%%%%%%%%%%%%%%%
RISCV A
"Rfe Fence.rw.rwdRR Fre CoLeave Fence.rw.wdWR FrBack"
{0:x6=x; 0:x8=y; 1:x6=y; 1:x8=x; 2:x6=y; 2:x8=x;}
 P0          | P1          | P2          ;
 lw x5,0(x6) | ori x5,x0,1 | ori x5,x0,2 ;
 fence rw,rw | sw x5,0(x6) | sw x5,0(x6) ;
 lw x7,0(x8) | ori x7,x0,1 | fence rw,w  ;
             | sw x7,0(x8) | lw x7,0(x8) ;

exists (y=2 /\ 0:x5=1 /\ 0:x7=0 /\ 2:x7=0)
Generated assembler
#START _litmus_P0
	lw a3,0(a5)
	fence rw,rw
	lw s2,0(a4)
#START _litmus_P1
	ori t2,x0,1
	sw t2,0(a5)
	ori a3,x0,1
	sw a3,0(a4)
#START _litmus_P2
	ori s1,x0,2
	sw s1,0(a5)
	fence rw,w
	lw a3,0(a4)
Test A Allowed
Histogram (20 states)
119561:>0:x5=0; 0:x7=0; 2:x7=0; y=1;
319520:>0:x5=0; 0:x7=1; 2:x7=0; y=1;
5110  :>0:x5=1; 0:x7=1; 2:x7=0; y=1;
10493 :>0:x5=0; 0:x7=2; 2:x7=0; y=1;
24928 :>0:x5=0; 0:x7=0; 2:x7=1; y=1;
1101  :>0:x5=1; 0:x7=0; 2:x7=1; y=1;
2234  :>0:x5=0; 0:x7=1; 2:x7=1; y=1;
1467  :>0:x5=1; 0:x7=1; 2:x7=1; y=1;
1022  :>0:x5=0; 0:x7=2; 2:x7=1; y=1;
197   :>0:x5=1; 0:x7=2; 2:x7=1; y=1;
12050 :>0:x5=0; 0:x7=0; 2:x7=0; y=2;
810   :>0:x5=0; 0:x7=1; 2:x7=0; y=2;
1971  :>0:x5=0; 0:x7=2; 2:x7=0; y=2;
302   :>0:x5=1; 0:x7=2; 2:x7=0; y=2;
158169:>0:x5=0; 0:x7=0; 2:x7=1; y=2;
3908  :>0:x5=1; 0:x7=0; 2:x7=1; y=2;
17539 :>0:x5=0; 0:x7=1; 2:x7=1; y=2;
14629 :>0:x5=1; 0:x7=1; 2:x7=1; y=2;
34815 :>0:x5=0; 0:x7=2; 2:x7=1; y=2;
270174:>0:x5=1; 0:x7=2; 2:x7=1; y=2;
No

Witnesses
Positive: 0, Negative: 1000000
Condition exists (y=2 /\ 0:x5=1 /\ 0:x7=0 /\ 2:x7=0) is NOT validated
Hash=b0837bce6af16a3d7e7ce8f7254aac81
Generator=diyone7 (version 7.56)
Com=Fr Rf Fr
Orig=Rfe Fence.rw.rwdRR Fre CoLeave Fence.rw.wdWR FrBack
Observation A Never 0 1000000
Time A 0.99
Revision exported, version 7.56
Command line: litmus7 -carch RISCV -limit true -affinity incr1 -force_affinity true -mem direct -barrier user2 -detached false -thread std -launch changing -stride 1 -size_of_test 100 -number_of_run 10 -driver C -gcc riscv64-unknown-linux-gnu-gcc -ccopts -O2 -linkopt -static -avail 4 -alloc dynamic -contiguous false -noalign none ./make_new_litmus/litmus_output/Rfe_Fence.rw.rwdRR_Fre_CoLeave_Fence.rw.wdWR_FrBack.litmus -o ./make_new_litmus/litmus_output_bayes/Rfe_Fence.rw.rwdRR_Fre_CoLeave_Fence.rw.wdWR_FrBack_0_2_0_0_0_0_2_0_0_0_0
Parameters
#define SIZE_OF_TEST 100
#define NUMBER_OF_RUN 10
#define AVAIL 4
#define STRIDE 1
#define MAX_LOOP 0
/* gcc options: -D_GNU_SOURCE -DFORCE_AFFINITY -Wall -std=gnu99 -O2 -pthread */
/* gcc link options: -static */
/* barrier: user2 */
/* launch: changing */
/* affinity: incr1 */
/* alloc: dynamic */
/* memory: direct */
/* stride: 1 */
/* safer: write */
/* preload: random */
/* speedcheck: no */
/* proc used: 4 */
Command: /home/sipeed/test/run_cfb99efc.exe -s 100000
Mon Jan 26 02:24:01 2026
