Mon Jan 26 01:46:45 2026
%%%%%%%%%%%%%%%%%%%%%%%%%%%%%%%%%%%%%%%%%%%%%%%%%%%%%%%%%%%%%%%%%%%%%%%%%%%%%%%%%%%%%%%
% Results for ./make_new_litmus/litmus_output/Rfe_PodRR_Fre_PodWW_Rfe_DpAddrdW.litmus %
%%%%%%%%%%%%%%%%%%%%%%%%%%%%%%%%%%%%%%%%%%%%%%%%%%%%%%%%%%%%%%%%%%%%%%%%%%%%%%%%%%%%%%%
RISCV A
"Rfe PodRR Fre PodWW Rfe DpAddrdW"
{0:x6=x; 0:x8=y; 1:x6=y; 1:x8=z; 2:x6=z; 2:x9=x;}
 P0          | P1          | P2            ;
 lw x5,0(x6) | ori x5,x0,1 | lw x5,0(x6)   ;
 lw x7,0(x8) | sw x5,0(x6) | xor x7,x5,x5  ;
             | ori x7,x0,1 | ori x8,x0,1   ;
             | sw x7,0(x8) | add x10,x9,x7 ;
             |             | sw x8,0(x10)  ;

exists (0:x5=1 /\ 0:x7=0 /\ 2:x5=1)
Generated assembler
#START _litmus_P2
	lw a1,0(a5)
	xor s3,a1,a1
	ori s2,x0,1
	add s1,a4,s3
	sw s2,0(s1)
#START _litmus_P1
	ori t2,x0,1
	sw t2,0(a5)
	ori a2,x0,1
	sw a2,0(a4)
#START _litmus_P0
	lw a1,0(a5)
	lw s2,0(a4)
Test A Allowed
Histogram (7 states)
2839  :>0:x5=0; 0:x7=0; 2:x5=0;
471   :>0:x5=1; 0:x7=0; 2:x5=0;
259   :>0:x5=0; 0:x7=1; 2:x5=0;
2429  :>0:x5=1; 0:x7=1; 2:x5=0;
1433  :>0:x5=0; 0:x7=0; 2:x5=1;
2498  :>0:x5=0; 0:x7=1; 2:x5=1;
71    :>0:x5=1; 0:x7=1; 2:x5=1;
No

Witnesses
Positive: 0, Negative: 10000
Condition exists (0:x5=1 /\ 0:x7=0 /\ 2:x5=1) is NOT validated
Hash=ae5f4492123d0396f7cd40493444421c
Generator=diyone7 (version 7.56)
Com=Fr Rf Rf
Orig=Rfe PodRR Fre PodWW Rfe DpAddrdW
Observation A Never 0 10000
Time A 0.04
Revision exported, version 7.56
Command line: litmus7 -carch RISCV -limit true -affinity incr3 -force_affinity true -mem direct -barrier userfence -detached false -thread std -launch changing -stride 2 -size_of_test 100 -number_of_run 10 -driver C -gcc riscv64-unknown-linux-gnu-gcc -ccopts -O2 -linkopt -static -avail 4 -alloc dynamic -contiguous false -noalign none ./make_new_litmus/litmus_output/Rfe_PodRR_Fre_PodWW_Rfe_DpAddrdW.litmus -o ./make_new_litmus/litmus_output_bayes/Rfe_PodRR_Fre_PodWW_Rfe_DpAddrdW_0_1_0_0_0_0_4_2_0_0_0
Parameters
#define SIZE_OF_TEST 100
#define NUMBER_OF_RUN 10
#define AVAIL 4
#define STRIDE 2
#define MAX_LOOP 0
/* gcc options: -D_GNU_SOURCE -DFORCE_AFFINITY -Wall -std=gnu99 -O2 -pthread */
/* gcc link options: -static */
/* barrier: userfence */
/* launch: changing */
/* affinity: incr3 */
/* alloc: dynamic */
/* memory: direct */
/* stride: 2 */
/* safer: write */
/* preload: random */
/* speedcheck: no */
/* proc used: 4 */
Command: /home/sipeed/test/run_db240d0e.exe -s 1000
Mon Jan 26 01:46:45 2026
