Sun Jan 25 22:43:23 2026
%%%%%%%%%%%%%%%%%%%%%%%%%%%%%%%%%%%%%%%%%%%%%%%%%%%%%%%%%%%%%%%%%%%%%%%%%%%%%%%%%%%%%%%%%
% Results for ./make_new_litmus/litmus_output/Rfe_PodRR_Fre_RfLeave_FrBack_PodWW.litmus %
%%%%%%%%%%%%%%%%%%%%%%%%%%%%%%%%%%%%%%%%%%%%%%%%%%%%%%%%%%%%%%%%%%%%%%%%%%%%%%%%%%%%%%%%%
RISCV A
"Rfe PodRR Fre RfLeave FrBack PodWW"
{0:x6=x; 0:x8=y; 1:x6=y; 1:x9=x; 2:x6=y;}
 P0          | P1          | P2          ;
 lw x5,0(x6) | ori x5,x0,1 | lw x5,0(x6) ;
 lw x7,0(x8) | sw x5,0(x6) |             ;
             | ori x7,x0,2 |             ;
             | sw x7,0(x6) |             ;
             | ori x8,x0,1 |             ;
             | sw x8,0(x9) |             ;

exists (y=2 /\ 0:x5=1 /\ 0:x7=0 /\ 2:x5=1)
Generated assembler
#START _litmus_P1
	ori t4,x0,1
	sw t4,0(a5)
	ori t3,x0,2
	sw t3,0(a5)
	ori a2,x0,1
	sw a2,0(a4)
#START _litmus_P2
	lw a4,0(a5)
#START _litmus_P0
	lw a1,0(a5)
	lw t6,0(a4)
Test A Allowed
Histogram (17 states)
370580:>0:x5=0; 0:x7=0; 2:x5=0; y=2;
37745 :>0:x5=1; 0:x7=0; 2:x5=0; y=2;
110   :>0:x5=0; 0:x7=1; 2:x5=0; y=2;
2     :>0:x5=1; 0:x7=1; 2:x5=0; y=2;
118386:>0:x5=0; 0:x7=2; 2:x5=0; y=2;
47126 :>0:x5=1; 0:x7=2; 2:x5=0; y=2;
77    :>0:x5=0; 0:x7=0; 2:x5=1; y=2;
2137  :>0:x5=0; 0:x7=1; 2:x5=1; y=2;
35    :>0:x5=1; 0:x7=1; 2:x5=1; y=2;
9     :>0:x5=0; 0:x7=2; 2:x5=1; y=2;
196   :>0:x5=1; 0:x7=2; 2:x5=1; y=2;
120181:>0:x5=0; 0:x7=0; 2:x5=2; y=2;
18634 :>0:x5=1; 0:x7=0; 2:x5=2; y=2;
56    :>0:x5=0; 0:x7=1; 2:x5=2; y=2;
7     :>0:x5=1; 0:x7=1; 2:x5=2; y=2;
46679 :>0:x5=0; 0:x7=2; 2:x5=2; y=2;
238040:>0:x5=1; 0:x7=2; 2:x5=2; y=2;
No

Witnesses
Positive: 0, Negative: 1000000
Condition exists (y=2 /\ 0:x5=1 /\ 0:x7=0 /\ 2:x5=1) is NOT validated
Hash=39e184050479af8b4d5a91a17e6d85c0
Generator=diyone7 (version 7.56)
Com=Fr Rf Fr
Orig=Rfe PodRR Fre RfLeave FrBack PodWW
Observation A Never 0 1000000
Time A 0.76
Revision exported, version 7.56
Command line: litmus7 -carch RISCV -limit true -affinity incr1 -force_affinity true -mem direct -barrier userfence -detached false -thread std -launch changing -stride 0 -size_of_test 100 -number_of_run 10 -driver C -gcc riscv64-unknown-linux-gnu-gcc -ccopts -O2 -linkopt -static -avail 4 -alloc dynamic -contiguous false -noalign none ./make_new_litmus/litmus_output/Rfe_PodRR_Fre_RfLeave_FrBack_PodWW.litmus -o ./make_new_litmus/litmus_output_bayes/Rfe_PodRR_Fre_RfLeave_FrBack_PodWW_0_1_0_0_0_0_2_0_0_0_0
Parameters
#define SIZE_OF_TEST 100
#define NUMBER_OF_RUN 10
#define AVAIL 4
#define STRIDE (-1)
#define MAX_LOOP 0
/* gcc options: -D_GNU_SOURCE -DFORCE_AFFINITY -Wall -std=gnu99 -O2 -pthread */
/* gcc link options: -static */
/* barrier: userfence */
/* launch: changing */
/* affinity: incr1 */
/* alloc: dynamic */
/* memory: direct */
/* safer: write */
/* preload: random */
/* speedcheck: no */
/* proc used: 4 */
Command: /home/sipeed/test/run_02ba7541.exe -s 100000
Sun Jan 25 22:43:24 2026
