Sun Jan 25 22:44:05 2026
%%%%%%%%%%%%%%%%%%%%%%%%%%%%%%%%%%%%%%%%%%%%%%%%%%%%%%%%%%%%%%%%%%%%%%%%%%%%%%%%%%%%%%%%%
% Results for ./make_new_litmus/litmus_output/Rfe_PodRR_Fre_PodWW_RfLeave_FrBack.litmus %
%%%%%%%%%%%%%%%%%%%%%%%%%%%%%%%%%%%%%%%%%%%%%%%%%%%%%%%%%%%%%%%%%%%%%%%%%%%%%%%%%%%%%%%%%
RISCV A
"Rfe PodRR Fre PodWW RfLeave FrBack"
{0:x6=x; 0:x8=y; 1:x6=y; 1:x8=x; 2:x6=x;}
 P0          | P1          | P2          ;
 lw x5,0(x6) | ori x5,x0,1 | lw x5,0(x6) ;
 lw x7,0(x8) | sw x5,0(x6) |             ;
             | ori x7,x0,1 |             ;
             | sw x7,0(x8) |             ;
             | ori x9,x0,2 |             ;
             | sw x9,0(x8) |             ;

exists (x=2 /\ 0:x5=2 /\ 0:x7=0 /\ 2:x5=1)
Generated assembler
#START _litmus_P1
	ori t4,x0,1
	sw t4,0(a5)
	ori t3,x0,1
	sw t3,0(a4)
	ori a2,x0,2
	sw a2,0(a4)
#START _litmus_P2
	lw a4,0(a5)
#START _litmus_P0
	lw a1,0(a5)
	lw t6,0(a4)
Test A Allowed
Histogram (16 states)
482499:>0:x5=0; 0:x7=0; 2:x5=0; x=2;
1     :>0:x5=1; 0:x7=0; 2:x5=0; x=2;
3628  :>0:x5=2; 0:x7=0; 2:x5=0; x=2;
112051:>0:x5=0; 0:x7=1; 2:x5=0; x=2;
58110 :>0:x5=2; 0:x7=1; 2:x5=0; x=2;
1     :>0:x5=0; 0:x7=0; 2:x5=1; x=2;
393   :>0:x5=1; 0:x7=0; 2:x5=1; x=2;
2     *>0:x5=2; 0:x7=0; 2:x5=1; x=2;
18    :>0:x5=1; 0:x7=1; 2:x5=1; x=2;
7     :>0:x5=2; 0:x7=1; 2:x5=1; x=2;
49296 :>0:x5=0; 0:x7=0; 2:x5=2; x=2;
3     :>0:x5=1; 0:x7=0; 2:x5=2; x=2;
38446 :>0:x5=2; 0:x7=0; 2:x5=2; x=2;
12540 :>0:x5=0; 0:x7=1; 2:x5=2; x=2;
1     :>0:x5=1; 0:x7=1; 2:x5=2; x=2;
243004:>0:x5=2; 0:x7=1; 2:x5=2; x=2;
Ok

Witnesses
Positive: 2, Negative: 999998
Condition exists (x=2 /\ 0:x5=2 /\ 0:x7=0 /\ 2:x5=1) is validated
Hash=9bde3df467f0d046d3c7ed980e66b2cc
Generator=diyone7 (version 7.56)
Com=Fr Rf Fr
Orig=Rfe PodRR Fre PodWW RfLeave FrBack
Observation A Sometimes 2 999998
Time A 0.69
Revision exported, version 7.56
Command line: litmus7 -carch RISCV -limit true -affinity incr1 -force_affinity true -mem direct -barrier userfence -detached false -thread std -launch changing -stride 0 -size_of_test 100 -number_of_run 10 -driver C -gcc riscv64-unknown-linux-gnu-gcc -ccopts -O2 -linkopt -static -avail 4 -alloc dynamic -contiguous false -noalign none ./make_new_litmus/litmus_output/Rfe_PodRR_Fre_PodWW_RfLeave_FrBack.litmus -o ./make_new_litmus/litmus_output_bayes/Rfe_PodRR_Fre_PodWW_RfLeave_FrBack_0_1_0_0_0_0_2_0_0_0_0
Parameters
#define SIZE_OF_TEST 100
#define NUMBER_OF_RUN 10
#define AVAIL 4
#define STRIDE (-1)
#define MAX_LOOP 0
/* gcc options: -D_GNU_SOURCE -DFORCE_AFFINITY -Wall -std=gnu99 -O2 -pthread */
/* gcc link options: -static */
/* barrier: userfence */
/* launch: changing */
/* affinity: incr1 */
/* alloc: dynamic */
/* memory: direct */
/* safer: write */
/* preload: random */
/* speedcheck: no */
/* proc used: 4 */
Command: /home/sipeed/test/run_e965a973.exe -s 100000
Sun Jan 25 22:44:05 2026
