Mon Jan 26 01:49:44 2026
%%%%%%%%%%%%%%%%%%%%%%%%%%%%%%%%%%%%%%%%%%%%%%%%%%%%%%%%%%%%%%%%%%%%%%%%%%%%%%%%%%%%%%%%%
% Results for ./make_new_litmus/litmus_output/Rfe_FrLeave_PodWW_RfBack_Fre_PodWW.litmus %
%%%%%%%%%%%%%%%%%%%%%%%%%%%%%%%%%%%%%%%%%%%%%%%%%%%%%%%%%%%%%%%%%%%%%%%%%%%%%%%%%%%%%%%%%
RISCV A
"Rfe FrLeave PodWW RfBack Fre PodWW"
{0:x6=x; 0:x8=y; 1:x6=y; 1:x8=x; 2:x6=x; 2:x8=y;}
 P0          | P1          | P2          ;
 ori x5,x0,2 | ori x5,x0,2 | lw x5,0(x6) ;
 sw x5,0(x6) | sw x5,0(x6) | lw x7,0(x8) ;
 ori x7,x0,1 | ori x7,x0,1 |             ;
 sw x7,0(x8) | sw x7,0(x8) |             ;

exists (x=2 /\ y=2 /\ 2:x5=1 /\ 2:x7=1)
Generated assembler
#START _litmus_P0
	ori t4,x0,2
	sw t4,0(a5)
	ori a3,x0,1
	sw a3,0(a4)
#START _litmus_P2
	lw a3,0(a5)
	lw t6,0(a4)
#START _litmus_P1
	ori t4,x0,2
	sw t4,0(a5)
	ori a3,x0,1
	sw a3,0(a4)
Test A Allowed
Histogram (36 states)
81386 :>2:x5=0; 2:x7=0; x=1; y=1;
16    :>2:x5=1; 2:x7=0; x=1; y=1;
2586  :>2:x5=2; 2:x7=0; x=1; y=1;
50    :>2:x5=0; 2:x7=1; x=1; y=1;
1261  :>2:x5=1; 2:x7=1; x=1; y=1;
1546  :>2:x5=2; 2:x7=1; x=1; y=1;
3354  :>2:x5=0; 2:x7=2; x=1; y=1;
145   :>2:x5=1; 2:x7=2; x=1; y=1;
107   :>2:x5=2; 2:x7=2; x=1; y=1;
98883 :>2:x5=0; 2:x7=0; x=2; y=1;
228   :>2:x5=1; 2:x7=0; x=2; y=1;
33    :>2:x5=2; 2:x7=0; x=2; y=1;
71    :>2:x5=0; 2:x7=1; x=2; y=1;
1969  :>2:x5=1; 2:x7=1; x=2; y=1;
100107:>2:x5=2; 2:x7=1; x=2; y=1;
10488 :>2:x5=0; 2:x7=2; x=2; y=1;
202187:>2:x5=1; 2:x7=2; x=2; y=1;
12031 :>2:x5=2; 2:x7=2; x=2; y=1;
155863:>2:x5=0; 2:x7=0; x=1; y=2;
32    :>2:x5=1; 2:x7=0; x=1; y=2;
22312 :>2:x5=2; 2:x7=0; x=1; y=2;
469   :>2:x5=0; 2:x7=1; x=1; y=2;
136   :>2:x5=1; 2:x7=1; x=1; y=2;
96254 :>2:x5=2; 2:x7=1; x=1; y=2;
17571 :>2:x5=0; 2:x7=2; x=1; y=2;
144013:>2:x5=1; 2:x7=2; x=1; y=2;
44576 :>2:x5=2; 2:x7=2; x=1; y=2;
401   :>2:x5=0; 2:x7=0; x=2; y=2;
538   :>2:x5=1; 2:x7=0; x=2; y=2;
5     :>2:x5=2; 2:x7=0; x=2; y=2;
502   :>2:x5=0; 2:x7=1; x=2; y=2;
6     *>2:x5=1; 2:x7=1; x=2; y=2;
36    :>2:x5=2; 2:x7=1; x=2; y=2;
12    :>2:x5=0; 2:x7=2; x=2; y=2;
68    :>2:x5=1; 2:x7=2; x=2; y=2;
758   :>2:x5=2; 2:x7=2; x=2; y=2;
Ok

Witnesses
Positive: 6, Negative: 999994
Condition exists (x=2 /\ y=2 /\ 2:x5=1 /\ 2:x7=1) is validated
Hash=ff7c9edb77fc536f9a7f4e2c52766895
Generator=diyone7 (version 7.56)
Com=Rf Rf Fr
Orig=Rfe FrLeave PodWW RfBack Fre PodWW
Observation A Sometimes 6 999994
Time A 0.98
Revision exported, version 7.56
Command line: litmus7 -carch RISCV -limit true -affinity incr1 -force_affinity true -mem direct -barrier user2 -detached false -thread std -launch changing -stride 0 -size_of_test 100 -number_of_run 10 -driver C -gcc riscv64-unknown-linux-gnu-gcc -ccopts -O2 -linkopt -static -avail 4 -alloc dynamic -contiguous false -noalign none ./make_new_litmus/litmus_output/Rfe_FrLeave_PodWW_RfBack_Fre_PodWW.litmus -o ./make_new_litmus/litmus_output_bayes/Rfe_FrLeave_PodWW_RfBack_Fre_PodWW_0_2_0_0_0_0_2_0_0_0_0
Parameters
#define SIZE_OF_TEST 100
#define NUMBER_OF_RUN 10
#define AVAIL 4
#define STRIDE (-1)
#define MAX_LOOP 0
/* gcc options: -D_GNU_SOURCE -DFORCE_AFFINITY -Wall -std=gnu99 -O2 -pthread */
/* gcc link options: -static */
/* barrier: user2 */
/* launch: changing */
/* affinity: incr1 */
/* alloc: dynamic */
/* memory: direct */
/* safer: write */
/* preload: random */
/* speedcheck: no */
/* proc used: 4 */
Command: /home/sipeed/test/run_305f8f8b.exe -s 100000
Mon Jan 26 01:49:45 2026
