Mon Jan 26 01:46:31 2026
Revision exported, version 7.56
Command line: litmus7 -carch RISCV -limit true -affinity incr3 -force_affinity true -mem indirect -barrier none -detached false -thread detached -launch fixed -stride 1 -size_of_test 100 -number_of_run 10 -driver C -gcc riscv64-unknown-linux-gnu-gcc -ccopts -O2 -linkopt -static -avail 4 -alloc dynamic -contiguous false -noalign all ./make_new_litmus/litmus_output/Rfe_PodRW_Wse_PodWW_Wse.litmus -o ./make_new_litmus/litmus_output_bayes/Rfe_PodRW_Wse_PodWW_Wse_1_5_0_0_1_1_4_1_0_1_0
Parameters
#define SIZE_OF_TEST 100
#define NUMBER_OF_RUN 10
#define AVAIL 4
#define STRIDE 1
#define MAX_LOOP 0
/* gcc options: -D_GNU_SOURCE -DFORCE_AFFINITY -Wall -std=gnu99 -O2 -pthread */
/* gcc link options: -static */
/* barrier: none */
/* launch: fixed */
/* affinity: incr3 */
/* alloc: dynamic */
/* memory: indirect */
/* stride: 1 */
/* safer: write */
/* preload: random */
/* speedcheck: no */
/* proc used: 4 */
Command: /home/sipeed/test/run_7358806c.exe -s 1000
Mon Jan 26 01:46:31 2026
