Sun Jan 25 22:43:07 2026
%%%%%%%%%%%%%%%%%%%%%%%%%%%%%%%%%%%%%%%%%%%%%%%%%%%%%%%%%%%%%%%%%%%%%%%%%%%%%%%%%%%%%%%%%
% Results for ./make_new_litmus/litmus_output/Rfe_PodRW_Rfe_FrLeave_PodWR_FrBack.litmus %
%%%%%%%%%%%%%%%%%%%%%%%%%%%%%%%%%%%%%%%%%%%%%%%%%%%%%%%%%%%%%%%%%%%%%%%%%%%%%%%%%%%%%%%%%
RISCV A
"Rfe PodRW Rfe FrLeave PodWR FrBack"
{0:x6=x; 0:x8=y; 1:x6=y; 1:x8=x; 2:x6=y; 2:x8=x;}
 P0          | P1          | P2          ;
 lw x5,0(x6) | lw x5,0(x6) | ori x5,x0,2 ;
 ori x7,x0,1 | ori x7,x0,1 | sw x5,0(x6) ;
 sw x7,0(x8) | sw x7,0(x8) | lw x7,0(x8) ;

exists (y=2 /\ 0:x5=1 /\ 1:x5=1 /\ 2:x7=0)
Generated assembler
#START _litmus_P0
	lw a1,0(a5)
	ori t4,x0,1
	sw t4,0(a4)
#START _litmus_P2
	ori t4,x0,2
	sw t4,0(a5)
	lw a1,0(a4)
#START _litmus_P1
	lw a1,0(a5)
	ori t4,x0,1
	sw t4,0(a4)
Test A Allowed
Histogram (24 states)
44351 :>0:x5=0; 1:x5=0; 2:x7=0; y=1;
16968 :>0:x5=1; 1:x5=0; 2:x7=0; y=1;
59083 :>0:x5=0; 1:x5=1; 2:x7=0; y=1;
153   :>0:x5=1; 1:x5=1; 2:x7=0; y=1;
109924:>0:x5=0; 1:x5=2; 2:x7=0; y=1;
134934:>0:x5=1; 1:x5=2; 2:x7=0; y=1;
19835 :>0:x5=0; 1:x5=0; 2:x7=1; y=1;
60805 :>0:x5=1; 1:x5=0; 2:x7=1; y=1;
717   :>0:x5=0; 1:x5=1; 2:x7=1; y=1;
3081  :>0:x5=1; 1:x5=1; 2:x7=1; y=1;
380   :>0:x5=0; 1:x5=2; 2:x7=1; y=1;
19283 :>0:x5=1; 1:x5=2; 2:x7=1; y=1;
39327 :>0:x5=0; 1:x5=0; 2:x7=0; y=2;
4145  :>0:x5=1; 1:x5=0; 2:x7=0; y=2;
29561 :>0:x5=0; 1:x5=1; 2:x7=0; y=2;
546   *>0:x5=1; 1:x5=1; 2:x7=0; y=2;
186305:>0:x5=0; 1:x5=2; 2:x7=0; y=2;
1369  :>0:x5=1; 1:x5=2; 2:x7=0; y=2;
22487 :>0:x5=0; 1:x5=0; 2:x7=1; y=2;
180672:>0:x5=1; 1:x5=0; 2:x7=1; y=2;
47376 :>0:x5=0; 1:x5=1; 2:x7=1; y=2;
7574  :>0:x5=1; 1:x5=1; 2:x7=1; y=2;
1273  :>0:x5=0; 1:x5=2; 2:x7=1; y=2;
9851  :>0:x5=1; 1:x5=2; 2:x7=1; y=2;
Ok

Witnesses
Positive: 546, Negative: 999454
Condition exists (y=2 /\ 0:x5=1 /\ 1:x5=1 /\ 2:x7=0) is validated
Hash=30a70673e7a5a3b674efed565aae863f
Generator=diyone7 (version 7.56)
Com=Rf Rf Fr
Orig=Rfe PodRW Rfe FrLeave PodWR FrBack
Observation A Sometimes 546 999454
Time A 0.94
Revision exported, version 7.56
Command line: litmus7 -carch RISCV -limit true -affinity incr1 -force_affinity true -mem direct -barrier userfence -detached false -thread std -launch changing -stride 0 -size_of_test 100 -number_of_run 10 -driver C -gcc riscv64-unknown-linux-gnu-gcc -ccopts -O2 -linkopt -static -avail 4 -alloc dynamic -contiguous false -noalign none ./make_new_litmus/litmus_output/Rfe_PodRW_Rfe_FrLeave_PodWR_FrBack.litmus -o ./make_new_litmus/litmus_output_bayes/Rfe_PodRW_Rfe_FrLeave_PodWR_FrBack_0_1_0_0_0_0_2_0_0_0_0
Parameters
#define SIZE_OF_TEST 100
#define NUMBER_OF_RUN 10
#define AVAIL 4
#define STRIDE (-1)
#define MAX_LOOP 0
/* gcc options: -D_GNU_SOURCE -DFORCE_AFFINITY -Wall -std=gnu99 -O2 -pthread */
/* gcc link options: -static */
/* barrier: userfence */
/* launch: changing */
/* affinity: incr1 */
/* alloc: dynamic */
/* memory: direct */
/* safer: write */
/* preload: random */
/* speedcheck: no */
/* proc used: 4 */
Command: /home/sipeed/test/run_200b227d.exe -s 100000
Sun Jan 25 22:43:08 2026
