Mon Jan 26 01:45:59 2026
%%%%%%%%%%%%%%%%%%%%%%%%%%%%%%%%%%%%%%%%%%%%%%%%%%%%%%%%%%%%%%%%%%%%%%%%%%%%%%%%%%%%%%%
% Results for ./make_new_litmus/litmus_output/Rfe_PodRW_Rfe_PodRW_Rfe_DpCtrldW.litmus %
%%%%%%%%%%%%%%%%%%%%%%%%%%%%%%%%%%%%%%%%%%%%%%%%%%%%%%%%%%%%%%%%%%%%%%%%%%%%%%%%%%%%%%%
RISCV A
"Rfe PodRW Rfe PodRW Rfe DpCtrldW"
{0:x6=x; 0:x8=y; 1:x6=y; 1:x8=z; 2:x6=z; 2:x8=x;}
 P0          | P1          | P2             ;
 lw x5,0(x6) | lw x5,0(x6) | lw x5,0(x6)    ;
 ori x7,x0,1 | ori x7,x0,1 | bne x5,x0,LC00 ;
 sw x7,0(x8) | sw x7,0(x8) | LC00:          ;
             |             | ori x7,x0,1    ;
             |             | sw x7,0(x8)    ;

exists (0:x5=1 /\ 1:x5=1 /\ 2:x5=1)
Generated assembler
#START _litmus_P2
	lw a3,0(a5)
	bne a3,x0,0f
0:
	ori t5,x0,1
	sw t5,0(a4)
#START _litmus_P1
	lw a3,0(a5)
	ori t5,x0,1
	sw t5,0(a4)
#START _litmus_P0
	lw a3,0(a5)
	ori t5,x0,1
	sw t5,0(a4)
Test A Allowed
Histogram (7 states)
12    :>0:x5=0; 1:x5=0; 2:x5=0;
2330  :>0:x5=1; 1:x5=0; 2:x5=0;
2437  :>0:x5=0; 1:x5=1; 2:x5=0;
994   :>0:x5=1; 1:x5=1; 2:x5=0;
3245  :>0:x5=0; 1:x5=0; 2:x5=1;
91    :>0:x5=1; 1:x5=0; 2:x5=1;
891   :>0:x5=0; 1:x5=1; 2:x5=1;
No

Witnesses
Positive: 0, Negative: 10000
Condition exists (0:x5=1 /\ 1:x5=1 /\ 2:x5=1) is NOT validated
Hash=e45ebb3c6dba6c329af1b6af1c88b1da
Generator=diyone7 (version 7.56)
Com=Rf Rf Rf
Orig=Rfe PodRW Rfe PodRW Rfe DpCtrldW
Observation A Never 0 10000
Time A 0.07
Revision exported, version 7.56
Command line: litmus7 -carch RISCV -limit true -affinity incr1 -force_affinity true -mem direct -barrier user2 -detached false -thread std -launch changing -stride 0 -size_of_test 100 -number_of_run 10 -driver C -gcc riscv64-unknown-linux-gnu-gcc -ccopts -O2 -linkopt -static -avail 4 -alloc dynamic -contiguous false -noalign none ./make_new_litmus/litmus_output/Rfe_PodRW_Rfe_PodRW_Rfe_DpCtrldW.litmus -o ./make_new_litmus/litmus_output_bayes/Rfe_PodRW_Rfe_PodRW_Rfe_DpCtrldW_0_2_0_0_0_0_2_0_0_0_0
Parameters
#define SIZE_OF_TEST 100
#define NUMBER_OF_RUN 10
#define AVAIL 4
#define STRIDE (-1)
#define MAX_LOOP 0
/* gcc options: -D_GNU_SOURCE -DFORCE_AFFINITY -Wall -std=gnu99 -O2 -pthread */
/* gcc link options: -static */
/* barrier: user2 */
/* launch: changing */
/* affinity: incr1 */
/* alloc: dynamic */
/* memory: direct */
/* safer: write */
/* preload: random */
/* speedcheck: no */
/* proc used: 4 */
Command: /home/sipeed/test/run_79598d7c.exe -s 1000
Mon Jan 26 01:45:59 2026
