Mon Jan 26 01:46:55 2026
%%%%%%%%%%%%%%%%%%%%%%%%%%%%%%%%%%%%%%%%%%%%%%%%%%%%%%%%%%%%%%%%%%%%%%%%%%%%%%%%%%%%%%%
% Results for ./make_new_litmus/litmus_output/Rfe_DpAddrdR_Fre_PosWR_Fre_PodWW.litmus %
%%%%%%%%%%%%%%%%%%%%%%%%%%%%%%%%%%%%%%%%%%%%%%%%%%%%%%%%%%%%%%%%%%%%%%%%%%%%%%%%%%%%%%%
RISCV A
"Rfe DpAddrdR Fre PosWR Fre PodWW"
{0:x6=x; 0:x9=y; 1:x6=y; 2:x6=y; 2:x8=x;}
 P0            | P1          | P2          ;
 lw x5,0(x6)   | ori x5,x0,1 | ori x5,x0,2 ;
 xor x7,x5,x5  | sw x5,0(x6) | sw x5,0(x6) ;
 add x10,x9,x7 | lw x7,0(x6) | ori x7,x0,1 ;
 lw x8,0(x10)  |             | sw x7,0(x8) ;

exists (y=2 /\ 0:x5=1 /\ 0:x8=0 /\ 1:x7=1)
Generated assembler
#START _litmus_P0
	lw a1,0(a5)
	xor s4,a1,a1
	add s3,a4,s4
	lw s2,0(s3)
#START _litmus_P1
	ori a2,x0,1
	sw a2,0(a5)
	lw a4,0(a5)
#START _litmus_P2
	ori t2,x0,2
	sw t2,0(a5)
	ori a2,x0,1
	sw a2,0(a4)
Test A Allowed
Histogram (11 states)
2776  :>0:x5=0; 0:x8=0; 1:x7=1; y=1;
11    :>0:x5=1; 0:x8=0; 1:x7=1; y=1;
241   :>0:x5=0; 0:x8=1; 1:x7=1; y=1;
2667  :>0:x5=1; 0:x8=1; 1:x7=1; y=1;
285   :>0:x5=0; 0:x8=2; 1:x7=1; y=1;
138   :>0:x5=1; 0:x8=2; 1:x7=1; y=1;
496   :>0:x5=0; 0:x8=0; 1:x7=1; y=2;
585   :>0:x5=0; 0:x8=1; 1:x7=1; y=2;
62    :>0:x5=1; 0:x8=1; 1:x7=1; y=2;
2446  :>0:x5=0; 0:x8=2; 1:x7=1; y=2;
293   :>0:x5=1; 0:x8=2; 1:x7=1; y=2;
No

Witnesses
Positive: 0, Negative: 10000
Condition exists (y=2 /\ 0:x5=1 /\ 0:x8=0 /\ 1:x7=1) is NOT validated
Hash=e2da1a0654f3117d73833a9740c7d994
Generator=diyone7 (version 7.56)
Com=Fr Fr Rf
Orig=Rfe DpAddrdR Fre PosWR Fre PodWW
Observation A Never 0 10000
Time A 0.09
Revision exported, version 7.56
Command line: litmus7 -carch RISCV -limit true -affinity incr2 -force_affinity true -mem direct -barrier userfence -detached true -thread std -launch fixed -stride 2 -size_of_test 100 -number_of_run 10 -driver C -gcc riscv64-unknown-linux-gnu-gcc -ccopts -O2 -linkopt -static -avail 4 -alloc dynamic -contiguous true -noalign all ./make_new_litmus/litmus_output/Rfe_DpAddrdR_Fre_PosWR_Fre_PodWW.litmus -o ./make_new_litmus/litmus_output_bayes/Rfe_DpAddrdR_Fre_PosWR_Fre_PodWW_0_1_0_1_0_1_3_2_1_1_0
Parameters
#define SIZE_OF_TEST 100
#define NUMBER_OF_RUN 10
#define AVAIL 4
#define STRIDE 2
#define MAX_LOOP 0
/* gcc options: -D_GNU_SOURCE -DFORCE_AFFINITY -Wall -std=gnu99 -O2 -pthread */
/* gcc link options: -static */
/* barrier: userfence */
/* launch: fixed */
/* affinity: incr2 */
/* alloc: dynamic */
/* memory: direct */
/* stride: 2 */
/* safer: write */
/* preload: random */
/* speedcheck: no */
/* proc used: 4 */
Command: /home/sipeed/test/run_a280b3d4.exe -s 1000
Mon Jan 26 01:46:55 2026
