Sun Jan 25 22:43:22 2026
%%%%%%%%%%%%%%%%%%%%%%%%%%%%%%%%%%%%%%%%%%%%%%%%%%%%%%%%%%%%%%%%%%%%%%%%%%
% Results for ./make_new_litmus/litmus_output/Rfe_PodRR_Fre_PodWW.litmus %
%%%%%%%%%%%%%%%%%%%%%%%%%%%%%%%%%%%%%%%%%%%%%%%%%%%%%%%%%%%%%%%%%%%%%%%%%%
RISCV A
"Rfe PodRR Fre PodWW"
{0:x6=x; 0:x8=y; 1:x6=y; 1:x8=x;}
 P0          | P1          ;
 lw x5,0(x6) | ori x5,x0,1 ;
 lw x7,0(x8) | sw x5,0(x6) ;
             | ori x7,x0,1 ;
             | sw x7,0(x8) ;

exists (0:x5=1 /\ 0:x7=0)
Generated assembler
#START _litmus_P0
	lw a1,0(a5)
	lw a0,0(a4)
#START _litmus_P1
	ori t1,x0,1
	sw t1,0(a5)
	ori a7,x0,1
	sw a7,0(a4)
Test A Allowed
Histogram (4 states)
1021565:>0:x5=0; 0:x7=0;
76903 *>0:x5=1; 0:x7=0;
155742:>0:x5=0; 0:x7=1;
745790:>0:x5=1; 0:x7=1;
Ok

Witnesses
Positive: 76903, Negative: 1923097
Condition exists (0:x5=1 /\ 0:x7=0) is validated
Hash=72494addd90da0056acb44400ece7c24
Generator=diyone7 (version 7.56)
Com=Fr Rf
Orig=Rfe PodRR Fre PodWW
Observation A Sometimes 76903 1923097
Time A 0.52
Revision exported, version 7.56
Command line: litmus7 -carch RISCV -limit true -affinity incr1 -force_affinity true -mem direct -barrier userfence -detached false -thread std -launch changing -stride 0 -size_of_test 100 -number_of_run 10 -driver C -gcc riscv64-unknown-linux-gnu-gcc -ccopts -O2 -linkopt -static -avail 4 -alloc dynamic -contiguous false -noalign none ./make_new_litmus/litmus_output/Rfe_PodRR_Fre_PodWW.litmus -o ./make_new_litmus/litmus_output_bayes/Rfe_PodRR_Fre_PodWW_0_1_0_0_0_0_2_0_0_0_0
Parameters
#define SIZE_OF_TEST 100
#define NUMBER_OF_RUN 10
#define AVAIL 4
#define STRIDE (-1)
#define MAX_LOOP 0
/* gcc options: -D_GNU_SOURCE -DFORCE_AFFINITY -Wall -std=gnu99 -O2 -pthread */
/* gcc link options: -static */
/* barrier: userfence */
/* launch: changing */
/* affinity: incr1 */
/* alloc: dynamic */
/* memory: direct */
/* safer: write */
/* preload: random */
/* speedcheck: no */
/* proc used: 4 */
Command: /home/sipeed/test/run_1544917d.exe -s 100000
Sun Jan 25 22:43:22 2026
