Mon Jan 26 01:46:49 2026
%%%%%%%%%%%%%%%%%%%%%%%%%%%%%%%%%%%%%%%%%%%%%%%%%%%%%%%%%%%%%%%%%%%%%%%%%%%%%%%%%%%%%%%
% Results for ./make_new_litmus/litmus_output/Rfe_PodRW_Rfe_DpAddrdW_Wse_PodWW.litmus %
%%%%%%%%%%%%%%%%%%%%%%%%%%%%%%%%%%%%%%%%%%%%%%%%%%%%%%%%%%%%%%%%%%%%%%%%%%%%%%%%%%%%%%%
RISCV A
"Rfe PodRW Rfe DpAddrdW Coe PodWW"
{0:x6=x; 0:x8=y; 1:x6=y; 1:x9=z; 2:x6=z; 2:x8=x;}
 P0          | P1            | P2          ;
 lw x5,0(x6) | lw x5,0(x6)   | ori x5,x0,2 ;
 ori x7,x0,1 | xor x7,x5,x5  | sw x5,0(x6) ;
 sw x7,0(x8) | ori x8,x0,1   | ori x7,x0,1 ;
             | add x10,x9,x7 | sw x7,0(x8) ;
             | sw x8,0(x10)  |             ;

exists (z=2 /\ 0:x5=1 /\ 1:x5=1)
Generated assembler
#START _litmus_P1
	lw a1,0(a5)
	xor t0,a1,a1
	ori t6,x0,1
	add a6,a4,t0
	sw t6,0(a6)
#START _litmus_P2
	ori t3,x0,2
	sw t3,0(a5)
	ori a2,x0,1
	sw a2,0(a4)
#START _litmus_P0
	lw a1,0(a5)
	ori a6,x0,1
	sw a6,0(a4)
Test A Allowed
Histogram (8 states)
177   :>0:x5=0; 1:x5=0; z=1;
1210  :>0:x5=1; 1:x5=0; z=1;
3290  :>0:x5=0; 1:x5=1; z=1;
1759  :>0:x5=1; 1:x5=1; z=1;
3057  :>0:x5=0; 1:x5=0; z=2;
430   :>0:x5=1; 1:x5=0; z=2;
43    :>0:x5=0; 1:x5=1; z=2;
34    *>0:x5=1; 1:x5=1; z=2;
Ok

Witnesses
Positive: 34, Negative: 9966
Condition exists (z=2 /\ 0:x5=1 /\ 1:x5=1) is validated
Hash=8062960614a77532094b3216e1b2c338
Generator=diyone7 (version 7.56)
Com=Rf Co Rf
Orig=Rfe PodRW Rfe DpAddrdW Coe PodWW
Observation A Sometimes 34 9966
Time A 0.06
Revision exported, version 7.56
Command line: litmus7 -carch RISCV -limit true -affinity none -force_affinity true -mem direct -barrier user -detached true -thread std -launch fixed -stride 0 -size_of_test 100 -number_of_run 10 -driver C -gcc riscv64-unknown-linux-gnu-gcc -ccopts -O2 -linkopt -static -avail 4 -alloc before -contiguous false -noalign all ./make_new_litmus/litmus_output/Rfe_PodRW_Rfe_DpAddrdW_Wse_PodWW.litmus -o ./make_new_litmus/litmus_output_bayes/Rfe_PodRW_Rfe_DpAddrdW_Wse_PodWW_0_0_1_1_0_1_0_0_0_1_0
Parameters
#define SIZE_OF_TEST 100
#define NUMBER_OF_RUN 10
#define AVAIL 4
#define STRIDE (-1)
#define MAX_LOOP 0
/* gcc options: -Wall -std=gnu99 -O2 -pthread */
/* gcc link options: -static */
/* barrier: user */
/* launch: fixed */
/* affinity: none */
/* alloc: Before */
/* memory: direct */
/* safer: write */
/* preload: random */
/* speedcheck: no */
/* proc used: 4 */
Command: /home/sipeed/test/run_d7db6937.exe -s 1000
Mon Jan 26 01:46:49 2026
