Mon Jan 26 01:49:42 2026
%%%%%%%%%%%%%%%%%%%%%%%%%%%%%%%%%%%%%%%%%%%%%%%%%%%%%%%%%%%%%%%%%%%%%%%%%%%%%%
% Results for ./make_new_litmus/litmus_output/Rfe_PodRR_Fre_PodWR_Fre.litmus %
%%%%%%%%%%%%%%%%%%%%%%%%%%%%%%%%%%%%%%%%%%%%%%%%%%%%%%%%%%%%%%%%%%%%%%%%%%%%%%
RISCV A
"Rfe PodRR Fre PodWR Fre"
{0:x6=x; 1:x6=x; 1:x8=y; 2:x6=y; 2:x8=x;}
 P0          | P1          | P2          ;
 ori x5,x0,1 | lw x5,0(x6) | ori x5,x0,1 ;
 sw x5,0(x6) | lw x7,0(x8) | sw x5,0(x6) ;
             |             | lw x7,0(x8) ;

exists (1:x5=1 /\ 1:x7=0 /\ 2:x7=0)
Generated assembler
#START _litmus_P1
	lw a1,0(a5)
	lw s2,0(a4)
#START _litmus_P0
	ori a4,x0,1
	sw a4,0(a5)
#START _litmus_P2
	ori s1,x0,1
	sw s1,0(a5)
	lw a1,0(a4)
Test A Allowed
Histogram (8 states)
204377:>1:x5=0; 1:x7=0; 2:x7=0;
33384 *>1:x5=1; 1:x7=0; 2:x7=0;
132092:>1:x5=0; 1:x7=1; 2:x7=0;
185639:>1:x5=1; 1:x7=1; 2:x7=0;
143139:>1:x5=0; 1:x7=0; 2:x7=1;
169737:>1:x5=1; 1:x7=0; 2:x7=1;
10343 :>1:x5=0; 1:x7=1; 2:x7=1;
121289:>1:x5=1; 1:x7=1; 2:x7=1;
Ok

Witnesses
Positive: 33384, Negative: 966616
Condition exists (1:x5=1 /\ 1:x7=0 /\ 2:x7=0) is validated
Hash=38412d1f12b4792f7d3d07bc91a665d4
Generator=diyone7 (version 7.56)
Com=Rf Fr Fr
Orig=Rfe PodRR Fre PodWR Fre
Observation A Sometimes 33384 966616
Time A 0.55
Revision exported, version 7.56
Command line: litmus7 -carch RISCV -limit true -affinity incr3 -force_affinity true -mem direct -barrier userfence -detached false -thread detached -launch changing -stride 2 -size_of_test 100 -number_of_run 10 -driver C -gcc riscv64-unknown-linux-gnu-gcc -ccopts -O2 -linkopt -static -avail 4 -alloc dynamic -contiguous true -noalign none ./make_new_litmus/litmus_output/Rfe_PodRR_Fre_PodWR_Fre.litmus -o ./make_new_litmus/litmus_output_bayes/Rfe_PodRR_Fre_PodWR_Fre_0_1_0_0_1_0_4_2_1_0_0
Parameters
#define SIZE_OF_TEST 100
#define NUMBER_OF_RUN 10
#define AVAIL 4
#define STRIDE 2
#define MAX_LOOP 0
/* gcc options: -D_GNU_SOURCE -DFORCE_AFFINITY -Wall -std=gnu99 -O2 -pthread */
/* gcc link options: -static */
/* barrier: userfence */
/* launch: changing */
/* affinity: incr3 */
/* alloc: dynamic */
/* memory: direct */
/* stride: 2 */
/* safer: write */
/* preload: random */
/* speedcheck: no */
/* proc used: 4 */
Command: /home/sipeed/test/run_d816fe39.exe -s 100000
Mon Jan 26 01:49:42 2026
