Mon Jan 26 02:23:50 2026
%%%%%%%%%%%%%%%%%%%%%%%%%%%%%%%%%%%%%%%%%%%%%%%%%%%%%%%%%%%%%%%%%%%%%%%%%%%%%%%%%%%%%%%
% Results for ./make_new_litmus/litmus_output/Rfe_DpAddrsR_Fre_PodWR_Fre_PodWW.litmus %
%%%%%%%%%%%%%%%%%%%%%%%%%%%%%%%%%%%%%%%%%%%%%%%%%%%%%%%%%%%%%%%%%%%%%%%%%%%%%%%%%%%%%%%
RISCV A
"Rfe DpAddrsR Fre PodWR Fre PodWW"
{0:x6=x; 1:x6=x; 1:x8=y; 2:x6=y; 2:x8=x;}
 P0           | P1          | P2          ;
 lw x5,0(x6)  | ori x5,x0,2 | ori x5,x0,1 ;
 xor x7,x5,x5 | sw x5,0(x6) | sw x5,0(x6) ;
 add x9,x6,x7 | lw x7,0(x8) | ori x7,x0,1 ;
 lw x8,0(x9)  |             | sw x7,0(x8) ;

exists (x=2 /\ 0:x5=1 /\ 0:x8=1 /\ 1:x7=0)
Generated assembler
#START _litmus_P0
	lw a4,0(a5)
	xor s3,a4,a4
	add s2,a5,s3
	lw a1,0(s2)
#START _litmus_P2
	ori t2,x0,1
	sw t2,0(a5)
	ori a2,x0,1
	sw a2,0(a4)
#START _litmus_P1
	ori s1,x0,2
	sw s1,0(a5)
	lw a1,0(a4)
Test A Allowed
Histogram (24 states)
310226:>0:x5=0; 0:x8=0; 1:x7=0; x=1;
2096  :>0:x5=0; 0:x8=1; 1:x7=0; x=1;
65516 :>0:x5=1; 0:x8=1; 1:x7=0; x=1;
18    :>0:x5=2; 0:x8=1; 1:x7=0; x=1;
3595  :>0:x5=0; 0:x8=2; 1:x7=0; x=1;
91686 :>0:x5=2; 0:x8=2; 1:x7=0; x=1;
51004 :>0:x5=0; 0:x8=0; 1:x7=1; x=1;
508   :>0:x5=0; 0:x8=1; 1:x7=1; x=1;
10143 :>0:x5=1; 0:x8=1; 1:x7=1; x=1;
3     :>0:x5=2; 0:x8=1; 1:x7=1; x=1;
348   :>0:x5=0; 0:x8=2; 1:x7=1; x=1;
10936 :>0:x5=2; 0:x8=2; 1:x7=1; x=1;
50614 :>0:x5=0; 0:x8=0; 1:x7=0; x=2;
192   :>0:x5=0; 0:x8=1; 1:x7=0; x=2;
7118  *>0:x5=1; 0:x8=1; 1:x7=0; x=2;
561   :>0:x5=0; 0:x8=2; 1:x7=0; x=2;
2     :>0:x5=1; 0:x8=2; 1:x7=0; x=2;
24713 :>0:x5=2; 0:x8=2; 1:x7=0; x=2;
269863:>0:x5=0; 0:x8=0; 1:x7=1; x=2;
2025  :>0:x5=0; 0:x8=1; 1:x7=1; x=2;
50013 :>0:x5=1; 0:x8=1; 1:x7=1; x=2;
1259  :>0:x5=0; 0:x8=2; 1:x7=1; x=2;
13    :>0:x5=1; 0:x8=2; 1:x7=1; x=2;
47548 :>0:x5=2; 0:x8=2; 1:x7=1; x=2;
Ok

Witnesses
Positive: 7118, Negative: 992882
Condition exists (x=2 /\ 0:x5=1 /\ 0:x8=1 /\ 1:x7=0) is validated
Hash=d0ff180b1cf3f8d0b9ffa68b748013b0
Generator=diyone7 (version 7.56)
Com=Fr Fr Rf
Orig=Rfe DpAddrsR Fre PodWR Fre PodWW
Observation A Sometimes 7118 992882
Time A 0.85
Revision exported, version 7.56
Command line: litmus7 -carch RISCV -limit true -affinity incr3 -force_affinity true -mem direct -barrier userfence -detached false -thread detached -launch fixed -stride 133 -size_of_test 100 -number_of_run 10 -driver C -gcc riscv64-unknown-linux-gnu-gcc -ccopts -O2 -linkopt -static -avail 4 -alloc dynamic -contiguous false -noalign none ./make_new_litmus/litmus_output/Rfe_DpAddrsR_Fre_PodWR_Fre_PodWW.litmus -o ./make_new_litmus/litmus_output_bayes/Rfe_DpAddrsR_Fre_PodWR_Fre_PodWW_0_1_0_0_1_1_4_2_0_0_0
Parameters
#define SIZE_OF_TEST 100
#define NUMBER_OF_RUN 10
#define AVAIL 4
#define STRIDE 133
#define MAX_LOOP 0
/* gcc options: -D_GNU_SOURCE -DFORCE_AFFINITY -Wall -std=gnu99 -O2 -pthread */
/* gcc link options: -static */
/* barrier: userfence */
/* launch: fixed */
/* affinity: incr3 */
/* alloc: dynamic */
/* memory: direct */
/* stride: 133 */
/* safer: write */
/* preload: random */
/* speedcheck: no */
/* proc used: 4 */
Command: /home/sipeed/test/run_9a2d24be.exe -s 100000
Mon Jan 26 02:23:51 2026
