Sun Jan 25 22:43:46 2026
%%%%%%%%%%%%%%%%%%%%%%%%%%%%%%%%%%%%%%%%%%%%%%%%%%%%%%%%%%%%%%%%%%%%%%%%%%%%%%%%%%%%%%%
% Results for ./make_new_litmus/litmus_output/Rfe_PosRR_Fre_PodWW_Rfe_DpDatadW.litmus %
%%%%%%%%%%%%%%%%%%%%%%%%%%%%%%%%%%%%%%%%%%%%%%%%%%%%%%%%%%%%%%%%%%%%%%%%%%%%%%%%%%%%%%%
RISCV A
"Rfe PosRR Fre PodWW Rfe DpDatadW"
{0:x6=x; 1:x6=x; 1:x8=y; 2:x6=y; 2:x8=x;}
 P0          | P1          | P2           ;
 lw x5,0(x6) | ori x5,x0,2 | lw x5,0(x6)  ;
 lw x7,0(x6) | sw x5,0(x6) | xor x7,x5,x5 ;
             | ori x7,x0,1 | ori x7,x7,1  ;
             | sw x7,0(x8) | sw x7,0(x8)  ;

exists (x=2 /\ 0:x5=1 /\ 0:x7=1 /\ 2:x5=1)
Generated assembler
#START _litmus_P2
	lw a1,0(a5)
	xor t4,a1,a1
	ori t4,t4,1
	sw t4,0(a4)
#START _litmus_P0
	lw a4,0(a5)
	lw a1,0(a5)
#START _litmus_P1
	ori t3,x0,2
	sw t3,0(a5)
	ori a2,x0,1
	sw a2,0(a4)
Test A Allowed
Histogram (23 states)
235436:>0:x5=0; 0:x7=0; 2:x5=0; x=1;
72    :>0:x5=0; 0:x7=1; 2:x5=0; x=1;
23205 :>0:x5=1; 0:x7=1; 2:x5=0; x=1;
4     :>0:x5=2; 0:x7=1; 2:x5=0; x=1;
189   :>0:x5=0; 0:x7=2; 2:x5=0; x=1;
107093:>0:x5=2; 0:x7=2; 2:x5=0; x=1;
20083 :>0:x5=0; 0:x7=0; 2:x5=1; x=1;
14    :>0:x5=0; 0:x7=1; 2:x5=1; x=1;
115997:>0:x5=1; 0:x7=1; 2:x5=1; x=1;
8     :>0:x5=2; 0:x7=1; 2:x5=1; x=1;
46    :>0:x5=0; 0:x7=2; 2:x5=1; x=1;
74600 :>0:x5=2; 0:x7=2; 2:x5=1; x=1;
154466:>0:x5=0; 0:x7=0; 2:x5=0; x=2;
97    :>0:x5=0; 0:x7=1; 2:x5=0; x=2;
214204:>0:x5=1; 0:x7=1; 2:x5=0; x=2;
38    :>0:x5=0; 0:x7=2; 2:x5=0; x=2;
4     :>0:x5=1; 0:x7=2; 2:x5=0; x=2;
52652 :>0:x5=2; 0:x7=2; 2:x5=0; x=2;
1624  :>0:x5=0; 0:x7=0; 2:x5=1; x=2;
7     :>0:x5=0; 0:x7=1; 2:x5=1; x=2;
98    *>0:x5=1; 0:x7=1; 2:x5=1; x=2;
1     :>0:x5=1; 0:x7=2; 2:x5=1; x=2;
62    :>0:x5=2; 0:x7=2; 2:x5=1; x=2;
Ok

Witnesses
Positive: 98, Negative: 999902
Condition exists (x=2 /\ 0:x5=1 /\ 0:x7=1 /\ 2:x5=1) is validated
Hash=3af820ef14f2a562e64de13df0406191
Generator=diyone7 (version 7.56)
Com=Fr Rf Rf
Orig=Rfe PosRR Fre PodWW Rfe DpDatadW
Observation A Sometimes 98 999902
Time A 1.10
Revision exported, version 7.56
Command line: litmus7 -carch RISCV -limit true -affinity incr1 -force_affinity true -mem direct -barrier userfence -detached false -thread std -launch changing -stride 0 -size_of_test 100 -number_of_run 10 -driver C -gcc riscv64-unknown-linux-gnu-gcc -ccopts -O2 -linkopt -static -avail 4 -alloc dynamic -contiguous false -noalign none ./make_new_litmus/litmus_output/Rfe_PosRR_Fre_PodWW_Rfe_DpDatadW.litmus -o ./make_new_litmus/litmus_output_bayes/Rfe_PosRR_Fre_PodWW_Rfe_DpDatadW_0_1_0_0_0_0_2_0_0_0_0
Parameters
#define SIZE_OF_TEST 100
#define NUMBER_OF_RUN 10
#define AVAIL 4
#define STRIDE (-1)
#define MAX_LOOP 0
/* gcc options: -D_GNU_SOURCE -DFORCE_AFFINITY -Wall -std=gnu99 -O2 -pthread */
/* gcc link options: -static */
/* barrier: userfence */
/* launch: changing */
/* affinity: incr1 */
/* alloc: dynamic */
/* memory: direct */
/* safer: write */
/* preload: random */
/* speedcheck: no */
/* proc used: 4 */
Command: /home/sipeed/test/run_356632aa.exe -s 100000
Sun Jan 25 22:43:47 2026
