Mon Jan 26 01:49:11 2026
%%%%%%%%%%%%%%%%%%%%%%%%%%%%%%%%%%%%%%%%%%%%%%%%%%%%%%%%%%%%%%%%%%%%%%%%%%%%%%%%%%%%
% Results for ./make_new_litmus/litmus_output/Rfe_PodRR_Fre_PodWR_Fre_PosWW.litmus %
%%%%%%%%%%%%%%%%%%%%%%%%%%%%%%%%%%%%%%%%%%%%%%%%%%%%%%%%%%%%%%%%%%%%%%%%%%%%%%%%%%%%
RISCV A
"Rfe PodRR Fre PodWR Fre PosWW"
{0:x6=x; 0:x8=y; 1:x6=y; 1:x8=x; 2:x6=x;}
 P0          | P1          | P2          ;
 lw x5,0(x6) | ori x5,x0,1 | ori x5,x0,1 ;
 lw x7,0(x8) | sw x5,0(x6) | sw x5,0(x6) ;
             | lw x7,0(x8) | ori x7,x0,2 ;
             |             | sw x7,0(x6) ;

exists (x=2 /\ 0:x5=2 /\ 0:x7=0 /\ 1:x7=0)
Generated assembler
#START _litmus_P0
	lw a1,0(a5)
	lw s2,0(a4)
#START _litmus_P2
	ori a2,x0,1
	sw a2,0(a5)
	ori a4,x0,2
	sw a4,0(a5)
#START _litmus_P1
	ori s1,x0,1
	sw s1,0(a5)
	lw a1,0(a4)
Test A Allowed
Histogram (17 states)
237771:>0:x5=0; 0:x7=0; 1:x7=0; x=2;
11688 *>0:x5=2; 0:x7=0; 1:x7=0; x=2;
239568:>0:x5=0; 0:x7=1; 1:x7=0; x=2;
30    :>0:x5=1; 0:x7=1; 1:x7=0; x=2;
48913 :>0:x5=2; 0:x7=1; 1:x7=0; x=2;
1     :>0:x5=0; 0:x7=0; 1:x7=1; x=2;
2731  :>0:x5=1; 0:x7=0; 1:x7=1; x=2;
10    :>0:x5=2; 0:x7=0; 1:x7=1; x=2;
1     :>0:x5=0; 0:x7=1; 1:x7=1; x=2;
18253 :>0:x5=1; 0:x7=1; 1:x7=1; x=2;
132   :>0:x5=2; 0:x7=1; 1:x7=1; x=2;
104553:>0:x5=0; 0:x7=0; 1:x7=2; x=2;
355   :>0:x5=1; 0:x7=0; 1:x7=2; x=2;
83473 :>0:x5=2; 0:x7=0; 1:x7=2; x=2;
10977 :>0:x5=0; 0:x7=1; 1:x7=2; x=2;
16    :>0:x5=1; 0:x7=1; 1:x7=2; x=2;
241528:>0:x5=2; 0:x7=1; 1:x7=2; x=2;
Ok

Witnesses
Positive: 11688, Negative: 988312
Condition exists (x=2 /\ 0:x5=2 /\ 0:x7=0 /\ 1:x7=0) is validated
Hash=e34d0e1da496724587c187e89477ce0e
Generator=diyone7 (version 7.56)
Com=Fr Fr Rf
Orig=Rfe PodRR Fre PodWR Fre PosWW
Observation A Sometimes 11688 988312
Time A 0.76
Revision exported, version 7.56
Command line: litmus7 -carch RISCV -limit true -affinity incr3 -force_affinity true -mem direct -barrier userfence -detached false -thread std -launch fixed -stride 2 -size_of_test 100 -number_of_run 10 -driver C -gcc riscv64-unknown-linux-gnu-gcc -ccopts -O2 -linkopt -static -avail 4 -alloc before -contiguous false -noalign all ./make_new_litmus/litmus_output/Rfe_PodRR_Fre_PodWR_Fre_PosWW.litmus -o ./make_new_litmus/litmus_output_bayes/Rfe_PodRR_Fre_PodWR_Fre_PosWW_0_1_1_0_0_1_4_2_0_1_0
Parameters
#define SIZE_OF_TEST 100
#define NUMBER_OF_RUN 10
#define AVAIL 4
#define STRIDE 2
#define MAX_LOOP 0
/* gcc options: -D_GNU_SOURCE -DFORCE_AFFINITY -Wall -std=gnu99 -O2 -pthread */
/* gcc link options: -static */
/* barrier: userfence */
/* launch: fixed */
/* affinity: incr3 */
/* alloc: Before */
/* memory: direct */
/* stride: 2 */
/* safer: write */
/* preload: random */
/* speedcheck: no */
/* proc used: 4 */
Command: /home/sipeed/test/run_1729ff39.exe -s 100000
Mon Jan 26 01:49:12 2026
