Sun Jan 25 22:43:26 2026
%%%%%%%%%%%%%%%%%%%%%%%%%%%%%%%%%%%%%%%%%%%%%%%%%%%%%%%%%%%%%%%%%%%%%%%%%%
% Results for ./make_new_litmus/litmus_output/Rfe_PodRW_Rfe_PodRW.litmus %
%%%%%%%%%%%%%%%%%%%%%%%%%%%%%%%%%%%%%%%%%%%%%%%%%%%%%%%%%%%%%%%%%%%%%%%%%%
RISCV A
"Rfe PodRW Rfe PodRW"
{0:x6=x; 0:x8=y; 1:x6=y; 1:x8=x;}
 P0          | P1          ;
 lw x5,0(x6) | lw x5,0(x6) ;
 ori x7,x0,1 | ori x7,x0,1 ;
 sw x7,0(x8) | sw x7,0(x8) ;

exists (0:x5=1 /\ 1:x5=1)
Generated assembler
#START _litmus_P0
	lw a1,0(a5)
	ori t3,x0,1
	sw t3,0(a4)
#START _litmus_P1
	lw a1,0(a5)
	ori t3,x0,1
	sw t3,0(a4)
Test A Allowed
Histogram (4 states)
306635:>0:x5=0; 1:x5=0;
817509:>0:x5=1; 1:x5=0;
820379:>0:x5=0; 1:x5=1;
55477 *>0:x5=1; 1:x5=1;
Ok

Witnesses
Positive: 55477, Negative: 1944523
Condition exists (0:x5=1 /\ 1:x5=1) is validated
Hash=300aaf155b092e5dffd3a782c1fba13c
Generator=diyone7 (version 7.56)
Com=Rf Rf
Orig=Rfe PodRW Rfe PodRW
Observation A Sometimes 55477 1944523
Time A 0.54
Revision exported, version 7.56
Command line: litmus7 -carch RISCV -limit true -affinity incr1 -force_affinity true -mem direct -barrier userfence -detached false -thread std -launch changing -stride 0 -size_of_test 100 -number_of_run 10 -driver C -gcc riscv64-unknown-linux-gnu-gcc -ccopts -O2 -linkopt -static -avail 4 -alloc dynamic -contiguous false -noalign none ./make_new_litmus/litmus_output/Rfe_PodRW_Rfe_PodRW.litmus -o ./make_new_litmus/litmus_output_bayes/Rfe_PodRW_Rfe_PodRW_0_1_0_0_0_0_2_0_0_0_0
Parameters
#define SIZE_OF_TEST 100
#define NUMBER_OF_RUN 10
#define AVAIL 4
#define STRIDE (-1)
#define MAX_LOOP 0
/* gcc options: -D_GNU_SOURCE -DFORCE_AFFINITY -Wall -std=gnu99 -O2 -pthread */
/* gcc link options: -static */
/* barrier: userfence */
/* launch: changing */
/* affinity: incr1 */
/* alloc: dynamic */
/* memory: direct */
/* safer: write */
/* preload: random */
/* speedcheck: no */
/* proc used: 4 */
Command: /home/sipeed/test/run_b7c72baa.exe -s 100000
Sun Jan 25 22:43:26 2026
