Sun Jan 25 22:43:13 2026
%%%%%%%%%%%%%%%%%%%%%%%%%%%%%%%%%%%%%%%%%%%%%%%%%%%%%%%%%%%%%%%%%%%%%%%%%%%%%%%%%%%%
% Results for ./make_new_litmus/litmus_output/Rfe_PosRW_Rfe_PodRW_Rfe_PodRW.litmus %
%%%%%%%%%%%%%%%%%%%%%%%%%%%%%%%%%%%%%%%%%%%%%%%%%%%%%%%%%%%%%%%%%%%%%%%%%%%%%%%%%%%%
RISCV A
"Rfe PosRW Rfe PodRW Rfe PodRW"
{0:x6=x; 1:x6=x; 1:x8=y; 2:x6=y; 2:x8=x;}
 P0          | P1          | P2          ;
 lw x5,0(x6) | lw x5,0(x6) | lw x5,0(x6) ;
 ori x7,x0,2 | ori x7,x0,1 | ori x7,x0,1 ;
 sw x7,0(x6) | sw x7,0(x8) | sw x7,0(x8) ;

exists (x=2 /\ 0:x5=1 /\ 1:x5=2 /\ 2:x5=1)
Generated assembler
#START _litmus_P1
	lw a1,0(a5)
	ori t4,x0,1
	sw t4,0(a4)
#START _litmus_P0
	lw a4,0(a5)
	ori a2,x0,2
	sw a2,0(a5)
#START _litmus_P2
	lw a1,0(a5)
	ori t4,x0,1
	sw t4,0(a4)
Test A Allowed
Histogram (18 states)
22054 :>0:x5=0; 1:x5=0; 2:x5=0; x=1;
143645:>0:x5=0; 1:x5=1; 2:x5=0; x=1;
36769 :>0:x5=0; 1:x5=2; 2:x5=0; x=1;
54478 :>0:x5=0; 1:x5=0; 2:x5=1; x=1;
18564 :>0:x5=0; 1:x5=1; 2:x5=1; x=1;
96293 :>0:x5=0; 1:x5=2; 2:x5=1; x=1;
38790 :>0:x5=0; 1:x5=0; 2:x5=0; x=2;
31556 :>0:x5=1; 1:x5=0; 2:x5=0; x=2;
16001 :>0:x5=0; 1:x5=1; 2:x5=0; x=2;
258075:>0:x5=1; 1:x5=1; 2:x5=0; x=2;
4177  :>0:x5=0; 1:x5=2; 2:x5=0; x=2;
3779  :>0:x5=1; 1:x5=2; 2:x5=0; x=2;
242115:>0:x5=0; 1:x5=0; 2:x5=1; x=2;
22927 :>0:x5=1; 1:x5=0; 2:x5=1; x=2;
950   :>0:x5=0; 1:x5=1; 2:x5=1; x=2;
9314  :>0:x5=1; 1:x5=1; 2:x5=1; x=2;
30    :>0:x5=0; 1:x5=2; 2:x5=1; x=2;
483   *>0:x5=1; 1:x5=2; 2:x5=1; x=2;
Ok

Witnesses
Positive: 483, Negative: 999517
Condition exists (x=2 /\ 0:x5=1 /\ 1:x5=2 /\ 2:x5=1) is validated
Hash=ef5bfcaf2669f081562334c8f8534aca
Generator=diyone7 (version 7.56)
Com=Rf Rf Rf
Orig=Rfe PosRW Rfe PodRW Rfe PodRW
Observation A Sometimes 483 999517
Time A 0.75
Revision exported, version 7.56
Command line: litmus7 -carch RISCV -limit true -affinity incr1 -force_affinity true -mem direct -barrier userfence -detached false -thread std -launch changing -stride 0 -size_of_test 100 -number_of_run 10 -driver C -gcc riscv64-unknown-linux-gnu-gcc -ccopts -O2 -linkopt -static -avail 4 -alloc dynamic -contiguous false -noalign none ./make_new_litmus/litmus_output/Rfe_PosRW_Rfe_PodRW_Rfe_PodRW.litmus -o ./make_new_litmus/litmus_output_bayes/Rfe_PosRW_Rfe_PodRW_Rfe_PodRW_0_1_0_0_0_0_2_0_0_0_0
Parameters
#define SIZE_OF_TEST 100
#define NUMBER_OF_RUN 10
#define AVAIL 4
#define STRIDE (-1)
#define MAX_LOOP 0
/* gcc options: -D_GNU_SOURCE -DFORCE_AFFINITY -Wall -std=gnu99 -O2 -pthread */
/* gcc link options: -static */
/* barrier: userfence */
/* launch: changing */
/* affinity: incr1 */
/* alloc: dynamic */
/* memory: direct */
/* safer: write */
/* preload: random */
/* speedcheck: no */
/* proc used: 4 */
Command: /home/sipeed/test/run_23bfbba0.exe -s 100000
Sun Jan 25 22:43:13 2026
