Mon Jan 26 02:25:23 2026
%%%%%%%%%%%%%%%%%%%%%%%%%%%%%%%%%%%%%%%%%%%%%%%%%%%%%%%%%%%%%%%%%%%%%%%%%%%%%%%%%%%%%%%
% Results for ./make_new_litmus/litmus_output/Rfe_PodRW_Rfe_DpAddrdW_Rfe_PodRW.litmus %
%%%%%%%%%%%%%%%%%%%%%%%%%%%%%%%%%%%%%%%%%%%%%%%%%%%%%%%%%%%%%%%%%%%%%%%%%%%%%%%%%%%%%%%
RISCV A
"Rfe PodRW Rfe DpAddrdW Rfe PodRW"
{0:x6=x; 0:x8=y; 1:x6=y; 1:x9=z; 2:x6=z; 2:x8=x;}
 P0          | P1            | P2          ;
 lw x5,0(x6) | lw x5,0(x6)   | lw x5,0(x6) ;
 ori x7,x0,1 | xor x7,x5,x5  | ori x7,x0,1 ;
 sw x7,0(x8) | ori x8,x0,1   | sw x7,0(x8) ;
             | add x10,x9,x7 |             ;
             | sw x8,0(x10)  |             ;

exists (0:x5=1 /\ 1:x5=1 /\ 2:x5=1)
Generated assembler
#START _litmus_P1
	lw a1,0(a5)
	xor s3,a1,a1
	ori s2,x0,1
	add s1,a4,s3
	sw s2,0(s1)
#START _litmus_P2
	lw a1,0(a5)
	ori s1,x0,1
	sw s1,0(a4)
#START _litmus_P0
	lw a1,0(a5)
	ori s1,x0,1
	sw s1,0(a4)
Test A Allowed
Histogram (8 states)
361738:>0:x5=0; 1:x5=0; 2:x5=0;
109732:>0:x5=1; 1:x5=0; 2:x5=0;
352582:>0:x5=0; 1:x5=1; 2:x5=0;
39302 :>0:x5=1; 1:x5=1; 2:x5=0;
115189:>0:x5=0; 1:x5=0; 2:x5=1;
12652 :>0:x5=1; 1:x5=0; 2:x5=1;
8737  :>0:x5=0; 1:x5=1; 2:x5=1;
68    *>0:x5=1; 1:x5=1; 2:x5=1;
Ok

Witnesses
Positive: 68, Negative: 999932
Condition exists (0:x5=1 /\ 1:x5=1 /\ 2:x5=1) is validated
Hash=57de70a60041fbbfbb3f58bd13f89c0a
Generator=diyone7 (version 7.56)
Com=Rf Rf Rf
Orig=Rfe PodRW Rfe DpAddrdW Rfe PodRW
Observation A Sometimes 68 999932
Time A 0.77
Revision exported, version 7.56
Command line: litmus7 -carch RISCV -limit true -affinity incr2 -force_affinity true -mem direct -barrier userfence -detached true -thread std -launch fixed -stride 133 -size_of_test 100 -number_of_run 10 -driver C -gcc riscv64-unknown-linux-gnu-gcc -ccopts -O2 -linkopt -static -avail 4 -alloc dynamic -contiguous false -noalign all ./make_new_litmus/litmus_output/Rfe_PodRW_Rfe_DpAddrdW_Rfe_PodRW.litmus -o ./make_new_litmus/litmus_output_bayes/Rfe_PodRW_Rfe_DpAddrdW_Rfe_PodRW_0_1_0_1_0_1_3_2_0_1_0
Parameters
#define SIZE_OF_TEST 100
#define NUMBER_OF_RUN 10
#define AVAIL 4
#define STRIDE 133
#define MAX_LOOP 0
/* gcc options: -D_GNU_SOURCE -DFORCE_AFFINITY -Wall -std=gnu99 -O2 -pthread */
/* gcc link options: -static */
/* barrier: userfence */
/* launch: fixed */
/* affinity: incr2 */
/* alloc: dynamic */
/* memory: direct */
/* stride: 133 */
/* safer: write */
/* preload: random */
/* speedcheck: no */
/* proc used: 4 */
Command: /home/sipeed/test/run_5e62c8c3.exe -s 100000
Mon Jan 26 02:25:24 2026
