Mon Jan 26 01:46:18 2026
%%%%%%%%%%%%%%%%%%%%%%%%%%%%%%%%%%%%%%%%%%%%%%%%%%%%%%%%%%%%%%%%%%%%%%%%%%%%%%%%%%%%%%%%%
% Results for ./make_new_litmus/litmus_output/Rfe_FrLeave_PodWW_RfBack_Fre_PodWW.litmus %
%%%%%%%%%%%%%%%%%%%%%%%%%%%%%%%%%%%%%%%%%%%%%%%%%%%%%%%%%%%%%%%%%%%%%%%%%%%%%%%%%%%%%%%%%
RISCV A
"Rfe FrLeave PodWW RfBack Fre PodWW"
{0:x6=x; 0:x8=y; 1:x6=y; 1:x8=x; 2:x6=x; 2:x8=y;}
 P0          | P1          | P2          ;
 ori x5,x0,2 | ori x5,x0,2 | lw x5,0(x6) ;
 sw x5,0(x6) | sw x5,0(x6) | lw x7,0(x8) ;
 ori x7,x0,1 | ori x7,x0,1 |             ;
 sw x7,0(x8) | sw x7,0(x8) |             ;

exists (x=2 /\ y=2 /\ 2:x5=1 /\ 2:x7=1)
Generated assembler
#START _litmus_P0
	ori t4,x0,2
	sw t4,0(a5)
	ori a3,x0,1
	sw a3,0(a4)
#START _litmus_P2
	lw a3,0(a5)
	lw t6,0(a4)
#START _litmus_P1
	ori t4,x0,2
	sw t4,0(a5)
	ori a3,x0,1
	sw a3,0(a4)
Test A Allowed
Histogram (25 states)
163   :>2:x5=0; 2:x7=0; x=1; y=1;
10    :>2:x5=2; 2:x7=0; x=1; y=1;
2     :>2:x5=1; 2:x7=1; x=1; y=1;
2     :>2:x5=2; 2:x7=1; x=1; y=1;
5     :>2:x5=0; 2:x7=2; x=1; y=1;
3     :>2:x5=1; 2:x7=2; x=1; y=1;
2     :>2:x5=2; 2:x7=2; x=1; y=1;
1589  :>2:x5=0; 2:x7=0; x=2; y=1;
2     :>2:x5=1; 2:x7=0; x=2; y=1;
1     :>2:x5=1; 2:x7=1; x=2; y=1;
1659  :>2:x5=2; 2:x7=1; x=2; y=1;
1     :>2:x5=0; 2:x7=2; x=2; y=1;
1635  :>2:x5=1; 2:x7=2; x=2; y=1;
14    :>2:x5=2; 2:x7=2; x=2; y=1;
1587  :>2:x5=0; 2:x7=0; x=1; y=2;
1     :>2:x5=1; 2:x7=0; x=1; y=2;
6     :>2:x5=2; 2:x7=0; x=1; y=2;
3     :>2:x5=0; 2:x7=1; x=1; y=2;
2     :>2:x5=1; 2:x7=1; x=1; y=2;
1616  :>2:x5=2; 2:x7=1; x=1; y=2;
1666  :>2:x5=1; 2:x7=2; x=1; y=2;
20    :>2:x5=2; 2:x7=2; x=1; y=2;
3     :>2:x5=1; 2:x7=0; x=2; y=2;
2     :>2:x5=2; 2:x7=1; x=2; y=2;
6     :>2:x5=2; 2:x7=2; x=2; y=2;
No

Witnesses
Positive: 0, Negative: 10000
Condition exists (x=2 /\ y=2 /\ 2:x5=1 /\ 2:x7=1) is NOT validated
Hash=ff7c9edb77fc536f9a7f4e2c52766895
Generator=diyone7 (version 7.56)
Com=Rf Rf Fr
Orig=Rfe FrLeave PodWW RfBack Fre PodWW
Observation A Never 0 10000
Time A 0.06
Revision exported, version 7.56
Command line: litmus7 -carch RISCV -limit true -affinity incr1 -force_affinity true -mem direct -barrier user2 -detached false -thread std -launch changing -stride 0 -size_of_test 100 -number_of_run 10 -driver C -gcc riscv64-unknown-linux-gnu-gcc -ccopts -O2 -linkopt -static -avail 4 -alloc dynamic -contiguous false -noalign none ./make_new_litmus/litmus_output/Rfe_FrLeave_PodWW_RfBack_Fre_PodWW.litmus -o ./make_new_litmus/litmus_output_bayes/Rfe_FrLeave_PodWW_RfBack_Fre_PodWW_0_2_0_0_0_0_2_0_0_0_0
Parameters
#define SIZE_OF_TEST 100
#define NUMBER_OF_RUN 10
#define AVAIL 4
#define STRIDE (-1)
#define MAX_LOOP 0
/* gcc options: -D_GNU_SOURCE -DFORCE_AFFINITY -Wall -std=gnu99 -O2 -pthread */
/* gcc link options: -static */
/* barrier: user2 */
/* launch: changing */
/* affinity: incr1 */
/* alloc: dynamic */
/* memory: direct */
/* safer: write */
/* preload: random */
/* speedcheck: no */
/* proc used: 4 */
Command: /home/sipeed/test/run_bbb04764.exe -s 1000
Mon Jan 26 01:46:18 2026
