Mon Jan 26 01:45:49 2026
%%%%%%%%%%%%%%%%%%%%%%%%%%%%%%%%%%%%%%%%%%%%%%%%%%%%%%%%%%%%%%%%%%%%%%%%%%%%%%%%%%%%%%%%%%%%%%%%%%%%%%%%%%
% Results for ./make_new_litmus/litmus_output/Rfe_Fence.rw.rwdRR_Fre_CoLeave_Fence.r.rwdWR_FrBack.litmus %
%%%%%%%%%%%%%%%%%%%%%%%%%%%%%%%%%%%%%%%%%%%%%%%%%%%%%%%%%%%%%%%%%%%%%%%%%%%%%%%%%%%%%%%%%%%%%%%%%%%%%%%%%%
RISCV A
"Rfe Fence.rw.rwdRR Fre CoLeave Fence.r.rwdWR FrBack"
{0:x6=x; 0:x8=y; 1:x6=y; 1:x8=x; 2:x6=y; 2:x8=x;}
 P0          | P1          | P2          ;
 lw x5,0(x6) | ori x5,x0,1 | ori x5,x0,2 ;
 fence rw,rw | sw x5,0(x6) | sw x5,0(x6) ;
 lw x7,0(x8) | ori x7,x0,1 | fence r,rw  ;
             | sw x7,0(x8) | lw x7,0(x8) ;

exists (y=2 /\ 0:x5=1 /\ 0:x7=0 /\ 2:x7=0)
Generated assembler
#START _litmus_P0
	lw a3,0(a5)
	fence rw,rw
	lw t6,0(a4)
#START _litmus_P1
	ori t4,x0,1
	sw t4,0(a5)
	ori a3,x0,1
	sw a3,0(a4)
#START _litmus_P2
	ori t5,x0,2
	sw t5,0(a5)
	fence r,rw
	lw a3,0(a4)
Test A Allowed
Histogram (16 states)
2393  :>0:x5=0; 0:x7=0; 2:x7=0; y=1;
3182  :>0:x5=0; 0:x7=1; 2:x7=0; y=1;
80    :>0:x5=1; 0:x7=1; 2:x7=0; y=1;
70    :>0:x5=0; 0:x7=2; 2:x7=0; y=1;
186   :>0:x5=0; 0:x7=0; 2:x7=1; y=1;
1     :>0:x5=1; 0:x7=0; 2:x7=1; y=1;
14    :>0:x5=0; 0:x7=1; 2:x7=1; y=1;
3     :>0:x5=1; 0:x7=1; 2:x7=1; y=1;
1     :>0:x5=0; 0:x7=0; 2:x7=0; y=2;
1     :>0:x5=0; 0:x7=1; 2:x7=0; y=2;
1     :>0:x5=0; 0:x7=2; 2:x7=0; y=2;
736   :>0:x5=0; 0:x7=0; 2:x7=1; y=2;
10    :>0:x5=0; 0:x7=1; 2:x7=1; y=2;
74    :>0:x5=1; 0:x7=1; 2:x7=1; y=2;
25    :>0:x5=0; 0:x7=2; 2:x7=1; y=2;
3223  :>0:x5=1; 0:x7=2; 2:x7=1; y=2;
No

Witnesses
Positive: 0, Negative: 10000
Condition exists (y=2 /\ 0:x5=1 /\ 0:x7=0 /\ 2:x7=0) is NOT validated
Hash=502aed5a617d1d70bce46ec214a71bda
Generator=diyone7 (version 7.56)
Com=Fr Rf Fr
Orig=Rfe Fence.rw.rwdRR Fre CoLeave Fence.r.rwdWR FrBack
Observation A Never 0 10000
Time A 0.07
Revision exported, version 7.56
Command line: litmus7 -carch RISCV -limit true -affinity incr1 -force_affinity true -mem direct -barrier user2 -detached false -thread std -launch changing -stride 0 -size_of_test 100 -number_of_run 10 -driver C -gcc riscv64-unknown-linux-gnu-gcc -ccopts -O2 -linkopt -static -avail 4 -alloc dynamic -contiguous false -noalign none ./make_new_litmus/litmus_output/Rfe_Fence.rw.rwdRR_Fre_CoLeave_Fence.r.rwdWR_FrBack.litmus -o ./make_new_litmus/litmus_output_bayes/Rfe_Fence.rw.rwdRR_Fre_CoLeave_Fence.r.rwdWR_FrBack_0_2_0_0_0_0_2_0_0_0_0
Parameters
#define SIZE_OF_TEST 100
#define NUMBER_OF_RUN 10
#define AVAIL 4
#define STRIDE (-1)
#define MAX_LOOP 0
/* gcc options: -D_GNU_SOURCE -DFORCE_AFFINITY -Wall -std=gnu99 -O2 -pthread */
/* gcc link options: -static */
/* barrier: user2 */
/* launch: changing */
/* affinity: incr1 */
/* alloc: dynamic */
/* memory: direct */
/* safer: write */
/* preload: random */
/* speedcheck: no */
/* proc used: 4 */
Command: /home/sipeed/test/run_2ff7a4b7.exe -s 1000
Mon Jan 26 01:45:49 2026
