Mon Jan 26 01:48:58 2026
%%%%%%%%%%%%%%%%%%%%%%%%%%%%%%%%%%%%%%%%%%%%%%%%%%%%%%%%%%%%%%%%%%%%%%%%%%%%%%%%%%%%%%%%%%%%%%%%%%%%
% Results for ./make_new_litmus/litmus_output/Rfe_DpAddrdR_Fre_CoLeave_Fence.rw.wdWR_FrBack.litmus %
%%%%%%%%%%%%%%%%%%%%%%%%%%%%%%%%%%%%%%%%%%%%%%%%%%%%%%%%%%%%%%%%%%%%%%%%%%%%%%%%%%%%%%%%%%%%%%%%%%%%
RISCV A
"Rfe DpAddrdR Fre CoLeave Fence.rw.wdWR FrBack"
{0:x6=x; 0:x9=y; 1:x6=y; 1:x8=x; 2:x6=y; 2:x8=x;}
 P0            | P1          | P2          ;
 lw x5,0(x6)   | ori x5,x0,1 | ori x5,x0,2 ;
 xor x7,x5,x5  | sw x5,0(x6) | sw x5,0(x6) ;
 add x10,x9,x7 | ori x7,x0,1 | fence rw,w  ;
 lw x8,0(x10)  | sw x7,0(x8) | lw x7,0(x8) ;

exists (y=2 /\ 0:x5=1 /\ 0:x8=0 /\ 2:x7=0)
Generated assembler
#START _litmus_P0
	lw a1,0(a5)
	xor s4,a1,a1
	add s3,a4,s4
	lw s2,0(s3)
#START _litmus_P1
	ori t2,x0,1
	sw t2,0(a5)
	ori a2,x0,1
	sw a2,0(a4)
#START _litmus_P2
	ori s1,x0,2
	sw s1,0(a5)
	fence rw,w
	lw a1,0(a4)
Test A Allowed
Histogram (21 states)
36612 :>0:x5=0; 0:x8=0; 2:x7=0; y=1;
361728:>0:x5=0; 0:x8=1; 2:x7=0; y=1;
5145  :>0:x5=1; 0:x8=1; 2:x7=0; y=1;
20342 :>0:x5=0; 0:x8=2; 2:x7=0; y=1;
17    :>0:x5=1; 0:x8=2; 2:x7=0; y=1;
27142 :>0:x5=0; 0:x8=0; 2:x7=1; y=1;
864   :>0:x5=1; 0:x8=0; 2:x7=1; y=1;
26883 :>0:x5=0; 0:x8=1; 2:x7=1; y=1;
9564  :>0:x5=1; 0:x8=1; 2:x7=1; y=1;
5853  :>0:x5=0; 0:x8=2; 2:x7=1; y=1;
12826 :>0:x5=1; 0:x8=2; 2:x7=1; y=1;
1602  :>0:x5=0; 0:x8=0; 2:x7=0; y=2;
1401  :>0:x5=0; 0:x8=1; 2:x7=0; y=2;
8691  :>0:x5=0; 0:x8=2; 2:x7=0; y=2;
527   :>0:x5=1; 0:x8=2; 2:x7=0; y=2;
50692 :>0:x5=0; 0:x8=0; 2:x7=1; y=2;
1740  :>0:x5=1; 0:x8=0; 2:x7=1; y=2;
125234:>0:x5=0; 0:x8=1; 2:x7=1; y=2;
14740 :>0:x5=1; 0:x8=1; 2:x7=1; y=2;
109500:>0:x5=0; 0:x8=2; 2:x7=1; y=2;
178897:>0:x5=1; 0:x8=2; 2:x7=1; y=2;
No

Witnesses
Positive: 0, Negative: 1000000
Condition exists (y=2 /\ 0:x5=1 /\ 0:x8=0 /\ 2:x7=0) is NOT validated
Hash=76d6f21f58f506de3be87b7b9bf34d9d
Generator=diyone7 (version 7.56)
Com=Fr Rf Fr
Orig=Rfe DpAddrdR Fre CoLeave Fence.rw.wdWR FrBack
Observation A Never 0 1000000
Time A 0.88
Revision exported, version 7.56
Command line: litmus7 -carch RISCV -limit true -affinity incr3 -force_affinity true -mem direct -barrier userfence -detached false -thread std -launch fixed -stride 2 -size_of_test 100 -number_of_run 10 -driver C -gcc riscv64-unknown-linux-gnu-gcc -ccopts -O2 -linkopt -static -avail 4 -alloc before -contiguous false -noalign none ./make_new_litmus/litmus_output/Rfe_DpAddrdR_Fre_CoLeave_Fence.rw.wdWR_FrBack.litmus -o ./make_new_litmus/litmus_output_bayes/Rfe_DpAddrdR_Fre_CoLeave_Fence.rw.wdWR_FrBack_0_1_1_0_0_1_4_2_0_0_0
Parameters
#define SIZE_OF_TEST 100
#define NUMBER_OF_RUN 10
#define AVAIL 4
#define STRIDE 2
#define MAX_LOOP 0
/* gcc options: -D_GNU_SOURCE -DFORCE_AFFINITY -Wall -std=gnu99 -O2 -pthread */
/* gcc link options: -static */
/* barrier: userfence */
/* launch: fixed */
/* affinity: incr3 */
/* alloc: Before */
/* memory: direct */
/* stride: 2 */
/* safer: write */
/* preload: random */
/* speedcheck: no */
/* proc used: 4 */
Command: /home/sipeed/test/run_f9220911.exe -s 100000
Mon Jan 26 01:48:59 2026
