CAC: npool=00, nout=01, ntable=00, sum=1
CAC: npool=00, nout=02, ntable=00, sum=2
CAC: npool=00, nout=03, ntable=00, sum=3
CAC: npool=00, nout=02, ntable=02, sum=4
Mon Jan 26 02:23:51 2026
%%%%%%%%%%%%%%%%%%%%%%%%%%%%%%%%%%%%%%%%%%%%%%%%%%%%%%%%%%%%%%%%%%%%%%%%%%%%%%%%%%%%%%%%%
% Results for ./make_new_litmus/litmus_output/Rfe_PodRW_Rfe_FrLeave_PodWR_FrBack.litmus %
%%%%%%%%%%%%%%%%%%%%%%%%%%%%%%%%%%%%%%%%%%%%%%%%%%%%%%%%%%%%%%%%%%%%%%%%%%%%%%%%%%%%%%%%%
RISCV A
"Rfe PodRW Rfe FrLeave PodWR FrBack"
{0:x6=x; 0:x8=y; 1:x6=y; 1:x8=x; 2:x6=y; 2:x8=x;}
 P0          | P1          | P2          ;
 lw x5,0(x6) | lw x5,0(x6) | ori x5,x0,2 ;
 ori x7,x0,1 | ori x7,x0,1 | sw x5,0(x6) ;
 sw x7,0(x8) | sw x7,0(x8) | lw x7,0(x8) ;

exists (y=2 /\ 0:x5=1 /\ 1:x5=1 /\ 2:x7=0)
Generated assembler
#START _litmus_P0
	lw a6,0(a5)
	ori s1,x0,1
	sw s1,0(a4)
#START _litmus_P2
	ori s1,x0,2
	sw s1,0(a5)
	lw a6,0(a4)
#START _litmus_P1
	lw a6,0(a5)
	ori s1,x0,1
	sw s1,0(a4)
Test A Allowed
Histogram (24 states)
75560 :>0:x5=0; 1:x5=0; 2:x7=0; y=1;
25005 :>0:x5=1; 1:x5=0; 2:x7=0; y=1;
146859:>0:x5=0; 1:x5=1; 2:x7=0; y=1;
3724  :>0:x5=1; 1:x5=1; 2:x7=0; y=1;
130643:>0:x5=0; 1:x5=2; 2:x7=0; y=1;
32593 :>0:x5=1; 1:x5=2; 2:x7=0; y=1;
18142 :>0:x5=0; 1:x5=0; 2:x7=1; y=1;
181084:>0:x5=1; 1:x5=0; 2:x7=1; y=1;
2804  :>0:x5=0; 1:x5=1; 2:x7=1; y=1;
2875  :>0:x5=1; 1:x5=1; 2:x7=1; y=1;
2294  :>0:x5=0; 1:x5=2; 2:x7=1; y=1;
6111  :>0:x5=1; 1:x5=2; 2:x7=1; y=1;
46123 :>0:x5=0; 1:x5=0; 2:x7=0; y=2;
3750  :>0:x5=1; 1:x5=0; 2:x7=0; y=2;
85045 :>0:x5=0; 1:x5=1; 2:x7=0; y=2;
200   *>0:x5=1; 1:x5=1; 2:x7=0; y=2;
80566 :>0:x5=0; 1:x5=2; 2:x7=0; y=2;
191   :>0:x5=1; 1:x5=2; 2:x7=0; y=2;
34657 :>0:x5=0; 1:x5=0; 2:x7=1; y=2;
48958 :>0:x5=1; 1:x5=0; 2:x7=1; y=2;
65282 :>0:x5=0; 1:x5=1; 2:x7=1; y=2;
1782  :>0:x5=1; 1:x5=1; 2:x7=1; y=2;
5137  :>0:x5=0; 1:x5=2; 2:x7=1; y=2;
615   :>0:x5=1; 1:x5=2; 2:x7=1; y=2;
Ok

Witnesses
Positive: 200, Negative: 999800
Condition exists (y=2 /\ 0:x5=1 /\ 1:x5=1 /\ 2:x7=0) is validated
Hash=30a70673e7a5a3b674efed565aae863f
Generator=diyone7 (version 7.56)
Com=Rf Rf Fr
Orig=Rfe PodRW Rfe FrLeave PodWR FrBack
Observation A Sometimes 200 999800
Time A 4.63
Revision exported, version 7.56
Command line: litmus7 -carch RISCV -limit true -affinity none -force_affinity true -mem direct -barrier user -detached false -thread cached -launch fixed -stride 31 -size_of_test 100 -number_of_run 10 -driver C -gcc riscv64-unknown-linux-gnu-gcc -ccopts -O2 -linkopt -static -avail 4 -alloc before -contiguous false -noalign all ./make_new_litmus/litmus_output/Rfe_PodRW_Rfe_FrLeave_PodWR_FrBack.litmus -o ./make_new_litmus/litmus_output_bayes/Rfe_PodRW_Rfe_FrLeave_PodWR_FrBack_0_0_1_0_2_1_0_1_0_1_0
Parameters
#define SIZE_OF_TEST 100
#define NUMBER_OF_RUN 10
#define AVAIL 4
#define STRIDE 31
#define MAX_LOOP 0
/* gcc options: -Wall -std=gnu99 -O2 -pthread */
/* gcc link options: -static */
/* barrier: user */
/* launch: fixed */
/* affinity: none */
/* alloc: Before */
/* memory: direct */
/* stride: 31 */
/* safer: write */
/* preload: random */
/* speedcheck: no */
/* proc used: 4 */
Command: /home/sipeed/test/run_6b4ad43b.exe -s 100000
Mon Jan 26 02:23:56 2026
