Mon Jan 26 01:50:28 2026
%%%%%%%%%%%%%%%%%%%%%%%%%%%%%%%%%%%%%%%%%%%%%%%%%%%%%%%%%%%%%%%%%%%%%%%%%%%%%%%%%%%%%%%%%%%%%%%%%%%%%%%%%
% Results for ./make_new_litmus/litmus_output/Rfe_Fence.r.rwdRR_Fre_CoLeave_Fence.rw.wdWR_FrBack.litmus %
%%%%%%%%%%%%%%%%%%%%%%%%%%%%%%%%%%%%%%%%%%%%%%%%%%%%%%%%%%%%%%%%%%%%%%%%%%%%%%%%%%%%%%%%%%%%%%%%%%%%%%%%%
RISCV A
"Rfe Fence.r.rwdRR Fre CoLeave Fence.rw.wdWR FrBack"
{0:x6=x; 0:x8=y; 1:x6=y; 1:x8=x; 2:x6=y; 2:x8=x;}
 P0          | P1          | P2          ;
 lw x5,0(x6) | ori x5,x0,1 | ori x5,x0,2 ;
 fence r,rw  | sw x5,0(x6) | sw x5,0(x6) ;
 lw x7,0(x8) | ori x7,x0,1 | fence rw,w  ;
             | sw x7,0(x8) | lw x7,0(x8) ;

exists (y=2 /\ 0:x5=1 /\ 0:x7=0 /\ 2:x7=0)
Generated assembler
#START _litmus_P0
	lw a3,0(a5)
	fence r,rw
	lw t6,0(a4)
#START _litmus_P1
	ori t4,x0,1
	sw t4,0(a5)
	ori a3,x0,1
	sw a3,0(a4)
#START _litmus_P2
	ori t5,x0,2
	sw t5,0(a5)
	fence rw,w
	lw a3,0(a4)
Test A Allowed
Histogram (20 states)
114259:>0:x5=0; 0:x7=0; 2:x7=0; y=1;
319065:>0:x5=0; 0:x7=1; 2:x7=0; y=1;
5268  :>0:x5=1; 0:x7=1; 2:x7=0; y=1;
10807 :>0:x5=0; 0:x7=2; 2:x7=0; y=1;
25650 :>0:x5=0; 0:x7=0; 2:x7=1; y=1;
823   :>0:x5=1; 0:x7=0; 2:x7=1; y=1;
2275  :>0:x5=0; 0:x7=1; 2:x7=1; y=1;
844   :>0:x5=1; 0:x7=1; 2:x7=1; y=1;
940   :>0:x5=0; 0:x7=2; 2:x7=1; y=1;
250   :>0:x5=1; 0:x7=2; 2:x7=1; y=1;
11944 :>0:x5=0; 0:x7=0; 2:x7=0; y=2;
1087  :>0:x5=0; 0:x7=1; 2:x7=0; y=2;
1929  :>0:x5=0; 0:x7=2; 2:x7=0; y=2;
341   :>0:x5=1; 0:x7=2; 2:x7=0; y=2;
161563:>0:x5=0; 0:x7=0; 2:x7=1; y=2;
3384  :>0:x5=1; 0:x7=0; 2:x7=1; y=2;
17368 :>0:x5=0; 0:x7=1; 2:x7=1; y=2;
14139 :>0:x5=1; 0:x7=1; 2:x7=1; y=2;
37329 :>0:x5=0; 0:x7=2; 2:x7=1; y=2;
270735:>0:x5=1; 0:x7=2; 2:x7=1; y=2;
No

Witnesses
Positive: 0, Negative: 1000000
Condition exists (y=2 /\ 0:x5=1 /\ 0:x7=0 /\ 2:x7=0) is NOT validated
Hash=f02341afc4dc90fdfc5305f970e3cf60
Generator=diyone7 (version 7.56)
Com=Fr Rf Fr
Orig=Rfe Fence.r.rwdRR Fre CoLeave Fence.rw.wdWR FrBack
Observation A Never 0 1000000
Time A 0.82
Revision exported, version 7.56
Command line: litmus7 -carch RISCV -limit true -affinity incr1 -force_affinity true -mem direct -barrier user2 -detached false -thread std -launch changing -stride 0 -size_of_test 100 -number_of_run 10 -driver C -gcc riscv64-unknown-linux-gnu-gcc -ccopts -O2 -linkopt -static -avail 4 -alloc dynamic -contiguous false -noalign none ./make_new_litmus/litmus_output/Rfe_Fence.r.rwdRR_Fre_CoLeave_Fence.rw.wdWR_FrBack.litmus -o ./make_new_litmus/litmus_output_bayes/Rfe_Fence.r.rwdRR_Fre_CoLeave_Fence.rw.wdWR_FrBack_0_2_0_0_0_0_2_0_0_0_0
Parameters
#define SIZE_OF_TEST 100
#define NUMBER_OF_RUN 10
#define AVAIL 4
#define STRIDE (-1)
#define MAX_LOOP 0
/* gcc options: -D_GNU_SOURCE -DFORCE_AFFINITY -Wall -std=gnu99 -O2 -pthread */
/* gcc link options: -static */
/* barrier: user2 */
/* launch: changing */
/* affinity: incr1 */
/* alloc: dynamic */
/* memory: direct */
/* safer: write */
/* preload: random */
/* speedcheck: no */
/* proc used: 4 */
Command: /home/sipeed/test/run_616b624f.exe -s 100000
Mon Jan 26 01:50:29 2026
