Mon Jan 26 01:46:55 2026
%%%%%%%%%%%%%%%%%%%%%%%%%%%%%%%%%%%%%%%%%%%%%%%%%%%%%%%%%%%%%%%%%%%%%%%%%%%%%%
% Results for ./make_new_litmus/litmus_output/Rfe_PodRR_Fre_Rfe_PodRW.litmus %
%%%%%%%%%%%%%%%%%%%%%%%%%%%%%%%%%%%%%%%%%%%%%%%%%%%%%%%%%%%%%%%%%%%%%%%%%%%%%%
RISCV A
"Rfe PodRR Fre Rfe PodRW"
{0:x6=x; 0:x8=y; 1:x6=y; 2:x6=y; 2:x8=x;}
 P0          | P1          | P2          ;
 lw x5,0(x6) | ori x5,x0,1 | lw x5,0(x6) ;
 lw x7,0(x8) | sw x5,0(x6) | ori x7,x0,1 ;
             |             | sw x7,0(x8) ;

exists (0:x5=1 /\ 0:x7=0 /\ 2:x5=1)
Generated assembler
#START _litmus_P0
	lw a1,0(a5)
	lw s2,0(a4)
#START _litmus_P1
	ori a4,x0,1
	sw a4,0(a5)
#START _litmus_P2
	lw a1,0(a5)
	ori s1,x0,1
	sw s1,0(a4)
Test A Allowed
Histogram (8 states)
3144  :>0:x5=0; 0:x7=0; 2:x5=0;
530   :>0:x5=1; 0:x7=0; 2:x5=0;
151   :>0:x5=0; 0:x7=1; 2:x5=0;
2621  :>0:x5=1; 0:x7=1; 2:x5=0;
1145  :>0:x5=0; 0:x7=0; 2:x5=1;
1     *>0:x5=1; 0:x7=0; 2:x5=1;
1968  :>0:x5=0; 0:x7=1; 2:x5=1;
440   :>0:x5=1; 0:x7=1; 2:x5=1;
Ok

Witnesses
Positive: 1, Negative: 9999
Condition exists (0:x5=1 /\ 0:x7=0 /\ 2:x5=1) is validated
Hash=9305c3c4f95cf091b009572c10920ef8
Generator=diyone7 (version 7.56)
Com=Fr Rf Rf
Orig=Rfe PodRR Fre Rfe PodRW
Observation A Sometimes 1 9999
Time A 0.13
Revision exported, version 7.56
Command line: litmus7 -carch RISCV -limit true -affinity incr3 -force_affinity true -mem direct -barrier userfence -detached true -thread std -launch fixed -stride 2 -size_of_test 100 -number_of_run 10 -driver C -gcc riscv64-unknown-linux-gnu-gcc -ccopts -O2 -linkopt -static -avail 4 -alloc before -contiguous false -noalign none ./make_new_litmus/litmus_output/Rfe_PodRR_Fre_Rfe_PodRW.litmus -o ./make_new_litmus/litmus_output_bayes/Rfe_PodRR_Fre_Rfe_PodRW_0_1_1_1_0_1_4_2_0_0_0
Parameters
#define SIZE_OF_TEST 100
#define NUMBER_OF_RUN 10
#define AVAIL 4
#define STRIDE 2
#define MAX_LOOP 0
/* gcc options: -D_GNU_SOURCE -DFORCE_AFFINITY -Wall -std=gnu99 -O2 -pthread */
/* gcc link options: -static */
/* barrier: userfence */
/* launch: fixed */
/* affinity: incr3 */
/* alloc: Before */
/* memory: direct */
/* stride: 2 */
/* safer: write */
/* preload: random */
/* speedcheck: no */
/* proc used: 4 */
Command: /home/sipeed/test/run_9cc29bd7.exe -s 1000
Mon Jan 26 01:46:56 2026
