Mon Jan 26 02:23:42 2026
%%%%%%%%%%%%%%%%%%%%%%%%%%%%%%%%%%%%%%%%%%%%%%%%%%%%%%%%%%%%%%%%%%%%%%%%%%%%%%%%%%%%%%%%%%%%%
% Results for ./make_new_litmus/litmus_output/Rfe_DpCtrlFenceIsR_Fre_PodWR_Fre_PodWW.litmus %
%%%%%%%%%%%%%%%%%%%%%%%%%%%%%%%%%%%%%%%%%%%%%%%%%%%%%%%%%%%%%%%%%%%%%%%%%%%%%%%%%%%%%%%%%%%%%
RISCV A
"Rfe DpCtrlFenceIsR Fre PodWR Fre PodWW"
{0:x6=x; 1:x6=x; 1:x8=y; 2:x6=y; 2:x8=x;}
 P0             | P1          | P2          ;
 lw x5,0(x6)    | ori x5,x0,2 | ori x5,x0,1 ;
 bne x5,x0,LC00 | sw x5,0(x6) | sw x5,0(x6) ;
 LC00:          | lw x7,0(x8) | ori x7,x0,1 ;
 fence.i        |             | sw x7,0(x8) ;
 lw x7,0(x6)    |             |             ;

exists (x=2 /\ 0:x5=1 /\ 0:x7=1 /\ 1:x7=0)
Generated assembler
#START _litmus_P0
	lw a4,0(a5)
	bne a4,x0,0f
0:
	fence.i
	lw a1,0(a5)
#START _litmus_P2
	ori t2,x0,1
	sw t2,0(a5)
	ori a2,x0,1
	sw a2,0(a4)
#START _litmus_P1
	ori s1,x0,2
	sw s1,0(a5)
	lw a1,0(a4)
Test A Allowed
Histogram (24 states)
90    :>0:x5=0; 0:x7=0; 1:x7=0; x=1;
155111:>0:x5=0; 0:x7=1; 1:x7=0; x=1;
254209:>0:x5=1; 0:x7=1; 1:x7=0; x=1;
59523 :>0:x5=2; 0:x7=1; 1:x7=0; x=1;
12065 :>0:x5=0; 0:x7=2; 1:x7=0; x=1;
3606  :>0:x5=2; 0:x7=2; 1:x7=0; x=1;
18    :>0:x5=0; 0:x7=0; 1:x7=1; x=1;
4769  :>0:x5=0; 0:x7=1; 1:x7=1; x=1;
10294 :>0:x5=1; 0:x7=1; 1:x7=1; x=1;
3514  :>0:x5=2; 0:x7=1; 1:x7=1; x=1;
2438  :>0:x5=0; 0:x7=2; 1:x7=1; x=1;
210   :>0:x5=2; 0:x7=2; 1:x7=1; x=1;
16    :>0:x5=0; 0:x7=0; 1:x7=0; x=2;
5090  :>0:x5=0; 0:x7=1; 1:x7=0; x=2;
1     *>0:x5=1; 0:x7=1; 1:x7=0; x=2;
87427 :>0:x5=0; 0:x7=2; 1:x7=0; x=2;
40888 :>0:x5=1; 0:x7=2; 1:x7=0; x=2;
137522:>0:x5=2; 0:x7=2; 1:x7=0; x=2;
93    :>0:x5=0; 0:x7=0; 1:x7=1; x=2;
5153  :>0:x5=0; 0:x7=1; 1:x7=1; x=2;
310   :>0:x5=1; 0:x7=1; 1:x7=1; x=2;
78396 :>0:x5=0; 0:x7=2; 1:x7=1; x=2;
38272 :>0:x5=1; 0:x7=2; 1:x7=1; x=2;
100985:>0:x5=2; 0:x7=2; 1:x7=1; x=2;
Ok

Witnesses
Positive: 1, Negative: 999999
Condition exists (x=2 /\ 0:x5=1 /\ 0:x7=1 /\ 1:x7=0) is validated
Hash=0461b6e5c2f28da0cb7c994e68c3289c
Generator=diyone7 (version 7.56)
Com=Fr Fr Rf
Orig=Rfe DpCtrlFenceIsR Fre PodWR Fre PodWW
Observation A Sometimes 1 999999
Time A 2.72
Revision exported, version 7.56
Command line: litmus7 -carch RISCV -limit true -affinity incr3 -force_affinity true -mem direct -barrier userfence -detached true -thread std -launch fixed -stride 31 -size_of_test 100 -number_of_run 10 -driver C -gcc riscv64-unknown-linux-gnu-gcc -ccopts -O2 -linkopt -static -avail 4 -alloc before -contiguous true -noalign none ./make_new_litmus/litmus_output/Rfe_DpCtrlFenceIsR_Fre_PodWR_Fre_PodWW.litmus -o ./make_new_litmus/litmus_output_bayes/Rfe_DpCtrlFenceIsR_Fre_PodWR_Fre_PodWW_0_1_1_1_0_1_4_1_1_0_0
Parameters
#define SIZE_OF_TEST 100
#define NUMBER_OF_RUN 10
#define AVAIL 4
#define STRIDE 31
#define MAX_LOOP 0
/* gcc options: -D_GNU_SOURCE -DFORCE_AFFINITY -Wall -std=gnu99 -O2 -pthread */
/* gcc link options: -static */
/* barrier: userfence */
/* launch: fixed */
/* affinity: incr3 */
/* alloc: Before */
/* memory: direct */
/* stride: 31 */
/* safer: write */
/* preload: random */
/* speedcheck: no */
/* proc used: 4 */
Command: /home/sipeed/test/run_df4c3ef7.exe -s 100000
Mon Jan 26 02:23:45 2026
