Mon Jan 26 01:46:57 2026
%%%%%%%%%%%%%%%%%%%%%%%%%%%%%%%%%%%%%%%%%%%%%%%%%%%%%%%%%%%%%%%%%%%%%%%%%%%%%%%%%%%%%%%%%
% Results for ./make_new_litmus/litmus_output/Rfe_PodRR_Fre_PodWW_RfLeave_FrBack.litmus %
%%%%%%%%%%%%%%%%%%%%%%%%%%%%%%%%%%%%%%%%%%%%%%%%%%%%%%%%%%%%%%%%%%%%%%%%%%%%%%%%%%%%%%%%%
RISCV A
"Rfe PodRR Fre PodWW RfLeave FrBack"
{0:x6=x; 0:x8=y; 1:x6=y; 1:x8=x; 2:x6=x;}
 P0          | P1          | P2          ;
 lw x5,0(x6) | ori x5,x0,1 | lw x5,0(x6) ;
 lw x7,0(x8) | sw x5,0(x6) |             ;
             | ori x7,x0,1 |             ;
             | sw x7,0(x8) |             ;
             | ori x9,x0,2 |             ;
             | sw x9,0(x8) |             ;

exists (x=2 /\ 0:x5=2 /\ 0:x7=0 /\ 2:x5=1)
Generated assembler
#START _litmus_P1
	ori s1,x0,1
	sw s1,0(a5)
	ori t2,x0,1
	sw t2,0(a4)
	ori a2,x0,2
	sw a2,0(a4)
#START _litmus_P2
	lw a4,0(a5)
#START _litmus_P0
	lw a1,0(a5)
	lw s2,0(a4)
Test A Allowed
Histogram (9 states)
3877  :>0:x5=0; 0:x7=0; 2:x5=0; x=2;
53    :>0:x5=2; 0:x7=0; 2:x5=0; x=2;
291   :>0:x5=0; 0:x7=1; 2:x5=0; x=2;
2563  :>0:x5=2; 0:x7=1; 2:x5=0; x=2;
1     :>0:x5=2; 0:x7=1; 2:x5=1; x=2;
412   :>0:x5=0; 0:x7=0; 2:x5=2; x=2;
233   :>0:x5=2; 0:x7=0; 2:x5=2; x=2;
268   :>0:x5=0; 0:x7=1; 2:x5=2; x=2;
2302  :>0:x5=2; 0:x7=1; 2:x5=2; x=2;
No

Witnesses
Positive: 0, Negative: 10000
Condition exists (x=2 /\ 0:x5=2 /\ 0:x7=0 /\ 2:x5=1) is NOT validated
Hash=9bde3df467f0d046d3c7ed980e66b2cc
Generator=diyone7 (version 7.56)
Com=Fr Rf Fr
Orig=Rfe PodRR Fre PodWW RfLeave FrBack
Observation A Never 0 10000
Time A 0.15
Revision exported, version 7.56
Command line: litmus7 -carch RISCV -limit true -affinity incr3 -force_affinity true -mem direct -barrier userfence -detached true -thread std -launch fixed -stride 2 -size_of_test 100 -number_of_run 10 -driver C -gcc riscv64-unknown-linux-gnu-gcc -ccopts -O2 -linkopt -static -avail 4 -alloc before -contiguous false -noalign none ./make_new_litmus/litmus_output/Rfe_PodRR_Fre_PodWW_RfLeave_FrBack.litmus -o ./make_new_litmus/litmus_output_bayes/Rfe_PodRR_Fre_PodWW_RfLeave_FrBack_0_1_1_1_0_1_4_2_0_0_0
Parameters
#define SIZE_OF_TEST 100
#define NUMBER_OF_RUN 10
#define AVAIL 4
#define STRIDE 2
#define MAX_LOOP 0
/* gcc options: -D_GNU_SOURCE -DFORCE_AFFINITY -Wall -std=gnu99 -O2 -pthread */
/* gcc link options: -static */
/* barrier: userfence */
/* launch: fixed */
/* affinity: incr3 */
/* alloc: Before */
/* memory: direct */
/* stride: 2 */
/* safer: write */
/* preload: random */
/* speedcheck: no */
/* proc used: 4 */
Command: /home/sipeed/test/run_0574d02d.exe -s 1000
Mon Jan 26 01:46:57 2026
