Mon Jan 26 01:48:53 2026
%%%%%%%%%%%%%%%%%%%%%%%%%%%%%%%%%%%%%%%%%%%%%%%%%%%%%%%%%%%%%%%%%%%%%%%%%%%%%%%%%%%%%%%
% Results for ./make_new_litmus/litmus_output/Rfe_DpAddrdR_Fre_PodWR_Fre_PodWW.litmus %
%%%%%%%%%%%%%%%%%%%%%%%%%%%%%%%%%%%%%%%%%%%%%%%%%%%%%%%%%%%%%%%%%%%%%%%%%%%%%%%%%%%%%%%
RISCV A
"Rfe DpAddrdR Fre PodWR Fre PodWW"
{0:x6=x; 0:x9=y; 1:x6=y; 1:x8=z; 2:x6=z; 2:x8=x;}
 P0            | P1          | P2          ;
 lw x5,0(x6)   | ori x5,x0,1 | ori x5,x0,1 ;
 xor x7,x5,x5  | sw x5,0(x6) | sw x5,0(x6) ;
 add x10,x9,x7 | lw x7,0(x8) | ori x7,x0,1 ;
 lw x8,0(x10)  |             | sw x7,0(x8) ;

exists (0:x5=1 /\ 0:x8=0 /\ 1:x7=0)
Generated assembler
#START _litmus_P0
	lw a3,0(a5)
	xor t2,a3,a3
	add t0,a4,t2
	lw t6,0(t0)
#START _litmus_P2
	ori t4,x0,1
	sw t4,0(a5)
	ori a3,x0,1
	sw a3,0(a4)
#START _litmus_P1
	ori t5,x0,1
	sw t5,0(a5)
	lw a3,0(a4)
Test A Allowed
Histogram (8 states)
176994:>0:x5=0; 0:x8=0; 1:x7=0;
1442  *>0:x5=1; 0:x8=0; 1:x7=0;
243678:>0:x5=0; 0:x8=1; 1:x7=0;
91015 :>0:x5=1; 0:x8=1; 1:x7=0;
170468:>0:x5=0; 0:x8=0; 1:x7=1;
57934 :>0:x5=1; 0:x8=0; 1:x7=1;
5132  :>0:x5=0; 0:x8=1; 1:x7=1;
253337:>0:x5=1; 0:x8=1; 1:x7=1;
Ok

Witnesses
Positive: 1442, Negative: 998558
Condition exists (0:x5=1 /\ 0:x8=0 /\ 1:x7=0) is validated
Hash=a62d9dca4de0e929434e9dbb8d09b7ef
Generator=diyone7 (version 7.56)
Com=Fr Fr Rf
Orig=Rfe DpAddrdR Fre PodWR Fre PodWW
Observation A Sometimes 1442 998558
Time A 0.59
Revision exported, version 7.56
Command line: litmus7 -carch RISCV -limit true -affinity incr1 -force_affinity true -mem direct -barrier user2 -detached false -thread std -launch changing -stride 0 -size_of_test 100 -number_of_run 10 -driver C -gcc riscv64-unknown-linux-gnu-gcc -ccopts -O2 -linkopt -static -avail 4 -alloc dynamic -contiguous false -noalign none ./make_new_litmus/litmus_output/Rfe_DpAddrdR_Fre_PodWR_Fre_PodWW.litmus -o ./make_new_litmus/litmus_output_bayes/Rfe_DpAddrdR_Fre_PodWR_Fre_PodWW_0_2_0_0_0_0_2_0_0_0_0
Parameters
#define SIZE_OF_TEST 100
#define NUMBER_OF_RUN 10
#define AVAIL 4
#define STRIDE (-1)
#define MAX_LOOP 0
/* gcc options: -D_GNU_SOURCE -DFORCE_AFFINITY -Wall -std=gnu99 -O2 -pthread */
/* gcc link options: -static */
/* barrier: user2 */
/* launch: changing */
/* affinity: incr1 */
/* alloc: dynamic */
/* memory: direct */
/* safer: write */
/* preload: random */
/* speedcheck: no */
/* proc used: 4 */
Command: /home/sipeed/test/run_4ed5ad4a.exe -s 100000
Mon Jan 26 01:48:54 2026
