CAC: npool=00, nout=01, ntable=00, sum=1
CAC: npool=00, nout=02, ntable=00, sum=2
CAC: npool=00, nout=03, ntable=00, sum=3
CAC: npool=00, nout=04, ntable=00, sum=4
CAC: npool=00, nout=05, ntable=00, sum=5
Mon Jan 26 02:22:58 2026
%%%%%%%%%%%%%%%%%%%%%%%%%%%%%%%%%%%%%%%%%%%%%%%%%%%%%%%%%%%%%%%%%%%%%%%%%%
% Results for ./make_new_litmus/litmus_output/Rfe_PodRR_Fre_PodWW.litmus %
%%%%%%%%%%%%%%%%%%%%%%%%%%%%%%%%%%%%%%%%%%%%%%%%%%%%%%%%%%%%%%%%%%%%%%%%%%
RISCV A
"Rfe PodRR Fre PodWW"
{0:x6=x; 0:x8=y; 1:x6=y; 1:x8=x;}
 P0          | P1          ;
 lw x5,0(x6) | ori x5,x0,1 ;
 lw x7,0(x8) | sw x5,0(x6) ;
             | ori x7,x0,1 ;
             | sw x7,0(x8) ;

exists (0:x5=1 /\ 0:x7=0)
Generated assembler
#START _litmus_P0
	lw a1,0(a5)
	lw a0,0(a4)
#START _litmus_P1
	ori t3,x0,1
	sw t3,0(a5)
	ori t1,x0,1
	sw t1,0(a4)
Test A Allowed
Histogram (4 states)
1520526:>0:x5=0; 0:x7=0;
124455*>0:x5=1; 0:x7=0;
211601:>0:x5=0; 0:x7=1;
143418:>0:x5=1; 0:x7=1;
Ok

Witnesses
Positive: 124455, Negative: 1875545
Condition exists (0:x5=1 /\ 0:x7=0) is validated
Hash=72494addd90da0056acb44400ece7c24
Generator=diyone7 (version 7.56)
Com=Fr Rf
Orig=Rfe PodRR Fre PodWW
Observation A Sometimes 124455 1875545
Time A 0.70
Revision exported, version 7.56
Command line: litmus7 -carch RISCV -limit true -affinity incr1 -force_affinity true -mem direct -barrier userfence -detached false -thread cached -launch fixed -stride 133 -size_of_test 100 -number_of_run 10 -driver C -gcc riscv64-unknown-linux-gnu-gcc -ccopts -O2 -linkopt -static -avail 4 -alloc before -contiguous false -noalign none ./make_new_litmus/litmus_output/Rfe_PodRR_Fre_PodWW.litmus -o ./make_new_litmus/litmus_output_bayes/Rfe_PodRR_Fre_PodWW_0_1_1_0_2_1_2_2_0_0_0
Parameters
#define SIZE_OF_TEST 100
#define NUMBER_OF_RUN 10
#define AVAIL 4
#define STRIDE 133
#define MAX_LOOP 0
/* gcc options: -D_GNU_SOURCE -DFORCE_AFFINITY -Wall -std=gnu99 -O2 -pthread */
/* gcc link options: -static */
/* barrier: userfence */
/* launch: fixed */
/* affinity: incr1 */
/* alloc: Before */
/* memory: direct */
/* stride: 133 */
/* safer: write */
/* preload: random */
/* speedcheck: no */
/* proc used: 4 */
Command: /home/sipeed/test/run_139a5d2e.exe -s 100000
Mon Jan 26 02:22:59 2026
