Mon Jan 26 02:24:19 2026
%%%%%%%%%%%%%%%%%%%%%%%%%%%%%%%%%%%%%%%%%%%%%%%%%%%%%%%%%%%%%%%%%%%%%%%%%%%%%%%%%%%%%%%%%
% Results for ./make_new_litmus/litmus_output/Rfe_FrLeave_RfBack_PodRW_Wse_PodWW.litmus %
%%%%%%%%%%%%%%%%%%%%%%%%%%%%%%%%%%%%%%%%%%%%%%%%%%%%%%%%%%%%%%%%%%%%%%%%%%%%%%%%%%%%%%%%%
RISCV A
"Rfe FrLeave RfBack PodRW Coe PodWW"
{0:x6=y; 0:x8=x; 1:x6=x; 1:x9=y; 2:x6=x;}
 P0          | P1          | P2          ;
 ori x5,x0,2 | lw x5,0(x6) | ori x5,x0,2 ;
 sw x5,0(x6) | lw x7,0(x6) | sw x5,0(x6) ;
 ori x7,x0,1 | ori x8,x0,1 |             ;
 sw x7,0(x8) | sw x8,0(x9) |             ;

exists (x=2 /\ y=2 /\ 1:x5=1 /\ 1:x7=2)
Generated assembler
#START _litmus_P1
	lw a6,0(a5)
	lw s2,0(a5)
	ori s3,x0,1
	sw s3,0(a4)
#START _litmus_P2
	ori a4,x0,2
	sw a4,0(a5)
#START _litmus_P0
	ori t2,x0,2
	sw t2,0(a5)
	ori a2,x0,1
	sw a2,0(a4)
Test A Allowed
Histogram (24 states)
180938:>1:x5=0; 1:x7=0; x=1; y=1;
2085  :>1:x5=0; 1:x7=1; x=1; y=1;
153662:>1:x5=1; 1:x7=1; x=1; y=1;
3105  :>1:x5=2; 1:x7=1; x=1; y=1;
1873  :>1:x5=0; 1:x7=2; x=1; y=1;
212333:>1:x5=2; 1:x7=2; x=1; y=1;
83288 :>1:x5=0; 1:x7=0; x=2; y=1;
829   :>1:x5=0; 1:x7=1; x=2; y=1;
29239 :>1:x5=1; 1:x7=1; x=2; y=1;
1019  :>1:x5=0; 1:x7=2; x=2; y=1;
65    :>1:x5=1; 1:x7=2; x=2; y=1;
76415 :>1:x5=2; 1:x7=2; x=2; y=1;
187912:>1:x5=0; 1:x7=0; x=1; y=2;
88    :>1:x5=0; 1:x7=1; x=1; y=2;
235   :>1:x5=1; 1:x7=1; x=1; y=2;
9     :>1:x5=2; 1:x7=1; x=1; y=2;
1128  :>1:x5=0; 1:x7=2; x=1; y=2;
35957 :>1:x5=2; 1:x7=2; x=1; y=2;
29440 :>1:x5=0; 1:x7=0; x=2; y=2;
13    :>1:x5=0; 1:x7=1; x=2; y=2;
156   :>1:x5=1; 1:x7=1; x=2; y=2;
14    :>1:x5=0; 1:x7=2; x=2; y=2;
2     *>1:x5=1; 1:x7=2; x=2; y=2;
195   :>1:x5=2; 1:x7=2; x=2; y=2;
Ok

Witnesses
Positive: 2, Negative: 999998
Condition exists (x=2 /\ y=2 /\ 1:x5=1 /\ 1:x7=2) is validated
Hash=9e26caa077cec71e78cf36bca9b853e6
Generator=diyone7 (version 7.56)
Com=Rf Co Rf
Orig=Rfe FrLeave RfBack PodRW Coe PodWW
Observation A Sometimes 2 999998
Time A 0.96
Revision exported, version 7.56
Command line: litmus7 -carch RISCV -limit true -affinity none -force_affinity true -mem direct -barrier userfence -detached false -thread std -launch fixed -stride 133 -size_of_test 100 -number_of_run 10 -driver C -gcc riscv64-unknown-linux-gnu-gcc -ccopts -O2 -linkopt -static -avail 4 -alloc dynamic -contiguous false -noalign all ./make_new_litmus/litmus_output/Rfe_FrLeave_RfBack_PodRW_Wse_PodWW.litmus -o ./make_new_litmus/litmus_output_bayes/Rfe_FrLeave_RfBack_PodRW_Wse_PodWW_0_1_0_0_0_1_0_2_0_1_0
Parameters
#define SIZE_OF_TEST 100
#define NUMBER_OF_RUN 10
#define AVAIL 4
#define STRIDE 133
#define MAX_LOOP 0
/* gcc options: -Wall -std=gnu99 -O2 -pthread */
/* gcc link options: -static */
/* barrier: userfence */
/* launch: fixed */
/* affinity: none */
/* alloc: dynamic */
/* memory: direct */
/* stride: 133 */
/* safer: write */
/* preload: random */
/* speedcheck: no */
/* proc used: 4 */
Command: /home/sipeed/test/run_7b8947c1.exe -s 100000
Mon Jan 26 02:24:20 2026
