Sun Jan 25 22:42:55 2026
%%%%%%%%%%%%%%%%%%%%%%%%%%%%%%%%%%%%%%%%%%%%%%%%%%%%%%%%%%%%%%%%%%%%%%%%%%%%%%%%%%%%%%%
% Results for ./make_new_litmus/litmus_output/Rfe_PodRW_Rfe_PodRW_Rfe_DpCtrldW.litmus %
%%%%%%%%%%%%%%%%%%%%%%%%%%%%%%%%%%%%%%%%%%%%%%%%%%%%%%%%%%%%%%%%%%%%%%%%%%%%%%%%%%%%%%%
RISCV A
"Rfe PodRW Rfe PodRW Rfe DpCtrldW"
{0:x6=x; 0:x8=y; 1:x6=y; 1:x8=z; 2:x6=z; 2:x8=x;}
 P0          | P1          | P2             ;
 lw x5,0(x6) | lw x5,0(x6) | lw x5,0(x6)    ;
 ori x7,x0,1 | ori x7,x0,1 | bne x5,x0,LC00 ;
 sw x7,0(x8) | sw x7,0(x8) | LC00:          ;
             |             | ori x7,x0,1    ;
             |             | sw x7,0(x8)    ;

exists (0:x5=1 /\ 1:x5=1 /\ 2:x5=1)
Generated assembler
#START _litmus_P2
	lw a1,0(a5)
	bne a1,x0,0f
0:
	ori t4,x0,1
	sw t4,0(a4)
#START _litmus_P1
	lw a1,0(a5)
	ori t4,x0,1
	sw t4,0(a4)
#START _litmus_P0
	lw a1,0(a5)
	ori t4,x0,1
	sw t4,0(a4)
Test A Allowed
Histogram (8 states)
85163 :>0:x5=0; 1:x5=0; 2:x5=0;
253019:>0:x5=1; 1:x5=0; 2:x5=0;
273962:>0:x5=0; 1:x5=1; 2:x5=0;
30107 :>0:x5=1; 1:x5=1; 2:x5=0;
252892:>0:x5=0; 1:x5=0; 2:x5=1;
51727 :>0:x5=1; 1:x5=0; 2:x5=1;
52330 :>0:x5=0; 1:x5=1; 2:x5=1;
800   *>0:x5=1; 1:x5=1; 2:x5=1;
Ok

Witnesses
Positive: 800, Negative: 999200
Condition exists (0:x5=1 /\ 1:x5=1 /\ 2:x5=1) is validated
Hash=e45ebb3c6dba6c329af1b6af1c88b1da
Generator=diyone7 (version 7.56)
Com=Rf Rf Rf
Orig=Rfe PodRW Rfe PodRW Rfe DpCtrldW
Observation A Sometimes 800 999200
Time A 0.95
Revision exported, version 7.56
Command line: litmus7 -carch RISCV -limit true -affinity incr1 -force_affinity true -mem direct -barrier userfence -detached false -thread std -launch changing -stride 0 -size_of_test 100 -number_of_run 10 -driver C -gcc riscv64-unknown-linux-gnu-gcc -ccopts -O2 -linkopt -static -avail 4 -alloc dynamic -contiguous false -noalign none ./make_new_litmus/litmus_output/Rfe_PodRW_Rfe_PodRW_Rfe_DpCtrldW.litmus -o ./make_new_litmus/litmus_output_bayes/Rfe_PodRW_Rfe_PodRW_Rfe_DpCtrldW_0_1_0_0_0_0_2_0_0_0_0
Parameters
#define SIZE_OF_TEST 100
#define NUMBER_OF_RUN 10
#define AVAIL 4
#define STRIDE (-1)
#define MAX_LOOP 0
/* gcc options: -D_GNU_SOURCE -DFORCE_AFFINITY -Wall -std=gnu99 -O2 -pthread */
/* gcc link options: -static */
/* barrier: userfence */
/* launch: changing */
/* affinity: incr1 */
/* alloc: dynamic */
/* memory: direct */
/* safer: write */
/* preload: random */
/* speedcheck: no */
/* proc used: 4 */
Command: /home/sipeed/test/run_95f32093.exe -s 100000
Sun Jan 25 22:42:55 2026
