Mon Jan 26 01:47:02 2026
%%%%%%%%%%%%%%%%%%%%%%%%%%%%%%%%%%%%%%%%%%%%%%%%%%%%%%%%%%%%%%%%%%%%%%%%%%%%%%%%%%%%%%%%%
% Results for ./make_new_litmus/litmus_output/Rfe_FrLeave_RfBack_PodRR_Fre_PodWW.litmus %
%%%%%%%%%%%%%%%%%%%%%%%%%%%%%%%%%%%%%%%%%%%%%%%%%%%%%%%%%%%%%%%%%%%%%%%%%%%%%%%%%%%%%%%%%
RISCV A
"Rfe FrLeave RfBack PodRR Fre PodWW"
{0:x6=y; 0:x8=x; 1:x6=x; 1:x9=y; 2:x6=x;}
 P0          | P1          | P2          ;
 ori x5,x0,1 | lw x5,0(x6) | ori x5,x0,2 ;
 sw x5,0(x6) | lw x7,0(x6) | sw x5,0(x6) ;
 ori x7,x0,1 | lw x8,0(x9) |             ;
 sw x7,0(x8) |             |             ;

exists (x=2 /\ 1:x5=1 /\ 1:x7=2 /\ 1:x8=0)
Generated assembler
#START _litmus_P1
	lw s2,0(a5)
	lw s3,0(a5)
	lw s4,0(a3)
#START _litmus_P2
	ori a4,x0,2
	sw a4,0(a5)
#START _litmus_P0
	ori t2,x0,1
	sw t2,0(a5)
	ori a2,x0,1
	sw a2,0(a4)
Test A Allowed
Histogram (20 states)
2253  :>1:x5=0; 1:x7=0; 1:x8=0; x=1;
2     :>1:x5=0; 1:x7=1; 1:x8=0; x=1;
119   :>1:x5=1; 1:x7=1; 1:x8=0; x=1;
14    :>1:x5=0; 1:x7=2; 1:x8=0; x=1;
1326  :>1:x5=2; 1:x7=2; 1:x8=0; x=1;
29    :>1:x5=0; 1:x7=0; 1:x8=1; x=1;
13    :>1:x5=0; 1:x7=1; 1:x8=1; x=1;
1578  :>1:x5=1; 1:x7=1; 1:x8=1; x=1;
4     :>1:x5=2; 1:x7=1; 1:x8=1; x=1;
3     :>1:x5=0; 1:x7=2; 1:x8=1; x=1;
127   :>1:x5=2; 1:x7=2; 1:x8=1; x=1;
1484  :>1:x5=0; 1:x7=0; 1:x8=0; x=2;
14    :>1:x5=1; 1:x7=1; 1:x8=0; x=2;
4     :>1:x5=2; 1:x7=2; 1:x8=0; x=2;
114   :>1:x5=0; 1:x7=0; 1:x8=1; x=2;
38    :>1:x5=0; 1:x7=1; 1:x8=1; x=2;
1333  :>1:x5=1; 1:x7=1; 1:x8=1; x=2;
11    :>1:x5=0; 1:x7=2; 1:x8=1; x=2;
1     :>1:x5=1; 1:x7=2; 1:x8=1; x=2;
1533  :>1:x5=2; 1:x7=2; 1:x8=1; x=2;
No

Witnesses
Positive: 0, Negative: 10000
Condition exists (x=2 /\ 1:x5=1 /\ 1:x7=2 /\ 1:x8=0) is NOT validated
Hash=0d6020f0a802a64bdf96d8f0aeab1ebb
Generator=diyone7 (version 7.56)
Com=Rf Fr Rf
Orig=Rfe FrLeave RfBack PodRR Fre PodWW
Observation A Never 0 10000
Time A 0.05
Revision exported, version 7.56
Command line: litmus7 -carch RISCV -limit true -affinity incr2 -force_affinity true -mem direct -barrier userfence -detached true -thread detached -launch changing -stride 2 -size_of_test 100 -number_of_run 10 -driver C -gcc riscv64-unknown-linux-gnu-gcc -ccopts -O2 -linkopt -static -avail 4 -alloc dynamic -contiguous false -noalign all ./make_new_litmus/litmus_output/Rfe_FrLeave_RfBack_PodRR_Fre_PodWW.litmus -o ./make_new_litmus/litmus_output_bayes/Rfe_FrLeave_RfBack_PodRR_Fre_PodWW_0_1_0_1_1_0_3_2_0_1_0
Parameters
#define SIZE_OF_TEST 100
#define NUMBER_OF_RUN 10
#define AVAIL 4
#define STRIDE 2
#define MAX_LOOP 0
/* gcc options: -D_GNU_SOURCE -DFORCE_AFFINITY -Wall -std=gnu99 -O2 -pthread */
/* gcc link options: -static */
/* barrier: userfence */
/* launch: changing */
/* affinity: incr2 */
/* alloc: dynamic */
/* memory: direct */
/* stride: 2 */
/* safer: write */
/* preload: random */
/* speedcheck: no */
/* proc used: 4 */
Command: /home/sipeed/test/run_7daec204.exe -s 1000
Mon Jan 26 01:47:02 2026
