Mon Jan 26 02:25:13 2026
%%%%%%%%%%%%%%%%%%%%%%%%%%%%%%%%%%%%%%%%%%%%%%%%%%%%%%%%%%%%%%%%%%%%%%%%%%%%%%%%%%%%%%%%%%%%%
% Results for ./make_new_litmus/litmus_output/Rfe_PodRW_Rfe_DpCtrlFenceIdW_Rfe_PodRW.litmus %
%%%%%%%%%%%%%%%%%%%%%%%%%%%%%%%%%%%%%%%%%%%%%%%%%%%%%%%%%%%%%%%%%%%%%%%%%%%%%%%%%%%%%%%%%%%%%
RISCV A
"Rfe PodRW Rfe DpCtrlFenceIdW Rfe PodRW"
{0:x6=x; 0:x8=y; 1:x6=y; 1:x8=z; 2:x6=z; 2:x8=x;}
 P0          | P1             | P2          ;
 lw x5,0(x6) | lw x5,0(x6)    | lw x5,0(x6) ;
 ori x7,x0,1 | bne x5,x0,LC00 | ori x7,x0,1 ;
 sw x7,0(x8) | LC00:          | sw x7,0(x8) ;
             | fence.i        |             ;
             | ori x7,x0,1    |             ;
             | sw x7,0(x8)    |             ;

exists (0:x5=1 /\ 1:x5=1 /\ 2:x5=1)
Generated assembler
#START _litmus_P1
	lw a3,0(a5)
	bne a3,x0,0f
0:
	fence.i
	ori s1,x0,1
	sw s1,0(a4)
#START _litmus_P2
	lw a3,0(a5)
	ori s1,x0,1
	sw s1,0(a4)
#START _litmus_P0
	lw a3,0(a5)
	ori s1,x0,1
	sw s1,0(a4)
Test A Allowed
Histogram (7 states)
102993:>0:x5=0; 1:x5=0; 2:x5=0;
255497:>0:x5=1; 1:x5=0; 2:x5=0;
333360:>0:x5=0; 1:x5=1; 2:x5=0;
187791:>0:x5=1; 1:x5=1; 2:x5=0;
110389:>0:x5=0; 1:x5=0; 2:x5=1;
9643  :>0:x5=1; 1:x5=0; 2:x5=1;
327   :>0:x5=0; 1:x5=1; 2:x5=1;
No

Witnesses
Positive: 0, Negative: 1000000
Condition exists (0:x5=1 /\ 1:x5=1 /\ 2:x5=1) is NOT validated
Hash=3a1a444de84950ca11da3dc272b90290
Generator=diyone7 (version 7.56)
Com=Rf Rf Rf
Orig=Rfe PodRW Rfe DpCtrlFenceIdW Rfe PodRW
Observation A Never 0 1000000
Time A 2.04
Revision exported, version 7.56
Command line: litmus7 -carch RISCV -limit true -affinity incr1 -force_affinity true -mem direct -barrier user2 -detached false -thread std -launch changing -stride 1 -size_of_test 100 -number_of_run 10 -driver C -gcc riscv64-unknown-linux-gnu-gcc -ccopts -O2 -linkopt -static -avail 4 -alloc dynamic -contiguous false -noalign none ./make_new_litmus/litmus_output/Rfe_PodRW_Rfe_DpCtrlFenceIdW_Rfe_PodRW.litmus -o ./make_new_litmus/litmus_output_bayes/Rfe_PodRW_Rfe_DpCtrlFenceIdW_Rfe_PodRW_0_2_0_0_0_0_2_0_0_0_0
Parameters
#define SIZE_OF_TEST 100
#define NUMBER_OF_RUN 10
#define AVAIL 4
#define STRIDE 1
#define MAX_LOOP 0
/* gcc options: -D_GNU_SOURCE -DFORCE_AFFINITY -Wall -std=gnu99 -O2 -pthread */
/* gcc link options: -static */
/* barrier: user2 */
/* launch: changing */
/* affinity: incr1 */
/* alloc: dynamic */
/* memory: direct */
/* stride: 1 */
/* safer: write */
/* preload: random */
/* speedcheck: no */
/* proc used: 4 */
Command: /home/sipeed/test/run_ea2635ce.exe -s 100000
Mon Jan 26 02:25:15 2026
