Mon Jan 26 01:50:17 2026
%%%%%%%%%%%%%%%%%%%%%%%%%%%%%%%%%%%%%%%%%%%%%%%%%%%%%%%%%%%%%%%%%%%%%%%%%%%%%%%%%%%%%%%
% Results for ./make_new_litmus/litmus_output/Rfe_PosRR_Fre_PodWW_Rfe_DpDatadW.litmus %
%%%%%%%%%%%%%%%%%%%%%%%%%%%%%%%%%%%%%%%%%%%%%%%%%%%%%%%%%%%%%%%%%%%%%%%%%%%%%%%%%%%%%%%
RISCV A
"Rfe PosRR Fre PodWW Rfe DpDatadW"
{0:x6=x; 1:x6=x; 1:x8=y; 2:x6=y; 2:x8=x;}
 P0          | P1          | P2           ;
 lw x5,0(x6) | ori x5,x0,2 | lw x5,0(x6)  ;
 lw x7,0(x6) | sw x5,0(x6) | xor x7,x5,x5 ;
             | ori x7,x0,1 | ori x7,x7,1  ;
             | sw x7,0(x8) | sw x7,0(x8)  ;

exists (x=2 /\ 0:x5=1 /\ 0:x7=1 /\ 2:x5=1)
Generated assembler
#START _litmus_P2
	lw a3,0(a5)
	xor s1,a3,a3
	ori s1,s1,1
	sw s1,0(a4)
#START _litmus_P0
	lw a4,0(a5)
	lw a3,0(a5)
#START _litmus_P1
	ori t2,x0,2
	sw t2,0(a5)
	ori a3,x0,1
	sw a3,0(a4)
Test A Allowed
Histogram (21 states)
307724:>0:x5=0; 0:x7=0; 2:x5=0; x=1;
243   :>0:x5=0; 0:x7=1; 2:x5=0; x=1;
2414  :>0:x5=1; 0:x7=1; 2:x5=0; x=1;
83    :>0:x5=2; 0:x7=1; 2:x5=0; x=1;
27    :>0:x5=0; 0:x7=2; 2:x5=0; x=1;
2349  :>0:x5=2; 0:x7=2; 2:x5=0; x=1;
16907 :>0:x5=0; 0:x7=0; 2:x5=1; x=1;
7     :>0:x5=0; 0:x7=1; 2:x5=1; x=1;
254946:>0:x5=1; 0:x7=1; 2:x5=1; x=1;
1165  :>0:x5=2; 0:x7=1; 2:x5=1; x=1;
28    :>0:x5=0; 0:x7=2; 2:x5=1; x=1;
71757 :>0:x5=2; 0:x7=2; 2:x5=1; x=1;
12351 :>0:x5=0; 0:x7=0; 2:x5=0; x=2;
19    :>0:x5=0; 0:x7=1; 2:x5=0; x=2;
302740:>0:x5=1; 0:x7=1; 2:x5=0; x=2;
41    :>0:x5=0; 0:x7=2; 2:x5=0; x=2;
4900  :>0:x5=1; 0:x7=2; 2:x5=0; x=2;
21905 :>0:x5=2; 0:x7=2; 2:x5=0; x=2;
81    :>0:x5=0; 0:x7=0; 2:x5=1; x=2;
78    *>0:x5=1; 0:x7=1; 2:x5=1; x=2;
235   :>0:x5=2; 0:x7=2; 2:x5=1; x=2;
Ok

Witnesses
Positive: 78, Negative: 999922
Condition exists (x=2 /\ 0:x5=1 /\ 0:x7=1 /\ 2:x5=1) is validated
Hash=3af820ef14f2a562e64de13df0406191
Generator=diyone7 (version 7.56)
Com=Fr Rf Rf
Orig=Rfe PosRR Fre PodWW Rfe DpDatadW
Observation A Sometimes 78 999922
Time A 0.65
Revision exported, version 7.56
Command line: litmus7 -carch RISCV -limit true -affinity incr1 -force_affinity true -mem direct -barrier user2 -detached false -thread detached -launch fixed -stride 1 -size_of_test 100 -number_of_run 10 -driver C -gcc riscv64-unknown-linux-gnu-gcc -ccopts -O2 -linkopt -static -avail 4 -alloc dynamic -contiguous false -noalign all ./make_new_litmus/litmus_output/Rfe_PosRR_Fre_PodWW_Rfe_DpDatadW.litmus -o ./make_new_litmus/litmus_output_bayes/Rfe_PosRR_Fre_PodWW_Rfe_DpDatadW_0_2_0_0_1_1_2_1_0_1_0
Parameters
#define SIZE_OF_TEST 100
#define NUMBER_OF_RUN 10
#define AVAIL 4
#define STRIDE 1
#define MAX_LOOP 0
/* gcc options: -D_GNU_SOURCE -DFORCE_AFFINITY -Wall -std=gnu99 -O2 -pthread */
/* gcc link options: -static */
/* barrier: user2 */
/* launch: fixed */
/* affinity: incr1 */
/* alloc: dynamic */
/* memory: direct */
/* stride: 1 */
/* safer: write */
/* preload: random */
/* speedcheck: no */
/* proc used: 4 */
Command: /home/sipeed/test/run_354d2921.exe -s 100000
Mon Jan 26 01:50:18 2026
