Sun Jan 25 22:43:14 2026
%%%%%%%%%%%%%%%%%%%%%%%%%%%%%%%%%%%%%%%%%%%%%%%%%%%%%%%%%%%%%%%%%%%%%%%%%%%%%%%%%%%%%%%%%
% Results for ./make_new_litmus/litmus_output/Rfe_PodRW_RfLeave_FrBack_Rfe_PodRW.litmus %
%%%%%%%%%%%%%%%%%%%%%%%%%%%%%%%%%%%%%%%%%%%%%%%%%%%%%%%%%%%%%%%%%%%%%%%%%%%%%%%%%%%%%%%%%
RISCV A
"Rfe PodRW RfLeave FrBack Rfe PodRW"
{0:x6=x; 0:x8=y; 1:x6=y; 2:x6=y; 2:x8=x;}
 P0          | P1          | P2          ;
 lw x5,0(x6) | lw x5,0(x6) | lw x5,0(x6) ;
 ori x7,x0,1 |             | ori x7,x0,1 ;
 sw x7,0(x8) |             | sw x7,0(x8) ;
 ori x9,x0,2 |             |             ;
 sw x9,0(x8) |             |             ;

exists (y=2 /\ 0:x5=1 /\ 1:x5=1 /\ 2:x5=2)
Generated assembler
#START _litmus_P0
	lw a1,0(a5)
	ori t6,x0,1
	sw t6,0(a4)
	ori t4,x0,2
	sw t4,0(a4)
#START _litmus_P1
	lw a4,0(a5)
#START _litmus_P2
	lw a1,0(a5)
	ori t4,x0,1
	sw t4,0(a4)
Test A Allowed
Histogram (18 states)
193497:>0:x5=0; 1:x5=0; 2:x5=0; y=2;
328936:>0:x5=1; 1:x5=0; 2:x5=0; y=2;
46    :>0:x5=0; 1:x5=1; 2:x5=0; y=2;
27    :>0:x5=1; 1:x5=1; 2:x5=0; y=2;
27848 :>0:x5=0; 1:x5=2; 2:x5=0; y=2;
68544 :>0:x5=1; 1:x5=2; 2:x5=0; y=2;
88    :>0:x5=0; 1:x5=0; 2:x5=1; y=2;
20    :>0:x5=1; 1:x5=0; 2:x5=1; y=2;
312   :>0:x5=0; 1:x5=1; 2:x5=1; y=2;
84    :>0:x5=1; 1:x5=1; 2:x5=1; y=2;
10    :>0:x5=0; 1:x5=2; 2:x5=1; y=2;
10    :>0:x5=1; 1:x5=2; 2:x5=1; y=2;
95536 :>0:x5=0; 1:x5=0; 2:x5=2; y=2;
2852  :>0:x5=1; 1:x5=0; 2:x5=2; y=2;
3     :>0:x5=0; 1:x5=1; 2:x5=2; y=2;
2     *>0:x5=1; 1:x5=1; 2:x5=2; y=2;
262774:>0:x5=0; 1:x5=2; 2:x5=2; y=2;
19411 :>0:x5=1; 1:x5=2; 2:x5=2; y=2;
Ok

Witnesses
Positive: 2, Negative: 999998
Condition exists (y=2 /\ 0:x5=1 /\ 1:x5=1 /\ 2:x5=2) is validated
Hash=47206c249eb882d647efc2ea3979cd25
Generator=diyone7 (version 7.56)
Com=Rf Fr Rf
Orig=Rfe PodRW RfLeave FrBack Rfe PodRW
Observation A Sometimes 2 999998
Time A 0.72
Revision exported, version 7.56
Command line: litmus7 -carch RISCV -limit true -affinity incr1 -force_affinity true -mem direct -barrier userfence -detached false -thread std -launch changing -stride 0 -size_of_test 100 -number_of_run 10 -driver C -gcc riscv64-unknown-linux-gnu-gcc -ccopts -O2 -linkopt -static -avail 4 -alloc dynamic -contiguous false -noalign none ./make_new_litmus/litmus_output/Rfe_PodRW_RfLeave_FrBack_Rfe_PodRW.litmus -o ./make_new_litmus/litmus_output_bayes/Rfe_PodRW_RfLeave_FrBack_Rfe_PodRW_0_1_0_0_0_0_2_0_0_0_0
Parameters
#define SIZE_OF_TEST 100
#define NUMBER_OF_RUN 10
#define AVAIL 4
#define STRIDE (-1)
#define MAX_LOOP 0
/* gcc options: -D_GNU_SOURCE -DFORCE_AFFINITY -Wall -std=gnu99 -O2 -pthread */
/* gcc link options: -static */
/* barrier: userfence */
/* launch: changing */
/* affinity: incr1 */
/* alloc: dynamic */
/* memory: direct */
/* safer: write */
/* preload: random */
/* speedcheck: no */
/* proc used: 4 */
Command: /home/sipeed/test/run_f346d9a8.exe -s 100000
Sun Jan 25 22:43:14 2026
