Sun Jan 25 22:42:36 2026
%%%%%%%%%%%%%%%%%%%%%%%%%%%%%%%%%%%%%%%%%%%%%%%%%%%%%%%%%%%%%%%%%%%%%%%%%%%%%%%%%%%%%%%%%
% Results for ./make_new_litmus/litmus_output/Rfe_PodRR_FrLeave_RfBack_Fre_PodWW.litmus %
%%%%%%%%%%%%%%%%%%%%%%%%%%%%%%%%%%%%%%%%%%%%%%%%%%%%%%%%%%%%%%%%%%%%%%%%%%%%%%%%%%%%%%%%%
RISCV A
"Rfe PodRR FrLeave RfBack Fre PodWW"
{0:x6=x; 0:x8=y; 1:x6=y; 2:x6=y; 2:x8=x;}
 P0          | P1          | P2          ;
 lw x5,0(x6) | ori x5,x0,1 | ori x5,x0,2 ;
 lw x7,0(x8) | sw x5,0(x6) | sw x5,0(x6) ;
 lw x9,0(x8) |             | ori x7,x0,1 ;
             |             | sw x7,0(x8) ;

exists (y=2 /\ 0:x5=1 /\ 0:x7=0 /\ 0:x9=1)
Generated assembler
#START _litmus_P0
	lw a1,0(a5)
	lw t0,0(a3)
	lw t2,0(a3)
#START _litmus_P1
	ori a4,x0,1
	sw a4,0(a5)
#START _litmus_P2
	ori t3,x0,2
	sw t3,0(a5)
	ori a2,x0,1
	sw a2,0(a4)
Test A Allowed
Histogram (24 states)
151777:>0:x5=0; 0:x7=0; 0:x9=0; y=1;
12768 :>0:x5=1; 0:x7=0; 0:x9=0; y=1;
893   :>0:x5=0; 0:x7=0; 0:x9=1; y=1;
207   :>0:x5=1; 0:x7=0; 0:x9=1; y=1;
26792 :>0:x5=0; 0:x7=1; 0:x9=1; y=1;
174207:>0:x5=1; 0:x7=1; 0:x9=1; y=1;
53    :>0:x5=0; 0:x7=2; 0:x9=1; y=1;
360   :>0:x5=1; 0:x7=2; 0:x9=1; y=1;
500   :>0:x5=0; 0:x7=0; 0:x9=2; y=1;
8     :>0:x5=1; 0:x7=0; 0:x9=2; y=1;
27587 :>0:x5=0; 0:x7=2; 0:x9=2; y=1;
71442 :>0:x5=1; 0:x7=2; 0:x9=2; y=1;
193718:>0:x5=0; 0:x7=0; 0:x9=0; y=2;
8784  :>0:x5=1; 0:x7=0; 0:x9=0; y=2;
1165  :>0:x5=0; 0:x7=0; 0:x9=1; y=2;
229   *>0:x5=1; 0:x7=0; 0:x9=1; y=2;
142455:>0:x5=0; 0:x7=1; 0:x9=1; y=2;
5539  :>0:x5=1; 0:x7=1; 0:x9=1; y=2;
2381  :>0:x5=0; 0:x7=0; 0:x9=2; y=2;
569   :>0:x5=1; 0:x7=0; 0:x9=2; y=2;
337   :>0:x5=0; 0:x7=1; 0:x9=2; y=2;
89    :>0:x5=1; 0:x7=1; 0:x9=2; y=2;
140821:>0:x5=0; 0:x7=2; 0:x9=2; y=2;
37319 :>0:x5=1; 0:x7=2; 0:x9=2; y=2;
Ok

Witnesses
Positive: 229, Negative: 999771
Condition exists (y=2 /\ 0:x5=1 /\ 0:x7=0 /\ 0:x9=1) is validated
Hash=624afd28a5e3b56755d63d3e17feee9d
Generator=diyone7 (version 7.56)
Com=Fr Rf Rf
Orig=Rfe PodRR FrLeave RfBack Fre PodWW
Observation A Sometimes 229 999771
Time A 0.67
Revision exported, version 7.56
Command line: litmus7 -carch RISCV -limit true -affinity incr1 -force_affinity true -mem direct -barrier userfence -detached false -thread std -launch changing -stride 0 -size_of_test 100 -number_of_run 10 -driver C -gcc riscv64-unknown-linux-gnu-gcc -ccopts -O2 -linkopt -static -avail 4 -alloc dynamic -contiguous false -noalign none ./make_new_litmus/litmus_output/Rfe_PodRR_FrLeave_RfBack_Fre_PodWW.litmus -o ./make_new_litmus/litmus_output_bayes/Rfe_PodRR_FrLeave_RfBack_Fre_PodWW_0_1_0_0_0_0_2_0_0_0_0
Parameters
#define SIZE_OF_TEST 100
#define NUMBER_OF_RUN 10
#define AVAIL 4
#define STRIDE (-1)
#define MAX_LOOP 0
/* gcc options: -D_GNU_SOURCE -DFORCE_AFFINITY -Wall -std=gnu99 -O2 -pthread */
/* gcc link options: -static */
/* barrier: userfence */
/* launch: changing */
/* affinity: incr1 */
/* alloc: dynamic */
/* memory: direct */
/* safer: write */
/* preload: random */
/* speedcheck: no */
/* proc used: 4 */
Command: /home/sipeed/test/run_ddab73e5.exe -s 100000
Sun Jan 25 22:42:37 2026
