Mon Jan 26 01:46:21 2026
%%%%%%%%%%%%%%%%%%%%%%%%%%%%%%%%%%%%%%%%%%%%%%%%%%%%%%%%%%%%%%%%%%%%%%%%%%%%%%%%%%%%%%%%%
% Results for ./make_new_litmus/litmus_output/Rfe_FrLeave_RfBack_PodRW_Wse_PodWW.litmus %
%%%%%%%%%%%%%%%%%%%%%%%%%%%%%%%%%%%%%%%%%%%%%%%%%%%%%%%%%%%%%%%%%%%%%%%%%%%%%%%%%%%%%%%%%
RISCV A
"Rfe FrLeave RfBack PodRW Coe PodWW"
{0:x6=y; 0:x8=x; 1:x6=x; 1:x9=y; 2:x6=x;}
 P0          | P1          | P2          ;
 ori x5,x0,2 | lw x5,0(x6) | ori x5,x0,2 ;
 sw x5,0(x6) | lw x7,0(x6) | sw x5,0(x6) ;
 ori x7,x0,1 | ori x8,x0,1 |             ;
 sw x7,0(x8) | sw x8,0(x9) |             ;

exists (x=2 /\ y=2 /\ 1:x5=1 /\ 1:x7=2)
Generated assembler
#START _litmus_P1
	lw a6,0(a5)
	lw s2,0(a5)
	ori s3,x0,1
	sw s3,0(a4)
#START _litmus_P2
	ori a4,x0,2
	sw a4,0(a5)
#START _litmus_P0
	ori t2,x0,2
	sw t2,0(a5)
	ori a2,x0,1
	sw a2,0(a4)
Test A Allowed
Histogram (20 states)
500   :>1:x5=0; 1:x7=0; x=1; y=1;
11    :>1:x5=0; 1:x7=1; x=1; y=1;
886   :>1:x5=1; 1:x7=1; x=1; y=1;
13    :>1:x5=2; 1:x7=1; x=1; y=1;
15    :>1:x5=0; 1:x7=2; x=1; y=1;
1567  :>1:x5=2; 1:x7=2; x=1; y=1;
371   :>1:x5=0; 1:x7=0; x=2; y=1;
8     :>1:x5=0; 1:x7=1; x=2; y=1;
329   :>1:x5=1; 1:x7=1; x=2; y=1;
1     :>1:x5=0; 1:x7=2; x=2; y=1;
5     :>1:x5=1; 1:x7=2; x=2; y=1;
1812  :>1:x5=2; 1:x7=2; x=2; y=1;
1808  :>1:x5=0; 1:x7=0; x=1; y=2;
3     :>1:x5=0; 1:x7=1; x=1; y=2;
19    :>1:x5=0; 1:x7=2; x=1; y=2;
1126  :>1:x5=2; 1:x7=2; x=1; y=2;
1518  :>1:x5=0; 1:x7=0; x=2; y=2;
1     :>1:x5=0; 1:x7=1; x=2; y=2;
2     :>1:x5=1; 1:x7=1; x=2; y=2;
5     :>1:x5=2; 1:x7=2; x=2; y=2;
No

Witnesses
Positive: 0, Negative: 10000
Condition exists (x=2 /\ y=2 /\ 1:x5=1 /\ 1:x7=2) is NOT validated
Hash=9e26caa077cec71e78cf36bca9b853e6
Generator=diyone7 (version 7.56)
Com=Rf Co Rf
Orig=Rfe FrLeave RfBack PodRW Coe PodWW
Observation A Never 0 10000
Time A 0.05
Revision exported, version 7.56
Command line: litmus7 -carch RISCV -limit true -affinity none -force_affinity true -mem direct -barrier userfence -detached false -thread std -launch fixed -stride 2 -size_of_test 100 -number_of_run 10 -driver C -gcc riscv64-unknown-linux-gnu-gcc -ccopts -O2 -linkopt -static -avail 4 -alloc dynamic -contiguous false -noalign all ./make_new_litmus/litmus_output/Rfe_FrLeave_RfBack_PodRW_Wse_PodWW.litmus -o ./make_new_litmus/litmus_output_bayes/Rfe_FrLeave_RfBack_PodRW_Wse_PodWW_0_1_0_0_0_1_0_2_0_1_0
Parameters
#define SIZE_OF_TEST 100
#define NUMBER_OF_RUN 10
#define AVAIL 4
#define STRIDE 2
#define MAX_LOOP 0
/* gcc options: -Wall -std=gnu99 -O2 -pthread */
/* gcc link options: -static */
/* barrier: userfence */
/* launch: fixed */
/* affinity: none */
/* alloc: dynamic */
/* memory: direct */
/* stride: 2 */
/* safer: write */
/* preload: random */
/* speedcheck: no */
/* proc used: 4 */
Command: /home/sipeed/test/run_efe1f319.exe -s 1000
Mon Jan 26 01:46:21 2026
