Sun Jan 25 22:44:05 2026
%%%%%%%%%%%%%%%%%%%%%%%%%%%%%%%%%%%%%%%%%%%%%%%%%%%%%%%%%%%%%%%%%%%%%%%%%%%%%%%%%%%%%%%
% Results for ./make_new_litmus/litmus_output/Rfe_PodRW_Rfe_DpAddrdR_Fre_PodWW.litmus %
%%%%%%%%%%%%%%%%%%%%%%%%%%%%%%%%%%%%%%%%%%%%%%%%%%%%%%%%%%%%%%%%%%%%%%%%%%%%%%%%%%%%%%%
RISCV A
"Rfe PodRW Rfe DpAddrdR Fre PodWW"
{0:x6=x; 0:x8=y; 1:x6=y; 1:x9=z; 2:x6=z; 2:x8=x;}
 P0          | P1            | P2          ;
 lw x5,0(x6) | lw x5,0(x6)   | ori x5,x0,1 ;
 ori x7,x0,1 | xor x7,x5,x5  | sw x5,0(x6) ;
 sw x7,0(x8) | add x10,x9,x7 | ori x7,x0,1 ;
             | lw x8,0(x10)  | sw x7,0(x8) ;

exists (0:x5=1 /\ 1:x5=1 /\ 1:x8=0)
Generated assembler
#START _litmus_P1
	lw a1,0(a5)
	xor t2,a1,a1
	add t0,a4,t2
	lw t6,0(t0)
#START _litmus_P2
	ori t3,x0,1
	sw t3,0(a5)
	ori a2,x0,1
	sw a2,0(a4)
#START _litmus_P0
	lw a1,0(a5)
	ori t4,x0,1
	sw t4,0(a4)
Test A Allowed
Histogram (8 states)
256745:>0:x5=0; 1:x5=0; 1:x8=0;
67760 :>0:x5=1; 1:x5=0; 1:x8=0;
14926 :>0:x5=0; 1:x5=1; 1:x8=0;
1552  *>0:x5=1; 1:x5=1; 1:x8=0;
58196 :>0:x5=0; 1:x5=0; 1:x8=1;
164305:>0:x5=1; 1:x5=0; 1:x8=1;
288824:>0:x5=0; 1:x5=1; 1:x8=1;
147692:>0:x5=1; 1:x5=1; 1:x8=1;
Ok

Witnesses
Positive: 1552, Negative: 998448
Condition exists (0:x5=1 /\ 1:x5=1 /\ 1:x8=0) is validated
Hash=7518e8d4facb57da7d15c67736441e16
Generator=diyone7 (version 7.56)
Com=Rf Fr Rf
Orig=Rfe PodRW Rfe DpAddrdR Fre PodWW
Observation A Sometimes 1552 998448
Time A 0.80
Revision exported, version 7.56
Command line: litmus7 -carch RISCV -limit true -affinity incr1 -force_affinity true -mem direct -barrier userfence -detached false -thread std -launch changing -stride 0 -size_of_test 100 -number_of_run 10 -driver C -gcc riscv64-unknown-linux-gnu-gcc -ccopts -O2 -linkopt -static -avail 4 -alloc dynamic -contiguous false -noalign none ./make_new_litmus/litmus_output/Rfe_PodRW_Rfe_DpAddrdR_Fre_PodWW.litmus -o ./make_new_litmus/litmus_output_bayes/Rfe_PodRW_Rfe_DpAddrdR_Fre_PodWW_0_1_0_0_0_0_2_0_0_0_0
Parameters
#define SIZE_OF_TEST 100
#define NUMBER_OF_RUN 10
#define AVAIL 4
#define STRIDE (-1)
#define MAX_LOOP 0
/* gcc options: -D_GNU_SOURCE -DFORCE_AFFINITY -Wall -std=gnu99 -O2 -pthread */
/* gcc link options: -static */
/* barrier: userfence */
/* launch: changing */
/* affinity: incr1 */
/* alloc: dynamic */
/* memory: direct */
/* safer: write */
/* preload: random */
/* speedcheck: no */
/* proc used: 4 */
Command: /home/sipeed/test/run_89cfc60a.exe -s 100000
Sun Jan 25 22:44:06 2026
