Sun Jan 25 22:43:19 2026
%%%%%%%%%%%%%%%%%%%%%%%%%%%%%%%%%%%%%%%%%%%%%%%%%%%%%%%%%%%%%%%%%%%%%%%%%%%%%%
% Results for ./make_new_litmus/litmus_output/Rfe_PodRR_Fre_PodWR_Fre.litmus %
%%%%%%%%%%%%%%%%%%%%%%%%%%%%%%%%%%%%%%%%%%%%%%%%%%%%%%%%%%%%%%%%%%%%%%%%%%%%%%
RISCV A
"Rfe PodRR Fre PodWR Fre"
{0:x6=x; 1:x6=x; 1:x8=y; 2:x6=y; 2:x8=x;}
 P0          | P1          | P2          ;
 ori x5,x0,1 | lw x5,0(x6) | ori x5,x0,1 ;
 sw x5,0(x6) | lw x7,0(x8) | sw x5,0(x6) ;
             |             | lw x7,0(x8) ;

exists (1:x5=1 /\ 1:x7=0 /\ 2:x7=0)
Generated assembler
#START _litmus_P1
	lw a1,0(a5)
	lw t6,0(a4)
#START _litmus_P0
	ori a4,x0,1
	sw a4,0(a5)
#START _litmus_P2
	ori t4,x0,1
	sw t4,0(a5)
	lw a1,0(a4)
Test A Allowed
Histogram (8 states)
324886:>1:x5=0; 1:x7=0; 2:x7=0;
2296  *>1:x5=1; 1:x7=0; 2:x7=0;
257969:>1:x5=0; 1:x7=1; 2:x7=0;
18706 :>1:x5=1; 1:x7=1; 2:x7=0;
18698 :>1:x5=0; 1:x7=0; 2:x7=1;
181892:>1:x5=1; 1:x7=0; 2:x7=1;
873   :>1:x5=0; 1:x7=1; 2:x7=1;
194680:>1:x5=1; 1:x7=1; 2:x7=1;
Ok

Witnesses
Positive: 2296, Negative: 997704
Condition exists (1:x5=1 /\ 1:x7=0 /\ 2:x7=0) is validated
Hash=38412d1f12b4792f7d3d07bc91a665d4
Generator=diyone7 (version 7.56)
Com=Rf Fr Fr
Orig=Rfe PodRR Fre PodWR Fre
Observation A Sometimes 2296 997704
Time A 0.51
Revision exported, version 7.56
Command line: litmus7 -carch RISCV -limit true -affinity incr1 -force_affinity true -mem direct -barrier userfence -detached false -thread std -launch changing -stride 0 -size_of_test 100 -number_of_run 10 -driver C -gcc riscv64-unknown-linux-gnu-gcc -ccopts -O2 -linkopt -static -avail 4 -alloc dynamic -contiguous false -noalign none ./make_new_litmus/litmus_output/Rfe_PodRR_Fre_PodWR_Fre.litmus -o ./make_new_litmus/litmus_output_bayes/Rfe_PodRR_Fre_PodWR_Fre_0_1_0_0_0_0_2_0_0_0_0
Parameters
#define SIZE_OF_TEST 100
#define NUMBER_OF_RUN 10
#define AVAIL 4
#define STRIDE (-1)
#define MAX_LOOP 0
/* gcc options: -D_GNU_SOURCE -DFORCE_AFFINITY -Wall -std=gnu99 -O2 -pthread */
/* gcc link options: -static */
/* barrier: userfence */
/* launch: changing */
/* affinity: incr1 */
/* alloc: dynamic */
/* memory: direct */
/* safer: write */
/* preload: random */
/* speedcheck: no */
/* proc used: 4 */
Command: /home/sipeed/test/run_2ce2565d.exe -s 100000
Sun Jan 25 22:43:19 2026
