Mon Jan 26 02:25:15 2026
%%%%%%%%%%%%%%%%%%%%%%%%%%%%%%%%%%%%%%%%%%%%%%%%%%%%%%%%%%%%%%%%%%%%%%%%%%%%%%%%%%%%%%%%%%%%%%%%%%%%%%%%%
% Results for ./make_new_litmus/litmus_output/Rfe_Fence.r.rwdRR_Fre_CoLeave_Fence.rw.wdWR_FrBack.litmus %
%%%%%%%%%%%%%%%%%%%%%%%%%%%%%%%%%%%%%%%%%%%%%%%%%%%%%%%%%%%%%%%%%%%%%%%%%%%%%%%%%%%%%%%%%%%%%%%%%%%%%%%%%
RISCV A
"Rfe Fence.r.rwdRR Fre CoLeave Fence.rw.wdWR FrBack"
{0:x6=x; 0:x8=y; 1:x6=y; 1:x8=x; 2:x6=y; 2:x8=x;}
 P0          | P1          | P2          ;
 lw x5,0(x6) | ori x5,x0,1 | ori x5,x0,2 ;
 fence r,rw  | sw x5,0(x6) | sw x5,0(x6) ;
 lw x7,0(x8) | ori x7,x0,1 | fence rw,w  ;
             | sw x7,0(x8) | lw x7,0(x8) ;

exists (y=2 /\ 0:x5=1 /\ 0:x7=0 /\ 2:x7=0)
Generated assembler
#START _litmus_P0
	lw a3,0(a5)
	fence r,rw
	lw s2,0(a4)
#START _litmus_P1
	ori t2,x0,1
	sw t2,0(a5)
	ori a3,x0,1
	sw a3,0(a4)
#START _litmus_P2
	ori s1,x0,2
	sw s1,0(a5)
	fence rw,w
	lw a3,0(a4)
Test A Allowed
Histogram (20 states)
100015:>0:x5=0; 0:x7=0; 2:x7=0; y=1;
319911:>0:x5=0; 0:x7=1; 2:x7=0; y=1;
4358  :>0:x5=1; 0:x7=1; 2:x7=0; y=1;
11328 :>0:x5=0; 0:x7=2; 2:x7=0; y=1;
16453 :>0:x5=0; 0:x7=0; 2:x7=1; y=1;
645   :>0:x5=1; 0:x7=0; 2:x7=1; y=1;
1144  :>0:x5=0; 0:x7=1; 2:x7=1; y=1;
624   :>0:x5=1; 0:x7=1; 2:x7=1; y=1;
544   :>0:x5=0; 0:x7=2; 2:x7=1; y=1;
105   :>0:x5=1; 0:x7=2; 2:x7=1; y=1;
14482 :>0:x5=0; 0:x7=0; 2:x7=0; y=2;
1149  :>0:x5=0; 0:x7=1; 2:x7=0; y=2;
1369  :>0:x5=0; 0:x7=2; 2:x7=0; y=2;
292   :>0:x5=1; 0:x7=2; 2:x7=0; y=2;
187850:>0:x5=0; 0:x7=0; 2:x7=1; y=2;
2456  :>0:x5=1; 0:x7=0; 2:x7=1; y=2;
16734 :>0:x5=0; 0:x7=1; 2:x7=1; y=2;
10978 :>0:x5=1; 0:x7=1; 2:x7=1; y=2;
35683 :>0:x5=0; 0:x7=2; 2:x7=1; y=2;
273880:>0:x5=1; 0:x7=2; 2:x7=1; y=2;
No

Witnesses
Positive: 0, Negative: 1000000
Condition exists (y=2 /\ 0:x5=1 /\ 0:x7=0 /\ 2:x7=0) is NOT validated
Hash=f02341afc4dc90fdfc5305f970e3cf60
Generator=diyone7 (version 7.56)
Com=Fr Rf Fr
Orig=Rfe Fence.r.rwdRR Fre CoLeave Fence.rw.wdWR FrBack
Observation A Never 0 1000000
Time A 0.73
Revision exported, version 7.56
Command line: litmus7 -carch RISCV -limit true -affinity incr1 -force_affinity true -mem direct -barrier user2 -detached false -thread std -launch changing -stride 1 -size_of_test 100 -number_of_run 10 -driver C -gcc riscv64-unknown-linux-gnu-gcc -ccopts -O2 -linkopt -static -avail 4 -alloc dynamic -contiguous false -noalign none ./make_new_litmus/litmus_output/Rfe_Fence.r.rwdRR_Fre_CoLeave_Fence.rw.wdWR_FrBack.litmus -o ./make_new_litmus/litmus_output_bayes/Rfe_Fence.r.rwdRR_Fre_CoLeave_Fence.rw.wdWR_FrBack_0_2_0_0_0_0_2_0_0_0_0
Parameters
#define SIZE_OF_TEST 100
#define NUMBER_OF_RUN 10
#define AVAIL 4
#define STRIDE 1
#define MAX_LOOP 0
/* gcc options: -D_GNU_SOURCE -DFORCE_AFFINITY -Wall -std=gnu99 -O2 -pthread */
/* gcc link options: -static */
/* barrier: user2 */
/* launch: changing */
/* affinity: incr1 */
/* alloc: dynamic */
/* memory: direct */
/* stride: 1 */
/* safer: write */
/* preload: random */
/* speedcheck: no */
/* proc used: 4 */
Command: /home/sipeed/test/run_c3ec1639.exe -s 100000
Mon Jan 26 02:25:16 2026
