Sun Jan 25 22:43:10 2026
%%%%%%%%%%%%%%%%%%%%%%%%%%%%%%%%%%%%%%%%%%%%%%%%%%%%%%%%%%%%%%%%%%%%%%%%%%%%%%%%%%%%
% Results for ./make_new_litmus/litmus_output/Rfe_PosRW_Rfe_PodRR_Fre_PodWW.litmus %
%%%%%%%%%%%%%%%%%%%%%%%%%%%%%%%%%%%%%%%%%%%%%%%%%%%%%%%%%%%%%%%%%%%%%%%%%%%%%%%%%%%%
RISCV A
"Rfe PosRW Rfe PodRR Fre PodWW"
{0:x6=x; 1:x6=x; 1:x8=y; 2:x6=y; 2:x8=x;}
 P0          | P1          | P2          ;
 lw x5,0(x6) | lw x5,0(x6) | ori x5,x0,1 ;
 ori x7,x0,2 | lw x7,0(x8) | sw x5,0(x6) ;
 sw x7,0(x6) |             | ori x7,x0,1 ;
             |             | sw x7,0(x8) ;

exists (x=2 /\ 0:x5=1 /\ 1:x5=2 /\ 1:x7=0)
Generated assembler
#START _litmus_P1
	lw a1,0(a5)
	lw t6,0(a4)
#START _litmus_P0
	lw a4,0(a5)
	ori a2,x0,2
	sw a2,0(a5)
#START _litmus_P2
	ori t3,x0,1
	sw t3,0(a5)
	ori a2,x0,1
	sw a2,0(a4)
Test A Allowed
Histogram (18 states)
123092:>0:x5=0; 1:x5=0; 1:x7=0; x=1;
8027  :>0:x5=0; 1:x5=1; 1:x7=0; x=1;
75077 :>0:x5=0; 1:x5=2; 1:x7=0; x=1;
8936  :>0:x5=0; 1:x5=0; 1:x7=1; x=1;
143595:>0:x5=0; 1:x5=1; 1:x7=1; x=1;
29985 :>0:x5=0; 1:x5=2; 1:x7=1; x=1;
207158:>0:x5=0; 1:x5=0; 1:x7=0; x=2;
70771 :>0:x5=1; 1:x5=0; 1:x7=0; x=2;
5273  :>0:x5=0; 1:x5=1; 1:x7=0; x=2;
12102 :>0:x5=1; 1:x5=1; 1:x7=0; x=2;
82    :>0:x5=0; 1:x5=2; 1:x7=0; x=2;
347   *>0:x5=1; 1:x5=2; 1:x7=0; x=2;
35357 :>0:x5=0; 1:x5=0; 1:x7=1; x=2;
20925 :>0:x5=1; 1:x5=0; 1:x7=1; x=2;
29617 :>0:x5=0; 1:x5=1; 1:x7=1; x=2;
211912:>0:x5=1; 1:x5=1; 1:x7=1; x=2;
3414  :>0:x5=0; 1:x5=2; 1:x7=1; x=2;
14330 :>0:x5=1; 1:x5=2; 1:x7=1; x=2;
Ok

Witnesses
Positive: 347, Negative: 999653
Condition exists (x=2 /\ 0:x5=1 /\ 1:x5=2 /\ 1:x7=0) is validated
Hash=dc185efaf550d8b48b661def39aa3bea
Generator=diyone7 (version 7.56)
Com=Rf Fr Rf
Orig=Rfe PosRW Rfe PodRR Fre PodWW
Observation A Sometimes 347 999653
Time A 0.82
Revision exported, version 7.56
Command line: litmus7 -carch RISCV -limit true -affinity incr1 -force_affinity true -mem direct -barrier userfence -detached false -thread std -launch changing -stride 0 -size_of_test 100 -number_of_run 10 -driver C -gcc riscv64-unknown-linux-gnu-gcc -ccopts -O2 -linkopt -static -avail 4 -alloc dynamic -contiguous false -noalign none ./make_new_litmus/litmus_output/Rfe_PosRW_Rfe_PodRR_Fre_PodWW.litmus -o ./make_new_litmus/litmus_output_bayes/Rfe_PosRW_Rfe_PodRR_Fre_PodWW_0_1_0_0_0_0_2_0_0_0_0
Parameters
#define SIZE_OF_TEST 100
#define NUMBER_OF_RUN 10
#define AVAIL 4
#define STRIDE (-1)
#define MAX_LOOP 0
/* gcc options: -D_GNU_SOURCE -DFORCE_AFFINITY -Wall -std=gnu99 -O2 -pthread */
/* gcc link options: -static */
/* barrier: userfence */
/* launch: changing */
/* affinity: incr1 */
/* alloc: dynamic */
/* memory: direct */
/* safer: write */
/* preload: random */
/* speedcheck: no */
/* proc used: 4 */
Command: /home/sipeed/test/run_340267e9.exe -s 100000
Sun Jan 25 22:43:11 2026
