Mon Jan 26 02:23:41 2026
%%%%%%%%%%%%%%%%%%%%%%%%%%%%%%%%%%%%%%%%%%%%%%%%%%%%%%%%%%%%%%%%%%%%%%%%%%%%%%%%%%%%%%%%%
% Results for ./make_new_litmus/litmus_output/Rfe_PodRR_Fre_RfLeave_PodRR_FrBack.litmus %
%%%%%%%%%%%%%%%%%%%%%%%%%%%%%%%%%%%%%%%%%%%%%%%%%%%%%%%%%%%%%%%%%%%%%%%%%%%%%%%%%%%%%%%%%
RISCV A
"Rfe PodRR Fre RfLeave PodRR FrBack"
{0:x6=x; 0:x8=y; 1:x6=y; 1:x8=x; 2:x6=y; 2:x8=x;}
 P0          | P1          | P2          ;
 lw x5,0(x6) | ori x5,x0,1 | lw x5,0(x6) ;
 lw x7,0(x8) | sw x5,0(x6) | lw x7,0(x8) ;
             | ori x7,x0,1 |             ;
             | sw x7,0(x8) |             ;

exists (0:x5=1 /\ 0:x7=0 /\ 2:x5=1 /\ 2:x7=0)
Generated assembler
#START _litmus_P0
	lw a3,0(a5)
	lw s2,0(a4)
#START _litmus_P2
	lw a3,0(a5)
	lw s2,0(a4)
#START _litmus_P1
	ori t2,x0,1
	sw t2,0(a5)
	ori a3,x0,1
	sw a3,0(a4)
Test A Allowed
Histogram (16 states)
302842:>0:x5=0; 0:x7=0; 2:x5=0; 2:x7=0;
5974  :>0:x5=1; 0:x7=0; 2:x5=0; 2:x7=0;
123295:>0:x5=0; 0:x7=1; 2:x5=0; 2:x7=0;
78459 :>0:x5=1; 0:x7=1; 2:x5=0; 2:x7=0;
69338 :>0:x5=0; 0:x7=0; 2:x5=1; 2:x7=0;
21    *>0:x5=1; 0:x7=0; 2:x5=1; 2:x7=0;
6201  :>0:x5=0; 0:x7=1; 2:x5=1; 2:x7=0;
2256  :>0:x5=1; 0:x7=1; 2:x5=1; 2:x7=0;
23702 :>0:x5=0; 0:x7=0; 2:x5=0; 2:x7=1;
2812  :>0:x5=1; 0:x7=0; 2:x5=0; 2:x7=1;
83    :>0:x5=0; 0:x7=1; 2:x5=0; 2:x7=1;
5646  :>0:x5=1; 0:x7=1; 2:x5=0; 2:x7=1;
68403 :>0:x5=0; 0:x7=0; 2:x5=1; 2:x7=1;
1595  :>0:x5=1; 0:x7=0; 2:x5=1; 2:x7=1;
3582  :>0:x5=0; 0:x7=1; 2:x5=1; 2:x7=1;
305791:>0:x5=1; 0:x7=1; 2:x5=1; 2:x7=1;
Ok

Witnesses
Positive: 21, Negative: 999979
Condition exists (0:x5=1 /\ 0:x7=0 /\ 2:x5=1 /\ 2:x7=0) is validated
Hash=5022c4994c06d830b91e430a1f310200
Generator=diyone7 (version 7.56)
Com=Fr Rf Fr
Orig=Rfe PodRR Fre RfLeave PodRR FrBack
Observation A Sometimes 21 999979
Time A 0.44
Revision exported, version 7.56
Command line: litmus7 -carch RISCV -limit true -affinity incr1 -force_affinity true -mem direct -barrier user2 -detached false -thread std -launch changing -stride 1 -size_of_test 100 -number_of_run 10 -driver C -gcc riscv64-unknown-linux-gnu-gcc -ccopts -O2 -linkopt -static -avail 4 -alloc dynamic -contiguous false -noalign none ./make_new_litmus/litmus_output/Rfe_PodRR_Fre_RfLeave_PodRR_FrBack.litmus -o ./make_new_litmus/litmus_output_bayes/Rfe_PodRR_Fre_RfLeave_PodRR_FrBack_0_2_0_0_0_0_2_0_0_0_0
Parameters
#define SIZE_OF_TEST 100
#define NUMBER_OF_RUN 10
#define AVAIL 4
#define STRIDE 1
#define MAX_LOOP 0
/* gcc options: -D_GNU_SOURCE -DFORCE_AFFINITY -Wall -std=gnu99 -O2 -pthread */
/* gcc link options: -static */
/* barrier: user2 */
/* launch: changing */
/* affinity: incr1 */
/* alloc: dynamic */
/* memory: direct */
/* stride: 1 */
/* safer: write */
/* preload: random */
/* speedcheck: no */
/* proc used: 4 */
Command: /home/sipeed/test/run_88737874.exe -s 100000
Mon Jan 26 02:23:41 2026
