Sun Jan 25 22:44:07 2026
%%%%%%%%%%%%%%%%%%%%%%%%%%%%%%%%%%%%%%%%%%%%%%%%%%%%%%%%%%%%%%%%%%%%%%%%%%%%%%%%%%%%%%%
% Results for ./make_new_litmus/litmus_output/Rfe_PodRW_Rfe_DpAddrdW_Rfe_PodRW.litmus %
%%%%%%%%%%%%%%%%%%%%%%%%%%%%%%%%%%%%%%%%%%%%%%%%%%%%%%%%%%%%%%%%%%%%%%%%%%%%%%%%%%%%%%%
RISCV A
"Rfe PodRW Rfe DpAddrdW Rfe PodRW"
{0:x6=x; 0:x8=y; 1:x6=y; 1:x9=z; 2:x6=z; 2:x8=x;}
 P0          | P1            | P2          ;
 lw x5,0(x6) | lw x5,0(x6)   | lw x5,0(x6) ;
 ori x7,x0,1 | xor x7,x5,x5  | ori x7,x0,1 ;
 sw x7,0(x8) | ori x8,x0,1   | sw x7,0(x8) ;
             | add x10,x9,x7 |             ;
             | sw x8,0(x10)  |             ;

exists (0:x5=1 /\ 1:x5=1 /\ 2:x5=1)
Generated assembler
#START _litmus_P1
	lw a1,0(a5)
	xor t0,a1,a1
	ori t6,x0,1
	add t4,a4,t0
	sw t6,0(t4)
#START _litmus_P2
	lw a1,0(a5)
	ori t4,x0,1
	sw t4,0(a4)
#START _litmus_P0
	lw a1,0(a5)
	ori t4,x0,1
	sw t4,0(a4)
Test A Allowed
Histogram (8 states)
98759 :>0:x5=0; 1:x5=0; 2:x5=0;
246846:>0:x5=1; 1:x5=0; 2:x5=0;
281931:>0:x5=0; 1:x5=1; 2:x5=0;
85160 :>0:x5=1; 1:x5=1; 2:x5=0;
203034:>0:x5=0; 1:x5=0; 2:x5=1;
61749 :>0:x5=1; 1:x5=0; 2:x5=1;
21428 :>0:x5=0; 1:x5=1; 2:x5=1;
1093  *>0:x5=1; 1:x5=1; 2:x5=1;
Ok

Witnesses
Positive: 1093, Negative: 998907
Condition exists (0:x5=1 /\ 1:x5=1 /\ 2:x5=1) is validated
Hash=57de70a60041fbbfbb3f58bd13f89c0a
Generator=diyone7 (version 7.56)
Com=Rf Rf Rf
Orig=Rfe PodRW Rfe DpAddrdW Rfe PodRW
Observation A Sometimes 1093 998907
Time A 0.81
Revision exported, version 7.56
Command line: litmus7 -carch RISCV -limit true -affinity incr1 -force_affinity true -mem direct -barrier userfence -detached false -thread std -launch changing -stride 0 -size_of_test 100 -number_of_run 10 -driver C -gcc riscv64-unknown-linux-gnu-gcc -ccopts -O2 -linkopt -static -avail 4 -alloc dynamic -contiguous false -noalign none ./make_new_litmus/litmus_output/Rfe_PodRW_Rfe_DpAddrdW_Rfe_PodRW.litmus -o ./make_new_litmus/litmus_output_bayes/Rfe_PodRW_Rfe_DpAddrdW_Rfe_PodRW_0_1_0_0_0_0_2_0_0_0_0
Parameters
#define SIZE_OF_TEST 100
#define NUMBER_OF_RUN 10
#define AVAIL 4
#define STRIDE (-1)
#define MAX_LOOP 0
/* gcc options: -D_GNU_SOURCE -DFORCE_AFFINITY -Wall -std=gnu99 -O2 -pthread */
/* gcc link options: -static */
/* barrier: userfence */
/* launch: changing */
/* affinity: incr1 */
/* alloc: dynamic */
/* memory: direct */
/* safer: write */
/* preload: random */
/* speedcheck: no */
/* proc used: 4 */
Command: /home/sipeed/test/run_56bd8dac.exe -s 100000
Sun Jan 25 22:44:08 2026
