Mon Jan 26 01:50:16 2026
%%%%%%%%%%%%%%%%%%%%%%%%%%%%%%%%%%%%%%%%%%%%%%%%%%%%%%%%%%%%%%%%%%%%%%%%%%%%%%%%%%%%%%%
% Results for ./make_new_litmus/litmus_output/Rfe_PosRR_Fre_PodWW_Rfe_DpAddrdW.litmus %
%%%%%%%%%%%%%%%%%%%%%%%%%%%%%%%%%%%%%%%%%%%%%%%%%%%%%%%%%%%%%%%%%%%%%%%%%%%%%%%%%%%%%%%
RISCV A
"Rfe PosRR Fre PodWW Rfe DpAddrdW"
{0:x6=x; 1:x6=x; 1:x8=y; 2:x6=y; 2:x9=x;}
 P0          | P1          | P2            ;
 lw x5,0(x6) | ori x5,x0,2 | lw x5,0(x6)   ;
 lw x7,0(x6) | sw x5,0(x6) | xor x7,x5,x5  ;
             | ori x7,x0,1 | ori x8,x0,1   ;
             | sw x7,0(x8) | add x10,x9,x7 ;
             |             | sw x8,0(x10)  ;

exists (x=2 /\ 0:x5=1 /\ 0:x7=1 /\ 2:x5=1)
Generated assembler
#START _litmus_P2
	lw a3,0(a5)
	xor s3,a3,a3
	ori s2,x0,1
	add s1,a4,s3
	sw s2,0(s1)
#START _litmus_P0
	lw a4,0(a5)
	lw a3,0(a5)
#START _litmus_P1
	ori t2,x0,2
	sw t2,0(a5)
	ori a3,x0,1
	sw a3,0(a4)
Test A Allowed
Histogram (21 states)
201827:>0:x5=0; 0:x7=0; 2:x5=0; x=1;
111   :>0:x5=0; 0:x7=1; 2:x5=0; x=1;
1976  :>0:x5=1; 0:x7=1; 2:x5=0; x=1;
289   :>0:x5=2; 0:x7=1; 2:x5=0; x=1;
54    :>0:x5=0; 0:x7=2; 2:x5=0; x=1;
2657  :>0:x5=2; 0:x7=2; 2:x5=0; x=1;
21796 :>0:x5=0; 0:x7=0; 2:x5=1; x=1;
9     :>0:x5=0; 0:x7=1; 2:x5=1; x=1;
2337  :>0:x5=1; 0:x7=1; 2:x5=1; x=1;
980   :>0:x5=2; 0:x7=1; 2:x5=1; x=1;
85    :>0:x5=0; 0:x7=2; 2:x5=1; x=1;
320167:>0:x5=2; 0:x7=2; 2:x5=1; x=1;
118564:>0:x5=0; 0:x7=0; 2:x5=0; x=2;
121   :>0:x5=0; 0:x7=1; 2:x5=0; x=2;
285670:>0:x5=1; 0:x7=1; 2:x5=0; x=2;
67    :>0:x5=0; 0:x7=2; 2:x5=0; x=2;
8471  :>0:x5=1; 0:x7=2; 2:x5=0; x=2;
31279 :>0:x5=2; 0:x7=2; 2:x5=0; x=2;
3527  :>0:x5=0; 0:x7=0; 2:x5=1; x=2;
7     *>0:x5=1; 0:x7=1; 2:x5=1; x=2;
6     :>0:x5=2; 0:x7=2; 2:x5=1; x=2;
Ok

Witnesses
Positive: 7, Negative: 999993
Condition exists (x=2 /\ 0:x5=1 /\ 0:x7=1 /\ 2:x5=1) is validated
Hash=e082a37b8ae4a48c7994f5b6b6c03cc3
Generator=diyone7 (version 7.56)
Com=Fr Rf Rf
Orig=Rfe PosRR Fre PodWW Rfe DpAddrdW
Observation A Sometimes 7 999993
Time A 0.58
Revision exported, version 7.56
Command line: litmus7 -carch RISCV -limit true -affinity incr2 -force_affinity true -mem direct -barrier user2 -detached true -thread std -launch fixed -stride 1 -size_of_test 100 -number_of_run 10 -driver C -gcc riscv64-unknown-linux-gnu-gcc -ccopts -O2 -linkopt -static -avail 4 -alloc before -contiguous false -noalign all ./make_new_litmus/litmus_output/Rfe_PosRR_Fre_PodWW_Rfe_DpAddrdW.litmus -o ./make_new_litmus/litmus_output_bayes/Rfe_PosRR_Fre_PodWW_Rfe_DpAddrdW_0_2_1_1_0_1_3_1_0_1_0
Parameters
#define SIZE_OF_TEST 100
#define NUMBER_OF_RUN 10
#define AVAIL 4
#define STRIDE 1
#define MAX_LOOP 0
/* gcc options: -D_GNU_SOURCE -DFORCE_AFFINITY -Wall -std=gnu99 -O2 -pthread */
/* gcc link options: -static */
/* barrier: user2 */
/* launch: fixed */
/* affinity: incr2 */
/* alloc: Before */
/* memory: direct */
/* stride: 1 */
/* safer: write */
/* preload: random */
/* speedcheck: no */
/* proc used: 4 */
Command: /home/sipeed/test/run_43f25b08.exe -s 100000
Mon Jan 26 01:50:17 2026
