Sun Jan 25 22:44:01 2026
%%%%%%%%%%%%%%%%%%%%%%%%%%%%%%%%%%%%%%%%%%%%%%%%%%%%%%%%%%%%%%%%%%%%%%%%%%%%%%%%%%%%%%%
% Results for ./make_new_litmus/litmus_output/Rfe_DpAddrdR_Fre_PosWR_Fre_PodWW.litmus %
%%%%%%%%%%%%%%%%%%%%%%%%%%%%%%%%%%%%%%%%%%%%%%%%%%%%%%%%%%%%%%%%%%%%%%%%%%%%%%%%%%%%%%%
RISCV A
"Rfe DpAddrdR Fre PosWR Fre PodWW"
{0:x6=x; 0:x9=y; 1:x6=y; 2:x6=y; 2:x8=x;}
 P0            | P1          | P2          ;
 lw x5,0(x6)   | ori x5,x0,1 | ori x5,x0,2 ;
 xor x7,x5,x5  | sw x5,0(x6) | sw x5,0(x6) ;
 add x10,x9,x7 | lw x7,0(x6) | ori x7,x0,1 ;
 lw x8,0(x10)  |             | sw x7,0(x8) ;

exists (y=2 /\ 0:x5=1 /\ 0:x8=0 /\ 1:x7=1)
Generated assembler
#START _litmus_P0
	lw a1,0(a5)
	xor t2,a1,a1
	add t0,a4,t2
	lw t6,0(t0)
#START _litmus_P1
	ori a2,x0,1
	sw a2,0(a5)
	lw a4,0(a5)
#START _litmus_P2
	ori t3,x0,2
	sw t3,0(a5)
	ori a2,x0,1
	sw a2,0(a4)
Test A Allowed
Histogram (15 states)
194871:>0:x5=0; 0:x8=0; 1:x7=1; y=1;
1547  :>0:x5=1; 0:x8=0; 1:x7=1; y=1;
29617 :>0:x5=0; 0:x8=1; 1:x7=1; y=1;
273151:>0:x5=1; 0:x8=1; 1:x7=1; y=1;
29690 :>0:x5=0; 0:x8=2; 1:x7=1; y=1;
8904  :>0:x5=1; 0:x8=2; 1:x7=1; y=1;
113491:>0:x5=0; 0:x8=0; 1:x7=1; y=2;
386   *>0:x5=1; 0:x8=0; 1:x7=1; y=2;
35981 :>0:x5=0; 0:x8=1; 1:x7=1; y=2;
8253  :>0:x5=1; 0:x8=1; 1:x7=1; y=2;
281378:>0:x5=0; 0:x8=2; 1:x7=1; y=2;
22698 :>0:x5=1; 0:x8=2; 1:x7=1; y=2;
15    :>0:x5=0; 0:x8=0; 1:x7=2; y=2;
13    :>0:x5=0; 0:x8=2; 1:x7=2; y=2;
5     :>0:x5=1; 0:x8=2; 1:x7=2; y=2;
Ok

Witnesses
Positive: 386, Negative: 999614
Condition exists (y=2 /\ 0:x5=1 /\ 0:x8=0 /\ 1:x7=1) is validated
Hash=e2da1a0654f3117d73833a9740c7d994
Generator=diyone7 (version 7.56)
Com=Fr Fr Rf
Orig=Rfe DpAddrdR Fre PosWR Fre PodWW
Observation A Sometimes 386 999614
Time A 0.78
Revision exported, version 7.56
Command line: litmus7 -carch RISCV -limit true -affinity incr1 -force_affinity true -mem direct -barrier userfence -detached false -thread std -launch changing -stride 0 -size_of_test 100 -number_of_run 10 -driver C -gcc riscv64-unknown-linux-gnu-gcc -ccopts -O2 -linkopt -static -avail 4 -alloc dynamic -contiguous false -noalign none ./make_new_litmus/litmus_output/Rfe_DpAddrdR_Fre_PosWR_Fre_PodWW.litmus -o ./make_new_litmus/litmus_output_bayes/Rfe_DpAddrdR_Fre_PosWR_Fre_PodWW_0_1_0_0_0_0_2_0_0_0_0
Parameters
#define SIZE_OF_TEST 100
#define NUMBER_OF_RUN 10
#define AVAIL 4
#define STRIDE (-1)
#define MAX_LOOP 0
/* gcc options: -D_GNU_SOURCE -DFORCE_AFFINITY -Wall -std=gnu99 -O2 -pthread */
/* gcc link options: -static */
/* barrier: userfence */
/* launch: changing */
/* affinity: incr1 */
/* alloc: dynamic */
/* memory: direct */
/* safer: write */
/* preload: random */
/* speedcheck: no */
/* proc used: 4 */
Command: /home/sipeed/test/run_87a0c491.exe -s 100000
Sun Jan 25 22:44:02 2026
