Mon Jan 26 01:46:47 2026
%%%%%%%%%%%%%%%%%%%%%%%%%%%%%%%%%%%%%%%%%%%%%%%%%%%%%%%%%%%%%%%%%%%%%%%%%%%%%%%%%%%%%%%
% Results for ./make_new_litmus/litmus_output/Rfe_PosRR_Fre_PodWW_Rfe_DpAddrdW.litmus %
%%%%%%%%%%%%%%%%%%%%%%%%%%%%%%%%%%%%%%%%%%%%%%%%%%%%%%%%%%%%%%%%%%%%%%%%%%%%%%%%%%%%%%%
RISCV A
"Rfe PosRR Fre PodWW Rfe DpAddrdW"
{0:x6=x; 1:x6=x; 1:x8=y; 2:x6=y; 2:x9=x;}
 P0          | P1          | P2            ;
 lw x5,0(x6) | ori x5,x0,2 | lw x5,0(x6)   ;
 lw x7,0(x6) | sw x5,0(x6) | xor x7,x5,x5  ;
             | ori x7,x0,1 | ori x8,x0,1   ;
             | sw x7,0(x8) | add x10,x9,x7 ;
             |             | sw x8,0(x10)  ;

exists (x=2 /\ 0:x5=1 /\ 0:x7=1 /\ 2:x5=1)
Generated assembler
#START _litmus_P2
	lw a3,0(a5)
	xor s3,a3,a3
	ori s2,x0,1
	add s1,a4,s3
	sw s2,0(s1)
#START _litmus_P0
	lw a4,0(a5)
	lw a3,0(a5)
#START _litmus_P1
	ori t2,x0,2
	sw t2,0(a5)
	ori a3,x0,1
	sw a3,0(a4)
Test A Allowed
Histogram (12 states)
2372  :>0:x5=0; 0:x7=0; 2:x5=0; x=1;
5     :>0:x5=1; 0:x7=1; 2:x5=0; x=1;
14    :>0:x5=2; 0:x7=2; 2:x5=0; x=1;
68    :>0:x5=0; 0:x7=0; 2:x5=1; x=1;
63    :>0:x5=1; 0:x7=1; 2:x5=1; x=1;
86    :>0:x5=2; 0:x7=1; 2:x5=1; x=1;
3150  :>0:x5=2; 0:x7=2; 2:x5=1; x=1;
949   :>0:x5=0; 0:x7=0; 2:x5=0; x=2;
2963  :>0:x5=1; 0:x7=1; 2:x5=0; x=2;
126   :>0:x5=1; 0:x7=2; 2:x5=0; x=2;
195   :>0:x5=2; 0:x7=2; 2:x5=0; x=2;
9     :>0:x5=0; 0:x7=0; 2:x5=1; x=2;
No

Witnesses
Positive: 0, Negative: 10000
Condition exists (x=2 /\ 0:x5=1 /\ 0:x7=1 /\ 2:x5=1) is NOT validated
Hash=e082a37b8ae4a48c7994f5b6b6c03cc3
Generator=diyone7 (version 7.56)
Com=Fr Rf Rf
Orig=Rfe PosRR Fre PodWW Rfe DpAddrdW
Observation A Never 0 10000
Time A 0.02
Revision exported, version 7.56
Command line: litmus7 -carch RISCV -limit true -affinity incr2 -force_affinity true -mem direct -barrier user2 -detached true -thread std -launch fixed -stride 1 -size_of_test 100 -number_of_run 10 -driver C -gcc riscv64-unknown-linux-gnu-gcc -ccopts -O2 -linkopt -static -avail 4 -alloc before -contiguous false -noalign all ./make_new_litmus/litmus_output/Rfe_PosRR_Fre_PodWW_Rfe_DpAddrdW.litmus -o ./make_new_litmus/litmus_output_bayes/Rfe_PosRR_Fre_PodWW_Rfe_DpAddrdW_0_2_1_1_0_1_3_1_0_1_0
Parameters
#define SIZE_OF_TEST 100
#define NUMBER_OF_RUN 10
#define AVAIL 4
#define STRIDE 1
#define MAX_LOOP 0
/* gcc options: -D_GNU_SOURCE -DFORCE_AFFINITY -Wall -std=gnu99 -O2 -pthread */
/* gcc link options: -static */
/* barrier: user2 */
/* launch: fixed */
/* affinity: incr2 */
/* alloc: Before */
/* memory: direct */
/* stride: 1 */
/* safer: write */
/* preload: random */
/* speedcheck: no */
/* proc used: 4 */
Command: /home/sipeed/test/run_9b417227.exe -s 1000
Mon Jan 26 01:46:47 2026
