Mon Jan 26 02:23:16 2026
%%%%%%%%%%%%%%%%%%%%%%%%%%%%%%%%%%%%%%%%%%%%%%%%%%%%%%%%%%%%%%%%%%%%%%%%%%%%%%%%%%%%%%%%%
% Results for ./make_new_litmus/litmus_output/Rfe_PodRW_Rfe_FrLeave_RfBack_PodRW.litmus %
%%%%%%%%%%%%%%%%%%%%%%%%%%%%%%%%%%%%%%%%%%%%%%%%%%%%%%%%%%%%%%%%%%%%%%%%%%%%%%%%%%%%%%%%%
RISCV A
"Rfe PodRW Rfe FrLeave RfBack PodRW"
{0:x6=x; 0:x8=y; 1:x6=y; 1:x9=x; 2:x6=y;}
 P0          | P1          | P2          ;
 lw x5,0(x6) | lw x5,0(x6) | ori x5,x0,2 ;
 ori x7,x0,1 | lw x7,0(x6) | sw x5,0(x6) ;
 sw x7,0(x8) | ori x8,x0,1 |             ;
             | sw x8,0(x9) |             ;

exists (y=2 /\ 0:x5=1 /\ 1:x5=1 /\ 1:x7=2)
Generated assembler
#START _litmus_P1
	lw a3,0(a5)
	lw s2,0(a5)
	ori s3,x0,1
	sw s3,0(a4)
#START _litmus_P2
	ori a4,x0,2
	sw a4,0(a5)
#START _litmus_P0
	lw a3,0(a5)
	ori s1,x0,1
	sw s1,0(a4)
Test A Allowed
Histogram (22 states)
28418 :>0:x5=0; 1:x5=0; 1:x7=0; y=1;
213757:>0:x5=1; 1:x5=0; 1:x7=0; y=1;
16    :>0:x5=0; 1:x5=0; 1:x7=1; y=1;
150490:>0:x5=0; 1:x5=1; 1:x7=1; y=1;
221   :>0:x5=1; 1:x5=1; 1:x7=1; y=1;
16    :>0:x5=0; 1:x5=2; 1:x7=1; y=1;
4     :>0:x5=1; 1:x5=2; 1:x7=1; y=1;
103   :>0:x5=0; 1:x5=0; 1:x7=2; y=1;
19    :>0:x5=1; 1:x5=0; 1:x7=2; y=1;
158474:>0:x5=0; 1:x5=2; 1:x7=2; y=1;
9271  :>0:x5=1; 1:x5=2; 1:x7=2; y=1;
11438 :>0:x5=0; 1:x5=0; 1:x7=0; y=2;
107305:>0:x5=1; 1:x5=0; 1:x7=0; y=2;
21    :>0:x5=0; 1:x5=0; 1:x7=1; y=2;
1     :>0:x5=1; 1:x5=0; 1:x7=1; y=2;
156585:>0:x5=0; 1:x5=1; 1:x7=1; y=2;
5     :>0:x5=1; 1:x5=1; 1:x7=1; y=2;
36    :>0:x5=0; 1:x5=0; 1:x7=2; y=2;
1     :>0:x5=1; 1:x5=0; 1:x7=2; y=2;
75    :>0:x5=0; 1:x5=1; 1:x7=2; y=2;
163741:>0:x5=0; 1:x5=2; 1:x7=2; y=2;
3     :>0:x5=1; 1:x5=2; 1:x7=2; y=2;
No

Witnesses
Positive: 0, Negative: 1000000
Condition exists (y=2 /\ 0:x5=1 /\ 1:x5=1 /\ 1:x7=2) is NOT validated
Hash=3fced80170d88ae545ff5fd4cf481f24
Generator=diyone7 (version 7.56)
Com=Rf Rf Rf
Orig=Rfe PodRW Rfe FrLeave RfBack PodRW
Observation A Never 0 1000000
Time A 0.46
Revision exported, version 7.56
Command line: litmus7 -carch RISCV -limit true -affinity incr1 -force_affinity true -mem direct -barrier user2 -detached false -thread std -launch changing -stride 1 -size_of_test 100 -number_of_run 10 -driver C -gcc riscv64-unknown-linux-gnu-gcc -ccopts -O2 -linkopt -static -avail 4 -alloc dynamic -contiguous false -noalign none ./make_new_litmus/litmus_output/Rfe_PodRW_Rfe_FrLeave_RfBack_PodRW.litmus -o ./make_new_litmus/litmus_output_bayes/Rfe_PodRW_Rfe_FrLeave_RfBack_PodRW_0_2_0_0_0_0_2_0_0_0_0
Parameters
#define SIZE_OF_TEST 100
#define NUMBER_OF_RUN 10
#define AVAIL 4
#define STRIDE 1
#define MAX_LOOP 0
/* gcc options: -D_GNU_SOURCE -DFORCE_AFFINITY -Wall -std=gnu99 -O2 -pthread */
/* gcc link options: -static */
/* barrier: user2 */
/* launch: changing */
/* affinity: incr1 */
/* alloc: dynamic */
/* memory: direct */
/* stride: 1 */
/* safer: write */
/* preload: random */
/* speedcheck: no */
/* proc used: 4 */
Command: /home/sipeed/test/run_244d6549.exe -s 100000
Mon Jan 26 02:23:17 2026
