Mon Jan 26 01:49:37 2026
%%%%%%%%%%%%%%%%%%%%%%%%%%%%%%%%%%%%%%%%%%%%%%%%%%%%%%%%%%%%%%%%%%%%%%%%%%%%%%%%%%%%%%%%%
% Results for ./make_new_litmus/litmus_output/Rfe_PodRW_RfLeave_FrBack_Rfe_PodRW.litmus %
%%%%%%%%%%%%%%%%%%%%%%%%%%%%%%%%%%%%%%%%%%%%%%%%%%%%%%%%%%%%%%%%%%%%%%%%%%%%%%%%%%%%%%%%%
RISCV A
"Rfe PodRW RfLeave FrBack Rfe PodRW"
{0:x6=x; 0:x8=y; 1:x6=y; 2:x6=y; 2:x8=x;}
 P0          | P1          | P2          ;
 lw x5,0(x6) | lw x5,0(x6) | lw x5,0(x6) ;
 ori x7,x0,1 |             | ori x7,x0,1 ;
 sw x7,0(x8) |             | sw x7,0(x8) ;
 ori x9,x0,2 |             |             ;
 sw x9,0(x8) |             |             ;

exists (y=2 /\ 0:x5=1 /\ 1:x5=1 /\ 2:x5=2)
Generated assembler
#START _litmus_P0
	lw a1,0(a5)
	ori s2,x0,1
	sw s2,0(a4)
	ori s1,x0,2
	sw s1,0(a4)
#START _litmus_P1
	lw a4,0(a5)
#START _litmus_P2
	lw a1,0(a5)
	ori s1,x0,1
	sw s1,0(a4)
Test A Allowed
Histogram (18 states)
153373:>0:x5=0; 1:x5=0; 2:x5=0; y=2;
291588:>0:x5=1; 1:x5=0; 2:x5=0; y=2;
42    :>0:x5=0; 1:x5=1; 2:x5=0; y=2;
53    :>0:x5=1; 1:x5=1; 2:x5=0; y=2;
29773 :>0:x5=0; 1:x5=2; 2:x5=0; y=2;
35521 :>0:x5=1; 1:x5=2; 2:x5=0; y=2;
75    :>0:x5=0; 1:x5=0; 2:x5=1; y=2;
11    :>0:x5=1; 1:x5=0; 2:x5=1; y=2;
188   :>0:x5=0; 1:x5=1; 2:x5=1; y=2;
103   :>0:x5=1; 1:x5=1; 2:x5=1; y=2;
6     :>0:x5=0; 1:x5=2; 2:x5=1; y=2;
2     :>0:x5=1; 1:x5=2; 2:x5=1; y=2;
209674:>0:x5=0; 1:x5=0; 2:x5=2; y=2;
8725  :>0:x5=1; 1:x5=0; 2:x5=2; y=2;
29    :>0:x5=0; 1:x5=1; 2:x5=2; y=2;
2     *>0:x5=1; 1:x5=1; 2:x5=2; y=2;
247139:>0:x5=0; 1:x5=2; 2:x5=2; y=2;
23696 :>0:x5=1; 1:x5=2; 2:x5=2; y=2;
Ok

Witnesses
Positive: 2, Negative: 999998
Condition exists (y=2 /\ 0:x5=1 /\ 1:x5=1 /\ 2:x5=2) is validated
Hash=47206c249eb882d647efc2ea3979cd25
Generator=diyone7 (version 7.56)
Com=Rf Fr Rf
Orig=Rfe PodRW RfLeave FrBack Rfe PodRW
Observation A Sometimes 2 999998
Time A 0.63
Revision exported, version 7.56
Command line: litmus7 -carch RISCV -limit true -affinity incr3 -force_affinity true -mem direct -barrier userfence -detached true -thread std -launch fixed -stride 2 -size_of_test 100 -number_of_run 10 -driver C -gcc riscv64-unknown-linux-gnu-gcc -ccopts -O2 -linkopt -static -avail 4 -alloc before -contiguous false -noalign none ./make_new_litmus/litmus_output/Rfe_PodRW_RfLeave_FrBack_Rfe_PodRW.litmus -o ./make_new_litmus/litmus_output_bayes/Rfe_PodRW_RfLeave_FrBack_Rfe_PodRW_0_1_1_1_0_1_4_2_0_0_0
Parameters
#define SIZE_OF_TEST 100
#define NUMBER_OF_RUN 10
#define AVAIL 4
#define STRIDE 2
#define MAX_LOOP 0
/* gcc options: -D_GNU_SOURCE -DFORCE_AFFINITY -Wall -std=gnu99 -O2 -pthread */
/* gcc link options: -static */
/* barrier: userfence */
/* launch: fixed */
/* affinity: incr3 */
/* alloc: Before */
/* memory: direct */
/* stride: 2 */
/* safer: write */
/* preload: random */
/* speedcheck: no */
/* proc used: 4 */
Command: /home/sipeed/test/run_04745a2f.exe -s 100000
Mon Jan 26 01:49:38 2026
