Mon Jan 26 02:24:05 2026
%%%%%%%%%%%%%%%%%%%%%%%%%%%%%%%%%%%%%%%%%%%%%%%%%%%%%%%%%%%%%%%%%%%%%%%%%%%%%%%%%%%%%%%%%
% Results for ./make_new_litmus/litmus_output/Rfe_FrLeave_PodWW_RfBack_Fre_PodWW.litmus %
%%%%%%%%%%%%%%%%%%%%%%%%%%%%%%%%%%%%%%%%%%%%%%%%%%%%%%%%%%%%%%%%%%%%%%%%%%%%%%%%%%%%%%%%%
RISCV A
"Rfe FrLeave PodWW RfBack Fre PodWW"
{0:x6=x; 0:x8=y; 1:x6=y; 1:x8=x; 2:x6=x; 2:x8=y;}
 P0          | P1          | P2          ;
 ori x5,x0,2 | ori x5,x0,2 | lw x5,0(x6) ;
 sw x5,0(x6) | sw x5,0(x6) | lw x7,0(x8) ;
 ori x7,x0,1 | ori x7,x0,1 |             ;
 sw x7,0(x8) | sw x7,0(x8) |             ;

exists (x=2 /\ y=2 /\ 2:x5=1 /\ 2:x7=1)
Generated assembler
#START _litmus_P0
	ori t2,x0,2
	sw t2,0(a5)
	ori a3,x0,1
	sw a3,0(a4)
#START _litmus_P2
	lw a3,0(a5)
	lw s2,0(a4)
#START _litmus_P1
	ori t2,x0,2
	sw t2,0(a5)
	ori a3,x0,1
	sw a3,0(a4)
Test A Allowed
Histogram (36 states)
3032  :>2:x5=0; 2:x7=0; x=1; y=1;
2     :>2:x5=1; 2:x7=0; x=1; y=1;
320   :>2:x5=2; 2:x7=0; x=1; y=1;
47    :>2:x5=0; 2:x7=1; x=1; y=1;
96    :>2:x5=1; 2:x7=1; x=1; y=1;
69    :>2:x5=2; 2:x7=1; x=1; y=1;
805   :>2:x5=0; 2:x7=2; x=1; y=1;
34    :>2:x5=1; 2:x7=2; x=1; y=1;
34    :>2:x5=2; 2:x7=2; x=1; y=1;
67144 :>2:x5=0; 2:x7=0; x=2; y=1;
413   :>2:x5=1; 2:x7=0; x=2; y=1;
19    :>2:x5=2; 2:x7=0; x=2; y=1;
26    :>2:x5=0; 2:x7=1; x=2; y=1;
197   :>2:x5=1; 2:x7=1; x=2; y=1;
69380 :>2:x5=2; 2:x7=1; x=2; y=1;
459   :>2:x5=0; 2:x7=2; x=2; y=1;
259918:>2:x5=1; 2:x7=2; x=2; y=1;
866   :>2:x5=2; 2:x7=2; x=2; y=1;
263952:>2:x5=0; 2:x7=0; x=1; y=2;
24    :>2:x5=1; 2:x7=0; x=1; y=2;
416   :>2:x5=2; 2:x7=0; x=1; y=2;
149   :>2:x5=0; 2:x7=1; x=1; y=2;
94    :>2:x5=1; 2:x7=1; x=1; y=2;
64623 :>2:x5=2; 2:x7=1; x=1; y=2;
41    :>2:x5=0; 2:x7=2; x=1; y=2;
263979:>2:x5=1; 2:x7=2; x=1; y=2;
2668  :>2:x5=2; 2:x7=2; x=1; y=2;
141   :>2:x5=0; 2:x7=0; x=2; y=2;
489   :>2:x5=1; 2:x7=0; x=2; y=2;
9     :>2:x5=2; 2:x7=0; x=2; y=2;
122   :>2:x5=0; 2:x7=1; x=2; y=2;
5     *>2:x5=1; 2:x7=1; x=2; y=2;
26    :>2:x5=2; 2:x7=1; x=2; y=2;
8     :>2:x5=0; 2:x7=2; x=2; y=2;
39    :>2:x5=1; 2:x7=2; x=2; y=2;
354   :>2:x5=2; 2:x7=2; x=2; y=2;
Ok

Witnesses
Positive: 5, Negative: 999995
Condition exists (x=2 /\ y=2 /\ 2:x5=1 /\ 2:x7=1) is validated
Hash=ff7c9edb77fc536f9a7f4e2c52766895
Generator=diyone7 (version 7.56)
Com=Rf Rf Fr
Orig=Rfe FrLeave PodWW RfBack Fre PodWW
Observation A Sometimes 5 999995
Time A 0.92
Revision exported, version 7.56
Command line: litmus7 -carch RISCV -limit true -affinity incr1 -force_affinity true -mem direct -barrier user2 -detached false -thread std -launch changing -stride 1 -size_of_test 100 -number_of_run 10 -driver C -gcc riscv64-unknown-linux-gnu-gcc -ccopts -O2 -linkopt -static -avail 4 -alloc dynamic -contiguous false -noalign none ./make_new_litmus/litmus_output/Rfe_FrLeave_PodWW_RfBack_Fre_PodWW.litmus -o ./make_new_litmus/litmus_output_bayes/Rfe_FrLeave_PodWW_RfBack_Fre_PodWW_0_2_0_0_0_0_2_0_0_0_0
Parameters
#define SIZE_OF_TEST 100
#define NUMBER_OF_RUN 10
#define AVAIL 4
#define STRIDE 1
#define MAX_LOOP 0
/* gcc options: -D_GNU_SOURCE -DFORCE_AFFINITY -Wall -std=gnu99 -O2 -pthread */
/* gcc link options: -static */
/* barrier: user2 */
/* launch: changing */
/* affinity: incr1 */
/* alloc: dynamic */
/* memory: direct */
/* stride: 1 */
/* safer: write */
/* preload: random */
/* speedcheck: no */
/* proc used: 4 */
Command: /home/sipeed/test/run_7ae0b011.exe -s 100000
Mon Jan 26 02:24:06 2026
