Mon Jan 26 01:49:07 2026
%%%%%%%%%%%%%%%%%%%%%%%%%%%%%%%%%%%%%%%%%%%%%%%%%%%%%%%%%%%%%%%%%%%%%%%%%%%%%%%%%%%%%%%%%
% Results for ./make_new_litmus/litmus_output/Rfe_PodRW_Rfe_FrLeave_RfBack_PodRW.litmus %
%%%%%%%%%%%%%%%%%%%%%%%%%%%%%%%%%%%%%%%%%%%%%%%%%%%%%%%%%%%%%%%%%%%%%%%%%%%%%%%%%%%%%%%%%
RISCV A
"Rfe PodRW Rfe FrLeave RfBack PodRW"
{0:x6=x; 0:x8=y; 1:x6=y; 1:x9=x; 2:x6=y;}
 P0          | P1          | P2          ;
 lw x5,0(x6) | lw x5,0(x6) | ori x5,x0,2 ;
 ori x7,x0,1 | lw x7,0(x6) | sw x5,0(x6) ;
 sw x7,0(x8) | ori x8,x0,1 |             ;
             | sw x8,0(x9) |             ;

exists (y=2 /\ 0:x5=1 /\ 1:x5=1 /\ 1:x7=2)
Generated assembler
#START _litmus_P1
	lw a3,0(a5)
	lw t6,0(a5)
	ori t0,x0,1
	sw t0,0(a4)
#START _litmus_P2
	ori a4,x0,2
	sw a4,0(a5)
#START _litmus_P0
	lw a3,0(a5)
	ori t5,x0,1
	sw t5,0(a4)
Test A Allowed
Histogram (22 states)
19555 :>0:x5=0; 1:x5=0; 1:x7=0; y=1;
137813:>0:x5=1; 1:x5=0; 1:x7=0; y=1;
42    :>0:x5=0; 1:x5=0; 1:x7=1; y=1;
1     :>0:x5=1; 1:x5=0; 1:x7=1; y=1;
103505:>0:x5=0; 1:x5=1; 1:x7=1; y=1;
315   :>0:x5=1; 1:x5=1; 1:x7=1; y=1;
72    :>0:x5=0; 1:x5=2; 1:x7=1; y=1;
1     :>0:x5=1; 1:x5=2; 1:x7=1; y=1;
111   :>0:x5=0; 1:x5=0; 1:x7=2; y=1;
27    :>0:x5=1; 1:x5=0; 1:x7=2; y=1;
204947:>0:x5=0; 1:x5=2; 1:x7=2; y=1;
10941 :>0:x5=1; 1:x5=2; 1:x7=2; y=1;
12190 :>0:x5=0; 1:x5=0; 1:x7=0; y=2;
195418:>0:x5=1; 1:x5=0; 1:x7=0; y=2;
11    :>0:x5=0; 1:x5=0; 1:x7=1; y=2;
3     :>0:x5=1; 1:x5=0; 1:x7=1; y=2;
96812 :>0:x5=0; 1:x5=1; 1:x7=1; y=2;
52    :>0:x5=0; 1:x5=0; 1:x7=2; y=2;
7     :>0:x5=1; 1:x5=0; 1:x7=2; y=2;
86    :>0:x5=0; 1:x5=1; 1:x7=2; y=2;
218088:>0:x5=0; 1:x5=2; 1:x7=2; y=2;
3     :>0:x5=1; 1:x5=2; 1:x7=2; y=2;
No

Witnesses
Positive: 0, Negative: 1000000
Condition exists (y=2 /\ 0:x5=1 /\ 1:x5=1 /\ 1:x7=2) is NOT validated
Hash=3fced80170d88ae545ff5fd4cf481f24
Generator=diyone7 (version 7.56)
Com=Rf Rf Rf
Orig=Rfe PodRW Rfe FrLeave RfBack PodRW
Observation A Never 0 1000000
Time A 0.84
Revision exported, version 7.56
Command line: litmus7 -carch RISCV -limit true -affinity incr1 -force_affinity true -mem direct -barrier user2 -detached false -thread std -launch changing -stride 0 -size_of_test 100 -number_of_run 10 -driver C -gcc riscv64-unknown-linux-gnu-gcc -ccopts -O2 -linkopt -static -avail 4 -alloc dynamic -contiguous false -noalign none ./make_new_litmus/litmus_output/Rfe_PodRW_Rfe_FrLeave_RfBack_PodRW.litmus -o ./make_new_litmus/litmus_output_bayes/Rfe_PodRW_Rfe_FrLeave_RfBack_PodRW_0_2_0_0_0_0_2_0_0_0_0
Parameters
#define SIZE_OF_TEST 100
#define NUMBER_OF_RUN 10
#define AVAIL 4
#define STRIDE (-1)
#define MAX_LOOP 0
/* gcc options: -D_GNU_SOURCE -DFORCE_AFFINITY -Wall -std=gnu99 -O2 -pthread */
/* gcc link options: -static */
/* barrier: user2 */
/* launch: changing */
/* affinity: incr1 */
/* alloc: dynamic */
/* memory: direct */
/* safer: write */
/* preload: random */
/* speedcheck: no */
/* proc used: 4 */
Command: /home/sipeed/test/run_1df2423b.exe -s 100000
Mon Jan 26 01:49:08 2026
