Mon Jan 26 01:46:34 2026
%%%%%%%%%%%%%%%%%%%%%%%%%%%%%%%%%%%%%%%%%%%%%%%%%%%%%%%%%%%%%%%%%%%%%%%%%%%%%%%%%%%%%%%
% Results for ./make_new_litmus/litmus_output/Rfe_PodRW_Rfe_DpDatadW_Rfe_PodRW.litmus %
%%%%%%%%%%%%%%%%%%%%%%%%%%%%%%%%%%%%%%%%%%%%%%%%%%%%%%%%%%%%%%%%%%%%%%%%%%%%%%%%%%%%%%%
RISCV A
"Rfe PodRW Rfe DpDatadW Rfe PodRW"
{0:x6=x; 0:x8=y; 1:x6=y; 1:x8=z; 2:x6=z; 2:x8=x;}
 P0          | P1           | P2          ;
 lw x5,0(x6) | lw x5,0(x6)  | lw x5,0(x6) ;
 ori x7,x0,1 | xor x7,x5,x5 | ori x7,x0,1 ;
 sw x7,0(x8) | ori x7,x7,1  | sw x7,0(x8) ;
             | sw x7,0(x8)  |             ;

exists (0:x5=1 /\ 1:x5=1 /\ 2:x5=1)
Generated assembler
#START _litmus_P1
	lw a1,0(a5)
	xor s1,a1,a1
	ori s1,s1,1
	sw s1,0(a4)
#START _litmus_P2
	lw a1,0(a5)
	ori s1,x0,1
	sw s1,0(a4)
#START _litmus_P0
	lw a1,0(a5)
	ori s1,x0,1
	sw s1,0(a4)
Test A Allowed
Histogram (7 states)
282   :>0:x5=0; 1:x5=0; 2:x5=0;
3087  :>0:x5=1; 1:x5=0; 2:x5=0;
3152  :>0:x5=0; 1:x5=1; 2:x5=0;
190   :>0:x5=1; 1:x5=1; 2:x5=0;
3053  :>0:x5=0; 1:x5=0; 2:x5=1;
149   :>0:x5=1; 1:x5=0; 2:x5=1;
87    :>0:x5=0; 1:x5=1; 2:x5=1;
No

Witnesses
Positive: 0, Negative: 10000
Condition exists (0:x5=1 /\ 1:x5=1 /\ 2:x5=1) is NOT validated
Hash=655565e3ba7a8be556421ba1f08b1082
Generator=diyone7 (version 7.56)
Com=Rf Rf Rf
Orig=Rfe PodRW Rfe DpDatadW Rfe PodRW
Observation A Never 0 10000
Time A 0.08
Revision exported, version 7.56
Command line: litmus7 -carch RISCV -limit true -affinity incr2 -force_affinity true -mem direct -barrier userfence -detached true -thread std -launch fixed -stride 2 -size_of_test 100 -number_of_run 10 -driver C -gcc riscv64-unknown-linux-gnu-gcc -ccopts -O2 -linkopt -static -avail 4 -alloc before -contiguous false -noalign all ./make_new_litmus/litmus_output/Rfe_PodRW_Rfe_DpDatadW_Rfe_PodRW.litmus -o ./make_new_litmus/litmus_output_bayes/Rfe_PodRW_Rfe_DpDatadW_Rfe_PodRW_0_1_1_1_0_1_3_2_0_1_0
Parameters
#define SIZE_OF_TEST 100
#define NUMBER_OF_RUN 10
#define AVAIL 4
#define STRIDE 2
#define MAX_LOOP 0
/* gcc options: -D_GNU_SOURCE -DFORCE_AFFINITY -Wall -std=gnu99 -O2 -pthread */
/* gcc link options: -static */
/* barrier: userfence */
/* launch: fixed */
/* affinity: incr2 */
/* alloc: Before */
/* memory: direct */
/* stride: 2 */
/* safer: write */
/* preload: random */
/* speedcheck: no */
/* proc used: 4 */
Command: /home/sipeed/test/run_6f372689.exe -s 1000
Mon Jan 26 01:46:34 2026
