Mon Jan 26 01:49:50 2026
%%%%%%%%%%%%%%%%%%%%%%%%%%%%%%%%%%%%%%%%%%%%%%%%%%%%%%%%%%%%%%%%%%%%%%%%%%
% Results for ./make_new_litmus/litmus_output/Rfe_PodRW_Rfe_PodRW.litmus %
%%%%%%%%%%%%%%%%%%%%%%%%%%%%%%%%%%%%%%%%%%%%%%%%%%%%%%%%%%%%%%%%%%%%%%%%%%
RISCV A
"Rfe PodRW Rfe PodRW"
{0:x6=x; 0:x8=y; 1:x6=y; 1:x8=x;}
 P0          | P1          ;
 lw x5,0(x6) | lw x5,0(x6) ;
 ori x7,x0,1 | ori x7,x0,1 ;
 sw x7,0(x8) | sw x7,0(x8) ;

exists (0:x5=1 /\ 1:x5=1)
Generated assembler
#START _litmus_P0
	lw a7,0(a1)
	ori t5,x0,1
	sw t5,0(a5)
#START _litmus_P1
	lw a7,0(a1)
	ori t5,x0,1
	sw t5,0(a5)
Test A Allowed
Histogram (4 states)
224314:>0:x5=0; 1:x5=0;
877469:>0:x5=1; 1:x5=0;
868288:>0:x5=0; 1:x5=1;
29929 *>0:x5=1; 1:x5=1;
Ok

Witnesses
Positive: 29929, Negative: 1970071
Condition exists (0:x5=1 /\ 1:x5=1) is validated
Hash=300aaf155b092e5dffd3a782c1fba13c
Generator=diyone7 (version 7.56)
Com=Rf Rf
Orig=Rfe PodRW Rfe PodRW
Observation A Sometimes 29929 1970071
Time A 0.64
Revision exported, version 7.56
Command line: litmus7 -carch RISCV -limit true -affinity incr2 -force_affinity true -mem indirect -barrier userfence -detached true -thread detached -launch changing -stride 2 -size_of_test 100 -number_of_run 10 -driver C -gcc riscv64-unknown-linux-gnu-gcc -ccopts -O2 -linkopt -static -avail 4 -alloc before -contiguous true -noalign all ./make_new_litmus/litmus_output/Rfe_PodRW_Rfe_PodRW.litmus -o ./make_new_litmus/litmus_output_bayes/Rfe_PodRW_Rfe_PodRW_1_1_1_1_1_0_3_2_1_1_0
Parameters
#define SIZE_OF_TEST 100
#define NUMBER_OF_RUN 10
#define AVAIL 4
#define STRIDE 2
#define MAX_LOOP 0
/* gcc options: -D_GNU_SOURCE -DFORCE_AFFINITY -Wall -std=gnu99 -O2 -pthread */
/* gcc link options: -static */
/* barrier: userfence */
/* launch: changing */
/* affinity: incr2 */
/* alloc: Before */
/* memory: indirect */
/* stride: 2 */
/* safer: write */
/* preload: random */
/* speedcheck: no */
/* proc used: 4 */
Command: /home/sipeed/test/run_1442b0b3.exe -s 100000
Mon Jan 26 01:49:51 2026
