Sun Jan 25 22:43:31 2026
%%%%%%%%%%%%%%%%%%%%%%%%%%%%%%%%%%%%%%%%%%%%%%%%%%%%%%%%%%%%%%%%%%%%%%%%%%%%%%%%%%%%%%%%%%%%%%%%%%%%%%%%%
% Results for ./make_new_litmus/litmus_output/Rfe_Fence.r.rwdRR_Fre_CoLeave_Fence.r.rwdWR_FrBack.litmus %
%%%%%%%%%%%%%%%%%%%%%%%%%%%%%%%%%%%%%%%%%%%%%%%%%%%%%%%%%%%%%%%%%%%%%%%%%%%%%%%%%%%%%%%%%%%%%%%%%%%%%%%%%
RISCV A
"Rfe Fence.r.rwdRR Fre CoLeave Fence.r.rwdWR FrBack"
{0:x6=x; 0:x8=y; 1:x6=y; 1:x8=x; 2:x6=y; 2:x8=x;}
 P0          | P1          | P2          ;
 lw x5,0(x6) | ori x5,x0,1 | ori x5,x0,2 ;
 fence r,rw  | sw x5,0(x6) | sw x5,0(x6) ;
 lw x7,0(x8) | ori x7,x0,1 | fence r,rw  ;
             | sw x7,0(x8) | lw x7,0(x8) ;

exists (y=2 /\ 0:x5=1 /\ 0:x7=0 /\ 2:x7=0)
Generated assembler
#START _litmus_P0
	lw a1,0(a5)
	fence r,rw
	lw t6,0(a4)
#START _litmus_P1
	ori t3,x0,1
	sw t3,0(a5)
	ori a2,x0,1
	sw a2,0(a4)
#START _litmus_P2
	ori t4,x0,2
	sw t4,0(a5)
	fence r,rw
	lw a1,0(a4)
Test A Allowed
Histogram (21 states)
58637 :>0:x5=0; 0:x7=0; 2:x7=0; y=1;
381173:>0:x5=0; 0:x7=1; 2:x7=0; y=1;
3369  :>0:x5=1; 0:x7=1; 2:x7=0; y=1;
27838 :>0:x5=0; 0:x7=2; 2:x7=0; y=1;
4     :>0:x5=1; 0:x7=2; 2:x7=0; y=1;
23200 :>0:x5=0; 0:x7=0; 2:x7=1; y=1;
598   :>0:x5=1; 0:x7=0; 2:x7=1; y=1;
16131 :>0:x5=0; 0:x7=1; 2:x7=1; y=1;
11886 :>0:x5=1; 0:x7=1; 2:x7=1; y=1;
6647  :>0:x5=0; 0:x7=2; 2:x7=1; y=1;
16190 :>0:x5=1; 0:x7=2; 2:x7=1; y=1;
3646  :>0:x5=0; 0:x7=0; 2:x7=0; y=2;
1072  :>0:x5=0; 0:x7=1; 2:x7=0; y=2;
5933  :>0:x5=0; 0:x7=2; 2:x7=0; y=2;
152   :>0:x5=1; 0:x7=2; 2:x7=0; y=2;
94907 :>0:x5=0; 0:x7=0; 2:x7=1; y=2;
1941  :>0:x5=1; 0:x7=0; 2:x7=1; y=2;
44928 :>0:x5=0; 0:x7=1; 2:x7=1; y=2;
5029  :>0:x5=1; 0:x7=1; 2:x7=1; y=2;
94319 :>0:x5=0; 0:x7=2; 2:x7=1; y=2;
202400:>0:x5=1; 0:x7=2; 2:x7=1; y=2;
No

Witnesses
Positive: 0, Negative: 1000000
Condition exists (y=2 /\ 0:x5=1 /\ 0:x7=0 /\ 2:x7=0) is NOT validated
Hash=bb8644a449f7dac94a29c95fa829e290
Generator=diyone7 (version 7.56)
Com=Fr Rf Fr
Orig=Rfe Fence.r.rwdRR Fre CoLeave Fence.r.rwdWR FrBack
Observation A Never 0 1000000
Time A 0.73
Revision exported, version 7.56
Command line: litmus7 -carch RISCV -limit true -affinity incr1 -force_affinity true -mem direct -barrier userfence -detached false -thread std -launch changing -stride 0 -size_of_test 100 -number_of_run 10 -driver C -gcc riscv64-unknown-linux-gnu-gcc -ccopts -O2 -linkopt -static -avail 4 -alloc dynamic -contiguous false -noalign none ./make_new_litmus/litmus_output/Rfe_Fence.r.rwdRR_Fre_CoLeave_Fence.r.rwdWR_FrBack.litmus -o ./make_new_litmus/litmus_output_bayes/Rfe_Fence.r.rwdRR_Fre_CoLeave_Fence.r.rwdWR_FrBack_0_1_0_0_0_0_2_0_0_0_0
Parameters
#define SIZE_OF_TEST 100
#define NUMBER_OF_RUN 10
#define AVAIL 4
#define STRIDE (-1)
#define MAX_LOOP 0
/* gcc options: -D_GNU_SOURCE -DFORCE_AFFINITY -Wall -std=gnu99 -O2 -pthread */
/* gcc link options: -static */
/* barrier: userfence */
/* launch: changing */
/* affinity: incr1 */
/* alloc: dynamic */
/* memory: direct */
/* safer: write */
/* preload: random */
/* speedcheck: no */
/* proc used: 4 */
Command: /home/sipeed/test/run_6c657908.exe -s 100000
Sun Jan 25 22:43:31 2026
