Sun Mar 15 13:12:48 2026
%%%%%%%%%%%%%%%%%%%%%%%%%%%%%%%%%%%%%%%%%%%%%%%%%%%%%%%%%%%%%%%%%%%%%%%%%%%%%%%%%%%%%%%%%%%%%%%%%%%%%%%%%%%%
% Results for /home/whq/Desktop/code_list/perple_test/all_allow_litmus_C910_naive_perple/SB+rfi-pos.litmus %
%%%%%%%%%%%%%%%%%%%%%%%%%%%%%%%%%%%%%%%%%%%%%%%%%%%%%%%%%%%%%%%%%%%%%%%%%%%%%%%%%%%%%%%%%%%%%%%%%%%%%%%%%%%%
RISCV SB+rfi-pos
"Rfi PodRR Fre Rfi PodRR Fre"
{uint64_t y=0; uint64_t x=0; uint64_t 1:x8=0; uint64_t 1:x7=0; uint64_t 0:x8=0; uint64_t 0:x7=0; 0:x5=1; 0:x6=x; 0:x9=y; 1:x5=1; 1:x6=y; 1:x9=x;}
 P0          | P1          ;
 sd x5,0(x6) | sd x5,0(x6) ;
 ld x7,0(x6) | ld x7,0(x6) ;
 ld x8,0(x9) | ld x8,0(x9) ;

exists (0:x7=1 /\ 0:x8=0 /\ 1:x7=1 /\ 1:x8=0)
Generated assembler
	#START _litmus_P1
	sd a3,0(a5)
	ld t1,0(a5)
	ld t3,0(a4)
	#START _litmus_P0
	sd a3,0(a5)
	ld t1,0(a5)
	ld t3,0(a4)
heuristic statistic: 32936
heuristic statistic: 33421
heuristic statistic: 32611
heuristic statistic: 33203
heuristic statistic: 34207
heuristic statistic: 31749
heuristic statistic: 32283
heuristic statistic: 32227
heuristic statistic: 34416
heuristic statistic: 32431
heuristic statistic: 32743
heuristic statistic: 31418
heuristic statistic: 31202
heuristic statistic: 33211
heuristic statistic: 34097
heuristic statistic: 31252
heuristic statistic: 29752
heuristic statistic: 34363
heuristic statistic: 35089
heuristic statistic: 33757
Test SB+rfi-pos Allowed
Histogram (0 states)
No

Witnesses
Positive: 0, Negative: 2000000
Condition exists (0:x7=1 /\ 0:x8=0 /\ 1:x7=1 /\ 1:x8=0) is NOT validated
Hash=d7bb2379d32564752d125fb35da59561
Generator=diyone7 (version 7.52)
Com=Fr Fr
Orig=Rfi PodRR Fre Rfi PodRR Fre
Observation SB+rfi-pos Never 0 2000000
Time SB+rfi-pos 0.30
Revision exported, version 7.56
Command line: litmus7 -carch RISCV -limit true -affinity incr1 -force_affinity true -mem direct -barrier none -detached false -thread std -launch changing -stride 1 -size_of_test 100 -number_of_run 10 -driver C -gcc riscv64-unknown-linux-gnu-gcc -ccopts -O2 -linkopt -static -smtmode seq -smt 2 -avail 4 -alloc dynamic -contiguous false -noalign none /home/whq/Desktop/code_list/perple_test/all_allow_litmus_C910_naive_perple/SB+rfi-pos.litmus -o /home/whq/Desktop/code_list/perple_test/bayes_banana_perple/SB+rfi-pos_0_5_0_0_0_0_2_0_0_0_1
Parameters
#define SIZE_OF_TEST 100
#define NUMBER_OF_RUN 10
#define AVAIL 4
#define STRIDE 1
#define MAX_LOOP 0
/* gcc options: -D_GNU_SOURCE -DFORCE_AFFINITY -Wall -std=gnu99 -O2 -pthread */
/* gcc link options: -static */
/* barrier: none */
/* launch: changing */
/* affinity: incr1 */
/* alloc: dynamic */
/* memory: direct */
/* stride: 1 */
/* safer: write */
/* preload: random */
/* speedcheck: no */
/* proc used: 4 */
Command: /root/perple/SB+rfi-pos_0_5_0_0_0_0_2_0_0_0_1/run.exe -s 100000
Sun Mar 15 13:12:49 2026
