Sun Mar 15 13:13:33 2026
%%%%%%%%%%%%%%%%%%%%%%%%%%%%%%%%%%%%%%%%%%%%%%%%%%%%%%%%%%%%%%%%%%%%%%%%%%%%%%%%%%%%%%%%%%%%%%%%%%%%%%%%%%%%%%%%%%%%%%%%%%%%%%%%%%%%%%%%
% Results for /home/whq/Desktop/code_list/perple_test/all_allow_litmus_C910_naive_perple/W+RWC+fence.w.w+ctrlfencei+fence.rw.rw.litmus %
%%%%%%%%%%%%%%%%%%%%%%%%%%%%%%%%%%%%%%%%%%%%%%%%%%%%%%%%%%%%%%%%%%%%%%%%%%%%%%%%%%%%%%%%%%%%%%%%%%%%%%%%%%%%%%%%%%%%%%%%%%%%%%%%%%%%%%%%
RISCV W+RWC+fence.w.w+ctrlfencei+fence.rw.rw
"Fence.w.wdWW Rfe DpCtrlFenceIdR Fre Fence.rw.rwdWR Fre"
{0:x5=1; 0:x6=x; 0:x7=y; 1:x6=y; 1:x8=z; 2:x5=1; 2:x6=z; 2:x8=x;}
 P0          | P1             | P2          ;
 sw x5,0(x6) | lw x5,0(x6)    | sw x5,0(x6) ;
 fence w,w   | bne x5,x0,LC00 | fence rw,rw ;
 sw x5,0(x7) | LC00:          | lw x7,0(x8) ;
             | fence.i        |             ;
             | lw x7,0(x8)    |             ;

exists (1:x5=1 /\ 1:x7=0 /\ 2:x7=0)
Generated assembler
	#START _litmus_P2
	sw a2,0(a5)
	fence rw,rw
	lw a6,0(a4)
	#START _litmus_P1
	lw a7,0(a5)
	bne a7,x0,0f
	0:
	fence.i
	lw t1,0(a4)
	#START _litmus_P0
	sw a2,0(a5)
	fence w,w
	sw a2,0(a4)
heuristic statistic: 0
heuristic statistic: 0
heuristic statistic: 0
heuristic statistic: 0
heuristic statistic: 0
heuristic statistic: 0
heuristic statistic: 0
heuristic statistic: 0
heuristic statistic: 0
heuristic statistic: 0
Test W+RWC+fence.w.w+ctrlfencei+fence.rw.rw Allowed
Histogram (0 states)
No

Witnesses
Positive: 0, Negative: 1000000
Condition exists (1:x5=1 /\ 1:x7=0 /\ 2:x7=0) is NOT validated
Hash=ae1cd74e4669e61452dcf827c62e6236
Cycle=Rfe DpCtrlFenceIdR Fre Fence.rw.rwdWR Fre Fence.w.wdWW
Relax W+RWC+fence.w.w+ctrlfencei+fence.rw.rw No 
Safe=Rfe Fre Fence.w.wdWW Fence.rw.rwdWR DpCtrlFenceIdR
Generator=diy7 (version 7.51+4(dev))
Com=Rf Fr Fr
Orig=Fence.w.wdWW Rfe DpCtrlFenceIdR Fre Fence.rw.rwdWR Fre
Observation W+RWC+fence.w.w+ctrlfencei+fence.rw.rw Never 0 1000000
Time W+RWC+fence.w.w+ctrlfencei+fence.rw.rw 0.40
Revision exported, version 7.56
Command line: litmus7 -carch RISCV -limit true -affinity incr1 -force_affinity true -mem direct -barrier none -detached false -thread std -launch changing -stride 1 -size_of_test 100 -number_of_run 10 -driver C -gcc riscv64-unknown-linux-gnu-gcc -ccopts -O2 -linkopt -static -smtmode seq -smt 2 -avail 4 -alloc dynamic -contiguous false -noalign none /home/whq/Desktop/code_list/perple_test/all_allow_litmus_C910_naive_perple/W+RWC+fence.w.w+ctrlfencei+fence.rw.rw.litmus -o /home/whq/Desktop/code_list/perple_test/bayes_banana_perple/W+RWC+fence.w.w+ctrlfencei+fence.rw.rw_0_5_0_0_0_0_2_0_0_0_1
Parameters
#define SIZE_OF_TEST 100
#define NUMBER_OF_RUN 10
#define AVAIL 4
#define STRIDE 1
#define MAX_LOOP 0
/* gcc options: -D_GNU_SOURCE -DFORCE_AFFINITY -Wall -std=gnu99 -O2 -pthread */
/* gcc link options: -static */
/* barrier: none */
/* launch: changing */
/* affinity: incr1 */
/* alloc: dynamic */
/* memory: direct */
/* stride: 1 */
/* safer: write */
/* preload: random */
/* speedcheck: no */
/* proc used: 4 */
Command: /root/perple/W+RWC+fence.w.w+ctrlfencei+fence.rw.rw_0_5_0_0_0_0_2_0_0_0_1/run.exe -s 100000
Sun Mar 15 13:13:33 2026
