Sun Mar 15 13:07:03 2026
%%%%%%%%%%%%%%%%%%%%%%%%%%%%%%%%%%%%%%%%%%%%%%%%%%%%%%%%%%%%%%%%%%%%%%%%%%%%%%%%%%%%%%%%%%%%%%%%%%%%%%%%%%%%%%%%%%%%%%%%%
% Results for /home/whq/Desktop/code_list/perple_test/all_allow_litmus_C910_naive_perple/SB+fence.rw.rw+po-addrs.litmus %
%%%%%%%%%%%%%%%%%%%%%%%%%%%%%%%%%%%%%%%%%%%%%%%%%%%%%%%%%%%%%%%%%%%%%%%%%%%%%%%%%%%%%%%%%%%%%%%%%%%%%%%%%%%%%%%%%%%%%%%%%
RISCV SB+fence.rw.rw+po-addrs
"Fence.rw.rwdWR Fre PodWR DpAddrsR Fre"
{0:x5=1; 0:x6=x; 0:x8=y; 1:x5=1; 1:x6=y; 1:x8=x;}
 P0          | P1            ;
 sw x5,0(x6) | sw x5,0(x6)   ;
 fence rw,rw | lw x7,0(x8)   ;
 lw x7,0(x8) | xor x9,x7,x7  ;
             | add x11,x8,x9 ;
             | lw x10,0(x11) ;

exists (0:x7=0 /\ 1:x10=0)
Generated assembler
	#START _litmus_P1
	sw a3,0(a5)
	lw t5,0(a4)
	xor t4,t5,t5
	add t3,a4,t4
	lw a6,0(t3)
	#START _litmus_P0
	sw a2,0(a5)
	fence rw,rw
	lw a6,0(a4)
heuristic statistic: 82
heuristic statistic: 220
heuristic statistic: 191
heuristic statistic: 163
heuristic statistic: 133
heuristic statistic: 134
heuristic statistic: 148
heuristic statistic: 234
heuristic statistic: 115
heuristic statistic: 153
heuristic statistic: 165
heuristic statistic: 130
heuristic statistic: 110
heuristic statistic: 129
heuristic statistic: 132
heuristic statistic: 116
heuristic statistic: 194
heuristic statistic: 184
heuristic statistic: 142
heuristic statistic: 159
Test SB+fence.rw.rw+po-addrs Allowed
Histogram (0 states)
No

Witnesses
Positive: 0, Negative: 2000000
Condition exists (0:x7=0 /\ 1:x10=0) is NOT validated
Hash=e001d15da31a44057958850aab471e62
Cycle=Fre PodWR DpAddrsR Fre Fence.rw.rwdWR
Relax SB+fence.rw.rw+po-addrs No PodWR
Safe=Fre Fence.rw.rwdWR DpAddrsR
Generator=diy7 (version 7.51+4(dev))
Com=Fr Fr
Orig=Fence.rw.rwdWR Fre PodWR DpAddrsR Fre
Observation SB+fence.rw.rw+po-addrs Never 0 2000000
Time SB+fence.rw.rw+po-addrs 0.21
Revision exported, version 7.56
Command line: litmus7 -carch RISCV -limit true -affinity incr1 -force_affinity true -mem direct -barrier none -detached false -thread std -launch changing -stride 1 -size_of_test 100 -number_of_run 10 -driver C -gcc riscv64-unknown-linux-gnu-gcc -ccopts -O2 -linkopt -static -smtmode seq -smt 2 -avail 4 -alloc dynamic -contiguous false -noalign none /home/whq/Desktop/code_list/perple_test/all_allow_litmus_C910_naive_perple/SB+fence.rw.rw+po-addrs.litmus -o /home/whq/Desktop/code_list/perple_test/bayes_banana_perple/SB+fence.rw.rw+po-addrs_0_5_0_0_0_0_2_0_0_0_1
Parameters
#define SIZE_OF_TEST 100
#define NUMBER_OF_RUN 10
#define AVAIL 4
#define STRIDE 1
#define MAX_LOOP 0
/* gcc options: -D_GNU_SOURCE -DFORCE_AFFINITY -Wall -std=gnu99 -O2 -pthread */
/* gcc link options: -static */
/* barrier: none */
/* launch: changing */
/* affinity: incr1 */
/* alloc: dynamic */
/* memory: direct */
/* stride: 1 */
/* safer: write */
/* preload: random */
/* speedcheck: no */
/* proc used: 4 */
Command: /root/perple/SB+fence.rw.rw+po-addrs_0_5_0_0_0_0_2_0_0_0_1/run.exe -s 100000
Sun Mar 15 13:07:03 2026
