Sun Mar 15 13:07:21 2026
%%%%%%%%%%%%%%%%%%%%%%%%%%%%%%%%%%%%%%%%%%%%%%%%%%%%%%%%%%%%%%%%%%%%%%%%%%%%%%%%%%%%%%%%%%%%%%%%%%%%%%%%%%%%%%%%
% Results for /home/whq/Desktop/code_list/perple_test/all_allow_litmus_C910_naive_perple/SB+po+po-addrs.litmus %
%%%%%%%%%%%%%%%%%%%%%%%%%%%%%%%%%%%%%%%%%%%%%%%%%%%%%%%%%%%%%%%%%%%%%%%%%%%%%%%%%%%%%%%%%%%%%%%%%%%%%%%%%%%%%%%%
RISCV SB+po+po-addrs
"PodWR Fre PodWR DpAddrsR Fre"
{0:x5=1; 0:x6=x; 0:x8=y; 1:x5=1; 1:x6=y; 1:x8=x;}
 P0          | P1            ;
 sw x5,0(x6) | sw x5,0(x6)   ;
 lw x7,0(x8) | lw x7,0(x8)   ;
             | xor x9,x7,x7  ;
             | add x11,x8,x9 ;
             | lw x10,0(x11) ;

exists (0:x7=0 /\ 1:x10=0)
Generated assembler
	#START _litmus_P1
	sw a3,0(a5)
	lw t5,0(a4)
	xor t4,t5,t5
	add t3,a4,t4
	lw a6,0(t3)
	#START _litmus_P0
	sw a2,0(a5)
	lw a6,0(a4)
heuristic statistic: 45334
heuristic statistic: 45886
heuristic statistic: 39602
heuristic statistic: 37693
heuristic statistic: 37321
heuristic statistic: 39713
heuristic statistic: 39999
heuristic statistic: 42407
heuristic statistic: 35359
heuristic statistic: 35022
heuristic statistic: 39506
heuristic statistic: 42306
heuristic statistic: 35742
heuristic statistic: 38813
heuristic statistic: 33975
heuristic statistic: 34213
heuristic statistic: 41435
heuristic statistic: 40637
heuristic statistic: 40001
heuristic statistic: 36821
Test SB+po+po-addrs Allowed
Histogram (0 states)
No

Witnesses
Positive: 0, Negative: 2000000
Condition exists (0:x7=0 /\ 1:x10=0) is NOT validated
Hash=9c80d1827a5c1c812704e9153c89c041
Cycle=Fre PodWR Fre PodWR DpAddrsR
Relax SB+po+po-addrs No PodWR
Safe=Fre DpAddrsR
Generator=diy7 (version 7.51+4(dev))
Com=Fr Fr
Orig=PodWR Fre PodWR DpAddrsR Fre
Observation SB+po+po-addrs Never 0 2000000
Time SB+po+po-addrs 0.19
Revision exported, version 7.56
Command line: litmus7 -carch RISCV -limit true -affinity incr1 -force_affinity true -mem direct -barrier none -detached false -thread std -launch changing -stride 1 -size_of_test 100 -number_of_run 10 -driver C -gcc riscv64-unknown-linux-gnu-gcc -ccopts -O2 -linkopt -static -smtmode seq -smt 2 -avail 4 -alloc dynamic -contiguous false -noalign none /home/whq/Desktop/code_list/perple_test/all_allow_litmus_C910_naive_perple/SB+po+po-addrs.litmus -o /home/whq/Desktop/code_list/perple_test/bayes_banana_perple/SB+po+po-addrs_0_5_0_0_0_0_2_0_0_0_1
Parameters
#define SIZE_OF_TEST 100
#define NUMBER_OF_RUN 10
#define AVAIL 4
#define STRIDE 1
#define MAX_LOOP 0
/* gcc options: -D_GNU_SOURCE -DFORCE_AFFINITY -Wall -std=gnu99 -O2 -pthread */
/* gcc link options: -static */
/* barrier: none */
/* launch: changing */
/* affinity: incr1 */
/* alloc: dynamic */
/* memory: direct */
/* stride: 1 */
/* safer: write */
/* preload: random */
/* speedcheck: no */
/* proc used: 4 */
Command: /root/perple/SB+po+po-addrs_0_5_0_0_0_0_2_0_0_0_1/run.exe -s 100000
Sun Mar 15 13:07:21 2026
