Sun Mar 15 00:16:53 2026
%%%%%%%%%%%%%%%%%%%%%%%%%%%%%%%%%%%%%%%%%%%%%%%%%%%%%%%%%%%%%%%%%%%%%%%%%%%%%%%%%%%%%%%%%%%%%%%%%%%%%%%%%%%%%%%
% Results for /home/whq/Desktop/code_list/perple_test/all_allow_litmus_C910_naive_perple/MP+fence.w.ws.litmus %
%%%%%%%%%%%%%%%%%%%%%%%%%%%%%%%%%%%%%%%%%%%%%%%%%%%%%%%%%%%%%%%%%%%%%%%%%%%%%%%%%%%%%%%%%%%%%%%%%%%%%%%%%%%%%%%
RISCV MP+fence.w.ws
"Fence.w.wdWW Rfe Fence.w.wdRR Fre"
{0:x5=1; 0:x6=x; 0:x7=y; 1:x6=y; 1:x8=x;}
 P0          | P1          ;
 sw x5,0(x6) | lw x5,0(x6) ;
 fence w,w   | fence w,w   ;
 sw x5,0(x7) | lw x7,0(x8) ;

exists (1:x5=1 /\ 1:x7=0)
Generated assembler
	#START _litmus_P1
	lw a7,0(a5)
	fence w,w
	lw t1,0(a4)
	#START _litmus_P0
	sw a2,0(a5)
	fence w,w
	sw a2,0(a4)
heuristic statistic: 51
heuristic statistic: 90
heuristic statistic: 87
heuristic statistic: 238
heuristic statistic: 177
heuristic statistic: 357
heuristic statistic: 196
heuristic statistic: 368
heuristic statistic: 185
heuristic statistic: 372
heuristic statistic: 172
heuristic statistic: 383
heuristic statistic: 195
heuristic statistic: 421
heuristic statistic: 178
heuristic statistic: 393
heuristic statistic: 193
heuristic statistic: 279
heuristic statistic: 194
heuristic statistic: 9
Test MP+fence.w.ws Allowed
Histogram (0 states)
No

Witnesses
Positive: 0, Negative: 2000000
Condition exists (1:x5=1 /\ 1:x7=0) is NOT validated
Hash=7d2514fbfb5c75d6ec6dc40b983a93f9
Cycle=Rfe Fence.w.wdRR Fre Fence.w.wdWW
Relax MP+fence.w.ws No Fence.w.wdRR
Safe=Rfe Fre Fence.w.wdWW
Generator=diy7 (version 7.51+4(dev))
Com=Rf Fr
Orig=Fence.w.wdWW Rfe Fence.w.wdRR Fre
Observation MP+fence.w.ws Never 0 2000000
Time MP+fence.w.ws 0.21
Revision exported, version 7.56
Command line: litmus7 -carch RISCV -limit true -affinity incr1 -force_affinity true -mem direct -barrier none -detached false -thread std -launch changing -stride 1 -size_of_test 100 -number_of_run 10 -driver C -gcc riscv64-unknown-linux-gnu-gcc -ccopts -O2 -linkopt -static -smtmode seq -smt 2 -avail 4 -alloc dynamic -contiguous false -noalign none /home/whq/Desktop/code_list/perple_test/all_allow_litmus_C910_naive_perple/MP+fence.w.ws.litmus -o /home/whq/Desktop/code_list/perple_test/bayes_banana_perple/MP+fence.w.ws_0_5_0_0_0_0_2_0_0_0_1
Parameters
#define SIZE_OF_TEST 100
#define NUMBER_OF_RUN 10
#define AVAIL 4
#define STRIDE 1
#define MAX_LOOP 0
/* gcc options: -D_GNU_SOURCE -DFORCE_AFFINITY -Wall -std=gnu99 -O2 -pthread */
/* gcc link options: -static */
/* barrier: none */
/* launch: changing */
/* affinity: incr1 */
/* alloc: dynamic */
/* memory: direct */
/* stride: 1 */
/* safer: write */
/* preload: random */
/* speedcheck: no */
/* proc used: 4 */
Command: /home/sipeed/perple/MP+fence.w.ws_0_5_0_0_0_0_2_0_0_0_1/run.exe -s 100000
Sun Mar 15 00:16:53 2026
