Sun Mar 15 00:15:57 2026
%%%%%%%%%%%%%%%%%%%%%%%%%%%%%%%%%%%%%%%%%%%%%%%%%%%%%%%%%%%%%%%%%%%%%%%%%%%%%%%%%%%%%%%%%%%%%%%%%%%%%%%%%%%%%%%%%
% Results for /home/whq/Desktop/code_list/perple_test/all_allow_litmus_C910_naive_perple/MP+porlp+po+NEW.litmus %
%%%%%%%%%%%%%%%%%%%%%%%%%%%%%%%%%%%%%%%%%%%%%%%%%%%%%%%%%%%%%%%%%%%%%%%%%%%%%%%%%%%%%%%%%%%%%%%%%%%%%%%%%%%%%%%%%
RISCV MP+porlp+po+NEW
"PodWWRlP Rfe PodRR FrePRl"
{0:x5=1; 0:x6=x; 0:x7=y; 1:x6=y; 1:x8=x;}
 P0                      | P1          ;
 amoswap.w.rl x0,x5,(x6) | lw x5,0(x6) ;
 sw x5,0(x7)             | lw x7,0(x8) ;

exists (1:x5=1 /\ 1:x7=0)
Generated assembler
	#START _litmus_P1
	lw a7,0(a5)
	lw t1,0(a4)
	#START _litmus_P0
	amoswap.w.rl x0,a2,(a5)
	sw a2,0(a4)
heuristic statistic: 74
heuristic statistic: 1249
heuristic statistic: 82
heuristic statistic: 1309
heuristic statistic: 96
heuristic statistic: 1344
heuristic statistic: 92
heuristic statistic: 1366
heuristic statistic: 83
heuristic statistic: 1257
heuristic statistic: 78
heuristic statistic: 1402
heuristic statistic: 108
heuristic statistic: 1259
heuristic statistic: 102
heuristic statistic: 1095
heuristic statistic: 765
heuristic statistic: 160
heuristic statistic: 666
heuristic statistic: 186
Test MP+porlp+po+NEW Allowed
Histogram (0 states)
Ok

Witnesses
Positive: 1, Negative: 1999999
Condition exists (1:x5=1 /\ 1:x7=0) is validated
Hash=8a66410f696bc187227193a91de7dd99
Cycle=Rfe PodRR FrePRl PodWWRlP
Relax MP+porlp+po+NEW Ok Rl
Safe=Rfe Fre PodWW PodRR
Generator=diy7 (version 7.51+4(dev))
Com=Rf Fr
Orig=PodWWRlP Rfe PodRR FrePRl
Observation MP+porlp+po+NEW Sometimes 1 1999999
Time MP+porlp+po+NEW 0.20
Revision exported, version 7.56
Command line: litmus7 -carch RISCV -limit true -affinity incr1 -force_affinity true -mem direct -barrier none -detached false -thread std -launch changing -stride 1 -size_of_test 100 -number_of_run 10 -driver C -gcc riscv64-unknown-linux-gnu-gcc -ccopts -O2 -linkopt -static -smtmode seq -smt 2 -avail 4 -alloc dynamic -contiguous false -noalign none /home/whq/Desktop/code_list/perple_test/all_allow_litmus_C910_naive_perple/MP+porlp+po+NEW.litmus -o /home/whq/Desktop/code_list/perple_test/bayes_banana_perple/MP+porlp+po+NEW_0_5_0_0_0_0_2_0_0_0_1
Parameters
#define SIZE_OF_TEST 100
#define NUMBER_OF_RUN 10
#define AVAIL 4
#define STRIDE 1
#define MAX_LOOP 0
/* gcc options: -D_GNU_SOURCE -DFORCE_AFFINITY -Wall -std=gnu99 -O2 -pthread */
/* gcc link options: -static */
/* barrier: none */
/* launch: changing */
/* affinity: incr1 */
/* alloc: dynamic */
/* memory: direct */
/* stride: 1 */
/* safer: write */
/* preload: random */
/* speedcheck: no */
/* proc used: 4 */
Command: /home/sipeed/perple/MP+porlp+po+NEW_0_5_0_0_0_0_2_0_0_0_1/run.exe -s 100000
Sun Mar 15 00:15:57 2026
