Sun Mar 15 00:13:34 2026
%%%%%%%%%%%%%%%%%%%%%%%%%%%%%%%%%%%%%%%%%%%%%%%%%%%%%%%%%%%%%%%%%%%%%%%%%%%%%%%%%%%%%%%%%%%%%%%%%%%%%%%%%%%%
% Results for /home/whq/Desktop/code_list/perple_test/all_allow_litmus_C910_naive_perple/MP+po+ctrl.litmus %
%%%%%%%%%%%%%%%%%%%%%%%%%%%%%%%%%%%%%%%%%%%%%%%%%%%%%%%%%%%%%%%%%%%%%%%%%%%%%%%%%%%%%%%%%%%%%%%%%%%%%%%%%%%%
RISCV MP+po+ctrl
"PodWW Rfe DpCtrldR Fre"
{0:x5=1; 0:x6=x; 0:x7=y; 1:x6=y; 1:x8=x;}
 P0          | P1             ;
 sw x5,0(x6) | lw x5,0(x6)    ;
 sw x5,0(x7) | bne x5,x0,LC00 ;
             | LC00:          ;
             | lw x7,0(x8)    ;

exists (1:x5=1 /\ 1:x7=0)
Generated assembler
	#START _litmus_P1
	lw a7,0(a5)
	bne a7,x0,0f
	0:
	lw t1,0(a4)
	#START _litmus_P0
	sw a2,0(a5)
	sw a2,0(a4)
heuristic statistic: 21336
heuristic statistic: 13805
heuristic statistic: 1028
heuristic statistic: 3774
heuristic statistic: 1063
heuristic statistic: 2717
heuristic statistic: 1027
heuristic statistic: 2433
heuristic statistic: 1134
heuristic statistic: 2803
heuristic statistic: 1065
heuristic statistic: 2412
heuristic statistic: 1078
heuristic statistic: 2219
heuristic statistic: 1273
heuristic statistic: 2356
heuristic statistic: 1079
heuristic statistic: 2272
heuristic statistic: 1206
heuristic statistic: 40
Test MP+po+ctrl Allowed
Histogram (0 states)
No

Witnesses
Positive: 0, Negative: 2000000
Condition exists (1:x5=1 /\ 1:x7=0) is NOT validated
Hash=b87211810e0e589e410e05c78c203c57
Cycle=Rfe DpCtrldR Fre PodWW
Relax MP+po+ctrl No 
Safe=Rfe Fre PodWW DpCtrldR
Generator=diy7 (version 7.51+4(dev))
Com=Rf Fr
Orig=PodWW Rfe DpCtrldR Fre
Observation MP+po+ctrl Never 0 2000000
Time MP+po+ctrl 0.21
Revision exported, version 7.56
Command line: litmus7 -carch RISCV -limit true -affinity incr1 -force_affinity true -mem direct -barrier none -detached false -thread std -launch changing -stride 1 -size_of_test 100 -number_of_run 10 -driver C -gcc riscv64-unknown-linux-gnu-gcc -ccopts -O2 -linkopt -static -smtmode seq -smt 2 -avail 4 -alloc dynamic -contiguous false -noalign none /home/whq/Desktop/code_list/perple_test/all_allow_litmus_C910_naive_perple/MP+po+ctrl.litmus -o /home/whq/Desktop/code_list/perple_test/bayes_banana_perple/MP+po+ctrl_0_5_0_0_0_0_2_0_0_0_1
Parameters
#define SIZE_OF_TEST 100
#define NUMBER_OF_RUN 10
#define AVAIL 4
#define STRIDE 1
#define MAX_LOOP 0
/* gcc options: -D_GNU_SOURCE -DFORCE_AFFINITY -Wall -std=gnu99 -O2 -pthread */
/* gcc link options: -static */
/* barrier: none */
/* launch: changing */
/* affinity: incr1 */
/* alloc: dynamic */
/* memory: direct */
/* stride: 1 */
/* safer: write */
/* preload: random */
/* speedcheck: no */
/* proc used: 4 */
Command: /home/sipeed/perple/MP+po+ctrl_0_5_0_0_0_0_2_0_0_0_1/run.exe -s 100000
Sun Mar 15 00:13:34 2026
