Sun Mar 15 00:16:59 2026
%%%%%%%%%%%%%%%%%%%%%%%%%%%%%%%%%%%%%%%%%%%%%%%%%%%%%%%%%%%%%%%%%%%%%%%%%%%%%%%%%%%%%%%%%%%%%%%%%%%%%%%%%%%%%%%%%%%%%%%%%%
% Results for /home/whq/Desktop/code_list/perple_test/all_allow_litmus_C910_naive_perple/SB+fence.w.w+fence.rw.rw.litmus %
%%%%%%%%%%%%%%%%%%%%%%%%%%%%%%%%%%%%%%%%%%%%%%%%%%%%%%%%%%%%%%%%%%%%%%%%%%%%%%%%%%%%%%%%%%%%%%%%%%%%%%%%%%%%%%%%%%%%%%%%%%
RISCV SB+fence.w.w+fence.rw.rw
"Fence.w.wdWR Fre Fence.rw.rwdWR Fre"
{0:x5=1; 0:x6=x; 0:x8=y; 1:x5=1; 1:x6=y; 1:x8=x;}
 P0          | P1          ;
 sw x5,0(x6) | sw x5,0(x6) ;
 fence w,w   | fence rw,rw ;
 lw x7,0(x8) | lw x7,0(x8) ;

exists (0:x7=0 /\ 1:x7=0)
Generated assembler
	#START _litmus_P1
	sw a2,0(a5)
	fence rw,rw
	lw a6,0(a4)
	#START _litmus_P0
	sw a2,0(a5)
	fence w,w
	lw a6,0(a4)
heuristic statistic: 5932
heuristic statistic: 5797
heuristic statistic: 2105
heuristic statistic: 1790
heuristic statistic: 235
heuristic statistic: 39
heuristic statistic: 258
heuristic statistic: 154
heuristic statistic: 486
heuristic statistic: 129
heuristic statistic: 449
heuristic statistic: 124
heuristic statistic: 450
heuristic statistic: 144
heuristic statistic: 419
heuristic statistic: 135
heuristic statistic: 461
heuristic statistic: 164
heuristic statistic: 332
heuristic statistic: 1
Test SB+fence.w.w+fence.rw.rw Allowed
Histogram (0 states)
No

Witnesses
Positive: 0, Negative: 2000000
Condition exists (0:x7=0 /\ 1:x7=0) is NOT validated
Hash=2e18c272d0fd8ac85ffdc0264eecf6e2
Cycle=Fre Fence.w.wdWR Fre Fence.rw.rwdWR
Relax SB+fence.w.w+fence.rw.rw No Fence.w.wdWR
Safe=Fre Fence.rw.rwdWR
Generator=diy7 (version 7.51+4(dev))
Com=Fr Fr
Orig=Fence.w.wdWR Fre Fence.rw.rwdWR Fre
Observation SB+fence.w.w+fence.rw.rw Never 0 2000000
Time SB+fence.w.w+fence.rw.rw 0.22
Revision exported, version 7.56
Command line: litmus7 -carch RISCV -limit true -affinity incr1 -force_affinity true -mem direct -barrier none -detached false -thread std -launch changing -stride 1 -size_of_test 100 -number_of_run 10 -driver C -gcc riscv64-unknown-linux-gnu-gcc -ccopts -O2 -linkopt -static -smtmode seq -smt 2 -avail 4 -alloc dynamic -contiguous false -noalign none /home/whq/Desktop/code_list/perple_test/all_allow_litmus_C910_naive_perple/SB+fence.w.w+fence.rw.rw.litmus -o /home/whq/Desktop/code_list/perple_test/bayes_banana_perple/SB+fence.w.w+fence.rw.rw_0_5_0_0_0_0_2_0_0_0_1
Parameters
#define SIZE_OF_TEST 100
#define NUMBER_OF_RUN 10
#define AVAIL 4
#define STRIDE 1
#define MAX_LOOP 0
/* gcc options: -D_GNU_SOURCE -DFORCE_AFFINITY -Wall -std=gnu99 -O2 -pthread */
/* gcc link options: -static */
/* barrier: none */
/* launch: changing */
/* affinity: incr1 */
/* alloc: dynamic */
/* memory: direct */
/* stride: 1 */
/* safer: write */
/* preload: random */
/* speedcheck: no */
/* proc used: 4 */
Command: /home/sipeed/perple/SB+fence.w.w+fence.rw.rw_0_5_0_0_0_0_2_0_0_0_1/run.exe -s 100000
Sun Mar 15 00:16:59 2026
