Sun Mar 15 00:14:01 2026
%%%%%%%%%%%%%%%%%%%%%%%%%%%%%%%%%%%%%%%%%%%%%%%%%%%%%%%%%%%%%%%%%%%%%%%%%%%%%%%%%%%%%%%%%%%%%%%%%%%%%%%%%%%%%%%%%%%%
% Results for /home/whq/Desktop/code_list/perple_test/all_allow_litmus_C910_naive_perple/SB+pos-ctrlfenceis.litmus %
%%%%%%%%%%%%%%%%%%%%%%%%%%%%%%%%%%%%%%%%%%%%%%%%%%%%%%%%%%%%%%%%%%%%%%%%%%%%%%%%%%%%%%%%%%%%%%%%%%%%%%%%%%%%%%%%%%%%
RISCV SB+pos-ctrlfenceis
"PosWR DpCtrlFenceIdR Fre PosWR DpCtrlFenceIdR Fre"
{0:x5=1; 0:x6=x; 0:x9=y; 1:x5=1; 1:x6=y; 1:x9=x;}
 P0             | P1             ;
 sw x5,0(x6)    | sw x5,0(x6)    ;
 lw x7,0(x6)    | lw x7,0(x6)    ;
 bne x7,x0,LC00 | bne x7,x0,LC01 ;
 LC00:          | LC01:          ;
 fence.i        | fence.i        ;
 lw x8,0(x9)    | lw x8,0(x9)    ;

exists (0:x8=0 /\ 1:x8=0)
Generated assembler
	#START _litmus_P1
	sw a3,0(a5)
	lw t3,0(a5)
	bne t3,x0,0f
	0:
	fence.i
	lw a6,0(a4)
	#START _litmus_P0
	sw a3,0(a5)
	lw t3,0(a5)
	bne t3,x0,0f
	0:
	fence.i
	lw a6,0(a4)
heuristic statistic: 0
heuristic statistic: 0
heuristic statistic: 0
heuristic statistic: 0
heuristic statistic: 0
heuristic statistic: 0
heuristic statistic: 0
heuristic statistic: 0
heuristic statistic: 0
heuristic statistic: 0
heuristic statistic: 0
heuristic statistic: 0
heuristic statistic: 0
heuristic statistic: 0
heuristic statistic: 0
heuristic statistic: 0
heuristic statistic: 0
heuristic statistic: 0
heuristic statistic: 0
heuristic statistic: 0
Test SB+pos-ctrlfenceis Allowed
Histogram (0 states)
No

Witnesses
Positive: 0, Negative: 2000000
Condition exists (0:x8=0 /\ 1:x8=0) is NOT validated
Hash=1c2cab3203297e7f84a95c5197d18c36
Cycle=Fre PosWR DpCtrlFenceIdR Fre PosWR DpCtrlFenceIdR
Relax SB+pos-ctrlfenceis No PosWR
Safe=Fre DpCtrlFenceIdR
Generator=diy7 (version 7.51+4(dev))
Com=Fr Fr
Orig=PosWR DpCtrlFenceIdR Fre PosWR DpCtrlFenceIdR Fre
Observation SB+pos-ctrlfenceis Never 0 2000000
Time SB+pos-ctrlfenceis 3.08
Revision exported, version 7.56
Command line: litmus7 -carch RISCV -limit true -affinity incr1 -force_affinity true -mem direct -barrier none -detached false -thread std -launch changing -stride 1 -size_of_test 100 -number_of_run 10 -driver C -gcc riscv64-unknown-linux-gnu-gcc -ccopts -O2 -linkopt -static -smtmode seq -smt 2 -avail 4 -alloc dynamic -contiguous false -noalign none /home/whq/Desktop/code_list/perple_test/all_allow_litmus_C910_naive_perple/SB+pos-ctrlfenceis.litmus -o /home/whq/Desktop/code_list/perple_test/bayes_banana_perple/SB+pos-ctrlfenceis_0_5_0_0_0_0_2_0_0_0_1
Parameters
#define SIZE_OF_TEST 100
#define NUMBER_OF_RUN 10
#define AVAIL 4
#define STRIDE 1
#define MAX_LOOP 0
/* gcc options: -D_GNU_SOURCE -DFORCE_AFFINITY -Wall -std=gnu99 -O2 -pthread */
/* gcc link options: -static */
/* barrier: none */
/* launch: changing */
/* affinity: incr1 */
/* alloc: dynamic */
/* memory: direct */
/* stride: 1 */
/* safer: write */
/* preload: random */
/* speedcheck: no */
/* proc used: 4 */
Command: /home/sipeed/perple/SB+pos-ctrlfenceis_0_5_0_0_0_0_2_0_0_0_1/run.exe -s 100000
Sun Mar 15 00:14:04 2026
