Sun Mar 15 00:13:35 2026
%%%%%%%%%%%%%%%%%%%%%%%%%%%%%%%%%%%%%%%%%%%%%%%%%%%%%%%%%%%%%%%%%%%%%%%%%%%%%%%%%%%%%%%%%%%%%%%%%%%%%%%%%%%%%%%
% Results for /home/whq/Desktop/code_list/perple_test/all_allow_litmus_C910_naive_perple/SB+porlps+NEW.litmus %
%%%%%%%%%%%%%%%%%%%%%%%%%%%%%%%%%%%%%%%%%%%%%%%%%%%%%%%%%%%%%%%%%%%%%%%%%%%%%%%%%%%%%%%%%%%%%%%%%%%%%%%%%%%%%%%
RISCV SB+porlps+NEW
"PodWRRlP FrePRl PodWRRlP FrePRl"
{0:x5=1; 0:x6=x; 0:x8=y; 1:x5=1; 1:x6=y; 1:x8=x;}
 P0                      | P1                      ;
 amoswap.w.rl x0,x5,(x6) | amoswap.w.rl x0,x5,(x6) ;
 lw x7,0(x8)             | lw x7,0(x8)             ;

exists (0:x7=0 /\ 1:x7=0)
Generated assembler
	#START _litmus_P1
	amoswap.w.rl x0,a2,(a5)
	lw a6,0(a4)
	#START _litmus_P0
	amoswap.w.rl x0,a2,(a5)
	lw a6,0(a4)
heuristic statistic: 2798
heuristic statistic: 92271
heuristic statistic: 3705
heuristic statistic: 90449
heuristic statistic: 6707
heuristic statistic: 92690
heuristic statistic: 13488
heuristic statistic: 90674
heuristic statistic: 12059
heuristic statistic: 92805
heuristic statistic: 8066
heuristic statistic: 3375
heuristic statistic: 92008
heuristic statistic: 3100
heuristic statistic: 92106
heuristic statistic: 10580
heuristic statistic: 93690
heuristic statistic: 7212
heuristic statistic: 93164
heuristic statistic: 94875
Test SB+porlps+NEW Allowed
Histogram (0 states)
No

Witnesses
Positive: 0, Negative: 2000000
Condition exists (0:x7=0 /\ 1:x7=0) is NOT validated
Hash=876a75c048cba812e348dd898695ec42
Cycle=FrePRl PodWRRlP FrePRl PodWRRlP
Relax SB+porlps+NEW No Rl
Safe=Fre PodWR
Generator=diy7 (version 7.51+4(dev))
Com=Fr Fr
Orig=PodWRRlP FrePRl PodWRRlP FrePRl
Observation SB+porlps+NEW Never 0 2000000
Time SB+porlps+NEW 0.23
Revision exported, version 7.56
Command line: litmus7 -carch RISCV -limit true -affinity incr1 -force_affinity true -mem direct -barrier none -detached false -thread std -launch changing -stride 1 -size_of_test 100 -number_of_run 10 -driver C -gcc riscv64-unknown-linux-gnu-gcc -ccopts -O2 -linkopt -static -smtmode seq -smt 2 -avail 4 -alloc dynamic -contiguous false -noalign none /home/whq/Desktop/code_list/perple_test/all_allow_litmus_C910_naive_perple/SB+porlps+NEW.litmus -o /home/whq/Desktop/code_list/perple_test/bayes_banana_perple/SB+porlps+NEW_0_5_0_0_0_0_2_0_0_0_1
Parameters
#define SIZE_OF_TEST 100
#define NUMBER_OF_RUN 10
#define AVAIL 4
#define STRIDE 1
#define MAX_LOOP 0
/* gcc options: -D_GNU_SOURCE -DFORCE_AFFINITY -Wall -std=gnu99 -O2 -pthread */
/* gcc link options: -static */
/* barrier: none */
/* launch: changing */
/* affinity: incr1 */
/* alloc: dynamic */
/* memory: direct */
/* stride: 1 */
/* safer: write */
/* preload: random */
/* speedcheck: no */
/* proc used: 4 */
Command: /home/sipeed/perple/SB+porlps+NEW_0_5_0_0_0_0_2_0_0_0_1/run.exe -s 100000
Sun Mar 15 00:13:35 2026
