Sun Mar 15 13:13:54 2026
%%%%%%%%%%%%%%%%%%%%%%%%%%%%%%%%%%%%%%%%%%%%%%%%%%%%%%%%%%%%%%%%%%%%%%%%%%%%%%%%%%%%%%%%%%%%%%%%%%%%%%%%%%%%%%%%%%%%%%%%%%%%%%%
% Results for /home/whq/Desktop/code_list/perple_test/all_allow_litmus_C910_naive_perple/MP+fence.rw.rw+ctrl-cleaninit.litmus %
%%%%%%%%%%%%%%%%%%%%%%%%%%%%%%%%%%%%%%%%%%%%%%%%%%%%%%%%%%%%%%%%%%%%%%%%%%%%%%%%%%%%%%%%%%%%%%%%%%%%%%%%%%%%%%%%%%%%%%%%%%%%%%%
RISCV MP+fence.rw.rw+ctrl-cleaninit
{0:x6=x; 0:x8=y; 0:x5=1; 0:x7=1; 1:x6=y; 1:x8=x;}
 P0          | P1             ;
 sw x5,0(x6) | lw x5,0(x6)    ;
 fence rw,rw | bne x5,x0,LC00 ;
             | LC00:          ;
 sw x7,0(x8) | lw x7,0(x8)    ;

exists (1:x5=1 /\ 1:x7=0)
Generated assembler
	#START _litmus_P1
	lw a7,0(a5)
	bne a7,x0,0f
	0:
	lw t1,0(a4)
	#START _litmus_P0
	sw a5,0(a4)
	fence rw,rw
	sw a5,0(a3)
heuristic statistic: 32
heuristic statistic: 605
heuristic statistic: 484
heuristic statistic: 19
heuristic statistic: 657
heuristic statistic: 29
heuristic statistic: 13
heuristic statistic: 615
heuristic statistic: 28
heuristic statistic: 542
heuristic statistic: 14
heuristic statistic: 487
heuristic statistic: 31
heuristic statistic: 433
heuristic statistic: 23
heuristic statistic: 428
heuristic statistic: 26
heuristic statistic: 402
heuristic statistic: 25
heuristic statistic: 384
Test MP+fence.rw.rw+ctrl-cleaninit Allowed
Histogram (0 states)
No

Witnesses
Positive: 0, Negative: 2000000
Condition exists (1:x5=1 /\ 1:x7=0) is NOT validated
Hash=b97a4d0e691834e6bdef7e13399f1c07
Observation MP+fence.rw.rw+ctrl-cleaninit Never 0 2000000
Time MP+fence.rw.rw+ctrl-cleaninit 0.17
Revision exported, version 7.56
Command line: litmus7 -carch RISCV -limit true -affinity incr1 -force_affinity true -mem direct -barrier none -detached false -thread std -launch changing -stride 1 -size_of_test 100 -number_of_run 10 -driver C -gcc riscv64-unknown-linux-gnu-gcc -ccopts -O2 -linkopt -static -smtmode seq -smt 2 -avail 4 -alloc dynamic -contiguous false -noalign none /home/whq/Desktop/code_list/perple_test/all_allow_litmus_C910_naive_perple/MP+fence.rw.rw+ctrl-cleaninit.litmus -o /home/whq/Desktop/code_list/perple_test/bayes_banana_perple/MP+fence.rw.rw+ctrl-cleaninit_0_5_0_0_0_0_2_0_0_0_1
Parameters
#define SIZE_OF_TEST 100
#define NUMBER_OF_RUN 10
#define AVAIL 4
#define STRIDE 1
#define MAX_LOOP 0
/* gcc options: -D_GNU_SOURCE -DFORCE_AFFINITY -Wall -std=gnu99 -O2 -pthread */
/* gcc link options: -static */
/* barrier: none */
/* launch: changing */
/* affinity: incr1 */
/* alloc: dynamic */
/* memory: direct */
/* stride: 1 */
/* safer: write */
/* preload: random */
/* speedcheck: no */
/* proc used: 4 */
Command: /root/perple/MP+fence.rw.rw+ctrl-cleaninit_0_5_0_0_0_0_2_0_0_0_1/run.exe -s 100000
Sun Mar 15 13:13:54 2026
