Sun Mar 15 13:14:02 2026
%%%%%%%%%%%%%%%%%%%%%%%%%%%%%%%%%%%%%%%%%%%%%%%%%%%%%%%%%%%%%%%%%%%%%%%%%%%%%%%%%%%%%%%%%%%%%%%%%%%%%%%%%%%%%%%%%%%%%%%%%%%%%%%%%
% Results for /home/whq/Desktop/code_list/perple_test/all_allow_litmus_C910_naive_perple/MP+rfi-data+ctrl-rfi-ctrlfencei.litmus %
%%%%%%%%%%%%%%%%%%%%%%%%%%%%%%%%%%%%%%%%%%%%%%%%%%%%%%%%%%%%%%%%%%%%%%%%%%%%%%%%%%%%%%%%%%%%%%%%%%%%%%%%%%%%%%%%%%%%%%%%%%%%%%%%%
RISCV MP+rfi-data+ctrl-rfi-ctrlfencei
"Rfi DpDatadW Rfe DpCtrldW Rfi DpCtrlFenceIdR Fre"
{0:x5=1; 0:x6=x; 0:x9=y; 1:x6=y; 1:x7=1; 1:x8=z; 1:x11=x;}
 P0           | P1             ;
 sw x5,0(x6)  | lw x5,0(x6)    ;
 lw x7,0(x6)  | bne x5,x0,LC00 ;
 xor x8,x7,x7 | LC00:          ;
 ori x8,x8,1  | sw x7,0(x8)    ;
 sw x8,0(x9)  | lw x9,0(x8)    ;
              | bne x9,x0,LC01 ;
              | LC01:          ;
              | fence.i        ;
              | lw x10,0(x11)  ;

exists (0:x7=1 /\ 1:x5=1 /\ 1:x9=1 /\ 1:x10=0)
Generated assembler
	#START _litmus_P1
	lw a7,0(a5)
	bne a7,x0,0f
	0:
	sw a2,0(a4)
	lw t1,0(a4)
	bne t1,x0,1f
	1:
	fence.i
	lw t3,0(a3)
	#START _litmus_P0
	sw a3,0(a5)
	lw a6,0(a5)
	xor t3,a6,a6
	ori t3,t3,1
	sw t3,0(a4)
heuristic statistic: 0
heuristic statistic: 0
heuristic statistic: 0
heuristic statistic: 0
heuristic statistic: 0
heuristic statistic: 0
heuristic statistic: 0
heuristic statistic: 0
heuristic statistic: 0
heuristic statistic: 0
heuristic statistic: 0
heuristic statistic: 0
heuristic statistic: 0
heuristic statistic: 0
heuristic statistic: 0
heuristic statistic: 0
heuristic statistic: 0
heuristic statistic: 0
heuristic statistic: 0
heuristic statistic: 0
Test MP+rfi-data+ctrl-rfi-ctrlfencei Allowed
Histogram (0 states)
No

Witnesses
Positive: 0, Negative: 2000000
Condition exists (0:x7=1 /\ 1:x5=1 /\ 1:x9=1 /\ 1:x10=0) is NOT validated
Hash=4b241fd6872e6ff4f69bb4a78afabdcc
Cycle=Rfi DpDatadW Rfe DpCtrldW Rfi DpCtrlFenceIdR Fre
Relax MP+rfi-data+ctrl-rfi-ctrlfencei No Rfi
Safe=Rfe Fre DpDatadW DpCtrldW DpCtrlFenceIdR
Generator=diy7 (version 7.51+4(dev))
Com=Rf Fr
Orig=Rfi DpDatadW Rfe DpCtrldW Rfi DpCtrlFenceIdR Fre
Observation MP+rfi-data+ctrl-rfi-ctrlfencei Never 0 2000000
Time MP+rfi-data+ctrl-rfi-ctrlfencei 0.52
Revision exported, version 7.56
Command line: litmus7 -carch RISCV -limit true -affinity incr1 -force_affinity true -mem direct -barrier none -detached false -thread std -launch changing -stride 1 -size_of_test 100 -number_of_run 10 -driver C -gcc riscv64-unknown-linux-gnu-gcc -ccopts -O2 -linkopt -static -smtmode seq -smt 2 -avail 4 -alloc dynamic -contiguous false -noalign none /home/whq/Desktop/code_list/perple_test/all_allow_litmus_C910_naive_perple/MP+rfi-data+ctrl-rfi-ctrlfencei.litmus -o /home/whq/Desktop/code_list/perple_test/bayes_banana_perple/MP+rfi-data+ctrl-rfi-ctrlfencei_0_5_0_0_0_0_2_0_0_0_1
Parameters
#define SIZE_OF_TEST 100
#define NUMBER_OF_RUN 10
#define AVAIL 4
#define STRIDE 1
#define MAX_LOOP 0
/* gcc options: -D_GNU_SOURCE -DFORCE_AFFINITY -Wall -std=gnu99 -O2 -pthread */
/* gcc link options: -static */
/* barrier: none */
/* launch: changing */
/* affinity: incr1 */
/* alloc: dynamic */
/* memory: direct */
/* stride: 1 */
/* safer: write */
/* preload: random */
/* speedcheck: no */
/* proc used: 4 */
Command: /root/perple/MP+rfi-data+ctrl-rfi-ctrlfencei_0_5_0_0_0_0_2_0_0_0_1/run.exe -s 100000
Sun Mar 15 13:14:03 2026
