Sun Mar 15 13:14:17 2026
%%%%%%%%%%%%%%%%%%%%%%%%%%%%%%%%%%%%%%%%%%%%%%%%%%%%%%%%%%%%%%%%%%%%%%%%%%%%%%%%%%%%%%%%%%%%%%%%%%%%%%%%%%%%%%%%
% Results for /home/whq/Desktop/code_list/perple_test/all_allow_litmus_C910_naive_perple/SB+po+po-addrs.litmus %
%%%%%%%%%%%%%%%%%%%%%%%%%%%%%%%%%%%%%%%%%%%%%%%%%%%%%%%%%%%%%%%%%%%%%%%%%%%%%%%%%%%%%%%%%%%%%%%%%%%%%%%%%%%%%%%%
RISCV SB+po+po-addrs
"PodWR Fre PodWR DpAddrsR Fre"
{0:x5=1; 0:x6=x; 0:x8=y; 1:x5=1; 1:x6=y; 1:x8=x;}
 P0          | P1            ;
 sw x5,0(x6) | sw x5,0(x6)   ;
 lw x7,0(x8) | lw x7,0(x8)   ;
             | xor x9,x7,x7  ;
             | add x11,x8,x9 ;
             | lw x10,0(x11) ;

exists (0:x7=0 /\ 1:x10=0)
Generated assembler
	#START _litmus_P1
	sw a3,0(a5)
	lw t5,0(a4)
	xor t4,t5,t5
	add t3,a4,t4
	lw a6,0(t3)
	#START _litmus_P0
	sw a2,0(a5)
	lw a6,0(a4)
heuristic statistic: 41428
heuristic statistic: 42571
heuristic statistic: 44494
heuristic statistic: 43273
heuristic statistic: 43724
heuristic statistic: 43634
heuristic statistic: 41952
heuristic statistic: 42249
heuristic statistic: 38021
heuristic statistic: 41785
heuristic statistic: 42444
heuristic statistic: 43211
heuristic statistic: 39525
heuristic statistic: 44007
heuristic statistic: 45202
heuristic statistic: 44070
heuristic statistic: 39417
heuristic statistic: 40653
heuristic statistic: 41596
heuristic statistic: 42776
Test SB+po+po-addrs Allowed
Histogram (0 states)
No

Witnesses
Positive: 0, Negative: 2000000
Condition exists (0:x7=0 /\ 1:x10=0) is NOT validated
Hash=9c80d1827a5c1c812704e9153c89c041
Cycle=Fre PodWR Fre PodWR DpAddrsR
Relax SB+po+po-addrs No PodWR
Safe=Fre DpAddrsR
Generator=diy7 (version 7.51+4(dev))
Com=Fr Fr
Orig=PodWR Fre PodWR DpAddrsR Fre
Observation SB+po+po-addrs Never 0 2000000
Time SB+po+po-addrs 0.17
Revision exported, version 7.56
Command line: litmus7 -carch RISCV -limit true -affinity incr1 -force_affinity true -mem direct -barrier none -detached false -thread std -launch changing -stride 1 -size_of_test 100 -number_of_run 10 -driver C -gcc riscv64-unknown-linux-gnu-gcc -ccopts -O2 -linkopt -static -smtmode seq -smt 2 -avail 4 -alloc dynamic -contiguous false -noalign none /home/whq/Desktop/code_list/perple_test/all_allow_litmus_C910_naive_perple/SB+po+po-addrs.litmus -o /home/whq/Desktop/code_list/perple_test/bayes_banana_perple/SB+po+po-addrs_0_5_0_0_0_0_2_0_0_0_1
Parameters
#define SIZE_OF_TEST 100
#define NUMBER_OF_RUN 10
#define AVAIL 4
#define STRIDE 1
#define MAX_LOOP 0
/* gcc options: -D_GNU_SOURCE -DFORCE_AFFINITY -Wall -std=gnu99 -O2 -pthread */
/* gcc link options: -static */
/* barrier: none */
/* launch: changing */
/* affinity: incr1 */
/* alloc: dynamic */
/* memory: direct */
/* stride: 1 */
/* safer: write */
/* preload: random */
/* speedcheck: no */
/* proc used: 4 */
Command: /root/perple/SB+po+po-addrs_0_5_0_0_0_0_2_0_0_0_1/run.exe -s 100000
Sun Mar 15 13:14:17 2026
