Sun Mar 15 13:15:05 2026
%%%%%%%%%%%%%%%%%%%%%%%%%%%%%%%%%%%%%%%%%%%%%%%%%%%%%%%%%%%%%%%%%%%%%%%%%%%%%%%%%%%%%%%%%%%%%%%%%%%%%%%%%%%%%%%%%%%%%
% Results for /home/whq/Desktop/code_list/perple_test/all_allow_litmus_C910_naive_perple/WRC+ctrl+ctrlfencei.litmus %
%%%%%%%%%%%%%%%%%%%%%%%%%%%%%%%%%%%%%%%%%%%%%%%%%%%%%%%%%%%%%%%%%%%%%%%%%%%%%%%%%%%%%%%%%%%%%%%%%%%%%%%%%%%%%%%%%%%%%
RISCV WRC+ctrl+ctrlfencei
"Rfe DpCtrldW Rfe DpCtrlFenceIdR Fre"
{0:x5=1; 0:x6=x; 1:x6=x; 1:x7=1; 1:x8=y; 2:x6=y; 2:x8=x;}
 P0          | P1             | P2             ;
 sw x5,0(x6) | lw x5,0(x6)    | lw x5,0(x6)    ;
             | bne x5,x0,LC00 | bne x5,x0,LC01 ;
             | LC00:          | LC01:          ;
             | sw x7,0(x8)    | fence.i        ;
             |                | lw x7,0(x8)    ;

exists (1:x5=1 /\ 2:x5=1 /\ 2:x7=0)
Generated assembler
	#START _litmus_P2
	lw a7,0(a5)
	bne a7,x0,0f
	0:
	fence.i
	lw t1,0(a4)
	#START _litmus_P1
	lw a6,0(a5)
	bne a6,x0,0f
	0:
	sw a2,0(a4)
	#START _litmus_P0
	sw a3,0(a5)
heuristic statistic: 0
heuristic statistic: 0
heuristic statistic: 0
heuristic statistic: 0
heuristic statistic: 0
heuristic statistic: 0
heuristic statistic: 0
heuristic statistic: 0
heuristic statistic: 0
heuristic statistic: 0
Test WRC+ctrl+ctrlfencei Allowed
Histogram (0 states)
No

Witnesses
Positive: 0, Negative: 1000000
Condition exists (1:x5=1 /\ 2:x5=1 /\ 2:x7=0) is NOT validated
Hash=d24c72675fa248cf1e6e3c7594ed7e53
Cycle=Rfe DpCtrldW Rfe DpCtrlFenceIdR Fre
Relax WRC+ctrl+ctrlfencei No 
Safe=Rfe Fre DpCtrldW DpCtrlFenceIdR
Generator=diy7 (version 7.51+4(dev))
Com=Rf Rf Fr
Orig=Rfe DpCtrldW Rfe DpCtrlFenceIdR Fre
Observation WRC+ctrl+ctrlfencei Never 0 1000000
Time WRC+ctrl+ctrlfencei 0.33
Revision exported, version 7.56
Command line: litmus7 -carch RISCV -limit true -affinity incr1 -force_affinity true -mem direct -barrier none -detached false -thread std -launch changing -stride 1 -size_of_test 100 -number_of_run 10 -driver C -gcc riscv64-unknown-linux-gnu-gcc -ccopts -O2 -linkopt -static -smtmode seq -smt 2 -avail 4 -alloc dynamic -contiguous false -noalign none /home/whq/Desktop/code_list/perple_test/all_allow_litmus_C910_naive_perple/WRC+ctrl+ctrlfencei.litmus -o /home/whq/Desktop/code_list/perple_test/bayes_banana_perple/WRC+ctrl+ctrlfencei_0_5_0_0_0_0_2_0_0_0_1
Parameters
#define SIZE_OF_TEST 100
#define NUMBER_OF_RUN 10
#define AVAIL 4
#define STRIDE 1
#define MAX_LOOP 0
/* gcc options: -D_GNU_SOURCE -DFORCE_AFFINITY -Wall -std=gnu99 -O2 -pthread */
/* gcc link options: -static */
/* barrier: none */
/* launch: changing */
/* affinity: incr1 */
/* alloc: dynamic */
/* memory: direct */
/* stride: 1 */
/* safer: write */
/* preload: random */
/* speedcheck: no */
/* proc used: 4 */
Command: /root/perple/WRC+ctrl+ctrlfencei_0_5_0_0_0_0_2_0_0_0_1/run.exe -s 100000
Sun Mar 15 13:15:06 2026
