Sun Mar 15 00:45:00 2026
%%%%%%%%%%%%%%%%%%%%%%%%%%%%%%%%%%%%%%%%%%%%%%%%%%%%%%%%%%%%%%%%%%%%%%%%%%%%%%%%%%%%%%%%%%%%%%%%%%%%%%%%%%%%%%%%%
% Results for /home/whq/Desktop/code_list/perple_test/all_allow_litmus_C910_naive_perple/MP+po+poaqp+NEW.litmus %
%%%%%%%%%%%%%%%%%%%%%%%%%%%%%%%%%%%%%%%%%%%%%%%%%%%%%%%%%%%%%%%%%%%%%%%%%%%%%%%%%%%%%%%%%%%%%%%%%%%%%%%%%%%%%%%%%
RISCV MP+po+poaqp+NEW
"PodWW RfePAq PodRRAqP Fre"
{0:x5=1; 0:x6=x; 0:x7=y; 1:x6=y; 1:x8=x;}
 P0          | P1                    ;
 sw x5,0(x6) | amoor.w.aq x5,x0,(x6) ;
 sw x5,0(x7) | lw x7,0(x8)           ;

exists (1:x5=1 /\ 1:x7=0)
Generated assembler
	#START _litmus_P1
	amoor.w.aq a7,x0,(a5)
	lw t1,0(a4)
	#START _litmus_P0
	sw a2,0(a5)
	sw a2,0(a4)
heuristic statistic: 2
heuristic statistic: 17
heuristic statistic: 7
heuristic statistic: 3
heuristic statistic: 11
heuristic statistic: 7
heuristic statistic: 13
heuristic statistic: 21
heuristic statistic: 11
heuristic statistic: 33
heuristic statistic: 4
heuristic statistic: 33
heuristic statistic: 12
heuristic statistic: 39
heuristic statistic: 7
heuristic statistic: 33
heuristic statistic: 11
heuristic statistic: 39
heuristic statistic: 14
heuristic statistic: 26
Test MP+po+poaqp+NEW Allowed
Histogram (0 states)
No

Witnesses
Positive: 0, Negative: 2000000
Condition exists (1:x5=1 /\ 1:x7=0) is NOT validated
Hash=89a1f11e1187aada4fb3eab03f1d1ad5
Cycle=Fre PodWW RfePAq PodRRAqP
Relax MP+po+poaqp+NEW No Aq
Safe=Rfe Fre PodWW PodRR
Generator=diy7 (version 7.51+4(dev))
Com=Rf Fr
Orig=PodWW RfePAq PodRRAqP Fre
Observation MP+po+poaqp+NEW Never 0 2000000
Time MP+po+poaqp+NEW 0.23
Revision exported, version 7.56
Command line: litmus7 -carch RISCV -limit true -affinity incr1 -force_affinity true -mem direct -barrier none -detached false -thread std -launch changing -stride 1 -size_of_test 100 -number_of_run 10 -driver C -gcc riscv64-unknown-linux-gnu-gcc -ccopts -O2 -linkopt -static -smtmode seq -smt 2 -avail 4 -alloc dynamic -contiguous false -noalign none /home/whq/Desktop/code_list/perple_test/all_allow_litmus_C910_naive_perple/MP+po+poaqp+NEW.litmus -o /home/whq/Desktop/code_list/perple_test/bayes_banana_perple/MP+po+poaqp+NEW_0_5_0_0_0_0_2_0_0_0_1
Parameters
#define SIZE_OF_TEST 100
#define NUMBER_OF_RUN 10
#define AVAIL 4
#define STRIDE 1
#define MAX_LOOP 0
/* gcc options: -D_GNU_SOURCE -DFORCE_AFFINITY -Wall -std=gnu99 -O2 -pthread */
/* gcc link options: -static */
/* barrier: none */
/* launch: changing */
/* affinity: incr1 */
/* alloc: dynamic */
/* memory: direct */
/* stride: 1 */
/* safer: write */
/* preload: random */
/* speedcheck: no */
/* proc used: 4 */
Command: /home/sipeed/perple/MP+po+poaqp+NEW_0_5_0_0_0_0_2_0_0_0_1/run.exe -s 100000
Sun Mar 15 00:45:00 2026
