Sun Mar 15 00:41:55 2026
%%%%%%%%%%%%%%%%%%%%%%%%%%%%%%%%%%%%%%%%%%%%%%%%%%%%%%%%%%%%%%%%%%%%%%%%%%%%%%%%%%%%%%%%%%%%%%%%%%%%%%%%%%%%%%%%%
% Results for /home/whq/Desktop/code_list/perple_test/all_allow_litmus_C910_naive_perple/MP+po+popaq+NEW.litmus %
%%%%%%%%%%%%%%%%%%%%%%%%%%%%%%%%%%%%%%%%%%%%%%%%%%%%%%%%%%%%%%%%%%%%%%%%%%%%%%%%%%%%%%%%%%%%%%%%%%%%%%%%%%%%%%%%%
RISCV MP+po+popaq+NEW
"PodWW Rfe PodRRPAq FreAqP"
{0:x5=1; 0:x6=x; 0:x7=y; 1:x6=y; 1:x8=x;}
 P0          | P1                    ;
 sw x5,0(x6) | lw x5,0(x6)           ;
 sw x5,0(x7) | amoor.w.aq x7,x0,(x8) ;

exists (1:x5=1 /\ 1:x7=0)
Generated assembler
	#START _litmus_P1
	lw a7,0(a5)
	amoor.w.aq t1,x0,(a4)
	#START _litmus_P0
	sw a2,0(a5)
	sw a2,0(a4)
heuristic statistic: 14
heuristic statistic: 20
heuristic statistic: 13
heuristic statistic: 23
heuristic statistic: 15
heuristic statistic: 9
heuristic statistic: 20
heuristic statistic: 2
heuristic statistic: 67
heuristic statistic: 26
heuristic statistic: 80
heuristic statistic: 29
heuristic statistic: 87
heuristic statistic: 30
heuristic statistic: 69
heuristic statistic: 28
heuristic statistic: 74
heuristic statistic: 25
heuristic statistic: 74
heuristic statistic: 0
Test MP+po+popaq+NEW Allowed
Histogram (0 states)
No

Witnesses
Positive: 0, Negative: 2000000
Condition exists (1:x5=1 /\ 1:x7=0) is NOT validated
Hash=58635f03378e0fc13dee2dcd1119409b
Cycle=Rfe PodRRPAq FreAqP PodWW
Relax MP+po+popaq+NEW No Aq
Safe=Rfe Fre PodWW PodRR
Generator=diy7 (version 7.51+4(dev))
Com=Rf Fr
Orig=PodWW Rfe PodRRPAq FreAqP
Observation MP+po+popaq+NEW Never 0 2000000
Time MP+po+popaq+NEW 0.24
Revision exported, version 7.56
Command line: litmus7 -carch RISCV -limit true -affinity incr1 -force_affinity true -mem direct -barrier none -detached false -thread std -launch changing -stride 1 -size_of_test 100 -number_of_run 10 -driver C -gcc riscv64-unknown-linux-gnu-gcc -ccopts -O2 -linkopt -static -smtmode seq -smt 2 -avail 4 -alloc dynamic -contiguous false -noalign none /home/whq/Desktop/code_list/perple_test/all_allow_litmus_C910_naive_perple/MP+po+popaq+NEW.litmus -o /home/whq/Desktop/code_list/perple_test/bayes_banana_perple/MP+po+popaq+NEW_0_5_0_0_0_0_2_0_0_0_1
Parameters
#define SIZE_OF_TEST 100
#define NUMBER_OF_RUN 10
#define AVAIL 4
#define STRIDE 1
#define MAX_LOOP 0
/* gcc options: -D_GNU_SOURCE -DFORCE_AFFINITY -Wall -std=gnu99 -O2 -pthread */
/* gcc link options: -static */
/* barrier: none */
/* launch: changing */
/* affinity: incr1 */
/* alloc: dynamic */
/* memory: direct */
/* stride: 1 */
/* safer: write */
/* preload: random */
/* speedcheck: no */
/* proc used: 4 */
Command: /home/sipeed/perple/MP+po+popaq+NEW_0_5_0_0_0_0_2_0_0_0_1/run.exe -s 100000
Sun Mar 15 00:41:55 2026
