Sun Mar 15 00:43:42 2026
%%%%%%%%%%%%%%%%%%%%%%%%%%%%%%%%%%%%%%%%%%%%%%%%%%%%%%%%%%%%%%%%%%%%%%%%%%%%%%%%%%%%%%%%%%%%%%%%%%%%%%%%%%%%%%%%%%%%%%%%
% Results for /home/whq/Desktop/code_list/perple_test/all_allow_litmus_C910_naive_perple/MP+rfi-addr+fence.r.rw.litmus %
%%%%%%%%%%%%%%%%%%%%%%%%%%%%%%%%%%%%%%%%%%%%%%%%%%%%%%%%%%%%%%%%%%%%%%%%%%%%%%%%%%%%%%%%%%%%%%%%%%%%%%%%%%%%%%%%%%%%%%%%
RISCV MP+rfi-addr+fence.r.rw
"Rfi DpAddrdW Rfe Fence.r.rwdRR Fre"
{0:x5=1; 0:x6=x; 0:x9=y; 1:x6=y; 1:x8=x;}
 P0            | P1          ;
 sw x5,0(x6)   | lw x5,0(x6) ;
 lw x7,0(x6)   | fence r,rw  ;
 xor x8,x7,x7  | lw x7,0(x8) ;
 add x10,x9,x8 |             ;
 sw x5,0(x10)  |             ;

exists (0:x7=1 /\ 1:x5=1 /\ 1:x7=0)
Generated assembler
	#START _litmus_P1
	lw a7,0(a5)
	fence r,rw
	lw t1,0(a4)
	#START _litmus_P0
	sw a3,0(a5)
	lw a6,0(a5)
	xor t4,a6,a6
	add t3,a4,t4
	sw a3,0(t3)
heuristic statistic: 32
heuristic statistic: 557
heuristic statistic: 45
heuristic statistic: 499
heuristic statistic: 40
heuristic statistic: 566
heuristic statistic: 30
heuristic statistic: 606
heuristic statistic: 315
heuristic statistic: 41
heuristic statistic: 350
heuristic statistic: 37
heuristic statistic: 436
heuristic statistic: 40
heuristic statistic: 499
heuristic statistic: 44
heuristic statistic: 30
heuristic statistic: 512
heuristic statistic: 26
heuristic statistic: 490
Test MP+rfi-addr+fence.r.rw Allowed
Histogram (0 states)
No

Witnesses
Positive: 0, Negative: 2000000
Condition exists (0:x7=1 /\ 1:x5=1 /\ 1:x7=0) is NOT validated
Hash=ba2dc6cd6fb0cd386e6df7fba75e8043
Cycle=Rfi DpAddrdW Rfe Fence.r.rwdRR Fre
Relax MP+rfi-addr+fence.r.rw No Rfi
Safe=Rfe Fre Fence.r.rwdRR DpAddrdW
Generator=diy7 (version 7.51+4(dev))
Com=Rf Fr
Orig=Rfi DpAddrdW Rfe Fence.r.rwdRR Fre
Observation MP+rfi-addr+fence.r.rw Never 0 2000000
Time MP+rfi-addr+fence.r.rw 0.22
Revision exported, version 7.56
Command line: litmus7 -carch RISCV -limit true -affinity incr1 -force_affinity true -mem direct -barrier none -detached false -thread std -launch changing -stride 1 -size_of_test 100 -number_of_run 10 -driver C -gcc riscv64-unknown-linux-gnu-gcc -ccopts -O2 -linkopt -static -smtmode seq -smt 2 -avail 4 -alloc dynamic -contiguous false -noalign none /home/whq/Desktop/code_list/perple_test/all_allow_litmus_C910_naive_perple/MP+rfi-addr+fence.r.rw.litmus -o /home/whq/Desktop/code_list/perple_test/bayes_banana_perple/MP+rfi-addr+fence.r.rw_0_5_0_0_0_0_2_0_0_0_1
Parameters
#define SIZE_OF_TEST 100
#define NUMBER_OF_RUN 10
#define AVAIL 4
#define STRIDE 1
#define MAX_LOOP 0
/* gcc options: -D_GNU_SOURCE -DFORCE_AFFINITY -Wall -std=gnu99 -O2 -pthread */
/* gcc link options: -static */
/* barrier: none */
/* launch: changing */
/* affinity: incr1 */
/* alloc: dynamic */
/* memory: direct */
/* stride: 1 */
/* safer: write */
/* preload: random */
/* speedcheck: no */
/* proc used: 4 */
Command: /home/sipeed/perple/MP+rfi-addr+fence.r.rw_0_5_0_0_0_0_2_0_0_0_1/run.exe -s 100000
Sun Mar 15 00:43:42 2026
