Sun Mar 15 00:41:56 2026
%%%%%%%%%%%%%%%%%%%%%%%%%%%%%%%%%%%%%%%%%%%%%%%%%%%%%%%%%%%%%%%%%%%%%%%%%%%%%%%%%%%%%%%%%%%%%%%%%%%%%%%%%%%%%%%%%%%%%%%%%%%%%%%%%
% Results for /home/whq/Desktop/code_list/perple_test/all_allow_litmus_C910_naive_perple/MP+rfi-ctrlfencei+addr-rfi-addr.litmus %
%%%%%%%%%%%%%%%%%%%%%%%%%%%%%%%%%%%%%%%%%%%%%%%%%%%%%%%%%%%%%%%%%%%%%%%%%%%%%%%%%%%%%%%%%%%%%%%%%%%%%%%%%%%%%%%%%%%%%%%%%%%%%%%%%
RISCV MP+rfi-ctrlfencei+addr-rfi-addr
"Rfi DpCtrlFenceIdW Rfe DpAddrdW Rfi DpAddrdR Fre"
{0:x5=1; 0:x6=x; 0:x8=y; 1:x6=y; 1:x8=1; 1:x9=z; 1:x14=x;}
 P0             | P1              ;
 sw x5,0(x6)    | lw x5,0(x6)     ;
 lw x7,0(x6)    | xor x7,x5,x5    ;
 bne x7,x0,LC00 | add x10,x9,x7   ;
 LC00:          | sw x8,0(x10)    ;
 fence.i        | lw x11,0(x9)    ;
 sw x5,0(x8)    | xor x12,x11,x11 ;
                | add x15,x14,x12 ;
                | lw x13,0(x15)   ;

exists (0:x7=1 /\ 1:x5=1 /\ 1:x11=1 /\ 1:x13=0)
Generated assembler
	#START _litmus_P1
	lw a7,0(a5)
	xor s7,a7,a7
	add s6,a4,s7
	sw a2,0(s6)
	lw t1,0(a4)
	xor s2,t1,t1
	add s1,a3,s2
	lw t3,0(s1)
	#START _litmus_P0
	sw a2,0(a5)
	lw a6,0(a5)
	bne a6,x0,0f
	0:
	fence.i
	sw a2,0(a4)
heuristic statistic: 0
heuristic statistic: 0
heuristic statistic: 0
heuristic statistic: 0
heuristic statistic: 0
heuristic statistic: 0
heuristic statistic: 0
heuristic statistic: 0
heuristic statistic: 0
heuristic statistic: 0
heuristic statistic: 0
heuristic statistic: 0
heuristic statistic: 0
heuristic statistic: 0
heuristic statistic: 0
heuristic statistic: 0
heuristic statistic: 0
heuristic statistic: 0
heuristic statistic: 0
heuristic statistic: 0
Test MP+rfi-ctrlfencei+addr-rfi-addr Allowed
Histogram (0 states)
No

Witnesses
Positive: 0, Negative: 2000000
Condition exists (0:x7=1 /\ 1:x5=1 /\ 1:x11=1 /\ 1:x13=0) is NOT validated
Hash=e1bf64e4bdde35d55cca9669e2f06e16
Cycle=Rfi DpAddrdR Fre Rfi DpCtrlFenceIdW Rfe DpAddrdW
Relax MP+rfi-ctrlfencei+addr-rfi-addr No Rfi
Safe=Rfe Fre DpAddrdW DpAddrdR DpCtrlFenceIdW
Generator=diy7 (version 7.51+4(dev))
Com=Rf Fr
Orig=Rfi DpCtrlFenceIdW Rfe DpAddrdW Rfi DpAddrdR Fre
Observation MP+rfi-ctrlfencei+addr-rfi-addr Never 0 2000000
Time MP+rfi-ctrlfencei+addr-rfi-addr 1.56
Revision exported, version 7.56
Command line: litmus7 -carch RISCV -limit true -affinity incr1 -force_affinity true -mem direct -barrier none -detached false -thread std -launch changing -stride 1 -size_of_test 100 -number_of_run 10 -driver C -gcc riscv64-unknown-linux-gnu-gcc -ccopts -O2 -linkopt -static -smtmode seq -smt 2 -avail 4 -alloc dynamic -contiguous false -noalign none /home/whq/Desktop/code_list/perple_test/all_allow_litmus_C910_naive_perple/MP+rfi-ctrlfencei+addr-rfi-addr.litmus -o /home/whq/Desktop/code_list/perple_test/bayes_banana_perple/MP+rfi-ctrlfencei+addr-rfi-addr_0_5_0_0_0_0_2_0_0_0_1
Parameters
#define SIZE_OF_TEST 100
#define NUMBER_OF_RUN 10
#define AVAIL 4
#define STRIDE 1
#define MAX_LOOP 0
/* gcc options: -D_GNU_SOURCE -DFORCE_AFFINITY -Wall -std=gnu99 -O2 -pthread */
/* gcc link options: -static */
/* barrier: none */
/* launch: changing */
/* affinity: incr1 */
/* alloc: dynamic */
/* memory: direct */
/* stride: 1 */
/* safer: write */
/* preload: random */
/* speedcheck: no */
/* proc used: 4 */
Command: /home/sipeed/perple/MP+rfi-ctrlfencei+addr-rfi-addr_0_5_0_0_0_0_2_0_0_0_1/run.exe -s 100000
Sun Mar 15 00:41:58 2026
