Sun Mar 15 00:29:43 2026
%%%%%%%%%%%%%%%%%%%%%%%%%%%%%%%%%%%%%%%%%%%%%%%%%%%%%%%%%%%%%%%%%%%%%%%%%%%%%%%%%%%%%%%%%%%%%%%%%%%%%%%%%%%%%%%%%%%%%%%%%%%%%%%%%%
% Results for /home/whq/Desktop/code_list/perple_test/all_allow_litmus_C910_naive_perple/MP+fence.rw.rw+ctrl-fri-rfi-ctrl.litmus %
%%%%%%%%%%%%%%%%%%%%%%%%%%%%%%%%%%%%%%%%%%%%%%%%%%%%%%%%%%%%%%%%%%%%%%%%%%%%%%%%%%%%%%%%%%%%%%%%%%%%%%%%%%%%%%%%%%%%%%%%%%%%%%%%%%
RISCV MP+fence.rw.rw+ctrl-fri-rfi-ctrl
"Fence.rw.rwdWW Rfe DpCtrldR Fri Rfi DpCtrldR Fre"
{0:x5=1; 0:x6=x; 0:x7=y; 1:x6=y; 1:x8=z; 1:x9=1; 1:x12=x;}
 P0          | P1              ;
 sw x5,0(x6) | lw x5,0(x6)     ;
 fence rw,rw | bne x5,x0,LC00  ;
 sw x5,0(x7) | LC00:           ;
             | lw x7,0(x8)     ;
             | sw x9,0(x8)     ;
             | lw x10,0(x8)    ;
             | bne x10,x0,LC01 ;
             | LC01:           ;
             | lw x11,0(x12)   ;

exists (1:x5=1 /\ 1:x7=0 /\ 1:x10=1 /\ 1:x11=0)
Generated assembler
	#START _litmus_P1
	lw a7,0(a5)
	bne a7,x0,0f
	0:
	lw t1,0(a4)
	sw a2,0(a4)
	lw t3,0(a4)
	bne t3,x0,1f
	1:
	lw s5,0(a3)
	#START _litmus_P0
	sw a2,0(a5)
	fence rw,rw
	sw a2,0(a4)
heuristic statistic: 2282
heuristic statistic: 170
heuristic statistic: 2402
heuristic statistic: 184
heuristic statistic: 181
heuristic statistic: 109
heuristic statistic: 237
heuristic statistic: 125
heuristic statistic: 218
heuristic statistic: 138
heuristic statistic: 234
heuristic statistic: 140
heuristic statistic: 244
heuristic statistic: 166
heuristic statistic: 250
heuristic statistic: 122
heuristic statistic: 216
heuristic statistic: 144
heuristic statistic: 206
heuristic statistic: 89
Test MP+fence.rw.rw+ctrl-fri-rfi-ctrl Allowed
Histogram (0 states)
No

Witnesses
Positive: 0, Negative: 2000000
Condition exists (1:x5=1 /\ 1:x7=0 /\ 1:x10=1 /\ 1:x11=0) is NOT validated
Hash=46811062caffb1dd89508353841da343
Cycle=Rfi DpCtrldR Fre Fence.rw.rwdWW Rfe DpCtrldR Fri
Relax MP+fence.rw.rw+ctrl-fri-rfi-ctrl No [Fri,Rfi]
Safe=Rfe Fre Fence.rw.rwdWW DpCtrldR
Generator=diy7 (version 7.51+4(dev))
Com=Rf Fr
Orig=Fence.rw.rwdWW Rfe DpCtrldR Fri Rfi DpCtrldR Fre
Observation MP+fence.rw.rw+ctrl-fri-rfi-ctrl Never 0 2000000
Time MP+fence.rw.rw+ctrl-fri-rfi-ctrl 0.28
Revision exported, version 7.56
Command line: litmus7 -carch RISCV -limit true -affinity incr1 -force_affinity true -mem direct -barrier none -detached false -thread std -launch changing -stride 1 -size_of_test 100 -number_of_run 10 -driver C -gcc riscv64-unknown-linux-gnu-gcc -ccopts -O2 -linkopt -static -smtmode seq -smt 2 -avail 4 -alloc dynamic -contiguous false -noalign none /home/whq/Desktop/code_list/perple_test/all_allow_litmus_C910_naive_perple/MP+fence.rw.rw+ctrl-fri-rfi-ctrl.litmus -o /home/whq/Desktop/code_list/perple_test/bayes_banana_perple/MP+fence.rw.rw+ctrl-fri-rfi-ctrl_0_5_0_0_0_0_2_0_0_0_1
Parameters
#define SIZE_OF_TEST 100
#define NUMBER_OF_RUN 10
#define AVAIL 4
#define STRIDE 1
#define MAX_LOOP 0
/* gcc options: -D_GNU_SOURCE -DFORCE_AFFINITY -Wall -std=gnu99 -O2 -pthread */
/* gcc link options: -static */
/* barrier: none */
/* launch: changing */
/* affinity: incr1 */
/* alloc: dynamic */
/* memory: direct */
/* stride: 1 */
/* safer: write */
/* preload: random */
/* speedcheck: no */
/* proc used: 4 */
Command: /home/sipeed/perple/MP+fence.rw.rw+ctrl-fri-rfi-ctrl_0_5_0_0_0_0_2_0_0_0_1/run.exe -s 100000
Sun Mar 15 00:29:43 2026
