Sun Mar 15 00:30:55 2026
%%%%%%%%%%%%%%%%%%%%%%%%%%%%%%%%%%%%%%%%%%%%%%%%%%%%%%%%%%%%%%%%%%%%%%%%%%%%%%%%%%%%%%%%%%%%%%%%%%%%%%%%%%%%%%%%%%%%%%%%%
% Results for /home/whq/Desktop/code_list/perple_test/all_allow_litmus_C910_naive_perple/MP+rfi-ctrl+fence.rw.rw.litmus %
%%%%%%%%%%%%%%%%%%%%%%%%%%%%%%%%%%%%%%%%%%%%%%%%%%%%%%%%%%%%%%%%%%%%%%%%%%%%%%%%%%%%%%%%%%%%%%%%%%%%%%%%%%%%%%%%%%%%%%%%%
RISCV MP+rfi-ctrl+fence.rw.rw
"Rfi DpCtrldW Rfe Fence.rw.rwdRR Fre"
{0:x5=1; 0:x6=x; 0:x8=y; 1:x6=y; 1:x8=x;}
 P0             | P1          ;
 sw x5,0(x6)    | lw x5,0(x6) ;
 lw x7,0(x6)    | fence rw,rw ;
 bne x7,x0,LC00 | lw x7,0(x8) ;
 LC00:          |             ;
 sw x5,0(x8)    |             ;

exists (0:x7=1 /\ 1:x5=1 /\ 1:x7=0)
Generated assembler
	#START _litmus_P1
	lw a7,0(a5)
	fence rw,rw
	lw t1,0(a4)
	#START _litmus_P0
	sw a2,0(a5)
	lw a6,0(a5)
	bne a6,x0,0f
	0:
	sw a2,0(a4)
heuristic statistic: 439
heuristic statistic: 460
heuristic statistic: 255
heuristic statistic: 262
heuristic statistic: 177
heuristic statistic: 190
heuristic statistic: 12
heuristic statistic: 131
heuristic statistic: 14
heuristic statistic: 158
heuristic statistic: 19
heuristic statistic: 178
heuristic statistic: 18
heuristic statistic: 100
heuristic statistic: 29
heuristic statistic: 125
heuristic statistic: 52
heuristic statistic: 84
heuristic statistic: 90
heuristic statistic: 0
Test MP+rfi-ctrl+fence.rw.rw Allowed
Histogram (0 states)
No

Witnesses
Positive: 0, Negative: 2000000
Condition exists (0:x7=1 /\ 1:x5=1 /\ 1:x7=0) is NOT validated
Hash=94bf8939fd55df065e8ba32c19efd6a7
Cycle=Rfi DpCtrldW Rfe Fence.rw.rwdRR Fre
Relax MP+rfi-ctrl+fence.rw.rw No Rfi
Safe=Rfe Fre Fence.rw.rwdRR DpCtrldW
Generator=diy7 (version 7.51+4(dev))
Com=Rf Fr
Orig=Rfi DpCtrldW Rfe Fence.rw.rwdRR Fre
Observation MP+rfi-ctrl+fence.rw.rw Never 0 2000000
Time MP+rfi-ctrl+fence.rw.rw 0.22
Revision exported, version 7.56
Command line: litmus7 -carch RISCV -limit true -affinity incr1 -force_affinity true -mem direct -barrier none -detached false -thread std -launch changing -stride 1 -size_of_test 100 -number_of_run 10 -driver C -gcc riscv64-unknown-linux-gnu-gcc -ccopts -O2 -linkopt -static -smtmode seq -smt 2 -avail 4 -alloc dynamic -contiguous false -noalign none /home/whq/Desktop/code_list/perple_test/all_allow_litmus_C910_naive_perple/MP+rfi-ctrl+fence.rw.rw.litmus -o /home/whq/Desktop/code_list/perple_test/bayes_banana_perple/MP+rfi-ctrl+fence.rw.rw_0_5_0_0_0_0_2_0_0_0_1
Parameters
#define SIZE_OF_TEST 100
#define NUMBER_OF_RUN 10
#define AVAIL 4
#define STRIDE 1
#define MAX_LOOP 0
/* gcc options: -D_GNU_SOURCE -DFORCE_AFFINITY -Wall -std=gnu99 -O2 -pthread */
/* gcc link options: -static */
/* barrier: none */
/* launch: changing */
/* affinity: incr1 */
/* alloc: dynamic */
/* memory: direct */
/* stride: 1 */
/* safer: write */
/* preload: random */
/* speedcheck: no */
/* proc used: 4 */
Command: /home/sipeed/perple/MP+rfi-ctrl+fence.rw.rw_0_5_0_0_0_0_2_0_0_0_1/run.exe -s 100000
Sun Mar 15 00:30:56 2026
