Sun Mar 15 00:33:10 2026
%%%%%%%%%%%%%%%%%%%%%%%%%%%%%%%%%%%%%%%%%%%%%%%%%%%%%%%%%%%%%%%%%%%%%%%%%%%%%%%%%%%%%%%%%%%%%%%%%%%%%%%%%%%%%%%
% Results for /home/whq/Desktop/code_list/perple_test/all_allow_litmus_C910_naive_perple/SB+po+po-addr.litmus %
%%%%%%%%%%%%%%%%%%%%%%%%%%%%%%%%%%%%%%%%%%%%%%%%%%%%%%%%%%%%%%%%%%%%%%%%%%%%%%%%%%%%%%%%%%%%%%%%%%%%%%%%%%%%%%%
RISCV SB+po+po-addr
"PodWR Fre PodWR DpAddrdR Fre"
{0:x5=1; 0:x6=x; 0:x8=y; 1:x5=1; 1:x6=y; 1:x8=z; 1:x11=x;}
 P0          | P1             ;
 sw x5,0(x6) | sw x5,0(x6)    ;
 lw x7,0(x8) | lw x7,0(x8)    ;
             | xor x9,x7,x7   ;
             | add x12,x11,x9 ;
             | lw x10,0(x12)  ;

exists (0:x7=0 /\ 1:x10=0)
Generated assembler
	#START _litmus_P1
	sw a2,0(a5)
	lw t6,0(a4)
	xor t5,t6,t6
	add t4,a3,t5
	lw a7,0(t4)
	#START _litmus_P0
	sw a2,0(a5)
	lw a6,0(a4)
heuristic statistic: 38604
heuristic statistic: 48458
heuristic statistic: 32331
heuristic statistic: 45429
heuristic statistic: 19040
heuristic statistic: 41356
heuristic statistic: 7059
heuristic statistic: 37799
heuristic statistic: 5783
heuristic statistic: 37331
heuristic statistic: 6192
heuristic statistic: 38197
heuristic statistic: 6484
heuristic statistic: 39144
heuristic statistic: 6264
heuristic statistic: 39641
heuristic statistic: 6770
heuristic statistic: 39884
heuristic statistic: 6921
heuristic statistic: 46026
Test SB+po+po-addr Allowed
Histogram (0 states)
No

Witnesses
Positive: 0, Negative: 2000000
Condition exists (0:x7=0 /\ 1:x10=0) is NOT validated
Hash=44bdcbc192404c59370f8a436d0244cb
Cycle=Fre PodWR Fre PodWR DpAddrdR
Relax SB+po+po-addr No PodWR
Safe=Fre DpAddrdR
Generator=diy7 (version 7.51+4(dev))
Com=Fr Fr
Orig=PodWR Fre PodWR DpAddrdR Fre
Observation SB+po+po-addr Never 0 2000000
Time SB+po+po-addr 0.23
Revision exported, version 7.56
Command line: litmus7 -carch RISCV -limit true -affinity incr1 -force_affinity true -mem direct -barrier none -detached false -thread std -launch changing -stride 1 -size_of_test 100 -number_of_run 10 -driver C -gcc riscv64-unknown-linux-gnu-gcc -ccopts -O2 -linkopt -static -smtmode seq -smt 2 -avail 4 -alloc dynamic -contiguous false -noalign none /home/whq/Desktop/code_list/perple_test/all_allow_litmus_C910_naive_perple/SB+po+po-addr.litmus -o /home/whq/Desktop/code_list/perple_test/bayes_banana_perple/SB+po+po-addr_0_5_0_0_0_0_2_0_0_0_1
Parameters
#define SIZE_OF_TEST 100
#define NUMBER_OF_RUN 10
#define AVAIL 4
#define STRIDE 1
#define MAX_LOOP 0
/* gcc options: -D_GNU_SOURCE -DFORCE_AFFINITY -Wall -std=gnu99 -O2 -pthread */
/* gcc link options: -static */
/* barrier: none */
/* launch: changing */
/* affinity: incr1 */
/* alloc: dynamic */
/* memory: direct */
/* stride: 1 */
/* safer: write */
/* preload: random */
/* speedcheck: no */
/* proc used: 4 */
Command: /home/sipeed/perple/SB+po+po-addr_0_5_0_0_0_0_2_0_0_0_1/run.exe -s 100000
Sun Mar 15 00:33:10 2026
