Sun Mar 15 00:32:17 2026
%%%%%%%%%%%%%%%%%%%%%%%%%%%%%%%%%%%%%%%%%%%%%%%%%%%%%%%%%%%%%%%%%%%%%%%%%%%%%%%%%%%%%%%%%%%%%%%%%%%%%%%%%%%%%%%%%
% Results for /home/whq/Desktop/code_list/perple_test/all_allow_litmus_C910_naive_perple/SB+po+popaq+NEW.litmus %
%%%%%%%%%%%%%%%%%%%%%%%%%%%%%%%%%%%%%%%%%%%%%%%%%%%%%%%%%%%%%%%%%%%%%%%%%%%%%%%%%%%%%%%%%%%%%%%%%%%%%%%%%%%%%%%%%
RISCV SB+po+popaq+NEW
"PodWR Fre PodWRPAq FreAqP"
{0:x5=1; 0:x6=x; 0:x8=y; 1:x5=1; 1:x6=y; 1:x8=x;}
 P0          | P1                    ;
 sw x5,0(x6) | sw x5,0(x6)           ;
 lw x7,0(x8) | amoor.w.aq x7,x0,(x8) ;

exists (0:x7=0 /\ 1:x7=0)
Generated assembler
	#START _litmus_P1
	sw a2,0(a5)
	amoor.w.aq a6,x0,(a4)
	#START _litmus_P0
	sw a2,0(a5)
	lw a6,0(a4)
heuristic statistic: 7
heuristic statistic: 5
heuristic statistic: 9
heuristic statistic: 9
heuristic statistic: 9
heuristic statistic: 3
heuristic statistic: 13
heuristic statistic: 10
heuristic statistic: 10
heuristic statistic: 4
heuristic statistic: 7
heuristic statistic: 4
heuristic statistic: 8
heuristic statistic: 3
heuristic statistic: 14
heuristic statistic: 8
heuristic statistic: 12
heuristic statistic: 7
heuristic statistic: 11
heuristic statistic: 2
Test SB+po+popaq+NEW Allowed
Histogram (0 states)
No

Witnesses
Positive: 0, Negative: 2000000
Condition exists (0:x7=0 /\ 1:x7=0) is NOT validated
Hash=f13597afeb2ef6bdda1dadefe90c37b1
Cycle=Fre PodWRPAq FreAqP PodWR
Relax SB+po+popaq+NEW No Aq
Safe=Fre PodWR
Generator=diy7 (version 7.51+4(dev))
Com=Fr Fr
Orig=PodWR Fre PodWRPAq FreAqP
Observation SB+po+popaq+NEW Never 0 2000000
Time SB+po+popaq+NEW 0.24
Revision exported, version 7.56
Command line: litmus7 -carch RISCV -limit true -affinity incr1 -force_affinity true -mem direct -barrier none -detached false -thread std -launch changing -stride 1 -size_of_test 100 -number_of_run 10 -driver C -gcc riscv64-unknown-linux-gnu-gcc -ccopts -O2 -linkopt -static -smtmode seq -smt 2 -avail 4 -alloc dynamic -contiguous false -noalign none /home/whq/Desktop/code_list/perple_test/all_allow_litmus_C910_naive_perple/SB+po+popaq+NEW.litmus -o /home/whq/Desktop/code_list/perple_test/bayes_banana_perple/SB+po+popaq+NEW_0_5_0_0_0_0_2_0_0_0_1
Parameters
#define SIZE_OF_TEST 100
#define NUMBER_OF_RUN 10
#define AVAIL 4
#define STRIDE 1
#define MAX_LOOP 0
/* gcc options: -D_GNU_SOURCE -DFORCE_AFFINITY -Wall -std=gnu99 -O2 -pthread */
/* gcc link options: -static */
/* barrier: none */
/* launch: changing */
/* affinity: incr1 */
/* alloc: dynamic */
/* memory: direct */
/* stride: 1 */
/* safer: write */
/* preload: random */
/* speedcheck: no */
/* proc used: 4 */
Command: /home/sipeed/perple/SB+po+popaq+NEW_0_5_0_0_0_0_2_0_0_0_1/run.exe -s 100000
Sun Mar 15 00:32:17 2026
