Sun Mar 15 13:08:35 2026
%%%%%%%%%%%%%%%%%%%%%%%%%%%%%%%%%%%%%%%%%%%%%%%%%%%%%%%%%%%%%%%%%%%%%%%%%%%%%%%%%%%%%%%%%%%%%%%%%%%%%%%%%%%%
% Results for /home/whq/Desktop/code_list/perple_test/all_allow_litmus_C910_naive_perple/LB+data+po.litmus %
%%%%%%%%%%%%%%%%%%%%%%%%%%%%%%%%%%%%%%%%%%%%%%%%%%%%%%%%%%%%%%%%%%%%%%%%%%%%%%%%%%%%%%%%%%%%%%%%%%%%%%%%%%%%
RISCV LB+data+po
"DpDatadW Rfe PodRW Rfe"
{0:x6=x; 0:x8=y; 1:x6=y; 1:x7=1; 1:x8=x;}
 P0           | P1          ;
 lw x5,0(x6)  | lw x5,0(x6) ;
 xor x7,x5,x5 | sw x7,0(x8) ;
 ori x7,x7,1  |             ;
 sw x7,0(x8)  |             ;

exists (0:x5=1 /\ 1:x5=1)
Generated assembler
	#START _litmus_P1
	lw a6,0(a5)
	sw a2,0(a4)
	#START _litmus_P0
	lw a0,0(a5)
	xor t1,a0,a0
	ori t1,t1,1
	sw t1,0(a4)
heuristic statistic: 0
heuristic statistic: 0
heuristic statistic: 0
heuristic statistic: 0
heuristic statistic: 0
heuristic statistic: 0
heuristic statistic: 0
heuristic statistic: 0
heuristic statistic: 0
heuristic statistic: 0
heuristic statistic: 0
heuristic statistic: 0
heuristic statistic: 0
heuristic statistic: 0
heuristic statistic: 0
heuristic statistic: 0
heuristic statistic: 0
heuristic statistic: 0
heuristic statistic: 0
heuristic statistic: 0
Test LB+data+po Allowed
Histogram (0 states)
Ok

Witnesses
Positive: 226, Negative: 1999774
Condition exists (0:x5=1 /\ 1:x5=1) is validated
Hash=b843f2c98b79a5075d16fc9a746df40f
Cycle=Rfe PodRW Rfe DpDatadW
Relax LB+data+po Ok PodRW
Safe=Rfe DpDatadW
Generator=diy7 (version 7.51+4(dev))
Com=Rf Rf
Orig=DpDatadW Rfe PodRW Rfe
Observation LB+data+po Sometimes 226 1999774
Time LB+data+po 0.22
Revision exported, version 7.56
Command line: litmus7 -carch RISCV -limit true -affinity incr1 -force_affinity true -mem direct -barrier none -detached false -thread std -launch changing -stride 1 -size_of_test 100 -number_of_run 10 -driver C -gcc riscv64-unknown-linux-gnu-gcc -ccopts -O2 -linkopt -static -smtmode seq -smt 2 -avail 4 -alloc dynamic -contiguous false -noalign none /home/whq/Desktop/code_list/perple_test/all_allow_litmus_C910_naive_perple/LB+data+po.litmus -o /home/whq/Desktop/code_list/perple_test/bayes_banana_perple/LB+data+po_0_5_0_0_0_0_2_0_0_0_1
Parameters
#define SIZE_OF_TEST 100
#define NUMBER_OF_RUN 10
#define AVAIL 4
#define STRIDE 1
#define MAX_LOOP 0
/* gcc options: -D_GNU_SOURCE -DFORCE_AFFINITY -Wall -std=gnu99 -O2 -pthread */
/* gcc link options: -static */
/* barrier: none */
/* launch: changing */
/* affinity: incr1 */
/* alloc: dynamic */
/* memory: direct */
/* stride: 1 */
/* safer: write */
/* preload: random */
/* speedcheck: no */
/* proc used: 4 */
Command: /root/perple/LB+data+po_0_5_0_0_0_0_2_0_0_0_1/run.exe -s 100000
Sun Mar 15 13:08:35 2026
