Sun Mar 15 13:08:29 2026
%%%%%%%%%%%%%%%%%%%%%%%%%%%%%%%%%%%%%%%%%%%%%%%%%%%%%%%%%%%%%%%%%%%%%%%%%%%%%%%%%%%%%%%%%%%%%%%%%%%%%%%%%%%%%%%%%%%%%%%%%
% Results for /home/whq/Desktop/code_list/perple_test/all_allow_litmus_C910_naive_perple/SB+fence.rw.rw+rfi-addr.litmus %
%%%%%%%%%%%%%%%%%%%%%%%%%%%%%%%%%%%%%%%%%%%%%%%%%%%%%%%%%%%%%%%%%%%%%%%%%%%%%%%%%%%%%%%%%%%%%%%%%%%%%%%%%%%%%%%%%%%%%%%%%
RISCV SB+fence.rw.rw+rfi-addr
"Fence.rw.rwdWR Fre Rfi DpAddrdR Fre"
{0:x5=1; 0:x6=x; 0:x8=y; 1:x5=1; 1:x6=y; 1:x10=x;}
 P0          | P1             ;
 sw x5,0(x6) | sw x5,0(x6)    ;
 fence rw,rw | lw x7,0(x6)    ;
 lw x7,0(x8) | xor x8,x7,x7   ;
             | add x11,x10,x8 ;
             | lw x9,0(x11)   ;

exists (0:x7=0 /\ 1:x7=1 /\ 1:x9=0)
Generated assembler
	#START _litmus_P1
	sw a3,0(a5)
	lw t1,0(a5)
	xor t6,t1,t1
	add t5,a4,t6
	lw t3,0(t5)
	#START _litmus_P0
	sw a2,0(a5)
	fence rw,rw
	lw a6,0(a4)
heuristic statistic: 170
heuristic statistic: 177
heuristic statistic: 161
heuristic statistic: 162
heuristic statistic: 113
heuristic statistic: 304
heuristic statistic: 151
heuristic statistic: 278
heuristic statistic: 170
heuristic statistic: 451
heuristic statistic: 160
heuristic statistic: 191
heuristic statistic: 137
heuristic statistic: 178
heuristic statistic: 200
heuristic statistic: 148
heuristic statistic: 186
heuristic statistic: 162
heuristic statistic: 139
heuristic statistic: 121
Test SB+fence.rw.rw+rfi-addr Allowed
Histogram (0 states)
No

Witnesses
Positive: 0, Negative: 2000000
Condition exists (0:x7=0 /\ 1:x7=1 /\ 1:x9=0) is NOT validated
Hash=35d614c49ae791b54aceac81daae4e7f
Cycle=Rfi DpAddrdR Fre Fence.rw.rwdWR Fre
Relax SB+fence.rw.rw+rfi-addr No Rfi
Safe=Fre Fence.rw.rwdWR DpAddrdR
Generator=diy7 (version 7.51+4(dev))
Com=Fr Fr
Orig=Fence.rw.rwdWR Fre Rfi DpAddrdR Fre
Observation SB+fence.rw.rw+rfi-addr Never 0 2000000
Time SB+fence.rw.rw+rfi-addr 0.26
Revision exported, version 7.56
Command line: litmus7 -carch RISCV -limit true -affinity incr1 -force_affinity true -mem direct -barrier none -detached false -thread std -launch changing -stride 1 -size_of_test 100 -number_of_run 10 -driver C -gcc riscv64-unknown-linux-gnu-gcc -ccopts -O2 -linkopt -static -smtmode seq -smt 2 -avail 4 -alloc dynamic -contiguous false -noalign none /home/whq/Desktop/code_list/perple_test/all_allow_litmus_C910_naive_perple/SB+fence.rw.rw+rfi-addr.litmus -o /home/whq/Desktop/code_list/perple_test/bayes_banana_perple/SB+fence.rw.rw+rfi-addr_0_5_0_0_0_0_2_0_0_0_1
Parameters
#define SIZE_OF_TEST 100
#define NUMBER_OF_RUN 10
#define AVAIL 4
#define STRIDE 1
#define MAX_LOOP 0
/* gcc options: -D_GNU_SOURCE -DFORCE_AFFINITY -Wall -std=gnu99 -O2 -pthread */
/* gcc link options: -static */
/* barrier: none */
/* launch: changing */
/* affinity: incr1 */
/* alloc: dynamic */
/* memory: direct */
/* stride: 1 */
/* safer: write */
/* preload: random */
/* speedcheck: no */
/* proc used: 4 */
Command: /root/perple/SB+fence.rw.rw+rfi-addr_0_5_0_0_0_0_2_0_0_0_1/run.exe -s 100000
Sun Mar 15 13:08:29 2026
