Sun Mar 15 13:08:39 2026
%%%%%%%%%%%%%%%%%%%%%%%%%%%%%%%%%%%%%%%%%%%%%%%%%%%%%%%%%%%%%%%%%%%%%%%%%%%%%%%%%%%%%%%%%%%%%%%%%%%%%%%%%%%%
% Results for /home/whq/Desktop/code_list/perple_test/all_allow_litmus_C910_naive_perple/SB+rfi-pos.litmus %
%%%%%%%%%%%%%%%%%%%%%%%%%%%%%%%%%%%%%%%%%%%%%%%%%%%%%%%%%%%%%%%%%%%%%%%%%%%%%%%%%%%%%%%%%%%%%%%%%%%%%%%%%%%%
RISCV SB+rfi-pos
"Rfi PodRR Fre Rfi PodRR Fre"
{uint64_t y=0; uint64_t x=0; uint64_t 1:x8=0; uint64_t 1:x7=0; uint64_t 0:x8=0; uint64_t 0:x7=0; 0:x5=1; 0:x6=x; 0:x9=y; 1:x5=1; 1:x6=y; 1:x9=x;}
 P0          | P1          ;
 sd x5,0(x6) | sd x5,0(x6) ;
 ld x7,0(x6) | ld x7,0(x6) ;
 ld x8,0(x9) | ld x8,0(x9) ;

exists (0:x7=1 /\ 0:x8=0 /\ 1:x7=1 /\ 1:x8=0)
Generated assembler
	#START _litmus_P1
	sd a3,0(a5)
	ld t1,0(a5)
	ld t3,0(a4)
	#START _litmus_P0
	sd a3,0(a5)
	ld t1,0(a5)
	ld t3,0(a4)
heuristic statistic: 32499
heuristic statistic: 28503
heuristic statistic: 34091
heuristic statistic: 29227
heuristic statistic: 32813
heuristic statistic: 30770
heuristic statistic: 32040
heuristic statistic: 32439
heuristic statistic: 28975
heuristic statistic: 32420
heuristic statistic: 29404
heuristic statistic: 29832
heuristic statistic: 31245
heuristic statistic: 33498
heuristic statistic: 32541
heuristic statistic: 29645
heuristic statistic: 29636
heuristic statistic: 29068
heuristic statistic: 34835
heuristic statistic: 35547
Test SB+rfi-pos Allowed
Histogram (0 states)
No

Witnesses
Positive: 0, Negative: 2000000
Condition exists (0:x7=1 /\ 0:x8=0 /\ 1:x7=1 /\ 1:x8=0) is NOT validated
Hash=d7bb2379d32564752d125fb35da59561
Generator=diyone7 (version 7.52)
Com=Fr Fr
Orig=Rfi PodRR Fre Rfi PodRR Fre
Observation SB+rfi-pos Never 0 2000000
Time SB+rfi-pos 0.30
Revision exported, version 7.56
Command line: litmus7 -carch RISCV -limit true -affinity incr1 -force_affinity true -mem direct -barrier none -detached false -thread std -launch changing -stride 1 -size_of_test 100 -number_of_run 10 -driver C -gcc riscv64-unknown-linux-gnu-gcc -ccopts -O2 -linkopt -static -smtmode seq -smt 2 -avail 4 -alloc dynamic -contiguous false -noalign none /home/whq/Desktop/code_list/perple_test/all_allow_litmus_C910_naive_perple/SB+rfi-pos.litmus -o /home/whq/Desktop/code_list/perple_test/bayes_banana_perple/SB+rfi-pos_0_5_0_0_0_0_2_0_0_0_1
Parameters
#define SIZE_OF_TEST 100
#define NUMBER_OF_RUN 10
#define AVAIL 4
#define STRIDE 1
#define MAX_LOOP 0
/* gcc options: -D_GNU_SOURCE -DFORCE_AFFINITY -Wall -std=gnu99 -O2 -pthread */
/* gcc link options: -static */
/* barrier: none */
/* launch: changing */
/* affinity: incr1 */
/* alloc: dynamic */
/* memory: direct */
/* stride: 1 */
/* safer: write */
/* preload: random */
/* speedcheck: no */
/* proc used: 4 */
Command: /root/perple/SB+rfi-pos_0_5_0_0_0_0_2_0_0_0_1/run.exe -s 100000
Sun Mar 15 13:08:39 2026
