Sun Mar 15 00:41:19 2026
%%%%%%%%%%%%%%%%%%%%%%%%%%%%%%%%%%%%%%%%%%%%%%%%%%%%%%%%%%%%%%%%%%%%%%%%%%%%%%%%%%%%%%%%%%%%%%%%%%%%%%%%%%%%%%%%%%%%%%%
% Results for /home/whq/Desktop/code_list/perple_test/all_allow_litmus_C910_naive_perple/LB+fence.r.rw+data-po.litmus %
%%%%%%%%%%%%%%%%%%%%%%%%%%%%%%%%%%%%%%%%%%%%%%%%%%%%%%%%%%%%%%%%%%%%%%%%%%%%%%%%%%%%%%%%%%%%%%%%%%%%%%%%%%%%%%%%%%%%%%%
RISCV LB+fence.r.rw+data-po
"Fence.r.rwdRW Rfe DpDatadW PodWW Rfe"
{0:x6=x; 0:x8=y; 1:x6=y; 1:x8=z; 1:x10=x;}
 P0          | P1           ;
 lw x5,0(x6) | lw x5,0(x6)  ;
 fence r,rw  | xor x7,x5,x5 ;
 ori x7,x0,1 | ori x7,x7,1  ;
 sw x7,0(x8) | sw x7,0(x8)  ;
             | ori x9,x0,1  ;
             | sw x9,0(x10) ;

exists (0:x5=1 /\ 1:x5=1)
Generated assembler
	#START _litmus_P1
	lw a7,0(a5)
	xor t4,a7,a7
	ori t4,t4,1
	sw t4,0(a4)
	#_litmus_P1_5
	#START _litmus_P0
	lw a6,0(a5)
	fence r,rw
	#_litmus_P0_3
heuristic statistic: 0
heuristic statistic: 0
heuristic statistic: 0
heuristic statistic: 0
heuristic statistic: 0
heuristic statistic: 0
heuristic statistic: 0
heuristic statistic: 0
heuristic statistic: 0
heuristic statistic: 0
heuristic statistic: 0
heuristic statistic: 0
heuristic statistic: 0
heuristic statistic: 0
heuristic statistic: 0
heuristic statistic: 0
heuristic statistic: 0
heuristic statistic: 0
heuristic statistic: 0
heuristic statistic: 0
Test LB+fence.r.rw+data-po Allowed
Histogram (0 states)
No

Witnesses
Positive: 0, Negative: 2000000
Condition exists (0:x5=1 /\ 1:x5=1) is NOT validated
Hash=a77220e4f8f278887cf5386ad3afe521
Generator=diyone7 (version 7.47+6(dev))
Com=Rf Rf
Orig=Fence.r.rwdRW Rfe DpDatadW PodWW Rfe
Observation LB+fence.r.rw+data-po Never 0 2000000
Time LB+fence.r.rw+data-po 0.24
Revision exported, version 7.56
Command line: litmus7 -carch RISCV -limit true -affinity incr1 -force_affinity true -mem direct -barrier none -detached false -thread std -launch changing -stride 1 -size_of_test 100 -number_of_run 10 -driver C -gcc riscv64-unknown-linux-gnu-gcc -ccopts -O2 -linkopt -static -smtmode seq -smt 2 -avail 4 -alloc dynamic -contiguous false -noalign none /home/whq/Desktop/code_list/perple_test/all_allow_litmus_C910_naive_perple/LB+fence.r.rw+data-po.litmus -o /home/whq/Desktop/code_list/perple_test/bayes_banana_perple/LB+fence.r.rw+data-po_0_5_0_0_0_0_2_0_0_0_1
Parameters
#define SIZE_OF_TEST 100
#define NUMBER_OF_RUN 10
#define AVAIL 4
#define STRIDE 1
#define MAX_LOOP 0
/* gcc options: -D_GNU_SOURCE -DFORCE_AFFINITY -Wall -std=gnu99 -O2 -pthread */
/* gcc link options: -static */
/* barrier: none */
/* launch: changing */
/* affinity: incr1 */
/* alloc: dynamic */
/* memory: direct */
/* stride: 1 */
/* safer: write */
/* preload: random */
/* speedcheck: no */
/* proc used: 4 */
Command: /home/sipeed/perple/LB+fence.r.rw+data-po_0_5_0_0_0_0_2_0_0_0_1/run.exe -s 100000
Sun Mar 15 00:41:19 2026
