Sun Mar 15 00:39:59 2026
%%%%%%%%%%%%%%%%%%%%%%%%%%%%%%%%%%%%%%%%%%%%%%%%%%%%%%%%%%%%%%%%%%%%%%%%%%%%%%%%%%%%%%%%%%%%%%%%%%%%%%%%%%%%%%%%%
% Results for /home/whq/Desktop/code_list/perple_test/all_allow_litmus_C910_naive_perple/MP+porlp+po+NEW.litmus %
%%%%%%%%%%%%%%%%%%%%%%%%%%%%%%%%%%%%%%%%%%%%%%%%%%%%%%%%%%%%%%%%%%%%%%%%%%%%%%%%%%%%%%%%%%%%%%%%%%%%%%%%%%%%%%%%%
RISCV MP+porlp+po+NEW
"PodWWRlP Rfe PodRR FrePRl"
{0:x5=1; 0:x6=x; 0:x7=y; 1:x6=y; 1:x8=x;}
 P0                      | P1          ;
 amoswap.w.rl x0,x5,(x6) | lw x5,0(x6) ;
 sw x5,0(x7)             | lw x7,0(x8) ;

exists (1:x5=1 /\ 1:x7=0)
Generated assembler
	#START _litmus_P1
	lw a7,0(a5)
	lw t1,0(a4)
	#START _litmus_P0
	amoswap.w.rl x0,a2,(a5)
	sw a2,0(a4)
heuristic statistic: 598
heuristic statistic: 604
heuristic statistic: 886
heuristic statistic: 780
heuristic statistic: 608
heuristic statistic: 531
heuristic statistic: 658
heuristic statistic: 547
heuristic statistic: 401
heuristic statistic: 359
heuristic statistic: 290
heuristic statistic: 301
heuristic statistic: 242
heuristic statistic: 269
heuristic statistic: 199
heuristic statistic: 221
heuristic statistic: 203
heuristic statistic: 261
heuristic statistic: 175
heuristic statistic: 170
Test MP+porlp+po+NEW Allowed
Histogram (0 states)
No

Witnesses
Positive: 0, Negative: 2000000
Condition exists (1:x5=1 /\ 1:x7=0) is NOT validated
Hash=8a66410f696bc187227193a91de7dd99
Cycle=Rfe PodRR FrePRl PodWWRlP
Relax MP+porlp+po+NEW No Rl
Safe=Rfe Fre PodWW PodRR
Generator=diy7 (version 7.51+4(dev))
Com=Rf Fr
Orig=PodWWRlP Rfe PodRR FrePRl
Observation MP+porlp+po+NEW Never 0 2000000
Time MP+porlp+po+NEW 0.20
Revision exported, version 7.56
Command line: litmus7 -carch RISCV -limit true -affinity incr1 -force_affinity true -mem direct -barrier none -detached false -thread std -launch changing -stride 1 -size_of_test 100 -number_of_run 10 -driver C -gcc riscv64-unknown-linux-gnu-gcc -ccopts -O2 -linkopt -static -smtmode seq -smt 2 -avail 4 -alloc dynamic -contiguous false -noalign none /home/whq/Desktop/code_list/perple_test/all_allow_litmus_C910_naive_perple/MP+porlp+po+NEW.litmus -o /home/whq/Desktop/code_list/perple_test/bayes_banana_perple/MP+porlp+po+NEW_0_5_0_0_0_0_2_0_0_0_1
Parameters
#define SIZE_OF_TEST 100
#define NUMBER_OF_RUN 10
#define AVAIL 4
#define STRIDE 1
#define MAX_LOOP 0
/* gcc options: -D_GNU_SOURCE -DFORCE_AFFINITY -Wall -std=gnu99 -O2 -pthread */
/* gcc link options: -static */
/* barrier: none */
/* launch: changing */
/* affinity: incr1 */
/* alloc: dynamic */
/* memory: direct */
/* stride: 1 */
/* safer: write */
/* preload: random */
/* speedcheck: no */
/* proc used: 4 */
Command: /home/sipeed/perple/MP+porlp+po+NEW_0_5_0_0_0_0_2_0_0_0_1/run.exe -s 100000
Sun Mar 15 00:39:59 2026
