Sun Mar 15 00:39:59 2026
%%%%%%%%%%%%%%%%%%%%%%%%%%%%%%%%%%%%%%%%%%%%%%%%%%%%%%%%%%%%%%%%%%%%%%%%%%%%%%%%%%%%%%%%%%%%%%%%%%%%%%%%%%%%%%%%%%%%%%%%
% Results for /home/whq/Desktop/code_list/perple_test/all_allow_litmus_C910_naive_perple/MP+rfi-data+fence.r.rw.litmus %
%%%%%%%%%%%%%%%%%%%%%%%%%%%%%%%%%%%%%%%%%%%%%%%%%%%%%%%%%%%%%%%%%%%%%%%%%%%%%%%%%%%%%%%%%%%%%%%%%%%%%%%%%%%%%%%%%%%%%%%%
RISCV MP+rfi-data+fence.r.rw
"Rfi DpDatadW Rfe Fence.r.rwdRR Fre"
{0:x5=1; 0:x6=x; 0:x9=y; 1:x6=y; 1:x8=x;}
 P0           | P1          ;
 sw x5,0(x6)  | lw x5,0(x6) ;
 lw x7,0(x6)  | fence r,rw  ;
 xor x8,x7,x7 | lw x7,0(x8) ;
 ori x8,x8,1  |             ;
 sw x8,0(x9)  |             ;

exists (0:x7=1 /\ 1:x5=1 /\ 1:x7=0)
Generated assembler
	#START _litmus_P1
	lw a7,0(a5)
	fence r,rw
	lw t1,0(a4)
	#START _litmus_P0
	sw a3,0(a5)
	lw a6,0(a5)
	xor t3,a6,a6
	ori t3,t3,1
	sw t3,0(a4)
heuristic statistic: 0
heuristic statistic: 0
heuristic statistic: 0
heuristic statistic: 0
heuristic statistic: 0
heuristic statistic: 0
heuristic statistic: 0
heuristic statistic: 0
heuristic statistic: 0
heuristic statistic: 0
heuristic statistic: 0
heuristic statistic: 0
heuristic statistic: 0
heuristic statistic: 0
heuristic statistic: 0
heuristic statistic: 0
heuristic statistic: 0
heuristic statistic: 0
heuristic statistic: 0
heuristic statistic: 0
Test MP+rfi-data+fence.r.rw Allowed
Histogram (0 states)
No

Witnesses
Positive: 0, Negative: 2000000
Condition exists (0:x7=1 /\ 1:x5=1 /\ 1:x7=0) is NOT validated
Hash=4cacb25c757a24e5f7d61aecdcd8c846
Cycle=Rfi DpDatadW Rfe Fence.r.rwdRR Fre
Relax MP+rfi-data+fence.r.rw No Rfi
Safe=Rfe Fre Fence.r.rwdRR DpDatadW
Generator=diy7 (version 7.51+4(dev))
Com=Rf Fr
Orig=Rfi DpDatadW Rfe Fence.r.rwdRR Fre
Observation MP+rfi-data+fence.r.rw Never 0 2000000
Time MP+rfi-data+fence.r.rw 0.20
Revision exported, version 7.56
Command line: litmus7 -carch RISCV -limit true -affinity incr1 -force_affinity true -mem direct -barrier none -detached false -thread std -launch changing -stride 1 -size_of_test 100 -number_of_run 10 -driver C -gcc riscv64-unknown-linux-gnu-gcc -ccopts -O2 -linkopt -static -smtmode seq -smt 2 -avail 4 -alloc dynamic -contiguous false -noalign none /home/whq/Desktop/code_list/perple_test/all_allow_litmus_C910_naive_perple/MP+rfi-data+fence.r.rw.litmus -o /home/whq/Desktop/code_list/perple_test/bayes_banana_perple/MP+rfi-data+fence.r.rw_0_5_0_0_0_0_2_0_0_0_1
Parameters
#define SIZE_OF_TEST 100
#define NUMBER_OF_RUN 10
#define AVAIL 4
#define STRIDE 1
#define MAX_LOOP 0
/* gcc options: -D_GNU_SOURCE -DFORCE_AFFINITY -Wall -std=gnu99 -O2 -pthread */
/* gcc link options: -static */
/* barrier: none */
/* launch: changing */
/* affinity: incr1 */
/* alloc: dynamic */
/* memory: direct */
/* stride: 1 */
/* safer: write */
/* preload: random */
/* speedcheck: no */
/* proc used: 4 */
Command: /home/sipeed/perple/MP+rfi-data+fence.r.rw_0_5_0_0_0_0_2_0_0_0_1/run.exe -s 100000
Sun Mar 15 00:39:59 2026
