Sun Mar 15 00:39:15 2026
%%%%%%%%%%%%%%%%%%%%%%%%%%%%%%%%%%%%%%%%%%%%%%%%%%%%%%%%%%%%%%%%%%%%%%%%%%%%%%%%%%%%%%%%%%%%%%%%%%%%%%%%%%%%%%%%%%
% Results for /home/whq/Desktop/code_list/perple_test/all_allow_litmus_C910_naive_perple/MP+rfi-addr+addr.litmus %
%%%%%%%%%%%%%%%%%%%%%%%%%%%%%%%%%%%%%%%%%%%%%%%%%%%%%%%%%%%%%%%%%%%%%%%%%%%%%%%%%%%%%%%%%%%%%%%%%%%%%%%%%%%%%%%%%%
RISCV MP+rfi-addr+addr
"Rfi DpAddrdW Rfe DpAddrdR Fre"
{0:x5=1; 0:x6=x; 0:x9=y; 1:x6=y; 1:x9=x;}
 P0            | P1            ;
 sw x5,0(x6)   | lw x5,0(x6)   ;
 lw x7,0(x6)   | xor x7,x5,x5  ;
 xor x8,x7,x7  | add x10,x9,x7 ;
 add x10,x9,x8 | lw x8,0(x10)  ;
 sw x5,0(x10)  |               ;

exists (0:x7=1 /\ 1:x5=1 /\ 1:x8=0)
Generated assembler
	#START _litmus_P1
	lw a7,0(a5)
	xor t5,a7,a7
	add t4,a4,t5
	lw t1,0(t4)
	#START _litmus_P0
	sw a3,0(a5)
	lw a6,0(a5)
	xor t4,a6,a6
	add t3,a4,t4
	sw a3,0(t3)
heuristic statistic: 19536
heuristic statistic: 20428
heuristic statistic: 22956
heuristic statistic: 21511
heuristic statistic: 19784
heuristic statistic: 20085
heuristic statistic: 17115
heuristic statistic: 18280
heuristic statistic: 16101
heuristic statistic: 15994
heuristic statistic: 289
heuristic statistic: 110
heuristic statistic: 777
heuristic statistic: 318
heuristic statistic: 2461
heuristic statistic: 146
heuristic statistic: 2739
heuristic statistic: 279
heuristic statistic: 3046
heuristic statistic: 41
Test MP+rfi-addr+addr Allowed
Histogram (0 states)
No

Witnesses
Positive: 0, Negative: 2000000
Condition exists (0:x7=1 /\ 1:x5=1 /\ 1:x8=0) is NOT validated
Hash=101f52716b8089cf7662fb34590cfe52
Cycle=Rfi DpAddrdW Rfe DpAddrdR Fre
Relax MP+rfi-addr+addr No Rfi
Safe=Rfe Fre DpAddrdW DpAddrdR
Generator=diy7 (version 7.51+4(dev))
Com=Rf Fr
Orig=Rfi DpAddrdW Rfe DpAddrdR Fre
Observation MP+rfi-addr+addr Never 0 2000000
Time MP+rfi-addr+addr 0.22
Revision exported, version 7.56
Command line: litmus7 -carch RISCV -limit true -affinity incr1 -force_affinity true -mem direct -barrier none -detached false -thread std -launch changing -stride 1 -size_of_test 100 -number_of_run 10 -driver C -gcc riscv64-unknown-linux-gnu-gcc -ccopts -O2 -linkopt -static -smtmode seq -smt 2 -avail 4 -alloc dynamic -contiguous false -noalign none /home/whq/Desktop/code_list/perple_test/all_allow_litmus_C910_naive_perple/MP+rfi-addr+addr.litmus -o /home/whq/Desktop/code_list/perple_test/bayes_banana_perple/MP+rfi-addr+addr_0_5_0_0_0_0_2_0_0_0_1
Parameters
#define SIZE_OF_TEST 100
#define NUMBER_OF_RUN 10
#define AVAIL 4
#define STRIDE 1
#define MAX_LOOP 0
/* gcc options: -D_GNU_SOURCE -DFORCE_AFFINITY -Wall -std=gnu99 -O2 -pthread */
/* gcc link options: -static */
/* barrier: none */
/* launch: changing */
/* affinity: incr1 */
/* alloc: dynamic */
/* memory: direct */
/* stride: 1 */
/* safer: write */
/* preload: random */
/* speedcheck: no */
/* proc used: 4 */
Command: /home/sipeed/perple/MP+rfi-addr+addr_0_5_0_0_0_0_2_0_0_0_1/run.exe -s 100000
Sun Mar 15 00:39:15 2026
