Sun Mar 15 00:40:09 2026
%%%%%%%%%%%%%%%%%%%%%%%%%%%%%%%%%%%%%%%%%%%%%%%%%%%%%%%%%%%%%%%%%%%%%%%%%%%%%%%%%%%%%%%%%%%%%%%%%%%%%%%%%%%%%%
% Results for /home/whq/Desktop/code_list/perple_test/all_allow_litmus_C910_naive_perple/SB+rfi-addrs.litmus %
%%%%%%%%%%%%%%%%%%%%%%%%%%%%%%%%%%%%%%%%%%%%%%%%%%%%%%%%%%%%%%%%%%%%%%%%%%%%%%%%%%%%%%%%%%%%%%%%%%%%%%%%%%%%%%
RISCV SB+rfi-addrs
"Rfi DpAddrdR Fre Rfi DpAddrdR Fre"
{0:x5=1; 0:x6=x; 0:x10=y; 1:x5=1; 1:x6=y; 1:x10=x;}
 P0             | P1             ;
 sw x5,0(x6)    | sw x5,0(x6)    ;
 lw x7,0(x6)    | lw x7,0(x6)    ;
 xor x8,x7,x7   | xor x8,x7,x7   ;
 add x11,x10,x8 | add x11,x10,x8 ;
 lw x9,0(x11)   | lw x9,0(x11)   ;

exists (0:x7=1 /\ 0:x9=0 /\ 1:x7=1 /\ 1:x9=0)
Generated assembler
	#START _litmus_P1
	sw a3,0(a5)
	lw t1,0(a5)
	xor t6,t1,t1
	add t5,a4,t6
	lw t3,0(t5)
	#START _litmus_P0
	sw a3,0(a5)
	lw t1,0(a5)
	xor t6,t1,t1
	add t5,a4,t6
	lw t3,0(t5)
heuristic statistic: 26982
heuristic statistic: 27258
heuristic statistic: 18208
heuristic statistic: 18831
heuristic statistic: 18536
heuristic statistic: 19047
heuristic statistic: 18692
heuristic statistic: 19300
heuristic statistic: 19127
heuristic statistic: 18935
heuristic statistic: 18605
heuristic statistic: 18921
heuristic statistic: 18807
heuristic statistic: 19248
heuristic statistic: 21139
heuristic statistic: 21162
heuristic statistic: 20920
heuristic statistic: 20886
heuristic statistic: 20872
heuristic statistic: 20934
Test SB+rfi-addrs Allowed
Histogram (0 states)
No

Witnesses
Positive: 0, Negative: 2000000
Condition exists (0:x7=1 /\ 0:x9=0 /\ 1:x7=1 /\ 1:x9=0) is NOT validated
Hash=d1f48b23c60225caafe9c771305dfca2
Cycle=Rfi DpAddrdR Fre Rfi DpAddrdR Fre
Relax SB+rfi-addrs No Rfi
Safe=Fre DpAddrdR
Generator=diy7 (version 7.51+4(dev))
Com=Fr Fr
Orig=Rfi DpAddrdR Fre Rfi DpAddrdR Fre
Observation SB+rfi-addrs Never 0 2000000
Time SB+rfi-addrs 0.21
Revision exported, version 7.56
Command line: litmus7 -carch RISCV -limit true -affinity incr1 -force_affinity true -mem direct -barrier none -detached false -thread std -launch changing -stride 1 -size_of_test 100 -number_of_run 10 -driver C -gcc riscv64-unknown-linux-gnu-gcc -ccopts -O2 -linkopt -static -smtmode seq -smt 2 -avail 4 -alloc dynamic -contiguous false -noalign none /home/whq/Desktop/code_list/perple_test/all_allow_litmus_C910_naive_perple/SB+rfi-addrs.litmus -o /home/whq/Desktop/code_list/perple_test/bayes_banana_perple/SB+rfi-addrs_0_5_0_0_0_0_2_0_0_0_1
Parameters
#define SIZE_OF_TEST 100
#define NUMBER_OF_RUN 10
#define AVAIL 4
#define STRIDE 1
#define MAX_LOOP 0
/* gcc options: -D_GNU_SOURCE -DFORCE_AFFINITY -Wall -std=gnu99 -O2 -pthread */
/* gcc link options: -static */
/* barrier: none */
/* launch: changing */
/* affinity: incr1 */
/* alloc: dynamic */
/* memory: direct */
/* stride: 1 */
/* safer: write */
/* preload: random */
/* speedcheck: no */
/* proc used: 4 */
Command: /home/sipeed/perple/SB+rfi-addrs_0_5_0_0_0_0_2_0_0_0_1/run.exe -s 100000
Sun Mar 15 00:40:09 2026
