2026-01-26 11:42:20 | INFO    | random_grid | ================================================================================
2026-01-26 11:42:20 | INFO    | random_grid | Logger initialized
2026-01-26 11:42:20 | INFO    | random_grid | log_file=./make_new_litmus/log_record_random.log.20260126-114220.run.log
2026-01-26 11:42:20 | INFO    | random_grid | level=INFO
2026-01-26 11:42:20 | INFO    | random_grid | ================================================================================
2026-01-26 11:42:20 | INFO    | random_grid | Start Random Grid Run | seed=2025
2026-01-26 11:42:20 | INFO    | random_grid | Loaded 215 litmus tests.
2026-01-26 11:42:20 | INFO    | random_grid | Generating 50 fixed random vectors...
2026-01-26 11:42:20 | INFO    | random_grid | Total tasks generated: 215 (Litmus files: 215 * Vectors: 50)
2026-01-26 11:42:20 | INFO    | random_grid | Initializing Async Pipeline...
2026-01-26 11:42:20 | INFO    | random_grid | [Pipeline] Cleaning remote directory: /home/sipeed/test ...
2026-01-26 11:42:21 | INFO    | random_grid | [Pipeline] Remote environment ready.
2026-01-26 11:42:21 | INFO    | random_grid | Starting 2 compiler threads...
2026-01-26 11:42:21 | INFO    | random_grid | Starting 2 downloader threads...
2026-01-26 11:42:21 | INFO    | random_grid | === Starting Robust Random Grid Execution Loop ===
2026-01-26 11:42:21 | INFO    | random_grid | Initial filling (Target flight size: 16)...
2026-01-26 11:42:21 | INFO    | random_grid | [Uploader] Processing batch of 2 tasks...
2026-01-26 11:42:21 | INFO    | random_grid | [Uploader] Processing batch of 3 tasks...
2026-01-26 11:42:22 | INFO    | random_grid |   -> Uploading f7ae5a58...
2026-01-26 11:42:22 | INFO    | random_grid |   -> Uploading 3cc10612...
2026-01-26 11:42:22 | INFO    | random_grid | [Pipeline Status] Compile:0, Upload:11, Run:0, Down:0, Result:0
2026-01-26 11:42:22 | INFO    | random_grid |   -> Uploading f9674444...
2026-01-26 11:42:22 | INFO    | random_grid | [Runner] Processing batch of 1 tasks...
2026-01-26 11:42:22 | INFO    | random_grid |   -> Uploading 8d87be6c...
2026-01-26 11:42:22 | INFO    | random_grid | [Uploader] Processing batch of 11 tasks...
2026-01-26 11:42:22 | INFO    | random_grid |   -> Uploading 67a249a5...
2026-01-26 11:42:22 | INFO    | random_grid |   -> Running f7ae5a58...
2026-01-26 11:42:22 | INFO    | random_grid | [Runner] Processing batch of 4 tasks...
2026-01-26 11:42:22 | INFO    | random_grid | [Downloader] Processing batch of 1 tasks...
2026-01-26 11:42:23 | INFO    | random_grid |   -> Uploading 3f2e46db...
2026-01-26 11:42:23 | INFO    | random_grid | [Pipeline Status] Compile:0, Upload:0, Run:0, Down:0, Result:0
2026-01-26 11:42:23 | INFO    | random_grid |   -> Uploading 2355920b...
2026-01-26 11:42:23 | INFO    | random_grid |   -> Uploading 9d07b6f0...
2026-01-26 11:42:23 | INFO    | random_grid |   -> Uploading 7b5b3b04...
2026-01-26 11:42:23 | INFO    | random_grid |   -> Running 3cc10612...
2026-01-26 11:42:23 | INFO    | random_grid |   -> Uploading 1b5eab56...
2026-01-26 11:42:23 | INFO    | random_grid |   -> Uploading fe65c57a...
2026-01-26 11:42:23 | INFO    | random_grid |   -> Uploading 2731ca55...
2026-01-26 11:42:23 | INFO    | random_grid |   -> Uploading be2da6dc...
2026-01-26 11:42:23 | INFO    | random_grid |   -> Uploading 13422ecd...
2026-01-26 11:42:23 | INFO    | random_grid |   -> Uploading a6a3bd24...
2026-01-26 11:42:23 | INFO    | random_grid |   -> Running f9674444...
2026-01-26 11:42:23 | INFO    | random_grid | [Downloader] Processing batch of 1 tasks...
2026-01-26 11:42:23 | INFO    | random_grid |   -> Running 8d87be6c...
2026-01-26 11:42:23 | INFO    | random_grid | [Downloader] Processing batch of 1 tasks...
2026-01-26 11:42:23 | INFO    | random_grid | [DONE] Coe_Fence.r.rwdWR_Fre_Fence.rw.rwdWW | Score: -1.0000 | In-flight: 15 | Rem: 199
2026-01-26 11:42:23 | INFO    | random_grid |   -> Uploading 0d28a0be...
2026-01-26 11:42:23 | INFO    | random_grid |   -> Running 67a249a5...
2026-01-26 11:42:23 | INFO    | random_grid | [Runner] Processing batch of 10 tasks...
2026-01-26 11:42:24 | INFO    | random_grid | [Uploader] Processing batch of 1 tasks...
2026-01-26 11:42:24 | INFO    | random_grid | [Downloader] Processing batch of 2 tasks...
2026-01-26 11:42:24 | INFO    | random_grid | [DONE] Rfe_PodRW_Wse_PodWW | Score: -1.0000 | In-flight: 15 | Rem: 198
2026-01-26 11:42:24 | INFO    | random_grid |   -> Running 3f2e46db...
2026-01-26 11:42:24 | INFO    | random_grid | [Uploader] Processing batch of 1 tasks...
2026-01-26 11:42:24 | INFO    | random_grid | [DONE] Fre_PodWW_Wse_RfLeave_PodRW_RfBack | Score: -1.0000 | In-flight: 15 | Rem: 197
2026-01-26 11:42:25 | INFO    | random_grid |   -> Uploading c0492e5b...
2026-01-26 11:42:25 | INFO    | random_grid | [Uploader] Processing batch of 1 tasks...
2026-01-26 11:42:25 | INFO    | random_grid | [DONE] Coe_Fence.r.rwdWR_Fre_Rfe_Fence.r.rwdRR_Fre | Score: -1.0000 | In-flight: 15 | Rem: 196
2026-01-26 11:42:25 | INFO    | random_grid | [DONE] Coe_Fence.r.rwdWR_Fre_Fence.w.wdWW_Wse_Fence.rw.wdWW | Score: -1.0000 | In-flight: 15 | Rem: 195
2026-01-26 11:42:25 | INFO    | random_grid |   -> Running 2355920b...
2026-01-26 11:42:25 | INFO    | random_grid | [Downloader] Processing batch of 1 tasks...
2026-01-26 11:42:25 | INFO    | random_grid |   -> Uploading 4cb95cac...
2026-01-26 11:42:25 | INFO    | random_grid |   -> Running 9d07b6f0...
2026-01-26 11:42:25 | INFO    | random_grid | [Downloader] Processing batch of 1 tasks...
2026-01-26 11:42:26 | INFO    | random_grid | [Uploader] Processing batch of 1 tasks...
2026-01-26 11:42:26 | INFO    | random_grid |   -> Running 7b5b3b04...
2026-01-26 11:42:26 | INFO    | random_grid |   -> Running 1b5eab56...
2026-01-26 11:42:26 | INFO    | random_grid |   -> Running fe65c57a...
2026-01-26 11:42:26 | INFO    | random_grid |   -> Running 2731ca55...
2026-01-26 11:42:26 | INFO    | random_grid |   -> Uploading 1ea7e294...
2026-01-26 11:42:26 | INFO    | random_grid | [Pipeline Status] Compile:0, Upload:1, Run:3, Down:4, Result:0
2026-01-26 11:42:26 | INFO    | random_grid | [Uploader] Processing batch of 1 tasks...
2026-01-26 11:42:26 | INFO    | random_grid |   -> Running be2da6dc...
2026-01-26 11:42:26 | INFO    | random_grid |   -> Running 13422ecd...
2026-01-26 11:42:26 | INFO    | random_grid |   -> Running a6a3bd24...
2026-01-26 11:42:26 | INFO    | random_grid | [Runner] Processing batch of 4 tasks...
2026-01-26 11:42:27 | INFO    | random_grid | [Downloader] Processing batch of 8 tasks...
2026-01-26 11:42:27 | INFO    | random_grid | [DONE] Rfe_PodRR_Fre_PodWW_Rfe_DpCtrldW | Score: 1251.7857 | In-flight: 15 | Rem: 194
2026-01-26 11:42:27 | INFO    | random_grid |   -> Running 0d28a0be...
2026-01-26 11:42:27 | INFO    | random_grid | [DONE] Rfe_PodRW_Rfe_DpDatadW_Wse_PodWW | Score: -1.0000 | In-flight: 15 | Rem: 193
2026-01-26 11:42:27 | INFO    | random_grid |   -> Uploading 2566d9bd...
2026-01-26 11:42:27 | INFO    | random_grid | [Uploader] Processing batch of 2 tasks...
2026-01-26 11:42:28 | INFO    | random_grid |   -> Uploading d2e9659c...
2026-01-26 11:42:28 | INFO    | random_grid |   -> Running c0492e5b...
2026-01-26 11:42:28 | INFO    | random_grid | [Downloader] Processing batch of 1 tasks...
2026-01-26 11:42:28 | INFO    | random_grid |   -> Running 4cb95cac...
2026-01-26 11:42:28 | INFO    | random_grid | [Pipeline Status] Compile:0, Upload:0, Run:2, Down:1, Result:0
2026-01-26 11:42:28 | INFO    | random_grid | [DONE] Coe_PodWRPAR_FreARAR_PodWWARP | Score: -1.0000 | In-flight: 15 | Rem: 192
2026-01-26 11:42:28 | INFO    | random_grid | [DONE] Rfe_Fence.rw.wdRW_Coe_Fence.rw.wdWR_Fre_Fence.rw.rwdWW | Score: -1.0000 | In-flight: 15 | Rem: 191
2026-01-26 11:42:28 | INFO    | random_grid | [DONE] Coe_Fence.tsodWR_Fre_Fence.tsodWW | Score: -1.0000 | In-flight: 15 | Rem: 190
2026-01-26 11:42:28 | INFO    | random_grid | [DONE] Rfe_DpAddrdR_Fre_PodWW_Wse_PodWW | Score: -1.0000 | In-flight: 15 | Rem: 189
2026-01-26 11:42:28 | INFO    | random_grid | [DONE] Rfe_PodRR_Fre_PodWW_Rfe_DpDatadW | Score: 3038.7097 | In-flight: 15 | Rem: 188
2026-01-26 11:42:28 | INFO    | random_grid | [DONE] Rfe_Fence.r.rwdRW_Coe_Fence.r.rwdWR_Fre_Fence.w.wdWW | Score: -1.0000 | In-flight: 15 | Rem: 187
2026-01-26 11:42:28 | INFO    | random_grid | [DONE] Rfe_DpCtrldW_Wse_PodWW_Wse_PodWW | Score: -1.0000 | In-flight: 15 | Rem: 186
2026-01-26 11:42:28 | INFO    | random_grid | [Downloader] Processing batch of 1 tasks...
2026-01-26 11:42:28 | INFO    | random_grid | [DONE] Rfe_PodRW_Wse_PodWW_Rfe_DpAddrdW | Score: -1.0000 | In-flight: 15 | Rem: 185
2026-01-26 11:42:28 | INFO    | random_grid |   -> Uploading 20699ae5...
2026-01-26 11:42:28 | INFO    | random_grid | [Uploader] Processing batch of 1 tasks...
2026-01-26 11:42:29 | INFO    | random_grid |   -> Uploading ac85d377...
2026-01-26 11:42:29 | INFO    | random_grid | [Uploader] Processing batch of 1 tasks...
2026-01-26 11:42:29 | INFO    | random_grid |   -> Running 1ea7e294...
2026-01-26 11:42:29 | INFO    | random_grid | [Downloader] Processing batch of 1 tasks...
2026-01-26 11:42:29 | INFO    | random_grid | [DONE] Coe_Fence.rw.wdWR_Fre_Fence.rw.wdWW_Wse_Fence.rw.rwdWW | Score: -1.0000 | In-flight: 15 | Rem: 184
2026-01-26 11:42:29 | INFO    | random_grid | [DONE] Wse_PodWW_Wse_RfLeave_PodRR_FrBack | Score: -1.0000 | In-flight: 15 | Rem: 183
2026-01-26 11:42:30 | INFO    | random_grid | [Runner] Processing batch of 4 tasks...
2026-01-26 11:42:30 | INFO    | random_grid | [Downloader] Processing batch of 1 tasks...
2026-01-26 11:42:30 | INFO    | random_grid |   -> Uploading 3fd689d3...
2026-01-26 11:42:30 | INFO    | random_grid | [Uploader] Processing batch of 6 tasks...
2026-01-26 11:42:30 | INFO    | random_grid |   -> Uploading 06c2c99b...
2026-01-26 11:42:30 | INFO    | random_grid | [Uploader] Processing batch of 2 tasks...
2026-01-26 11:42:30 | INFO    | random_grid | [Pipeline Status] Compile:0, Upload:0, Run:2, Down:0, Result:0
2026-01-26 11:42:30 | INFO    | random_grid | [DONE] Rfe_DpAddrdR_Fre_PodWR_Fre_PodWW | Score: 6732.5843 | In-flight: 15 | Rem: 182
2026-01-26 11:42:30 | INFO    | random_grid |   -> Running 2566d9bd...
2026-01-26 11:42:31 | INFO    | random_grid |   -> Uploading 9de25a90...
2026-01-26 11:42:31 | INFO    | random_grid |   -> Uploading 8f2c6232...
2026-01-26 11:42:31 | INFO    | random_grid |   -> Uploading 47efb4f1...
2026-01-26 11:42:31 | INFO    | random_grid |   -> Uploading a4184d10...
2026-01-26 11:42:31 | INFO    | random_grid |   -> Uploading 54208e4c...
2026-01-26 11:42:31 | INFO    | random_grid | [DONE] Rfe_PodRW_Rfe_PodRR_Fre_PosWW | Score: 4810.3896 | In-flight: 15 | Rem: 181
2026-01-26 11:42:31 | INFO    | random_grid |   -> Running d2e9659c...
2026-01-26 11:42:31 | INFO    | random_grid | [Downloader] Processing batch of 1 tasks...
2026-01-26 11:42:31 | INFO    | random_grid |   -> Uploading ddab73e5...
2026-01-26 11:42:31 | INFO    | random_grid |   -> Uploading 947ef7ea...
2026-01-26 11:42:31 | INFO    | random_grid |   -> Running 20699ae5...
2026-01-26 11:42:31 | INFO    | random_grid | [Downloader] Processing batch of 1 tasks...
2026-01-26 11:42:31 | INFO    | random_grid |   -> Running ac85d377...
2026-01-26 11:42:31 | INFO    | random_grid | [Runner] Processing batch of 7 tasks...
2026-01-26 11:42:31 | INFO    | random_grid | [Uploader] Processing batch of 1 tasks...
2026-01-26 11:42:31 | INFO    | random_grid |   -> Uploading 03dbe2e4...
2026-01-26 11:42:32 | INFO    | random_grid | [Uploader] Processing batch of 1 tasks...
2026-01-26 11:42:32 | INFO    | random_grid | [Downloader] Processing batch of 2 tasks...
2026-01-26 11:42:32 | INFO    | random_grid | [DONE] Rfe_PodRW_Rfe_DpCtrldW_Wse_PodWW | Score: -1.0000 | In-flight: 15 | Rem: 180
2026-01-26 11:42:32 | INFO    | random_grid |   -> Running 3fd689d3...
2026-01-26 11:42:32 | INFO    | random_grid | [DONE] Coe_Fence.rw.wdWR_Fre_Fence.rw.rwdWR_Fre_Fence.rw.wdWW | Score: -1.0000 | In-flight: 15 | Rem: 179
2026-01-26 11:42:33 | INFO    | random_grid |   -> Uploading 00cc5366...
2026-01-26 11:42:33 | INFO    | random_grid | [Uploader] Processing batch of 2 tasks...
2026-01-26 11:42:33 | INFO    | random_grid |   -> Running 06c2c99b...
2026-01-26 11:42:33 | INFO    | random_grid | [Downloader] Processing batch of 1 tasks...
2026-01-26 11:42:33 | INFO    | random_grid |   -> Uploading ff1c61c0...
2026-01-26 11:42:33 | INFO    | random_grid | [Pipeline Status] Compile:0, Upload:0, Run:4, Down:0, Result:0
2026-01-26 11:42:34 | INFO    | random_grid | [DONE] Rfe_Fence.r.rwdRW_Coe_Fence.rw.wdWR_Fre | Score: -1.0000 | In-flight: 15 | Rem: 178
2026-01-26 11:42:34 | INFO    | random_grid | [DONE] Coe_Fence.r.rwdWR_Fre_Fence.rw.rwdWR_Fre_Fence.w.wdWW | Score: -1.0000 | In-flight: 15 | Rem: 177
2026-01-26 11:42:34 | INFO    | random_grid | [Uploader] Processing batch of 1 tasks...
2026-01-26 11:42:34 | INFO    | random_grid |   -> Running 9de25a90...
2026-01-26 11:42:34 | INFO    | random_grid | [Downloader] Processing batch of 1 tasks...
2026-01-26 11:42:34 | INFO    | random_grid |   -> Running 8f2c6232...
2026-01-26 11:42:34 | INFO    | random_grid |   -> Running 47efb4f1...
2026-01-26 11:42:34 | INFO    | random_grid |   -> Running a4184d10...
2026-01-26 11:42:34 | INFO    | random_grid |   -> Uploading a07da0dc...
2026-01-26 11:42:35 | INFO    | random_grid |   -> Uploading 3538e4c0...
2026-01-26 11:42:35 | INFO    | random_grid | [Downloader] Processing batch of 3 tasks...
2026-01-26 11:42:35 | INFO    | random_grid | [DONE] Coe_Fence.r.rwdWR_Fre_Fence.rw.rwdWW_Rfe_DpDatadW | Score: -1.0000 | In-flight: 15 | Rem: 176
2026-01-26 11:42:35 | INFO    | random_grid | [Uploader] Processing batch of 1 tasks...
2026-01-26 11:42:35 | INFO    | random_grid |   -> Running 54208e4c...
2026-01-26 11:42:35 | INFO    | random_grid | [Runner] Processing batch of 7 tasks...
2026-01-26 11:42:35 | INFO    | random_grid |   -> Uploading ab12e2ec...
2026-01-26 11:42:36 | INFO    | random_grid | [Uploader] Processing batch of 1 tasks...
2026-01-26 11:42:36 | INFO    | random_grid |   -> Running ddab73e5...
2026-01-26 11:42:36 | INFO    | random_grid | [Pipeline Status] Compile:0, Upload:0, Run:1, Down:2, Result:0
2026-01-26 11:42:36 | INFO    | random_grid | [DONE] Rfe_PodRW_Rfe_PodRW_Rfe_DpDatadW | Score: 760.5263 | In-flight: 15 | Rem: 175
2026-01-26 11:42:36 | INFO    | random_grid | [Downloader] Processing batch of 2 tasks...
2026-01-26 11:42:36 | INFO    | random_grid | [DONE] Coe_Fence.rw.wdWR_Fre_RfLeave_Fence.r.rwdRR_FrBack | Score: -1.0000 | In-flight: 15 | Rem: 174
2026-01-26 11:42:36 | INFO    | random_grid | [DONE] Rfe_Fence.r.rwdRW_Coe_Fence.r.rwdWR_Fre | Score: -1.0000 | In-flight: 15 | Rem: 173
2026-01-26 11:42:36 | INFO    | random_grid | [DONE] CoePAR_PodWRARP_FrePAR_PodWWARP | Score: -1.0000 | In-flight: 15 | Rem: 172
2026-01-26 11:42:37 | INFO    | random_grid |   -> Uploading 7048479b...
2026-01-26 11:42:37 | INFO    | random_grid | [Uploader] Processing batch of 4 tasks...
2026-01-26 11:42:37 | INFO    | random_grid | [Pipeline Status] Compile:0, Upload:0, Run:2, Down:0, Result:0
2026-01-26 11:42:37 | INFO    | random_grid |   -> Uploading 492bd420...
2026-01-26 11:42:37 | INFO    | random_grid | [DONE] Rfe_DpAddrdR_Fre_CoLeave_Fence.rw.wdWR_FrBack | Score: 0.0000 | In-flight: 15 | Rem: 171
2026-01-26 11:42:37 | INFO    | random_grid | [DONE] Coe_Fence.r.rwdWR_Fre_Rfe_Fence.rw.wdRW | Score: -1.0000 | In-flight: 15 | Rem: 170
2026-01-26 11:42:37 | INFO    | random_grid |   -> Running 947ef7ea...
2026-01-26 11:42:37 | INFO    | random_grid | [Downloader] Processing batch of 1 tasks...
2026-01-26 11:42:37 | INFO    | random_grid |   -> Running 03dbe2e4...
2026-01-26 11:42:37 | INFO    | random_grid | [Downloader] Processing batch of 1 tasks...
2026-01-26 11:42:37 | INFO    | random_grid |   -> Running 00cc5366...
2026-01-26 11:42:37 | INFO    | random_grid |   -> Running ff1c61c0...
2026-01-26 11:42:37 | INFO    | random_grid |   -> Running a07da0dc...
2026-01-26 11:42:37 | INFO    | random_grid |   -> Running 3538e4c0...
2026-01-26 11:42:37 | INFO    | random_grid | [Uploader] Processing batch of 1 tasks...
2026-01-26 11:42:38 | INFO    | random_grid |   -> Uploading b042d525...
2026-01-26 11:42:38 | INFO    | random_grid | [Pipeline Status] Compile:0, Upload:1, Run:3, Down:4, Result:0
2026-01-26 11:42:38 | INFO    | random_grid |   -> Uploading 876316ff...
2026-01-26 11:42:38 | INFO    | random_grid |   -> Uploading c839fc9c...
2026-01-26 11:42:38 | INFO    | random_grid |   -> Uploading ce1fb1d3...
2026-01-26 11:42:39 | INFO    | random_grid | [Uploader] Processing batch of 1 tasks...
2026-01-26 11:42:39 | INFO    | random_grid | [Downloader] Processing batch of 4 tasks...
2026-01-26 11:42:39 | INFO    | random_grid | [DONE] Rfe_Fence.rw.wdRW_Coe_Fence.rw.wdWR_Fre_Fence.rw.wdWW | Score: -1.0000 | In-flight: 15 | Rem: 169
2026-01-26 11:42:39 | INFO    | random_grid | [DONE] Rfe_PodRR_FrLeave_RfBack_Fre_PodWW | Score: 341.7910 | In-flight: 15 | Rem: 168
2026-01-26 11:42:39 | INFO    | random_grid |   -> Uploading 458ce2d9...
2026-01-26 11:42:40 | INFO    | random_grid | [Pipeline Status] Compile:0, Upload:2, Run:7, Down:0, Result:0
2026-01-26 11:42:40 | INFO    | random_grid | [Uploader] Processing batch of 2 tasks...
2026-01-26 11:42:40 | INFO    | random_grid | [Downloader] Processing batch of 1 tasks...
2026-01-26 11:42:40 | INFO    | random_grid | [Runner] Processing batch of 8 tasks...
2026-01-26 11:42:40 | INFO    | random_grid | [DONE] Coe_Fence.r.rwdWR_Fre_Rfe_Fence.rw.rwdRW | Score: -1.0000 | In-flight: 15 | Rem: 167
2026-01-26 11:42:40 | INFO    | random_grid | [DONE] Coe_Fence.r.rwdWR_Fre_Fence.w.wdWW | Score: -1.0000 | In-flight: 15 | Rem: 166
2026-01-26 11:42:40 | INFO    | random_grid | [DONE] Coe_Fence.r.rwdWR_Fre_Fence.rw.rwdWW_Wse_Fence.rw.wdWW | Score: -1.0000 | In-flight: 15 | Rem: 165
2026-01-26 11:42:40 | INFO    | random_grid | [DONE] Rfe_DpCtrlFenceIdW_Wse_PodWW_Wse_PodWW | Score: -1.0000 | In-flight: 15 | Rem: 164
2026-01-26 11:42:40 | INFO    | random_grid |   -> Running ab12e2ec...
2026-01-26 11:42:41 | INFO    | random_grid |   -> Uploading 4edcbf5d...
2026-01-26 11:42:41 | INFO    | random_grid | [Uploader] Processing batch of 2 tasks...
2026-01-26 11:42:41 | INFO    | random_grid |   -> Uploading 900826da...
2026-01-26 11:42:41 | INFO    | random_grid |   -> Running 7048479b...
2026-01-26 11:42:41 | INFO    | random_grid | [Downloader] Processing batch of 1 tasks...
2026-01-26 11:42:41 | INFO    | random_grid |   -> Running 492bd420...
2026-01-26 11:42:41 | INFO    | random_grid |   -> Running b042d525...
2026-01-26 11:42:41 | INFO    | random_grid |   -> Uploading 87753f8f...
2026-01-26 11:42:41 | INFO    | random_grid | [Uploader] Processing batch of 2 tasks...
2026-01-26 11:42:41 | INFO    | random_grid | [Pipeline Status] Compile:0, Upload:0, Run:3, Down:2, Result:0
2026-01-26 11:42:41 | INFO    | random_grid |   -> Running 876316ff...
2026-01-26 11:42:41 | INFO    | random_grid |   -> Running c839fc9c...
2026-01-26 11:42:41 | INFO    | random_grid |   -> Running ce1fb1d3...
2026-01-26 11:42:41 | INFO    | random_grid | [DONE] Rfe_PodRW_Rfe_DpCtrlFenceIsR_Fre_PodWW | Score: 0.3676 | In-flight: 15 | Rem: 163
2026-01-26 11:42:41 | INFO    | random_grid | [Downloader] Processing batch of 5 tasks...
2026-01-26 11:42:41 | INFO    | random_grid |   -> Running 458ce2d9...
2026-01-26 11:42:42 | INFO    | random_grid |   -> Uploading ee3e60c1...
2026-01-26 11:42:42 | INFO    | random_grid | [Runner] Processing batch of 3 tasks...
2026-01-26 11:42:42 | INFO    | random_grid |   -> Uploading c02c7d70...
2026-01-26 11:42:42 | INFO    | random_grid | [DONE] Coe_Fence.r.rwdWR_Fre_RfLeave_Fence.rw.rwdRR_FrBack | Score: -1.0000 | In-flight: 15 | Rem: 162
2026-01-26 11:42:42 | INFO    | random_grid | [Downloader] Processing batch of 2 tasks...
2026-01-26 11:42:42 | INFO    | random_grid | [Uploader] Processing batch of 1 tasks...
2026-01-26 11:42:42 | INFO    | random_grid |   -> Uploading 0643bc7f...
2026-01-26 11:42:43 | INFO    | random_grid |   -> Uploading 5f957f52...
2026-01-26 11:42:43 | INFO    | random_grid | [Uploader] Processing batch of 1 tasks...
2026-01-26 11:42:43 | INFO    | random_grid |   -> Running 4edcbf5d...
2026-01-26 11:42:43 | INFO    | random_grid | [DONE] Coe_Fence.r.rwdWR_Fre_Fence.rw.rwdWR_Fre | Score: -1.0000 | In-flight: 15 | Rem: 161
2026-01-26 11:42:43 | INFO    | random_grid | [DONE] PodWWPAR_CoeARAR_PodWRARAR_FreARP | Score: -1.0000 | In-flight: 15 | Rem: 160
2026-01-26 11:42:43 | INFO    | random_grid | [DONE] Rfe_PodRW_Wse_PodWW_RfLeave_FrBack | Score: -1.0000 | In-flight: 15 | Rem: 159
2026-01-26 11:42:43 | INFO    | random_grid | [DONE] Coe_Fence.r.rwdWR_Fre_Fence.rw.rwdWW_Rfe_DpCtrldW | Score: -1.0000 | In-flight: 15 | Rem: 158
2026-01-26 11:42:43 | INFO    | random_grid | [DONE] Rfe_DpAddrdW_Wse_PodWW_Wse_PodWW | Score: -1.0000 | In-flight: 15 | Rem: 157
2026-01-26 11:42:43 | INFO    | random_grid | [DONE] Fre_PodWW_Wse_PodWR | Score: -1.0000 | In-flight: 15 | Rem: 156
2026-01-26 11:42:43 | INFO    | random_grid | [DONE] Rfe_PodRW_Rfe_DpAddrsR_Fre_PodWW | Score: 6560.0000 | In-flight: 15 | Rem: 155
2026-01-26 11:42:43 | INFO    | random_grid |   -> Running 900826da...
2026-01-26 11:42:43 | INFO    | random_grid | [Downloader] Processing batch of 1 tasks...
2026-01-26 11:42:44 | INFO    | random_grid |   -> Uploading 9f5e43d0...
2026-01-26 11:42:44 | INFO    | random_grid |   -> Uploading 97e30376...
2026-01-26 11:42:44 | INFO    | random_grid | [Uploader] Processing batch of 6 tasks...
2026-01-26 11:42:44 | INFO    | random_grid |   -> Running 87753f8f...
2026-01-26 11:42:44 | INFO    | random_grid | [Downloader] Processing batch of 1 tasks...
2026-01-26 11:42:44 | INFO    | random_grid | [DONE] Coe_Fence.rw.wdWR_Fre_RfLeave_DpAddrdR_FrBack | Score: -1.0000 | In-flight: 15 | Rem: 154
2026-01-26 11:42:44 | INFO    | random_grid | [Downloader] Processing batch of 1 tasks...
2026-01-26 11:42:44 | INFO    | random_grid | [Runner] Processing batch of 6 tasks...
2026-01-26 11:42:44 | INFO    | random_grid | [Uploader] Processing batch of 1 tasks...
2026-01-26 11:42:45 | INFO    | random_grid | [DONE] Coe_Fence.rw.wdWR_Fre_Rfe_DpDatadW | Score: -1.0000 | In-flight: 15 | Rem: 153
2026-01-26 11:42:45 | INFO    | random_grid |   -> Running ee3e60c1...
2026-01-26 11:42:45 | INFO    | random_grid |   -> Uploading c490f997...
2026-01-26 11:42:45 | INFO    | random_grid |   -> Uploading c4b7ac6d...
2026-01-26 11:42:46 | INFO    | random_grid |   -> Uploading dd760129...
2026-01-26 11:42:46 | INFO    | random_grid |   -> Uploading 184def66...
2026-01-26 11:42:46 | INFO    | random_grid |   -> Uploading 94834e41...
2026-01-26 11:42:46 | INFO    | random_grid |   -> Uploading ec6481a3...
2026-01-26 11:42:46 | INFO    | random_grid | [Uploader] Processing batch of 2 tasks...
2026-01-26 11:42:46 | INFO    | random_grid | [DONE] Rfe_PodRW_Rfe_FrLeave_RfBack_PodRW | Score: 0.0000 | In-flight: 15 | Rem: 152
2026-01-26 11:42:46 | INFO    | random_grid |   -> Running c02c7d70...
2026-01-26 11:42:46 | INFO    | random_grid | [Downloader] Processing batch of 1 tasks...
2026-01-26 11:42:46 | INFO    | random_grid |   -> Uploading 1c4ef85c...
2026-01-26 11:42:46 | INFO    | random_grid | [Uploader] Processing batch of 1 tasks...
2026-01-26 11:42:47 | INFO    | random_grid |   -> Uploading e5c06806...
2026-01-26 11:42:47 | INFO    | random_grid |   -> Uploading dc170d57...
2026-01-26 11:42:47 | INFO    | random_grid | [Pipeline Status] Compile:0, Upload:0, Run:9, Down:0, Result:0
2026-01-26 11:42:47 | INFO    | random_grid |   -> Running 0643bc7f...
2026-01-26 11:42:47 | INFO    | random_grid | [Downloader] Processing batch of 1 tasks...
2026-01-26 11:42:47 | INFO    | random_grid | [DONE] Rfe_PodRW_Rfe_DpCtrlFenceIdW_Wse_PodWW | Score: -1.0000 | In-flight: 15 | Rem: 151
2026-01-26 11:42:47 | INFO    | random_grid |   -> Running 5f957f52...
2026-01-26 11:42:47 | INFO    | random_grid | [Downloader] Processing batch of 1 tasks...
2026-01-26 11:42:48 | INFO    | random_grid |   -> Running 97e30376...
2026-01-26 11:42:48 | INFO    | random_grid |   -> Uploading d5936f77...
2026-01-26 11:42:48 | INFO    | random_grid |   -> Running 9f5e43d0...
2026-01-26 11:42:48 | INFO    | random_grid | [Runner] Processing batch of 9 tasks...
2026-01-26 11:42:48 | INFO    | random_grid | [Uploader] Processing batch of 1 tasks...
2026-01-26 11:42:48 | INFO    | random_grid |   -> Running c490f997...
2026-01-26 11:42:48 | INFO    | random_grid | [Downloader] Processing batch of 3 tasks...
2026-01-26 11:42:48 | INFO    | random_grid | [DONE] Rfe_Fence.rw.rwdRR_Fre_CoLeave_Fence.r.rwdWR_FrBack | Score: 0.0000 | In-flight: 15 | Rem: 150
2026-01-26 11:42:49 | INFO    | random_grid | [DONE] Rfe_PodRR_Fre_PodWR_Fre_PosWW | Score: 61500.0000 | In-flight: 15 | Rem: 149
2026-01-26 11:42:49 | INFO    | random_grid | [Uploader] Processing batch of 1 tasks...
2026-01-26 11:42:49 | INFO    | random_grid |   -> Running c4b7ac6d...
2026-01-26 11:42:49 | INFO    | random_grid | [Downloader] Processing batch of 1 tasks...
2026-01-26 11:42:49 | INFO    | random_grid |   -> Running dd760129...
2026-01-26 11:42:49 | INFO    | random_grid |   -> Running 184def66...
2026-01-26 11:42:49 | INFO    | random_grid |   -> Running 94834e41...
2026-01-26 11:42:49 | INFO    | random_grid |   -> Running ec6481a3...
2026-01-26 11:42:49 | INFO    | random_grid |   -> Uploading e743555a...
2026-01-26 11:42:49 | INFO    | random_grid |   -> Running 1c4ef85c...
2026-01-26 11:42:49 | INFO    | random_grid |   -> Running e5c06806...
2026-01-26 11:42:49 | INFO    | random_grid | [Uploader] Processing batch of 1 tasks...
2026-01-26 11:42:49 | INFO    | random_grid | [DONE] Coe_Fence.rw.wdWR_Fre_Fence.rw.rwdWR_Fre | Score: -1.0000 | In-flight: 15 | Rem: 148
2026-01-26 11:42:49 | INFO    | random_grid | [DONE] Coe_Fence.rw.wdWR_Fre_Fence.rw.rwdWW_Rfe_DpDatadW | Score: -1.0000 | In-flight: 15 | Rem: 147
2026-01-26 11:42:49 | INFO    | random_grid | [Downloader] Processing batch of 6 tasks...
2026-01-26 11:42:49 | INFO    | random_grid | [DONE] PodWRPAR_FreARAR_PodWWARAR_CoeARP | Score: -1.0000 | In-flight: 15 | Rem: 146
2026-01-26 11:42:50 | INFO    | random_grid |   -> Uploading 2db24c91...
2026-01-26 11:42:50 | INFO    | random_grid |   -> Running dc170d57...
2026-01-26 11:42:50 | INFO    | random_grid | [Uploader] Processing batch of 3 tasks...
2026-01-26 11:42:50 | INFO    | random_grid | [Runner] Processing batch of 3 tasks...
2026-01-26 11:42:50 | INFO    | random_grid | [Downloader] Processing batch of 2 tasks...
2026-01-26 11:42:50 | INFO    | random_grid | [DONE] Rfe_DpCtrldW_Wse_PodWR_Fre_PodWW | Score: -1.0000 | In-flight: 15 | Rem: 145
2026-01-26 11:42:51 | INFO    | random_grid |   -> Running d5936f77...
2026-01-26 11:42:51 | INFO    | random_grid |   -> Uploading c988f4e4...
2026-01-26 11:42:51 | INFO    | random_grid | [Uploader] Processing batch of 1 tasks...
2026-01-26 11:42:51 | INFO    | random_grid | [DONE] Coe_Fence.r.rwdWR_Fre_Fence.rw.wdWW_Rfe_Fence.rw.rwdRW | Score: -1.0000 | In-flight: 15 | Rem: 144
2026-01-26 11:42:51 | INFO    | random_grid | [DONE] Rfe_Fence.r.rwdRW_Coe_Fence.rw.wdWR_Fre_Fence.rw.wdWW | Score: -1.0000 | In-flight: 15 | Rem: 143
2026-01-26 11:42:51 | INFO    | random_grid | [DONE] Fre_RfLeave_PodRR_FrBack_Wse_PodWR | Score: -1.0000 | In-flight: 15 | Rem: 142
2026-01-26 11:42:51 | INFO    | random_grid | [DONE] Coe_Fence.r.rwdWR_Fre_Fence.w.wdWW_Rfe_Fence.rw.wdRW | Score: -1.0000 | In-flight: 15 | Rem: 141
2026-01-26 11:42:51 | INFO    | random_grid | [DONE] Coe_Fence.r.rwdWR_Fre_Fence.rw.rwdWW_Rfe_DpAddrdW | Score: -1.0000 | In-flight: 15 | Rem: 140
2026-01-26 11:42:51 | INFO    | random_grid | [DONE] Coe_Fence.r.rwdWR_Fre_Fence.rw.rwdWW_Wse_Fence.w.wdWW | Score: -1.0000 | In-flight: 15 | Rem: 139
2026-01-26 11:42:51 | INFO    | random_grid |   -> Uploading c1a609ac...
2026-01-26 11:42:51 | INFO    | random_grid |   -> Running e743555a...
2026-01-26 11:42:51 | INFO    | random_grid | [Downloader] Processing batch of 1 tasks...
2026-01-26 11:42:51 | INFO    | random_grid |   -> Running 2db24c91...
2026-01-26 11:42:51 | INFO    | random_grid |   -> Uploading e4d1601f...
2026-01-26 11:42:51 | INFO    | random_grid | [Runner] Processing batch of 2 tasks...
2026-01-26 11:42:52 | INFO    | random_grid |   -> Uploading 59465d97...
2026-01-26 11:42:52 | INFO    | random_grid | [DONE] Rfe_PodRR_Fre_PosWW_Rfe_PodRW | Score: 21387.9518 | In-flight: 15 | Rem: 138
2026-01-26 11:42:52 | INFO    | random_grid | [Downloader] Processing batch of 2 tasks...
2026-01-26 11:42:52 | INFO    | random_grid | [DONE] Coe_Fence.r.rwdWR_Fre_Fence.rw.wdWW_Wse_Fence.rw.rwdWW | Score: -1.0000 | In-flight: 15 | Rem: 137
2026-01-26 11:42:52 | INFO    | random_grid | [Uploader] Processing batch of 2 tasks...
2026-01-26 11:42:52 | INFO    | random_grid |   -> Running c988f4e4...
2026-01-26 11:42:52 | INFO    | random_grid |   -> Uploading 95f32093...
2026-01-26 11:42:52 | INFO    | random_grid | [Uploader] Processing batch of 2 tasks...
2026-01-26 11:42:52 | INFO    | random_grid |   -> Running c1a609ac...
2026-01-26 11:42:52 | INFO    | random_grid | [Runner] Processing batch of 3 tasks...
2026-01-26 11:42:53 | INFO    | random_grid | [Pipeline Status] Compile:0, Upload:4, Run:0, Down:2, Result:0
2026-01-26 11:42:53 | INFO    | random_grid |   -> Uploading b15223e0...
2026-01-26 11:42:53 | INFO    | random_grid |   -> Running e4d1601f...
2026-01-26 11:42:53 | INFO    | random_grid |   -> Uploading 0e6c529b...
2026-01-26 11:42:53 | INFO    | random_grid | [Uploader] Processing batch of 4 tasks...
2026-01-26 11:42:53 | INFO    | random_grid | [DONE] Coe_Fence.r.rwdWR_Fre_Fence.rw.wdWW_Wse_Fence.w.wdWW | Score: -1.0000 | In-flight: 15 | Rem: 136
2026-01-26 11:42:53 | INFO    | random_grid | [Downloader] Processing batch of 2 tasks...
2026-01-26 11:42:53 | INFO    | random_grid | [DONE] Rfe_Fence.r.rwdRW_Coe_Fence.rw.wdWR_Fre_Fence.rw.rwdWW | Score: -1.0000 | In-flight: 15 | Rem: 135
2026-01-26 11:42:53 | INFO    | random_grid | [DONE] Coe_Fence.rw.wdWR_Fre_Fence.rw.wdWW_Rfe_DpCtrldW | Score: -1.0000 | In-flight: 15 | Rem: 134
2026-01-26 11:42:54 | INFO    | random_grid |   -> Uploading 6739f3b0...
2026-01-26 11:42:54 | INFO    | random_grid |   -> Uploading fb019adc...
2026-01-26 11:42:54 | INFO    | random_grid | [Uploader] Processing batch of 2 tasks...
2026-01-26 11:42:54 | INFO    | random_grid |   -> Uploading 59b0f3f4...
2026-01-26 11:42:54 | INFO    | random_grid |   -> Running 59465d97...
2026-01-26 11:42:54 | INFO    | random_grid | [Downloader] Processing batch of 1 tasks...
2026-01-26 11:42:54 | INFO    | random_grid | [Pipeline Status] Compile:0, Upload:1, Run:4, Down:0, Result:0
2026-01-26 11:42:54 | INFO    | random_grid | [DONE] Rfe_DpDatadW_Wse_PodWW_Wse_PodWW | Score: -1.0000 | In-flight: 15 | Rem: 133
2026-01-26 11:42:54 | INFO    | random_grid |   -> Running 95f32093...
2026-01-26 11:42:54 | INFO    | random_grid |   -> Uploading 9aac4112...
2026-01-26 11:42:54 | INFO    | random_grid | [Downloader] Processing batch of 1 tasks...
2026-01-26 11:42:54 | INFO    | random_grid | [DONE] Coe_Fence.rw.wdWR_Fre_Fence.rw.rwdWW_Rfe_Fence.rw.rwdRW | Score: -1.0000 | In-flight: 15 | Rem: 132
2026-01-26 11:42:55 | INFO    | random_grid |   -> Uploading 01ca087b...
2026-01-26 11:42:55 | INFO    | random_grid |   -> Uploading e2d8d1d2...
2026-01-26 11:42:55 | INFO    | random_grid |   -> Uploading a71a4d40...
2026-01-26 11:42:55 | INFO    | random_grid | [Uploader] Processing batch of 1 tasks...
2026-01-26 11:42:55 | INFO    | random_grid |   -> Uploading b8bc5def...
2026-01-26 11:42:55 | INFO    | random_grid | [Uploader] Processing batch of 2 tasks...
2026-01-26 11:42:55 | INFO    | random_grid | [Pipeline Status] Compile:0, Upload:0, Run:10, Down:0, Result:0
2026-01-26 11:42:55 | INFO    | random_grid | [Runner] Processing batch of 10 tasks...
2026-01-26 11:42:56 | INFO    | random_grid | [Downloader] Processing batch of 1 tasks...
2026-01-26 11:42:56 | INFO    | random_grid | [DONE] Rfe_PodRR_Fre_RfLeave_PodRR_FrBack | Score: 1979.3103 | In-flight: 15 | Rem: 131
2026-01-26 11:42:56 | INFO    | random_grid | [DONE] Coe_Fence.rw.wdWR_Fre_Fence.rw.rwdWW_Rfe_DpCtrldW | Score: -1.0000 | In-flight: 15 | Rem: 130
2026-01-26 11:42:56 | INFO    | random_grid |   -> Uploading 475391fa...
2026-01-26 11:42:56 | INFO    | random_grid |   -> Running b15223e0...
2026-01-26 11:42:56 | INFO    | random_grid | [Uploader] Processing batch of 2 tasks...
2026-01-26 11:42:57 | INFO    | random_grid |   -> Uploading d434ef6d...
2026-01-26 11:42:57 | INFO    | random_grid | [DONE] Rfe_PodRW_Rfe_PodRW_Rfe_DpCtrldW | Score: 842.1053 | In-flight: 15 | Rem: 129
2026-01-26 11:42:57 | INFO    | random_grid |   -> Uploading 2c304761...
2026-01-26 11:42:57 | INFO    | random_grid | [Uploader] Processing batch of 1 tasks...
2026-01-26 11:42:57 | INFO    | random_grid |   -> Uploading 1f920e68...
2026-01-26 11:42:57 | INFO    | random_grid |   -> Running 0e6c529b...
2026-01-26 11:42:57 | INFO    | random_grid | [Downloader] Processing batch of 1 tasks...
2026-01-26 11:42:58 | INFO    | random_grid |   -> Uploading d9e81edd...
2026-01-26 11:42:58 | INFO    | random_grid | [Pipeline Status] Compile:0, Upload:0, Run:4, Down:0, Result:0
2026-01-26 11:42:58 | INFO    | random_grid |   -> Uploading 4edb9ebe...
2026-01-26 11:42:58 | INFO    | random_grid |   -> Running 6739f3b0...
2026-01-26 11:42:58 | INFO    | random_grid | [Downloader] Processing batch of 1 tasks...
2026-01-26 11:42:58 | INFO    | random_grid |   -> Running fb019adc...
2026-01-26 11:42:58 | INFO    | random_grid |   -> Running 59b0f3f4...
2026-01-26 11:42:58 | INFO    | random_grid |   -> Running 9aac4112...
2026-01-26 11:42:58 | INFO    | random_grid |   -> Running 01ca087b...
2026-01-26 11:42:58 | INFO    | random_grid |   -> Running a71a4d40...
2026-01-26 11:42:58 | INFO    | random_grid |   -> Running e2d8d1d2...
2026-01-26 11:42:58 | INFO    | random_grid |   -> Running b8bc5def...
2026-01-26 11:42:58 | INFO    | random_grid | [Runner] Processing batch of 6 tasks...
2026-01-26 11:42:59 | INFO    | random_grid | [Pipeline Status] Compile:0, Upload:0, Run:0, Down:8, Result:0
2026-01-26 11:42:59 | INFO    | random_grid | [DONE] Rfe_PodRW_Rfe_PodRW_Rfe_DpAddrdW | Score: 975.4717 | In-flight: 15 | Rem: 128
2026-01-26 11:42:59 | INFO    | random_grid | [Downloader] Processing batch of 8 tasks...
2026-01-26 11:42:59 | INFO    | random_grid |   -> Running 475391fa...
2026-01-26 11:42:59 | INFO    | random_grid | [Uploader] Processing batch of 1 tasks...
2026-01-26 11:42:59 | INFO    | random_grid |   -> Running d434ef6d...
2026-01-26 11:43:00 | INFO    | random_grid | [Pipeline Status] Compile:0, Upload:0, Run:0, Down:1, Result:0
2026-01-26 11:43:00 | INFO    | random_grid | [DONE] Coe_Fence.rw.wdWR_Fre_Fence.rw.rwdWW_Wse_Fence.rw.wdWW | Score: -1.0000 | In-flight: 15 | Rem: 127
2026-01-26 11:43:00 | INFO    | random_grid | [Downloader] Processing batch of 1 tasks...
2026-01-26 11:43:00 | INFO    | random_grid | [DONE] Rfe_PosRR_Fre_PodWW_Rfe_DpCtrldW | Score: 810.7692 | In-flight: 15 | Rem: 126
2026-01-26 11:43:00 | INFO    | random_grid | [DONE] Rfe_PosRW_Rfe_PodRW_Wse_PodWW | Score: -1.0000 | In-flight: 15 | Rem: 125
2026-01-26 11:43:00 | INFO    | random_grid | [DONE] Coe_Fence.rw.wdWR_Fre_Fence.w.wdWW_Rfe_DpCtrldW | Score: -1.0000 | In-flight: 15 | Rem: 124
2026-01-26 11:43:00 | INFO    | random_grid | [DONE] Rfe_DpCtrlFenceIsR_Fre_PodWW_Wse_PodWW | Score: -1.0000 | In-flight: 15 | Rem: 123
2026-01-26 11:43:00 | INFO    | random_grid | [DONE] Coe_Fence.r.rwdWR_Fre_Fence.w.wdWW_Rfe_DpAddrdW | Score: -1.0000 | In-flight: 15 | Rem: 122
2026-01-26 11:43:00 | INFO    | random_grid | [DONE] RfePAR_PodRWARAR_CoeARAR_PodWWARP | Score: -1.0000 | In-flight: 15 | Rem: 121
2026-01-26 11:43:00 | INFO    | random_grid | [DONE] Rfe_PodRW_Wse_Rfe_PodRW | Score: -1.0000 | In-flight: 15 | Rem: 120
2026-01-26 11:43:00 | INFO    | random_grid | [DONE] Coe_Fence.rw.wdWR_Fre_Fence.w.wdWW_Wse_Fence.rw.wdWW | Score: -1.0000 | In-flight: 15 | Rem: 119
2026-01-26 11:43:00 | INFO    | random_grid | [Uploader] Processing batch of 1 tasks...
2026-01-26 11:43:00 | INFO    | random_grid |   -> Uploading c3773e56...
2026-01-26 11:43:01 | INFO    | random_grid | [Uploader] Processing batch of 1 tasks...
2026-01-26 11:43:01 | INFO    | random_grid | [Pipeline Status] Compile:3, Upload:2, Run:1, Down:0, Result:0
2026-01-26 11:43:01 | INFO    | random_grid | [DONE] Coe_Fence.rw.wdWR_Fre_Rfe_Fence.rw.rwdRR_Fre | Score: -1.0000 | In-flight: 15 | Rem: 118
2026-01-26 11:43:01 | ERROR   | random_grid | [Compiler] CRITICAL ERROR on ad56ed86: Make failed with code 2
2026-01-26 11:43:01 | ERROR   | random_grid | [Compiler] CRITICAL ERROR on 3889d26f: Make failed with code 2
2026-01-26 11:43:01 | ERROR   | random_grid | Traceback (most recent call last):
  File "/home/whq/Desktop/code_list/slide/src/slide/bayes/LitmusPipeline.py", line 278, in worker_compiler
    raise RuntimeError(f"Make failed with code {ret_code}")
RuntimeError: Make failed with code 2

2026-01-26 11:43:01 | ERROR   | random_grid | Traceback (most recent call last):
  File "/home/whq/Desktop/code_list/slide/src/slide/bayes/LitmusPipeline.py", line 278, in worker_compiler
    raise RuntimeError(f"Make failed with code {ret_code}")
RuntimeError: Make failed with code 2

2026-01-26 11:43:02 | INFO    | random_grid |   -> Uploading 2a37c513...
2026-01-26 11:43:02 | INFO    | random_grid |   -> Running 2c304761...
2026-01-26 11:43:02 | INFO    | random_grid | [Downloader] Processing batch of 1 tasks...
2026-01-26 11:43:02 | INFO    | random_grid |   -> Running 1f920e68...
2026-01-26 11:43:02 | INFO    | random_grid | [Downloader] Processing batch of 1 tasks...
2026-01-26 11:43:02 | INFO    | random_grid |   -> Running d9e81edd...
2026-01-26 11:43:02 | INFO    | random_grid |   -> Uploading 3fd5d96c...
2026-01-26 11:43:02 | INFO    | random_grid |   -> Running 4edb9ebe...
2026-01-26 11:43:02 | INFO    | random_grid | [Uploader] Processing batch of 6 tasks...
2026-01-26 11:43:02 | INFO    | random_grid | [Runner] Processing batch of 2 tasks...
2026-01-26 11:43:02 | INFO    | random_grid | [Pipeline Status] Compile:0, Upload:0, Run:1, Down:3, Result:0
2026-01-26 11:43:03 | INFO    | random_grid | [Downloader] Processing batch of 3 tasks...
2026-01-26 11:43:03 | INFO    | random_grid | [DONE] Rfe_DpCtrlFenceIsR_Fre_PodWR_Fre_PodWW | Score: 5.5556 | In-flight: 15 | Rem: 117
2026-01-26 11:43:03 | INFO    | random_grid |   -> Running c3773e56...
2026-01-26 11:43:03 | INFO    | random_grid | [DONE] Coe_Fence.r.rwdWR_Fre_Fence.rw.wdWW | Score: -1.0000 | In-flight: 15 | Rem: 116
2026-01-26 11:43:03 | INFO    | random_grid | [Uploader] Processing batch of 1 tasks...
2026-01-26 11:43:03 | INFO    | random_grid |   -> Uploading 32c3f030...
2026-01-26 11:43:03 | INFO    | random_grid |   -> Uploading 34808e12...
2026-01-26 11:43:03 | INFO    | random_grid |   -> Running 2a37c513...
2026-01-26 11:43:03 | INFO    | random_grid | [Downloader] Processing batch of 1 tasks...
2026-01-26 11:43:04 | INFO    | random_grid |   -> Uploading 286c8510...
2026-01-26 11:43:04 | INFO    | random_grid |   -> Uploading 42954878...
2026-01-26 11:43:04 | INFO    | random_grid |   -> Uploading b2484103...
2026-01-26 11:43:04 | INFO    | random_grid | [DONE] Coe_Fence.r.rwdWR_Fre_Fence.w.wdWW_Wse_Fence.rw.rwdWW | Score: -1.0000 | In-flight: 15 | Rem: 115
2026-01-26 11:43:04 | INFO    | random_grid | [DONE] Coe_Fence.r.rwdWR_Fre_Rfe_Fence.rw.rwdRR_Fre | Score: -1.0000 | In-flight: 15 | Rem: 114
2026-01-26 11:43:04 | INFO    | random_grid | [DONE] CoeARAR_PodWWARAR_RfeARAR_PodRWARAR | Score: -1.0000 | In-flight: 15 | Rem: 113
2026-01-26 11:43:04 | INFO    | random_grid |   -> Uploading f7e3bc96...
2026-01-26 11:43:04 | INFO    | random_grid | [Uploader] Processing batch of 1 tasks...
2026-01-26 11:43:04 | INFO    | random_grid |   -> Uploading 200b227d...
2026-01-26 11:43:04 | INFO    | random_grid | [Uploader] Processing batch of 1 tasks...
2026-01-26 11:43:05 | INFO    | random_grid | [Runner] Processing batch of 8 tasks...
2026-01-26 11:43:05 | INFO    | random_grid | [Downloader] Processing batch of 1 tasks...
2026-01-26 11:43:05 | INFO    | random_grid | [DONE] Rfe_PodRW_Wse_Rfe_PodRW_Wse | Score: -1.0000 | In-flight: 15 | Rem: 112
2026-01-26 11:43:05 | INFO    | random_grid |   -> Running 3fd5d96c...
2026-01-26 11:43:05 | INFO    | random_grid |   -> Uploading 040944e6...
2026-01-26 11:43:05 | INFO    | random_grid | [Uploader] Processing batch of 3 tasks...
2026-01-26 11:43:06 | INFO    | random_grid |   -> Running 32c3f030...
2026-01-26 11:43:06 | INFO    | random_grid | [Downloader] Processing batch of 1 tasks...
2026-01-26 11:43:06 | INFO    | random_grid |   -> Running 34808e12...
2026-01-26 11:43:06 | INFO    | random_grid | [Downloader] Processing batch of 1 tasks...
2026-01-26 11:43:06 | INFO    | random_grid | [DONE] Rfe_PodRW_Rfe_DpCtrldW_Rfe_PodRW | Score: 1138.7755 | In-flight: 15 | Rem: 111
2026-01-26 11:43:06 | INFO    | random_grid |   -> Uploading c17f2d65...
2026-01-26 11:43:06 | INFO    | random_grid | [Uploader] Processing batch of 1 tasks...
2026-01-26 11:43:06 | INFO    | random_grid |   -> Uploading 44d987ea...
2026-01-26 11:43:06 | INFO    | random_grid |   -> Uploading 50f2e7f7...
2026-01-26 11:43:06 | INFO    | random_grid |   -> Uploading 340267e9...
2026-01-26 11:43:07 | INFO    | random_grid |   -> Running 286c8510...
2026-01-26 11:43:07 | INFO    | random_grid | [Pipeline Status] Compile:0, Upload:0, Run:5, Down:1, Result:0
2026-01-26 11:43:07 | INFO    | random_grid |   -> Running 42954878...
2026-01-26 11:43:07 | INFO    | random_grid |   -> Running b2484103...
2026-01-26 11:43:07 | INFO    | random_grid |   -> Running f7e3bc96...
2026-01-26 11:43:07 | INFO    | random_grid | [Downloader] Processing batch of 4 tasks...
2026-01-26 11:43:07 | INFO    | random_grid | [DONE] FrePAR_PodWWARAR_CoeARAR_PodWRARP | Score: -1.0000 | In-flight: 15 | Rem: 110
2026-01-26 11:43:07 | INFO    | random_grid |   -> Running 200b227d...
2026-01-26 11:43:07 | INFO    | random_grid | [Uploader] Processing batch of 1 tasks...
2026-01-26 11:43:07 | INFO    | random_grid | [Downloader] Processing batch of 1 tasks...
2026-01-26 11:43:07 | INFO    | random_grid | [DONE] Coe_Fence.r.rwdWR_Fre_Fence.rw.wdWW_Rfe_DpCtrldW | Score: -1.0000 | In-flight: 15 | Rem: 109
2026-01-26 11:43:07 | INFO    | random_grid |   -> Uploading ba2af202...
2026-01-26 11:43:08 | INFO    | random_grid | [Uploader] Processing batch of 1 tasks...
2026-01-26 11:43:08 | INFO    | random_grid | [DONE] Rfe_PodRW_Rfe_PodRW_RfLeave_FrBack | Score: 1.0870 | In-flight: 15 | Rem: 108
2026-01-26 11:43:08 | INFO    | random_grid | [DONE] Rfe_PodRW_Rfe_PodRW_Wse | Score: -1.0000 | In-flight: 15 | Rem: 107
2026-01-26 11:43:08 | INFO    | random_grid | [DONE] Coe_Fence.rw.wdWR_Fre_Fence.w.wdWW_Wse_Fence.rw.rwdWW | Score: -1.0000 | In-flight: 15 | Rem: 106
2026-01-26 11:43:08 | INFO    | random_grid | [Runner] Processing batch of 6 tasks...
2026-01-26 11:43:08 | INFO    | random_grid | [Downloader] Processing batch of 1 tasks...
2026-01-26 11:43:08 | INFO    | random_grid | [DONE] Rfe_Fence.rw.wdRW_Coe_Fence.rw.wdWR_Fre_Fence.w.wdWW | Score: -1.0000 | In-flight: 15 | Rem: 105
2026-01-26 11:43:08 | INFO    | random_grid |   -> Running 040944e6...
2026-01-26 11:43:09 | INFO    | random_grid | [DONE] Coe_Fence.rw.wdWR_Fre_Fence.rw.wdWW_Rfe_Fence.rw.rwdRW | Score: -1.0000 | In-flight: 15 | Rem: 104
2026-01-26 11:43:09 | INFO    | random_grid |   -> Uploading 9f00c08e...
2026-01-26 11:43:09 | INFO    | random_grid | [Uploader] Processing batch of 5 tasks...
2026-01-26 11:43:09 | INFO    | random_grid |   -> Running c17f2d65...
2026-01-26 11:43:09 | INFO    | random_grid | [Downloader] Processing batch of 1 tasks...
2026-01-26 11:43:09 | INFO    | random_grid |   -> Running 44d987ea...
2026-01-26 11:43:09 | INFO    | random_grid | [Downloader] Processing batch of 1 tasks...
2026-01-26 11:43:09 | INFO    | random_grid | [DONE] Rfe_PodRW_Rfe_FrLeave_PodWR_FrBack | Score: 580.8511 | In-flight: 15 | Rem: 103
2026-01-26 11:43:09 | INFO    | random_grid |   -> Uploading 23bfbba0...
2026-01-26 11:43:10 | INFO    | random_grid | [Uploader] Processing batch of 1 tasks...
2026-01-26 11:43:10 | INFO    | random_grid |   -> Running 50f2e7f7...
2026-01-26 11:43:10 | INFO    | random_grid |   -> Running 340267e9...
2026-01-26 11:43:10 | INFO    | random_grid | [Pipeline Status] Compile:0, Upload:0, Run:2, Down:2, Result:0
2026-01-26 11:43:10 | INFO    | random_grid |   -> Uploading f346d9a8...
2026-01-26 11:43:11 | INFO    | random_grid |   -> Uploading 31446361...
2026-01-26 11:43:11 | INFO    | random_grid | [DONE] Rfe_PodRW_Wse_PodWW_Rfe_DpCtrlFenceIdW | Score: -1.0000 | In-flight: 15 | Rem: 102
2026-01-26 11:43:11 | INFO    | random_grid | [Downloader] Processing batch of 2 tasks...
2026-01-26 11:43:11 | INFO    | random_grid | [DONE] Fre_PodWWPAR_CoeARAR_PodWRARP | Score: -1.0000 | In-flight: 15 | Rem: 101
2026-01-26 11:43:11 | INFO    | random_grid |   -> Uploading 1ff19398...
2026-01-26 11:43:11 | INFO    | random_grid |   -> Uploading 45d225e2...
2026-01-26 11:43:11 | INFO    | random_grid |   -> Uploading 504c2fc8...
2026-01-26 11:43:11 | INFO    | random_grid | [Uploader] Processing batch of 1 tasks...
2026-01-26 11:43:11 | INFO    | random_grid |   -> Running ba2af202...
2026-01-26 11:43:11 | INFO    | random_grid | [Downloader] Processing batch of 1 tasks...
2026-01-26 11:43:11 | INFO    | random_grid | [Runner] Processing batch of 7 tasks...
2026-01-26 11:43:11 | INFO    | random_grid |   -> Uploading 5829a9df...
2026-01-26 11:43:11 | INFO    | random_grid | [Uploader] Processing batch of 1 tasks...
2026-01-26 11:43:12 | INFO    | random_grid | [Pipeline Status] Compile:0, Upload:0, Run:1, Down:1, Result:0
2026-01-26 11:43:12 | INFO    | random_grid | [DONE] Rfe_DpAddrdR_Fre_CoLeave_Fence.r.rwdWR_FrBack | Score: 0.0000 | In-flight: 15 | Rem: 100
2026-01-26 11:43:12 | INFO    | random_grid | [Downloader] Processing batch of 1 tasks...
2026-01-26 11:43:12 | INFO    | random_grid | [DONE] Coe_Fence.r.rwdWR_Fre_Rfe_DpAddrdW | Score: -1.0000 | In-flight: 15 | Rem: 99
2026-01-26 11:43:12 | INFO    | random_grid |   -> Running 9f00c08e...
2026-01-26 11:43:12 | INFO    | random_grid |   -> Uploading 99ff44ec...
2026-01-26 11:43:12 | INFO    | random_grid | [Uploader] Processing batch of 2 tasks...
2026-01-26 11:43:13 | INFO    | random_grid | [DONE] Rfe_PosRW_Rfe_PodRR_Fre_PodWW | Score: 423.1707 | In-flight: 15 | Rem: 98
2026-01-26 11:43:13 | INFO    | random_grid |   -> Running 23bfbba0...
2026-01-26 11:43:13 | INFO    | random_grid | [Downloader] Processing batch of 1 tasks...
2026-01-26 11:43:13 | INFO    | random_grid | [DONE] CoeARAR_PodWRARAR_FreARAR_PodWWARAR | Score: -1.0000 | In-flight: 15 | Rem: 97
2026-01-26 11:43:13 | INFO    | random_grid |   -> Uploading f60dd583...
2026-01-26 11:43:13 | INFO    | random_grid | [Uploader] Processing batch of 2 tasks...
2026-01-26 11:43:13 | INFO    | random_grid |   -> Running f346d9a8...
2026-01-26 11:43:13 | INFO    | random_grid | [Downloader] Processing batch of 1 tasks...
2026-01-26 11:43:14 | INFO    | random_grid |   -> Uploading f7bd3d56...
2026-01-26 11:43:14 | INFO    | random_grid |   -> Uploading 2ce2565d...
2026-01-26 11:43:14 | INFO    | random_grid | [Pipeline Status] Compile:0, Upload:0, Run:5, Down:0, Result:0
2026-01-26 11:43:14 | INFO    | random_grid | [DONE] Rfe_Fence.r.rwdRR_Fre_Coe_Fence.rw.wdWR_Fre | Score: -1.0000 | In-flight: 15 | Rem: 96
2026-01-26 11:43:14 | INFO    | random_grid |   -> Running 31446361...
2026-01-26 11:43:14 | INFO    | random_grid | [Downloader] Processing batch of 1 tasks...
2026-01-26 11:43:14 | INFO    | random_grid |   -> Running 1ff19398...
2026-01-26 11:43:14 | INFO    | random_grid | [Uploader] Processing batch of 1 tasks...
2026-01-26 11:43:14 | INFO    | random_grid |   -> Uploading 88595750...
2026-01-26 11:43:15 | INFO    | random_grid |   -> Uploading f7040102...
2026-01-26 11:43:15 | INFO    | random_grid | [Downloader] Processing batch of 1 tasks...
2026-01-26 11:43:15 | INFO    | random_grid | [DONE] Rfe_PosRW_Rfe_PodRW_Rfe_PodRW | Score: 644.0000 | In-flight: 15 | Rem: 95
2026-01-26 11:43:15 | INFO    | random_grid | [Uploader] Processing batch of 1 tasks...
2026-01-26 11:43:15 | INFO    | random_grid | [DONE] Rfe_PodRW_RfLeave_FrBack_Rfe_PodRW | Score: 2.7778 | In-flight: 15 | Rem: 94
2026-01-26 11:43:15 | INFO    | random_grid |   -> Running 45d225e2...
2026-01-26 11:43:15 | INFO    | random_grid | [Downloader] Processing batch of 1 tasks...
2026-01-26 11:43:16 | INFO    | random_grid | [DONE] Coe_Fence.rw.wdWR_Fre_Rfe_DpCtrlFenceIdW | Score: -1.0000 | In-flight: 15 | Rem: 93
2026-01-26 11:43:16 | INFO    | random_grid |   -> Uploading a35b7c59...
2026-01-26 11:43:16 | INFO    | random_grid | [Uploader] Processing batch of 1 tasks...
2026-01-26 11:43:16 | INFO    | random_grid |   -> Running 504c2fc8...
2026-01-26 11:43:16 | INFO    | random_grid | [Downloader] Processing batch of 1 tasks...
2026-01-26 11:43:16 | INFO    | random_grid | [Runner] Processing batch of 8 tasks...
2026-01-26 11:43:16 | INFO    | random_grid |   -> Uploading 72bea768...
2026-01-26 11:43:17 | INFO    | random_grid | [Uploader] Processing batch of 1 tasks...
2026-01-26 11:43:17 | INFO    | random_grid | [Pipeline Status] Compile:0, Upload:0, Run:1, Down:1, Result:0
2026-01-26 11:43:17 | INFO    | random_grid | [Downloader] Processing batch of 1 tasks...
2026-01-26 11:43:17 | INFO    | random_grid | [DONE] Rfe_Fence.rw.rwdRR_Fre_CoLeave_Fence.rw.wdWR_FrBack | Score: 0.0000 | In-flight: 15 | Rem: 92
2026-01-26 11:43:17 | INFO    | random_grid |   -> Running 5829a9df...
2026-01-26 11:43:17 | INFO    | random_grid |   -> Uploading a3900a68...
2026-01-26 11:43:17 | INFO    | random_grid | [Uploader] Processing batch of 1 tasks...
2026-01-26 11:43:17 | INFO    | random_grid |   -> Uploading 08e1e38a...
2026-01-26 11:43:18 | INFO    | random_grid | [Pipeline Status] Compile:0, Upload:0, Run:3, Down:0, Result:0
2026-01-26 11:43:18 | INFO    | random_grid | [DONE] Fre_PodWR_Fre_RfLeave_FrBack_PodWR | Score: 35.2273 | In-flight: 15 | Rem: 91
2026-01-26 11:43:18 | INFO    | random_grid | [DONE] Rfe_DpAddrdW_Wse_PodWR_Fre_PodWW | Score: -1.0000 | In-flight: 15 | Rem: 90
2026-01-26 11:43:18 | INFO    | random_grid | [Uploader] Processing batch of 1 tasks...
2026-01-26 11:43:19 | INFO    | random_grid |   -> Uploading 1544917d...
2026-01-26 11:43:19 | INFO    | random_grid |   -> Running 99ff44ec...
2026-01-26 11:43:19 | INFO    | random_grid | [Downloader] Processing batch of 1 tasks...
2026-01-26 11:43:19 | INFO    | random_grid |   -> Running f60dd583...
2026-01-26 11:43:19 | INFO    | random_grid | [Downloader] Processing batch of 1 tasks...
2026-01-26 11:43:19 | INFO    | random_grid | [Uploader] Processing batch of 1 tasks...
2026-01-26 11:43:19 | INFO    | random_grid |   -> Running f7bd3d56...
2026-01-26 11:43:19 | INFO    | random_grid |   -> Running 2ce2565d...
2026-01-26 11:43:19 | INFO    | random_grid | [Pipeline Status] Compile:0, Upload:0, Run:4, Down:2, Result:0
2026-01-26 11:43:19 | INFO    | random_grid |   -> Running 88595750...
2026-01-26 11:43:19 | INFO    | random_grid |   -> Running f7040102...
2026-01-26 11:43:19 | INFO    | random_grid |   -> Running a35b7c59...
2026-01-26 11:43:19 | INFO    | random_grid | [Runner] Processing batch of 4 tasks...
2026-01-26 11:43:20 | INFO    | random_grid |   -> Uploading 6d169645...
2026-01-26 11:43:20 | INFO    | random_grid |   -> Running 72bea768...
2026-01-26 11:43:20 | INFO    | random_grid | [Downloader] Processing batch of 6 tasks...
2026-01-26 11:43:20 | INFO    | random_grid | [DONE] Hat_Rmw_PodWR_Hat_Rmw_PodWR | Score: 1477710.6383 | In-flight: 15 | Rem: 89
2026-01-26 11:43:20 | INFO    | random_grid | [DONE] Fre_PodWW_Wse_PodWR_FrLeave_RfBack | Score: -1.0000 | In-flight: 15 | Rem: 88
2026-01-26 11:43:20 | INFO    | random_grid |   -> Uploading 0d5a9e09...
2026-01-26 11:43:20 | INFO    | random_grid | [Uploader] Processing batch of 1 tasks...
2026-01-26 11:43:20 | INFO    | random_grid | [Uploader] Processing batch of 1 tasks...
2026-01-26 11:43:21 | INFO    | random_grid |   -> Running a3900a68...
2026-01-26 11:43:21 | INFO    | random_grid | [Downloader] Processing batch of 1 tasks...
2026-01-26 11:43:21 | INFO    | random_grid | [DONE] Coe_Fence.rw.wdWR_Fre_Fence.rw.rwdWW_Wse_Fence.rw.rwdWW | Score: -1.0000 | In-flight: 15 | Rem: 87
2026-01-26 11:43:21 | INFO    | random_grid | [DONE] Coe_Fence.r.rwdWR_Fre_Fence.rw.rwdWW_Rfe_Fence.rw.wdRW | Score: -1.0000 | In-flight: 15 | Rem: 86
2026-01-26 11:43:21 | INFO    | random_grid | [DONE] Rfe_PodRR_Fre_PodWR_Fre | Score: 4501.9608 | In-flight: 15 | Rem: 85
2026-01-26 11:43:21 | INFO    | random_grid | [DONE] Coe_Fence.rw.wdWR_Fre_Fence.rw.wdWW | Score: -1.0000 | In-flight: 15 | Rem: 84
2026-01-26 11:43:21 | INFO    | random_grid | [DONE] Coe_Fence.rw.wdWR_Fre_Fence.rw.wdWW_Rfe_DpDatadW | Score: -1.0000 | In-flight: 15 | Rem: 83
2026-01-26 11:43:21 | INFO    | random_grid | [DONE] Coe_Fence.rw.wdWR_Fre_Fence.w.wdWW_Rfe_DpDatadW | Score: -1.0000 | In-flight: 15 | Rem: 82
2026-01-26 11:43:21 | INFO    | random_grid |   -> Uploading ab3c0585...
2026-01-26 11:43:21 | INFO    | random_grid | [Uploader] Processing batch of 1 tasks...
2026-01-26 11:43:21 | INFO    | random_grid |   -> Running 08e1e38a...
2026-01-26 11:43:21 | INFO    | random_grid | [Downloader] Processing batch of 1 tasks...
2026-01-26 11:43:21 | INFO    | random_grid |   -> Running 1544917d...
2026-01-26 11:43:22 | INFO    | random_grid |   -> Uploading 02ba7541...
2026-01-26 11:43:22 | INFO    | random_grid | [Uploader] Processing batch of 3 tasks...
2026-01-26 11:43:22 | INFO    | random_grid | [Downloader] Processing batch of 1 tasks...
2026-01-26 11:43:22 | INFO    | random_grid | [DONE] Rfe_PodRW_Wse_RfLeave_PodRR_FrBack | Score: -1.0000 | In-flight: 15 | Rem: 81
2026-01-26 11:43:22 | INFO    | random_grid | [Runner] Processing batch of 4 tasks...
2026-01-26 11:43:22 | INFO    | random_grid |   -> Running 6d169645...
2026-01-26 11:43:23 | INFO    | random_grid |   -> Uploading cbade310...
2026-01-26 11:43:23 | INFO    | random_grid | [Uploader] Processing batch of 3 tasks...
2026-01-26 11:43:23 | INFO    | random_grid | [Pipeline Status] Compile:0, Upload:0, Run:1, Down:1, Result:0
2026-01-26 11:43:23 | INFO    | random_grid | [Downloader] Processing batch of 1 tasks...
2026-01-26 11:43:23 | INFO    | random_grid | [DONE] Rfe_FrLeave_PodWW_RfBack_Fre_PodWW | Score: 225.0000 | In-flight: 15 | Rem: 80
2026-01-26 11:43:23 | INFO    | random_grid | [DONE] Coe_Fence.rw.wdWR_Fre_Rfe_DpCtrldW | Score: -1.0000 | In-flight: 15 | Rem: 79
2026-01-26 11:43:23 | INFO    | random_grid |   -> Uploading 4901dfdd...
2026-01-26 11:43:23 | INFO    | random_grid |   -> Running 0d5a9e09...
2026-01-26 11:43:23 | INFO    | random_grid | [Downloader] Processing batch of 1 tasks...
2026-01-26 11:43:23 | INFO    | random_grid |   -> Running ab3c0585...
2026-01-26 11:43:23 | INFO    | random_grid |   -> Running 02ba7541...
2026-01-26 11:43:23 | INFO    | random_grid |   -> Uploading 6e59467e...
2026-01-26 11:43:24 | INFO    | random_grid |   -> Uploading b7c72baa...
2026-01-26 11:43:24 | INFO    | random_grid | [Uploader] Processing batch of 1 tasks...
2026-01-26 11:43:24 | INFO    | random_grid |   -> Uploading 09d1b9b6...
2026-01-26 11:43:24 | INFO    | random_grid | [Runner] Processing batch of 4 tasks...
2026-01-26 11:43:24 | INFO    | random_grid | [Pipeline Status] Compile:0, Upload:1, Run:0, Down:3, Result:0
2026-01-26 11:43:24 | INFO    | random_grid |   -> Uploading 2963a540...
2026-01-26 11:43:24 | INFO    | random_grid |   -> Uploading 36203f5f...
2026-01-26 11:43:24 | INFO    | random_grid | [Downloader] Processing batch of 3 tasks...
2026-01-26 11:43:24 | INFO    | random_grid | [DONE] Rfe_PodRR_Fre_PodWW | Score: 147890.3846 | In-flight: 15 | Rem: 78
2026-01-26 11:43:24 | INFO    | random_grid | [Uploader] Processing batch of 1 tasks...
2026-01-26 11:43:25 | INFO    | random_grid |   -> Running cbade310...
2026-01-26 11:43:25 | INFO    | random_grid | [DONE] Rfe_PodRW_Wse_PodWR_Fre | Score: -1.0000 | In-flight: 15 | Rem: 77
2026-01-26 11:43:25 | INFO    | random_grid |   -> Uploading 20f93ec4...
2026-01-26 11:43:25 | INFO    | random_grid | [Uploader] Processing batch of 2 tasks...
2026-01-26 11:43:26 | INFO    | random_grid |   -> Running 4901dfdd...
2026-01-26 11:43:26 | INFO    | random_grid | [Downloader] Processing batch of 1 tasks...
2026-01-26 11:43:26 | INFO    | random_grid |   -> Running 6e59467e...
2026-01-26 11:43:26 | INFO    | random_grid | [DONE] Rfe_DpDatadW_Wse_PodWR_Fre_PodWW | Score: -1.0000 | In-flight: 15 | Rem: 76
2026-01-26 11:43:26 | INFO    | random_grid | [DONE] Coe_Fence.r.rwdWR_Fre_Fence.w.wdWW_Rfe_DpCtrlFenceIdW | Score: -1.0000 | In-flight: 15 | Rem: 75
2026-01-26 11:43:26 | INFO    | random_grid | [Downloader] Processing batch of 1 tasks...
2026-01-26 11:43:26 | INFO    | random_grid | [DONE] Rfe_PodRR_Fre_RfLeave_FrBack_PodWW | Score: 0.0000 | In-flight: 15 | Rem: 74
2026-01-26 11:43:26 | INFO    | random_grid |   -> Running b7c72baa...
2026-01-26 11:43:26 | INFO    | random_grid |   -> Uploading 67aed6d6...
2026-01-26 11:43:26 | INFO    | random_grid | [Uploader] Processing batch of 1 tasks...
2026-01-26 11:43:26 | INFO    | random_grid |   -> Uploading 0700b835...
2026-01-26 11:43:26 | INFO    | random_grid | [Runner] Processing batch of 5 tasks...
2026-01-26 11:43:26 | INFO    | random_grid |   -> Uploading b68d43d3...
2026-01-26 11:43:26 | INFO    | random_grid | [Uploader] Processing batch of 1 tasks...
2026-01-26 11:43:27 | INFO    | random_grid | [Pipeline Status] Compile:0, Upload:1, Run:2, Down:2, Result:0
2026-01-26 11:43:27 | INFO    | random_grid |   -> Running 09d1b9b6...
2026-01-26 11:43:27 | INFO    | random_grid | [Downloader] Processing batch of 2 tasks...
2026-01-26 11:43:27 | INFO    | random_grid | [DONE] Rfe_FrLeave_RfBack_PodRW_Wse_PodWW | Score: -1.0000 | In-flight: 15 | Rem: 73
2026-01-26 11:43:27 | INFO    | random_grid | [DONE] Rfe_Fence.r.rwdRW_Coe_Fence.r.rwdWR_Fre_Fence.rw.rwdWW | Score: -1.0000 | In-flight: 15 | Rem: 72
2026-01-26 11:43:27 | INFO    | random_grid |   -> Uploading e855fce8...
2026-01-26 11:43:27 | INFO    | random_grid | [Uploader] Processing batch of 2 tasks...
2026-01-26 11:43:27 | INFO    | random_grid |   -> Running 2963a540...
2026-01-26 11:43:27 | INFO    | random_grid | [Downloader] Processing batch of 1 tasks...
2026-01-26 11:43:28 | INFO    | random_grid |   -> Running 36203f5f...
2026-01-26 11:43:28 | INFO    | random_grid |   -> Running 20f93ec4...
2026-01-26 11:43:28 | INFO    | random_grid |   -> Running 67aed6d6...
2026-01-26 11:43:28 | INFO    | random_grid | [Runner] Processing batch of 3 tasks...
2026-01-26 11:43:28 | INFO    | random_grid |   -> Uploading 559eecf3...
2026-01-26 11:43:28 | INFO    | random_grid | [Uploader] Processing batch of 1 tasks...
2026-01-26 11:43:28 | INFO    | random_grid | [DONE] Rfe_Fence.r.rwdRW_Coe_Fence.r.rwdWR_Fre_Fence.rw.wdWW | Score: -1.0000 | In-flight: 15 | Rem: 71
2026-01-26 11:43:28 | INFO    | random_grid | [Downloader] Processing batch of 4 tasks...
2026-01-26 11:43:28 | INFO    | random_grid | [DONE] Rfe_PodRW_Rfe_PodRW | Score: 102735.1852 | In-flight: 15 | Rem: 70
2026-01-26 11:43:28 | INFO    | random_grid |   -> Running 0700b835...
2026-01-26 11:43:29 | INFO    | random_grid |   -> Uploading 6c657908...
2026-01-26 11:43:29 | INFO    | random_grid |   -> Uploading e75ad8ed...
2026-01-26 11:43:29 | INFO    | random_grid | [DONE] CoePAR_PodWWARP_RfePAR_PodRWARP | Score: -1.0000 | In-flight: 15 | Rem: 69
2026-01-26 11:43:29 | INFO    | random_grid | [Uploader] Processing batch of 2 tasks...
2026-01-26 11:43:29 | INFO    | random_grid |   -> Uploading 8cfe9a1e...
2026-01-26 11:43:29 | INFO    | random_grid | [Uploader] Processing batch of 1 tasks...
2026-01-26 11:43:29 | INFO    | random_grid |   -> Running b68d43d3...
2026-01-26 11:43:29 | INFO    | random_grid | [Downloader] Processing batch of 1 tasks...
2026-01-26 11:43:29 | INFO    | random_grid |   -> Running e855fce8...
2026-01-26 11:43:29 | INFO    | random_grid | [Runner] Processing batch of 4 tasks...
2026-01-26 11:43:29 | INFO    | random_grid | [DONE] Rfe_Fence.rw.wdRW_Coe_Fence.rw.wdWR_Fre | Score: -1.0000 | In-flight: 15 | Rem: 68
2026-01-26 11:43:29 | INFO    | random_grid | [DONE] CoePAR_PodWWARAR_RfeARAR_PodRWARP | Score: -1.0000 | In-flight: 15 | Rem: 67
2026-01-26 11:43:29 | INFO    | random_grid | [DONE] Coe_Fence.rw.wdWR_Fre_Fence.rw.wdWW_Wse_Fence.w.wdWW | Score: -1.0000 | In-flight: 15 | Rem: 66
2026-01-26 11:43:29 | INFO    | random_grid | [Downloader] Processing batch of 2 tasks...
2026-01-26 11:43:29 | INFO    | random_grid | [DONE] Rfe_PodRW_Wse_PodWW_Rfe_DpCtrldW | Score: -1.0000 | In-flight: 15 | Rem: 65
2026-01-26 11:43:30 | INFO    | random_grid |   -> Running 559eecf3...
2026-01-26 11:43:30 | INFO    | random_grid |   -> Uploading aa2a8729...
2026-01-26 11:43:30 | INFO    | random_grid |   -> Uploading c56af9aa...
2026-01-26 11:43:30 | INFO    | random_grid | [Uploader] Processing batch of 2 tasks...
2026-01-26 11:43:30 | INFO    | random_grid |   -> Uploading 6f204f1e...
2026-01-26 11:43:30 | INFO    | random_grid | [Pipeline Status] Compile:0, Upload:2, Run:2, Down:0, Result:0
2026-01-26 11:43:30 | INFO    | random_grid | [Uploader] Processing batch of 2 tasks...
2026-01-26 11:43:31 | INFO    | random_grid | [DONE] Rfe_PodRW_Wse_PodWW_Rfe_DpDatadW | Score: -1.0000 | In-flight: 15 | Rem: 64
2026-01-26 11:43:31 | INFO    | random_grid |   -> Running 6c657908...
2026-01-26 11:43:31 | INFO    | random_grid | [Downloader] Processing batch of 1 tasks...
2026-01-26 11:43:31 | INFO    | random_grid | [DONE] CoePAR_PodWRARAR_FreARAR_PodWWARP | Score: -1.0000 | In-flight: 15 | Rem: 63
2026-01-26 11:43:31 | INFO    | random_grid | [DONE] Coe_Fence.rw.wdWR_Fre_Fence.rw.rwdWW_Rfe_DpCtrlFenceIdW | Score: -1.0000 | In-flight: 15 | Rem: 62
2026-01-26 11:43:31 | INFO    | random_grid |   -> Uploading 8bec7d3d...
2026-01-26 11:43:31 | INFO    | random_grid |   -> Uploading 326cfdee...
2026-01-26 11:43:31 | INFO    | random_grid |   -> Uploading bf31842f...
2026-01-26 11:43:31 | INFO    | random_grid | [Uploader] Processing batch of 2 tasks...
2026-01-26 11:43:31 | INFO    | random_grid |   -> Running e75ad8ed...
2026-01-26 11:43:31 | INFO    | random_grid | [Downloader] Processing batch of 1 tasks...
2026-01-26 11:43:31 | INFO    | random_grid |   -> Running 8cfe9a1e...
2026-01-26 11:43:31 | INFO    | random_grid |   -> Uploading e7104d1c...
2026-01-26 11:43:32 | INFO    | random_grid | [Uploader] Processing batch of 1 tasks...
2026-01-26 11:43:32 | INFO    | random_grid | [Pipeline Status] Compile:0, Upload:0, Run:7, Down:1, Result:0
2026-01-26 11:43:32 | INFO    | random_grid | [Downloader] Processing batch of 1 tasks...
2026-01-26 11:43:32 | INFO    | random_grid | [DONE] Coe_Fence.r.rwdWR_Fre_Fence.rw.rwdWW_Wse_Fence.rw.rwdWW | Score: -1.0000 | In-flight: 15 | Rem: 61
2026-01-26 11:43:32 | INFO    | random_grid | [Runner] Processing batch of 7 tasks...
2026-01-26 11:43:33 | INFO    | random_grid |   -> Running aa2a8729...
2026-01-26 11:43:33 | INFO    | random_grid |   -> Uploading e687282d...
2026-01-26 11:43:33 | INFO    | random_grid | [Downloader] Processing batch of 1 tasks...
2026-01-26 11:43:33 | INFO    | random_grid | [DONE] Rfe_Fence.r.rwdRR_Fre_CoLeave_Fence.r.rwdWR_FrBack | Score: 0.0000 | In-flight: 15 | Rem: 60
2026-01-26 11:43:33 | INFO    | random_grid |   -> Uploading ce14e129...
2026-01-26 11:43:33 | INFO    | random_grid | [Uploader] Processing batch of 1 tasks...
2026-01-26 11:43:33 | INFO    | random_grid |   -> Uploading fa1a8931...
2026-01-26 11:43:33 | INFO    | random_grid | [Uploader] Processing batch of 1 tasks...
2026-01-26 11:43:33 | INFO    | random_grid | [DONE] Coe_Fence.rw.wdWR_Fre_Rfe_DpAddrdW | Score: -1.0000 | In-flight: 15 | Rem: 59
2026-01-26 11:43:33 | INFO    | random_grid |   -> Running c56af9aa...
2026-01-26 11:43:33 | INFO    | random_grid | [Downloader] Processing batch of 1 tasks...
2026-01-26 11:43:34 | INFO    | random_grid |   -> Running 6f204f1e...
2026-01-26 11:43:34 | INFO    | random_grid |   -> Running 8bec7d3d...
2026-01-26 11:43:34 | INFO    | random_grid |   -> Running 326cfdee...
2026-01-26 11:43:34 | INFO    | random_grid |   -> Uploading 8f14e9ef...
2026-01-26 11:43:34 | INFO    | random_grid |   -> Running bf31842f...
2026-01-26 11:43:34 | INFO    | random_grid | [Downloader] Processing batch of 4 tasks...
2026-01-26 11:43:34 | INFO    | random_grid | [DONE] Fre_PodWR_Fre_PodWR | Score: 376658.3333 | In-flight: 15 | Rem: 58
2026-01-26 11:43:34 | INFO    | random_grid |   -> Running e7104d1c...
2026-01-26 11:43:34 | INFO    | random_grid | [Runner] Processing batch of 3 tasks...
2026-01-26 11:43:34 | INFO    | random_grid | [Uploader] Processing batch of 1 tasks...
2026-01-26 11:43:34 | INFO    | random_grid |   -> Uploading c9068d19...
2026-01-26 11:43:34 | INFO    | random_grid | [Uploader] Processing batch of 1 tasks...
2026-01-26 11:43:35 | INFO    | random_grid |   -> Running e687282d...
2026-01-26 11:43:35 | INFO    | random_grid | [Downloader] Processing batch of 2 tasks...
2026-01-26 11:43:35 | INFO    | random_grid | [DONE] Coe_Fence.rw.wdWR_Fre_Fence.rw.rwdWW_Wse_Fence.w.wdWW | Score: -1.0000 | In-flight: 15 | Rem: 57
2026-01-26 11:43:35 | INFO    | random_grid |   -> Running ce14e129...
2026-01-26 11:43:35 | INFO    | random_grid |   -> Running fa1a8931...
2026-01-26 11:43:35 | INFO    | random_grid | [Runner] Processing batch of 2 tasks...
2026-01-26 11:43:36 | INFO    | random_grid | [DONE] Rfe_PodRW_Rfe_PodRR_Fre | Score: 6182.7586 | In-flight: 15 | Rem: 56
2026-01-26 11:43:36 | INFO    | random_grid |   -> Uploading 010c8fd8...
2026-01-26 11:43:36 | INFO    | random_grid |   -> Uploading 0769dafd...
2026-01-26 11:43:36 | INFO    | random_grid | [DONE] Coe_Fence.r.rwdWR_Fre_RfLeave_DpAddrdR_FrBack | Score: -1.0000 | In-flight: 15 | Rem: 55
2026-01-26 11:43:36 | INFO    | random_grid | [DONE] Coe_Fence.r.rwdWR_Fre_Rfe_DpCtrldW | Score: -1.0000 | In-flight: 15 | Rem: 54
2026-01-26 11:43:36 | INFO    | random_grid | [Downloader] Processing batch of 3 tasks...
2026-01-26 11:43:36 | INFO    | random_grid | [DONE] Coe_Fence.r.rwdWR_Fre_Fence.rw.rwdWW_Rfe_Fence.rw.rwdRW | Score: -1.0000 | In-flight: 15 | Rem: 53
2026-01-26 11:43:36 | INFO    | random_grid | [Uploader] Processing batch of 1 tasks...
2026-01-26 11:43:36 | INFO    | random_grid | [DONE] Rfe_PodRR_Fre_Rfe_PodRW_Wse | Score: -1.0000 | In-flight: 15 | Rem: 52
2026-01-26 11:43:36 | INFO    | random_grid | [DONE] Coe_Fence.rw.wdWR_Fre_Fence.w.wdWW_Wse_Fence.w.wdWW | Score: -1.0000 | In-flight: 15 | Rem: 51
2026-01-26 11:43:36 | INFO    | random_grid |   -> Running 8f14e9ef...
2026-01-26 11:43:36 | INFO    | random_grid | [Uploader] Processing batch of 1 tasks...
2026-01-26 11:43:37 | INFO    | random_grid |   -> Running c9068d19...
2026-01-26 11:43:37 | INFO    | random_grid | [Downloader] Processing batch of 1 tasks...
2026-01-26 11:43:37 | INFO    | random_grid | [Runner] Processing batch of 2 tasks...
2026-01-26 11:43:37 | INFO    | random_grid | [DONE] Coe_Fence.r.rwdWR_Fre_Fence.rw.wdWW_Rfe_DpDatadW | Score: -1.0000 | In-flight: 15 | Rem: 50
2026-01-26 11:43:37 | INFO    | random_grid | [DONE] Coe_Fence.r.rwdWR_Fre_Fence.rw.rwdWW_Rfe_DpCtrlFenceIdW | Score: -1.0000 | In-flight: 15 | Rem: 49
2026-01-26 11:43:37 | INFO    | random_grid | [Downloader] Processing batch of 1 tasks...
2026-01-26 11:43:37 | INFO    | random_grid | [DONE] Rfe_PodRW_Wse_PodWW_Wse | Score: -1.0000 | In-flight: 15 | Rem: 48
2026-01-26 11:43:37 | INFO    | random_grid |   -> Uploading bdc0cfb7...
2026-01-26 11:43:37 | INFO    | random_grid | [Uploader] Processing batch of 5 tasks...
2026-01-26 11:43:37 | INFO    | random_grid |   -> Uploading af116774...
2026-01-26 11:43:37 | INFO    | random_grid | [Uploader] Processing batch of 2 tasks...
2026-01-26 11:43:38 | INFO    | random_grid |   -> Running 010c8fd8...
2026-01-26 11:43:38 | INFO    | random_grid | [DONE] Rfe_FrLeave_PodWR_FrBack_Wse_PodWW | Score: -1.0000 | In-flight: 15 | Rem: 47
2026-01-26 11:43:38 | INFO    | random_grid |   -> Running 0769dafd...
2026-01-26 11:43:38 | INFO    | random_grid | [Downloader] Processing batch of 1 tasks...
2026-01-26 11:43:38 | INFO    | random_grid | [Runner] Processing batch of 2 tasks...
2026-01-26 11:43:39 | INFO    | random_grid | [Pipeline Status] Compile:0, Upload:2, Run:0, Down:1, Result:0
2026-01-26 11:43:39 | INFO    | random_grid |   -> Uploading a763152b...
2026-01-26 11:43:39 | INFO    | random_grid |   -> Running bdc0cfb7...
2026-01-26 11:43:39 | INFO    | random_grid |   -> Uploading 9ff305ea...
2026-01-26 11:43:39 | INFO    | random_grid |   -> Uploading 65b71390...
2026-01-26 11:43:39 | INFO    | random_grid | [Downloader] Processing batch of 1 tasks...
2026-01-26 11:43:39 | INFO    | random_grid | [DONE] Coe_PodWWPAR_RfeARAR_PodRWARP | Score: -1.0000 | In-flight: 15 | Rem: 46
2026-01-26 11:43:39 | INFO    | random_grid |   -> Uploading 4cc413bf...
2026-01-26 11:43:39 | INFO    | random_grid |   -> Uploading 251f92c6...
2026-01-26 11:43:39 | INFO    | random_grid |   -> Uploading 546f9593...
2026-01-26 11:43:39 | INFO    | random_grid | [Uploader] Processing batch of 2 tasks...
2026-01-26 11:43:39 | INFO    | random_grid | [DONE] Coe_Fence.r.rwdWR_Fre_Rfe_DpCtrlFenceIdW | Score: -1.0000 | In-flight: 15 | Rem: 45
2026-01-26 11:43:39 | INFO    | random_grid |   -> Uploading 8117a600...
2026-01-26 11:43:39 | INFO    | random_grid | [Uploader] Processing batch of 1 tasks...
2026-01-26 11:43:39 | INFO    | random_grid |   -> Running af116774...
2026-01-26 11:43:39 | INFO    | random_grid | [Downloader] Processing batch of 1 tasks...
2026-01-26 11:43:40 | INFO    | random_grid | [Runner] Processing batch of 7 tasks...
2026-01-26 11:43:40 | INFO    | random_grid |   -> Running a763152b...
2026-01-26 11:43:40 | INFO    | random_grid | [DONE] Coe_Fence.r.rwdWR_Fre_Fence.rw.rwdWR_Fre_Fence.rw.rwdWW | Score: -1.0000 | In-flight: 15 | Rem: 44
2026-01-26 11:43:40 | INFO    | random_grid | [Downloader] Processing batch of 1 tasks...
2026-01-26 11:43:40 | INFO    | random_grid |   -> Uploading 9def39cc...
2026-01-26 11:43:40 | INFO    | random_grid |   -> Uploading e7d0630d...
2026-01-26 11:43:41 | INFO    | random_grid | [Uploader] Processing batch of 2 tasks...
2026-01-26 11:43:41 | INFO    | random_grid | [DONE] Coe_Fence.rw.wdWR_Fre_Fence.rw.wdWW_Wse_Fence.rw.wdWW | Score: -1.0000 | In-flight: 15 | Rem: 43
2026-01-26 11:43:41 | INFO    | random_grid |   -> Running 9ff305ea...
2026-01-26 11:43:41 | INFO    | random_grid | [Downloader] Processing batch of 1 tasks...
2026-01-26 11:43:41 | INFO    | random_grid |   -> Uploading 61b3756b...
2026-01-26 11:43:41 | INFO    | random_grid | [Uploader] Processing batch of 1 tasks...
2026-01-26 11:43:41 | INFO    | random_grid | [DONE] Rfe_Fence.r.rwdRW_Coe_Fence.rw.wdWR_Fre_Fence.w.wdWW | Score: -1.0000 | In-flight: 15 | Rem: 42
2026-01-26 11:43:42 | INFO    | random_grid |   -> Running 65b71390...
2026-01-26 11:43:42 | INFO    | random_grid | [Downloader] Processing batch of 1 tasks...
2026-01-26 11:43:42 | INFO    | random_grid |   -> Running 4cc413bf...
2026-01-26 11:43:42 | INFO    | random_grid |   -> Uploading c5cbf30e...
2026-01-26 11:43:42 | INFO    | random_grid |   -> Uploading 863ae59c...
2026-01-26 11:43:42 | INFO    | random_grid | [Downloader] Processing batch of 1 tasks...
2026-01-26 11:43:42 | INFO    | random_grid | [DONE] Coe_Fence.rw.wdWR_Fre_Fence.rw.rwdWW_Rfe_DpAddrdW | Score: -1.0000 | In-flight: 15 | Rem: 41
2026-01-26 11:43:42 | INFO    | random_grid | [Uploader] Processing batch of 1 tasks...
2026-01-26 11:43:42 | INFO    | random_grid |   -> Uploading 356632aa...
2026-01-26 11:43:43 | INFO    | random_grid |   -> Running 251f92c6...
2026-01-26 11:43:43 | INFO    | random_grid |   -> Running 546f9593...
2026-01-26 11:43:43 | INFO    | random_grid | [Uploader] Processing batch of 1 tasks...
2026-01-26 11:43:43 | INFO    | random_grid | [Downloader] Processing batch of 2 tasks...
2026-01-26 11:43:43 | INFO    | random_grid | [DONE] Rfe_PodRW_Rfe_DpDatadW_Rfe_PodRW | Score: 2035.2941 | In-flight: 15 | Rem: 40
2026-01-26 11:43:44 | INFO    | random_grid |   -> Running 8117a600...
2026-01-26 11:43:44 | INFO    | random_grid | [Downloader] Processing batch of 1 tasks...
2026-01-26 11:43:44 | INFO    | random_grid | [DONE] Coe_Fence.rw.wdWR_Fre_Fence.rw.rwdWR_Fre_Fence.rw.rwdWW | Score: -1.0000 | In-flight: 15 | Rem: 39
2026-01-26 11:43:44 | INFO    | random_grid |   -> Uploading 0b51a5ad...
2026-01-26 11:43:44 | INFO    | random_grid | [Uploader] Processing batch of 1 tasks...
2026-01-26 11:43:44 | INFO    | random_grid |   -> Uploading da3f0e27...
2026-01-26 11:43:44 | INFO    | random_grid | [DONE] Fre_PodWR_Fre_RfLeave_PodRW_RfBack | Score: 496.5909 | In-flight: 15 | Rem: 38
2026-01-26 11:43:44 | INFO    | random_grid | [DONE] PodRWPAR_CoeARAR_PodWWARAR_RfeARP | Score: -1.0000 | In-flight: 15 | Rem: 37
2026-01-26 11:43:44 | INFO    | random_grid | [Uploader] Processing batch of 1 tasks...
2026-01-26 11:43:45 | INFO    | random_grid | [Downloader] Processing batch of 1 tasks...
2026-01-26 11:43:45 | INFO    | random_grid | [Runner] Processing batch of 8 tasks...
2026-01-26 11:43:45 | INFO    | random_grid |   -> Running 9def39cc...
2026-01-26 11:43:45 | INFO    | random_grid | [Pipeline Status] Compile:0, Upload:2, Run:0, Down:0, Result:0
2026-01-26 11:43:45 | INFO    | random_grid | [DONE] Fre_PodWR_Fre_PodWR_FrLeave_RfBack | Score: 161.0526 | In-flight: 15 | Rem: 36
2026-01-26 11:43:45 | INFO    | random_grid |   -> Uploading 3984e82e...
2026-01-26 11:43:45 | INFO    | random_grid |   -> Uploading 8144033d...
2026-01-26 11:43:45 | INFO    | random_grid | [Uploader] Processing batch of 2 tasks...
2026-01-26 11:43:46 | INFO    | random_grid | [Uploader] Processing batch of 1 tasks...
2026-01-26 11:43:46 | INFO    | random_grid |   -> Running e7d0630d...
2026-01-26 11:43:46 | INFO    | random_grid | [Downloader] Processing batch of 1 tasks...
2026-01-26 11:43:46 | INFO    | random_grid |   -> Running 61b3756b...
2026-01-26 11:43:46 | INFO    | random_grid |   -> Running c5cbf30e...
2026-01-26 11:43:46 | INFO    | random_grid |   -> Running 863ae59c...
2026-01-26 11:43:46 | INFO    | random_grid | [Downloader] Processing batch of 3 tasks...
2026-01-26 11:43:46 | INFO    | random_grid | [DONE] Rfe_PodRR_Fre_PodWW_Rfe_DpAddrdW | Score: 3186.6667 | In-flight: 15 | Rem: 35
2026-01-26 11:43:46 | INFO    | random_grid |   -> Running 356632aa...
2026-01-26 11:43:46 | INFO    | random_grid |   -> Uploading da9bccb0...
2026-01-26 11:43:47 | INFO    | random_grid |   -> Uploading e454f384...
2026-01-26 11:43:47 | INFO    | random_grid | [Uploader] Processing batch of 1 tasks...
2026-01-26 11:43:47 | INFO    | random_grid |   -> Uploading c5a4795a...
2026-01-26 11:43:47 | INFO    | random_grid | [Pipeline Status] Compile:0, Upload:0, Run:5, Down:1, Result:0
2026-01-26 11:43:47 | INFO    | random_grid | [Downloader] Processing batch of 1 tasks...
2026-01-26 11:43:47 | INFO    | random_grid | [DONE] Coe_Fence.rw.wdWR_Fre_Rfe_DpAddrdR_Fre | Score: -1.0000 | In-flight: 15 | Rem: 34
2026-01-26 11:43:47 | INFO    | random_grid |   -> Running 0b51a5ad...
2026-01-26 11:43:47 | INFO    | random_grid |   -> Running da3f0e27...
2026-01-26 11:43:47 | INFO    | random_grid | [Uploader] Processing batch of 1 tasks...
2026-01-26 11:43:48 | INFO    | random_grid | [DONE] Coe_Fence.r.rwdWR_Fre_Fence.w.wdWW_Wse_Fence.w.wdWW | Score: -1.0000 | In-flight: 15 | Rem: 33
2026-01-26 11:43:48 | INFO    | random_grid | [DONE] Coe_Fence.r.rwdWR_Fre_Fence.rw.wdWW_Wse_Fence.rw.wdWW | Score: -1.0000 | In-flight: 15 | Rem: 32
2026-01-26 11:43:48 | INFO    | random_grid | [Downloader] Processing batch of 2 tasks...
2026-01-26 11:43:48 | INFO    | random_grid | [DONE] Coe_Fence.r.rwdWR_Fre_Fence.w.wdWW_Rfe_Fence.rw.rwdRW | Score: -1.0000 | In-flight: 15 | Rem: 31
2026-01-26 11:43:48 | INFO    | random_grid |   -> Uploading fc50752c...
2026-01-26 11:43:48 | INFO    | random_grid | [Uploader] Processing batch of 1 tasks...
2026-01-26 11:43:48 | INFO    | random_grid | [DONE] Coe_Fence.rw.wdWR_Fre_Fence.rw.wdWW_Rfe_DpCtrlFenceIdW | Score: -1.0000 | In-flight: 15 | Rem: 30
2026-01-26 11:43:48 | INFO    | random_grid | [Runner] Processing batch of 6 tasks...
2026-01-26 11:43:48 | INFO    | random_grid | [Downloader] Processing batch of 1 tasks...
2026-01-26 11:43:49 | INFO    | random_grid |   -> Running 3984e82e...
2026-01-26 11:43:49 | INFO    | random_grid |   -> Uploading b774c469...
2026-01-26 11:43:49 | INFO    | random_grid | [Uploader] Processing batch of 3 tasks...
2026-01-26 11:43:49 | INFO    | random_grid | [DONE] Rfe_PosRR_Fre_PodWW_Rfe_DpDatadW | Score: 89.0909 | In-flight: 15 | Rem: 29
2026-01-26 11:43:49 | INFO    | random_grid | [DONE] PodWWPAR_RfeARAR_PodRWARAR_CoeARP | Score: -1.0000 | In-flight: 15 | Rem: 28
2026-01-26 11:43:50 | INFO    | random_grid |   -> Uploading 7929e71b...
2026-01-26 11:43:50 | INFO    | random_grid | [Pipeline Status] Compile:0, Upload:2, Run:1, Down:0, Result:0
2026-01-26 11:43:50 | INFO    | random_grid | [DONE] Rfe_PosRR_Fre_PodWW_Rfe_DpAddrdW | Score: 451.6854 | In-flight: 15 | Rem: 27
2026-01-26 11:43:50 | INFO    | random_grid | [Uploader] Processing batch of 2 tasks...
2026-01-26 11:43:50 | INFO    | random_grid |   -> Uploading e777c9fe...
2026-01-26 11:43:50 | INFO    | random_grid |   -> Uploading 14d4a2c2...
2026-01-26 11:43:51 | INFO    | random_grid |   -> Uploading 00062379...
2026-01-26 11:43:51 | INFO    | random_grid | [Uploader] Processing batch of 1 tasks...
2026-01-26 11:43:51 | INFO    | random_grid | [Pipeline Status] Compile:0, Upload:0, Run:5, Down:0, Result:0
2026-01-26 11:43:51 | INFO    | random_grid |   -> Running 8144033d...
2026-01-26 11:43:51 | INFO    | random_grid | [Downloader] Processing batch of 1 tasks...
2026-01-26 11:43:51 | INFO    | random_grid |   -> Running da9bccb0...
2026-01-26 11:43:51 | INFO    | random_grid | [Downloader] Processing batch of 1 tasks...
2026-01-26 11:43:51 | INFO    | random_grid |   -> Running e454f384...
2026-01-26 11:43:51 | INFO    | random_grid |   -> Uploading b4813d73...
2026-01-26 11:43:52 | INFO    | random_grid |   -> Uploading c294d206...
2026-01-26 11:43:52 | INFO    | random_grid | [Pipeline Status] Compile:0, Upload:0, Run:7, Down:1, Result:0
2026-01-26 11:43:52 | INFO    | random_grid |   -> Uploading a0646ebe...
2026-01-26 11:43:52 | INFO    | random_grid | [Downloader] Processing batch of 1 tasks...
2026-01-26 11:43:52 | INFO    | random_grid | [DONE] Rfe_PodRW_Rfe_PodRW_Rfe_DpCtrlFenceIdW | Score: 0.0000 | In-flight: 15 | Rem: 26
2026-01-26 11:43:53 | INFO    | random_grid | [DONE] Rfe_DpCtrlFenceIdW_Wse_PodWR_Fre_PodWW | Score: -1.0000 | In-flight: 15 | Rem: 25
2026-01-26 11:43:53 | INFO    | random_grid | [Uploader] Processing batch of 1 tasks...
2026-01-26 11:43:53 | INFO    | random_grid | [Uploader] Processing batch of 1 tasks...
2026-01-26 11:43:54 | INFO    | random_grid | [Pipeline Status] Compile:0, Upload:0, Run:8, Down:0, Result:0
2026-01-26 11:43:54 | INFO    | random_grid | [DONE] Coe_Fence.r.rwdWR_Fre_Rfe_DpDatadW | Score: -1.0000 | In-flight: 15 | Rem: 24
2026-01-26 11:43:54 | INFO    | random_grid |   -> Running c5a4795a...
2026-01-26 11:43:54 | INFO    | random_grid | [Downloader] Processing batch of 1 tasks...
2026-01-26 11:43:54 | INFO    | random_grid |   -> Running fc50752c...
2026-01-26 11:43:54 | INFO    | random_grid | [Downloader] Processing batch of 1 tasks...
2026-01-26 11:43:54 | INFO    | random_grid | [Runner] Processing batch of 8 tasks...
2026-01-26 11:43:54 | INFO    | random_grid |   -> Uploading a9e333b3...
2026-01-26 11:43:54 | INFO    | random_grid | [Uploader] Processing batch of 1 tasks...
2026-01-26 11:43:55 | INFO    | random_grid |   -> Uploading 3448c3af...
2026-01-26 11:43:55 | INFO    | random_grid | [Pipeline Status] Compile:0, Upload:0, Run:2, Down:1, Result:0
2026-01-26 11:43:55 | INFO    | random_grid |   -> Running b774c469...
2026-01-26 11:43:55 | INFO    | random_grid | [Downloader] Processing batch of 1 tasks...
2026-01-26 11:43:55 | INFO    | random_grid | [DONE] Rfe_PosRR_Fre_PodWW_Rfe_DpCtrlFenceIdW | Score: 1.8315 | In-flight: 15 | Rem: 23
2026-01-26 11:43:55 | INFO    | random_grid | [DONE] Rfe_PodRW_Rfe_DpAddrdW_Wse_PodWW | Score: -1.0000 | In-flight: 15 | Rem: 22
2026-01-26 11:43:55 | INFO    | random_grid | [Uploader] Processing batch of 1 tasks...
2026-01-26 11:43:56 | INFO    | random_grid |   -> Uploading 02eef23d...
2026-01-26 11:43:56 | INFO    | random_grid | [Uploader] Processing batch of 1 tasks...
2026-01-26 11:43:56 | INFO    | random_grid | [Pipeline Status] Compile:0, Upload:0, Run:3, Down:0, Result:0
2026-01-26 11:43:56 | INFO    | random_grid | [DONE] Coe_Fence.r.rwdWR_Fre_Fence.rw.rwdWR_Fre_Fence.rw.wdWW | Score: -1.0000 | In-flight: 15 | Rem: 21
2026-01-26 11:43:56 | INFO    | random_grid |   -> Running 7929e71b...
2026-01-26 11:43:56 | INFO    | random_grid | [Downloader] Processing batch of 1 tasks...
2026-01-26 11:43:56 | INFO    | random_grid |   -> Running e777c9fe...
2026-01-26 11:43:56 | INFO    | random_grid | [Downloader] Processing batch of 1 tasks...
2026-01-26 11:43:57 | INFO    | random_grid |   -> Uploading 4764b852...
2026-01-26 11:43:57 | INFO    | random_grid | [Uploader] Processing batch of 1 tasks...
2026-01-26 11:43:57 | INFO    | random_grid | [Pipeline Status] Compile:0, Upload:0, Run:4, Down:0, Result:0
2026-01-26 11:43:57 | INFO    | random_grid |   -> Uploading 87a0c491...
2026-01-26 11:43:58 | INFO    | random_grid | [DONE] PodWWPAR_RfeARP_PodRWPAR_CoeARP | Score: -1.0000 | In-flight: 15 | Rem: 20
2026-01-26 11:43:58 | INFO    | random_grid | [DONE] Rfe_PodRR_Fre_Rfe_PodRR_Fre | Score: 1089.4737 | In-flight: 15 | Rem: 19
2026-01-26 11:43:58 | INFO    | random_grid | [Uploader] Processing batch of 1 tasks...
2026-01-26 11:43:59 | INFO    | random_grid |   -> Uploading fd2d4b69...
2026-01-26 11:43:59 | INFO    | random_grid |   -> Running 14d4a2c2...
2026-01-26 11:43:59 | INFO    | random_grid | [Downloader] Processing batch of 1 tasks...
2026-01-26 11:43:59 | INFO    | random_grid | [Uploader] Processing batch of 1 tasks...
2026-01-26 11:43:59 | INFO    | random_grid | [Pipeline Status] Compile:0, Upload:0, Run:6, Down:0, Result:0
2026-01-26 11:44:00 | INFO    | random_grid |   -> Uploading 398f32c6...
2026-01-26 11:44:00 | INFO    | random_grid |   -> Running 00062379...
2026-01-26 11:44:00 | INFO    | random_grid | [Downloader] Processing batch of 1 tasks...
2026-01-26 11:44:00 | INFO    | random_grid |   -> Uploading 6468e6c8...
2026-01-26 11:44:00 | INFO    | random_grid |   -> Running b4813d73...
2026-01-26 11:44:00 | INFO    | random_grid |   -> Running c294d206...
2026-01-26 11:44:00 | INFO    | random_grid |   -> Running a0646ebe...
2026-01-26 11:44:00 | INFO    | random_grid | [Runner] Processing batch of 7 tasks...
2026-01-26 11:44:00 | INFO    | random_grid | [Pipeline Status] Compile:0, Upload:0, Run:1, Down:4, Result:0
2026-01-26 11:44:00 | INFO    | random_grid | [Downloader] Processing batch of 4 tasks...
2026-01-26 11:44:00 | INFO    | random_grid | [DONE] Rfe_PodRW_Rfe_DpCtrlFenceIdW_Rfe_PodRW | Score: 0.4065 | In-flight: 15 | Rem: 18
2026-01-26 11:44:01 | INFO    | random_grid | [Uploader] Processing batch of 1 tasks...
2026-01-26 11:44:01 | INFO    | random_grid | [DONE] Rfe_Fence.r.rwdRR_Fre_CoLeave_Fence.rw.wdWR_FrBack | Score: 0.0000 | In-flight: 15 | Rem: 17
2026-01-26 11:44:01 | INFO    | random_grid |   -> Running a9e333b3...
2026-01-26 11:44:01 | INFO    | random_grid | [Uploader] Processing batch of 1 tasks...
2026-01-26 11:44:01 | INFO    | random_grid | [DONE] Coe_Fence.rw.wdWR_Fre_Fence.w.wdWW_Rfe_DpCtrlFenceIdW | Score: -1.0000 | In-flight: 15 | Rem: 16
2026-01-26 11:44:01 | INFO    | random_grid | [DONE] Coe_Fence.rw.wdWR_Fre_Rfe_Fence.rw.rwdRW | Score: -1.0000 | In-flight: 15 | Rem: 15
2026-01-26 11:44:01 | INFO    | random_grid | [DONE] Coe_Fence.r.rwdWR_Fre_Fence.rw.wdWW_Rfe_Fence.rw.wdRW | Score: -1.0000 | In-flight: 15 | Rem: 14
2026-01-26 11:44:01 | INFO    | random_grid |   -> Running 3448c3af...
2026-01-26 11:44:01 | INFO    | random_grid | [Downloader] Processing batch of 1 tasks...
2026-01-26 11:44:01 | INFO    | random_grid | [DONE] Rfe_PodRR_Fre_PodWW_Wse | Score: -1.0000 | In-flight: 15 | Rem: 13
2026-01-26 11:44:01 | INFO    | random_grid |   -> Running 02eef23d...
2026-01-26 11:44:01 | INFO    | random_grid | [Downloader] Processing batch of 1 tasks...
2026-01-26 11:44:01 | INFO    | random_grid |   -> Running 4764b852...
2026-01-26 11:44:01 | INFO    | random_grid |   -> Running 87a0c491...
2026-01-26 11:44:01 | INFO    | random_grid |   -> Uploading e965a973...
2026-01-26 11:44:02 | INFO    | random_grid | [Uploader] Processing batch of 2 tasks...
2026-01-26 11:44:02 | INFO    | random_grid |   -> Running fd2d4b69...
2026-01-26 11:44:02 | INFO    | random_grid |   -> Running 398f32c6...
2026-01-26 11:44:02 | INFO    | random_grid | [Pipeline Status] Compile:0, Upload:2, Run:2, Down:4, Result:0
2026-01-26 11:44:02 | INFO    | random_grid |   -> Uploading 89cfc60a...
2026-01-26 11:44:02 | INFO    | random_grid | [Uploader] Processing batch of 2 tasks...
2026-01-26 11:44:02 | INFO    | random_grid | [Downloader] Processing batch of 4 tasks...
2026-01-26 11:44:02 | INFO    | random_grid | [DONE] Coe_Fence.rw.wdWR_Fre_RfLeave_Fence.rw.rwdRR_FrBack | Score: -1.0000 | In-flight: 15 | Rem: 12
2026-01-26 11:44:03 | INFO    | random_grid | [DONE] Coe_Fence.r.rwdWR_Fre_Fence.rw.wdWW_Rfe_DpAddrdW | Score: -1.0000 | In-flight: 15 | Rem: 11
2026-01-26 11:44:03 | INFO    | random_grid | [Downloader] Processing batch of 1 tasks...
2026-01-26 11:44:03 | INFO    | random_grid | [Runner] Processing batch of 3 tasks...
2026-01-26 11:44:03 | INFO    | random_grid |   -> Uploading 33948770...
2026-01-26 11:44:03 | INFO    | random_grid |   -> Uploading dbda63da...
2026-01-26 11:44:03 | INFO    | random_grid | [Uploader] Processing batch of 2 tasks...
2026-01-26 11:44:04 | INFO    | random_grid | [DONE] Rfe_PodRR_Fre_Rfe_PodRW | Score: 8364.2857 | In-flight: 15 | Rem: 10
2026-01-26 11:44:04 | INFO    | random_grid |   -> Running 6468e6c8...
2026-01-26 11:44:04 | INFO    | random_grid | [DONE] Coe_Fence.rw.wdWR_Fre_Fence.rw.rwdWR_Fre_Fence.w.wdWW | Score: -1.0000 | In-flight: 15 | Rem: 9
2026-01-26 11:44:04 | INFO    | random_grid | [DONE] Rfe_PodRWPAR_CoeARAR_PodWWARP | Score: -1.0000 | In-flight: 15 | Rem: 8
2026-01-26 11:44:04 | INFO    | random_grid | [DONE] Rfe_DpAddrdR_Fre_PosWR_Fre_PodWW | Score: 494.8718 | In-flight: 15 | Rem: 7
2026-01-26 11:44:04 | INFO    | random_grid | [DONE] Coe_Fence.r.rwdWR_Fre_Rfe_DpAddrdR_Fre | Score: -1.0000 | In-flight: 15 | Rem: 6
2026-01-26 11:44:04 | INFO    | random_grid |   -> Uploading f80c60ee...
2026-01-26 11:44:04 | INFO    | random_grid |   -> Uploading 75be8a8e...
2026-01-26 11:44:04 | INFO    | random_grid | [Uploader] Processing batch of 1 tasks...
2026-01-26 11:44:05 | INFO    | random_grid |   -> Running e965a973...
2026-01-26 11:44:05 | INFO    | random_grid | [Downloader] Processing batch of 1 tasks...
2026-01-26 11:44:05 | INFO    | random_grid |   -> Uploading 56bd8dac...
2026-01-26 11:44:05 | INFO    | random_grid |   -> Uploading b51b9b15...
2026-01-26 11:44:05 | INFO    | random_grid | [Uploader] Processing batch of 3 tasks...
2026-01-26 11:44:05 | INFO    | random_grid | [Pipeline Status] Compile:0, Upload:1, Run:6, Down:0, Result:0
2026-01-26 11:44:05 | INFO    | random_grid |   -> Running 89cfc60a...
2026-01-26 11:44:05 | INFO    | random_grid | [Downloader] Processing batch of 1 tasks...
2026-01-26 11:44:06 | INFO    | random_grid |   -> Uploading 6c66f1a3...
2026-01-26 11:44:06 | INFO    | random_grid | [Uploader] Processing batch of 1 tasks...
2026-01-26 11:44:06 | INFO    | random_grid | [DONE] Coe_Fence.r.rwdWR_Fre_Fence.w.wdWW_Rfe_DpDatadW | Score: -1.0000 | In-flight: 15 | Rem: 5
2026-01-26 11:44:06 | INFO    | random_grid |   -> Uploading 93ff2f4c...
2026-01-26 11:44:06 | INFO    | random_grid |   -> Uploading 99338759...
2026-01-26 11:44:06 | INFO    | random_grid | [Runner] Processing batch of 8 tasks...
2026-01-26 11:44:06 | INFO    | random_grid | [Downloader] Processing batch of 1 tasks...
2026-01-26 11:44:06 | INFO    | random_grid |   -> Uploading d5c7b303...
2026-01-26 11:44:06 | INFO    | random_grid | [Uploader] Processing batch of 1 tasks...
2026-01-26 11:44:07 | INFO    | random_grid |   -> Running 33948770...
2026-01-26 11:44:07 | INFO    | random_grid | [DONE] Rfe_PodRR_Fre_PodWW_RfLeave_FrBack | Score: 2.8986 | In-flight: 15 | Rem: 4
2026-01-26 11:44:07 | INFO    | random_grid |   -> Uploading 451bad81...
2026-01-26 11:44:07 | INFO    | random_grid | [Uploader] Processing batch of 1 tasks...
2026-01-26 11:44:07 | INFO    | random_grid |   -> Running dbda63da...
2026-01-26 11:44:07 | INFO    | random_grid | [Downloader] Processing batch of 1 tasks...
2026-01-26 11:44:07 | INFO    | random_grid |   -> Running f80c60ee...
2026-01-26 11:44:07 | INFO    | random_grid |   -> Running 75be8a8e...
2026-01-26 11:44:07 | INFO    | random_grid |   -> Running 56bd8dac...
2026-01-26 11:44:08 | INFO    | random_grid | [Downloader] Processing batch of 3 tasks...
2026-01-26 11:44:08 | INFO    | random_grid | [DONE] Rfe_PodRW_Rfe_DpAddrdR_Fre_PodWW | Score: 1940.0000 | In-flight: 15 | Rem: 3
2026-01-26 11:44:08 | INFO    | random_grid |   -> Uploading 8731c19d...
2026-01-26 11:44:08 | INFO    | random_grid | [Uploader] Processing batch of 1 tasks...
2026-01-26 11:44:08 | INFO    | random_grid |   -> Running b51b9b15...
2026-01-26 11:44:08 | INFO    | random_grid |   -> Running 6c66f1a3...
2026-01-26 11:44:08 | INFO    | random_grid |   -> Uploading 7fb61302...
2026-01-26 11:44:08 | INFO    | random_grid |   -> Running 93ff2f4c...
2026-01-26 11:44:08 | INFO    | random_grid | [Runner] Processing batch of 4 tasks...
2026-01-26 11:44:09 | INFO    | random_grid | [Downloader] Processing batch of 4 tasks...
2026-01-26 11:44:09 | INFO    | random_grid | [DONE] Coe_Fence.rw.wdWR_Fre_Fence.w.wdWW | Score: -1.0000 | In-flight: 15 | Rem: 2
2026-01-26 11:44:09 | INFO    | random_grid |   -> Running 99338759...
2026-01-26 11:44:09 | INFO    | random_grid | [Uploader] Processing batch of 1 tasks...
2026-01-26 11:44:09 | INFO    | random_grid | [DONE] Wse_PodWW_Wse_PodWW | Score: -1.0000 | In-flight: 15 | Rem: 1
2026-01-26 11:44:09 | INFO    | random_grid | [DONE] PodWWPAR_CoeARP_PodWRPAR_FreARP | Score: -1.0000 | In-flight: 15 | Rem: 0
2026-01-26 11:44:09 | INFO    | random_grid | [DONE] Coe_Fence.r.rwdWR_Fre_Fence.w.wdWW_Rfe_DpCtrldW | Score: -1.0000 | In-flight: 14 | Rem: 0
2026-01-26 11:44:10 | INFO    | random_grid |   -> Running d5c7b303...
2026-01-26 11:44:10 | INFO    | random_grid | [Downloader] Processing batch of 1 tasks...
2026-01-26 11:44:10 | INFO    | random_grid |   -> Running 451bad81...
2026-01-26 11:44:10 | INFO    | random_grid |   -> Running 8731c19d...
2026-01-26 11:44:10 | INFO    | random_grid | [Runner] Processing batch of 1 tasks...
2026-01-26 11:44:10 | INFO    | random_grid |   -> Uploading fcec8098...
2026-01-26 11:44:10 | INFO    | random_grid | [DONE] Rfe_PodRW_Rfe_DpAddrdW_Rfe_PodRW | Score: 1349.3827 | In-flight: 13 | Rem: 0
2026-01-26 11:44:10 | INFO    | random_grid | [DONE] Rfe_DpAddrsR_Fre_PodWW_Wse_PodWW | Score: -1.0000 | In-flight: 12 | Rem: 0
2026-01-26 11:44:10 | INFO    | random_grid | [DONE] Rfe_PodRW_Wse_PodWR_Fre_PosWW | Score: -1.0000 | In-flight: 11 | Rem: 0
2026-01-26 11:44:10 | INFO    | random_grid | [Downloader] Processing batch of 3 tasks...
2026-01-26 11:44:10 | INFO    | random_grid | [DONE] Coe_Fence.rw.wdWR_Fre_Fence.rw.wdWW_Rfe_DpAddrdW | Score: -1.0000 | In-flight: 10 | Rem: 0
2026-01-26 11:44:10 | INFO    | random_grid | [Uploader] Processing batch of 1 tasks...
2026-01-26 11:44:10 | INFO    | random_grid |   -> Uploading ac9dcad4...
2026-01-26 11:44:11 | INFO    | random_grid |   -> Running 7fb61302...
2026-01-26 11:44:11 | INFO    | random_grid | [Pipeline Status] Compile:0, Upload:0, Run:2, Down:0, Result:0
2026-01-26 11:44:11 | INFO    | random_grid | [DONE] Coe_Fence.rw.wdWR_Fre_Fence.rw.rwdWW | Score: -1.0000 | In-flight: 9 | Rem: 0
2026-01-26 11:44:11 | INFO    | random_grid |   -> Uploading d1d6dc74...
2026-01-26 11:44:11 | INFO    | random_grid | [Downloader] Processing batch of 1 tasks...
2026-01-26 11:44:11 | INFO    | random_grid | [Runner] Processing batch of 2 tasks...
2026-01-26 11:44:12 | INFO    | random_grid | [DONE] Coe_Fence.rw.wdWR_Fre_Fence.w.wdWW_Rfe_Fence.rw.rwdRW | Score: -1.0000 | In-flight: 8 | Rem: 0
2026-01-26 11:44:12 | INFO    | random_grid | [DONE] Coe_Fence.rw.wdWR_Fre_Fence.w.wdWW_Rfe_DpAddrdW | Score: -1.0000 | In-flight: 7 | Rem: 0
2026-01-26 11:44:12 | INFO    | random_grid | [DONE] Fre_RfLeave_FrBack_PodWW_Wse_PodWR | Score: -1.0000 | In-flight: 6 | Rem: 0
2026-01-26 11:44:12 | INFO    | random_grid |   -> Running fcec8098...
2026-01-26 11:44:12 | INFO    | random_grid | [DONE] Coe_Fence.r.rwdWR_Fre_RfLeave_Fence.r.rwdRR_FrBack | Score: -1.0000 | In-flight: 5 | Rem: 0
2026-01-26 11:44:13 | INFO    | random_grid |   -> Running ac9dcad4...
2026-01-26 11:44:13 | INFO    | random_grid | [Downloader] Processing batch of 1 tasks...
2026-01-26 11:44:13 | INFO    | random_grid | [Runner] Processing batch of 1 tasks...
2026-01-26 11:44:13 | INFO    | random_grid | [Downloader] Processing batch of 1 tasks...
2026-01-26 11:44:13 | INFO    | random_grid |   -> Running d1d6dc74...
2026-01-26 11:44:13 | INFO    | random_grid | [Pipeline Status] Compile:0, Upload:0, Run:0, Down:0, Result:0
2026-01-26 11:44:13 | INFO    | random_grid | [DONE] Rfe_FrLeave_RfBack_PodRR_Fre_PodWW | Score: 25.0000 | In-flight: 4 | Rem: 0
2026-01-26 11:44:14 | INFO    | random_grid | [DONE] Rfe_PodRW_Wse_Rfe_PodRR_Fre | Score: -1.0000 | In-flight: 3 | Rem: 0
2026-01-26 11:44:15 | INFO    | random_grid | [Downloader] Processing batch of 1 tasks...
2026-01-26 11:44:15 | INFO    | random_grid | [Pipeline Status] Compile:0, Upload:0, Run:0, Down:0, Result:0
2026-01-26 11:44:16 | INFO    | random_grid | [DONE] Rfe_PodRR_Fre_PodWW_Rfe_DpCtrlFenceIdW | Score: 2.6786 | In-flight: 2 | Rem: 0
2026-01-26 11:44:17 | INFO    | random_grid | [Pipeline Status] Compile:0, Upload:0, Run:0, Down:0, Result:0
2026-01-26 11:44:18 | INFO    | random_grid | [Pipeline Status] Compile:0, Upload:0, Run:0, Down:0, Result:0
2026-01-26 11:44:19 | INFO    | random_grid | [Pipeline Status] Compile:0, Upload:0, Run:0, Down:0, Result:0
2026-01-26 11:44:20 | INFO    | random_grid | [Pipeline Status] Compile:0, Upload:0, Run:0, Down:0, Result:0
2026-01-26 11:44:21 | INFO    | random_grid | [Pipeline Status] Compile:0, Upload:0, Run:0, Down:0, Result:0
2026-01-26 11:44:22 | INFO    | random_grid | [Pipeline Status] Compile:0, Upload:0, Run:0, Down:0, Result:0
2026-01-26 11:44:23 | INFO    | random_grid | [Pipeline Status] Compile:0, Upload:0, Run:0, Down:0, Result:0
2026-01-26 11:44:24 | INFO    | random_grid | [Pipeline Status] Compile:0, Upload:0, Run:0, Down:0, Result:0
2026-01-26 11:44:25 | INFO    | random_grid | [Pipeline Status] Compile:0, Upload:0, Run:0, Down:0, Result:0
2026-01-26 11:44:26 | INFO    | random_grid | [Pipeline Status] Compile:0, Upload:0, Run:0, Down:0, Result:0
2026-01-26 11:44:27 | INFO    | random_grid | [Pipeline Status] Compile:0, Upload:0, Run:0, Down:0, Result:0
2026-01-26 11:44:28 | INFO    | random_grid | [Pipeline Status] Compile:0, Upload:0, Run:0, Down:0, Result:0
2026-01-26 11:44:29 | INFO    | random_grid | [Pipeline Status] Compile:0, Upload:0, Run:0, Down:0, Result:0
2026-01-26 11:44:30 | INFO    | random_grid | [Pipeline Status] Compile:0, Upload:0, Run:0, Down:0, Result:0
2026-01-26 11:44:31 | INFO    | random_grid | [Pipeline Status] Compile:0, Upload:0, Run:0, Down:0, Result:0
2026-01-26 11:44:32 | INFO    | random_grid | [Pipeline Status] Compile:0, Upload:0, Run:0, Down:0, Result:0
2026-01-26 11:44:33 | INFO    | random_grid | [Pipeline Status] Compile:0, Upload:0, Run:0, Down:0, Result:0
2026-01-26 11:44:34 | INFO    | random_grid | [Pipeline Status] Compile:0, Upload:0, Run:0, Down:0, Result:0
2026-01-26 11:44:35 | INFO    | random_grid | [Pipeline Status] Compile:0, Upload:0, Run:0, Down:0, Result:0
2026-01-26 11:44:36 | INFO    | random_grid | [Pipeline Status] Compile:0, Upload:0, Run:0, Down:0, Result:0
2026-01-26 11:44:37 | INFO    | random_grid | [Pipeline Status] Compile:0, Upload:0, Run:0, Down:0, Result:0
2026-01-26 11:44:38 | INFO    | random_grid | [Pipeline Status] Compile:0, Upload:0, Run:0, Down:0, Result:0
2026-01-26 11:44:39 | INFO    | random_grid | [Pipeline Status] Compile:0, Upload:0, Run:0, Down:0, Result:0
2026-01-26 11:44:40 | INFO    | random_grid | [Pipeline Status] Compile:0, Upload:0, Run:0, Down:0, Result:0
2026-01-26 11:44:41 | INFO    | random_grid | [Pipeline Status] Compile:0, Upload:0, Run:0, Down:0, Result:0
2026-01-26 11:44:42 | INFO    | random_grid | [Pipeline Status] Compile:0, Upload:0, Run:0, Down:0, Result:0
2026-01-26 11:44:43 | INFO    | random_grid | [Pipeline Status] Compile:0, Upload:0, Run:0, Down:0, Result:0
2026-01-26 11:44:44 | INFO    | random_grid | [Pipeline Status] Compile:0, Upload:0, Run:0, Down:0, Result:0
2026-01-26 11:44:45 | INFO    | random_grid | [Pipeline Status] Compile:0, Upload:0, Run:0, Down:0, Result:0
2026-01-26 11:44:46 | INFO    | random_grid | [Pipeline Status] Compile:0, Upload:0, Run:0, Down:0, Result:0
2026-01-26 11:44:47 | INFO    | random_grid | [Pipeline Status] Compile:0, Upload:0, Run:0, Down:0, Result:0
2026-01-26 11:44:48 | INFO    | random_grid | [Pipeline Status] Compile:0, Upload:0, Run:0, Down:0, Result:0
2026-01-26 11:44:49 | INFO    | random_grid | [Pipeline Status] Compile:0, Upload:0, Run:0, Down:0, Result:0
2026-01-26 11:44:50 | INFO    | random_grid | [Pipeline Status] Compile:0, Upload:0, Run:0, Down:0, Result:0
2026-01-26 11:44:51 | INFO    | random_grid | [Pipeline Status] Compile:0, Upload:0, Run:0, Down:0, Result:0
2026-01-26 11:44:52 | INFO    | random_grid | [Pipeline Status] Compile:0, Upload:0, Run:0, Down:0, Result:0
2026-01-26 11:44:53 | INFO    | random_grid | [Pipeline Status] Compile:0, Upload:0, Run:0, Down:0, Result:0
2026-01-26 11:44:54 | INFO    | random_grid | [Pipeline Status] Compile:0, Upload:0, Run:0, Down:0, Result:0
2026-01-26 11:44:55 | INFO    | random_grid | [Pipeline Status] Compile:0, Upload:0, Run:0, Down:0, Result:0
2026-01-26 11:44:56 | INFO    | random_grid | [Pipeline Status] Compile:0, Upload:0, Run:0, Down:0, Result:0
2026-01-26 11:44:57 | INFO    | random_grid | [Pipeline Status] Compile:0, Upload:0, Run:0, Down:0, Result:0
2026-01-26 11:44:58 | INFO    | random_grid | [Pipeline Status] Compile:0, Upload:0, Run:0, Down:0, Result:0
2026-01-26 11:44:59 | INFO    | random_grid | [Pipeline Status] Compile:0, Upload:0, Run:0, Down:0, Result:0
