2026-01-26 14:48:43 | INFO    | validation_run | ================================================================================
2026-01-26 14:48:43 | INFO    | validation_run | Logger initialized
2026-01-26 14:48:43 | INFO    | validation_run | log_file=./make_new_litmus/log_record_random.log.20260126-144843.run.log
2026-01-26 14:48:43 | INFO    | validation_run | level=INFO
2026-01-26 14:48:43 | INFO    | validation_run | ================================================================================
2026-01-26 14:48:43 | INFO    | validation_run | Start Validation Run | JSON source: ./make_new_litmus/best_params_recommendation_robust.json
2026-01-26 14:48:43 | INFO    | validation_run | Loading recommendations from ./make_new_litmus/best_params_recommendation_robust.json...
2026-01-26 14:48:43 | INFO    | validation_run | Total validation tasks loaded: 215
2026-01-26 14:48:43 | INFO    | validation_run | Initializing Async Pipeline...
2026-01-26 14:48:43 | INFO    | validation_run | [Pipeline] Cleaning remote directory: /home/sipeed/test ...
2026-01-26 14:48:43 | INFO    | validation_run | [Pipeline] Remote environment ready.
2026-01-26 14:48:43 | INFO    | validation_run | Starting 2 compiler threads...
2026-01-26 14:48:43 | INFO    | validation_run | Starting 2 downloader threads...
2026-01-26 14:48:43 | INFO    | validation_run | === Starting Validation Execution Loop ===
2026-01-26 14:48:44 | INFO    | validation_run | [Uploader] Processing batch of 1 tasks...
2026-01-26 14:48:44 | INFO    | validation_run | [Uploader] Processing batch of 1 tasks...
2026-01-26 14:48:44 | INFO    | validation_run | [Pipeline Status] Compile:10, Upload:2, Run:0, Down:0, Result:0
2026-01-26 14:48:45 | INFO    | validation_run |   -> Uploading e8683547...
2026-01-26 14:48:45 | INFO    | validation_run |   -> Uploading 65f03ca3...
2026-01-26 14:48:45 | INFO    | validation_run | [Uploader] Processing batch of 4 tasks...
2026-01-26 14:48:45 | INFO    | validation_run | [Runner] Processing batch of 1 tasks...
2026-01-26 14:48:45 | INFO    | validation_run | [Uploader] Processing batch of 1 tasks...
2026-01-26 14:48:45 | INFO    | validation_run |   -> Running e8683547...
2026-01-26 14:48:45 | INFO    | validation_run | [Pipeline Status] Compile:6, Upload:1, Run:1, Down:0, Result:0
2026-01-26 14:48:46 | INFO    | validation_run | [Downloader] Processing batch of 1 tasks...
2026-01-26 14:48:46 | INFO    | validation_run | [Runner] Processing batch of 1 tasks...
2026-01-26 14:48:46 | INFO    | validation_run |   -> Uploading 3d7ab094...
2026-01-26 14:48:46 | INFO    | validation_run |   -> Uploading 769d3c3c...
2026-01-26 14:48:46 | INFO    | validation_run |   -> Uploading 9bbeb459...
2026-01-26 14:48:46 | INFO    | validation_run | [Uploader] Processing batch of 7 tasks...
2026-01-26 14:48:46 | INFO    | validation_run |   -> Uploading b67b13b3...
2026-01-26 14:48:46 | INFO    | validation_run |   -> Uploading 659f3285...
2026-01-26 14:48:46 | INFO    | validation_run | [Pipeline Status] Compile:0, Upload:0, Run:4, Down:0, Result:0
2026-01-26 14:48:47 | INFO    | validation_run | [Uploader] Processing batch of 1 tasks...
2026-01-26 14:48:47 | INFO    | validation_run |   -> Running 65f03ca3...
2026-01-26 14:48:47 | INFO    | validation_run | [DONE] Fre_PodWW_Wse_RfLeave_PodRW_RfBack | Act: -1.0000 | Pred: 2.0456 | Diff: -3.0456 | Rem: 199
2026-01-26 14:48:47 | INFO    | validation_run | [Runner] Processing batch of 5 tasks...
2026-01-26 14:48:47 | INFO    | validation_run | [Downloader] Processing batch of 1 tasks...
2026-01-26 14:48:47 | INFO    | validation_run |   -> Uploading 5d5a6470...
2026-01-26 14:48:47 | INFO    | validation_run |   -> Uploading 2444a82a...
2026-01-26 14:48:47 | INFO    | validation_run |   -> Uploading 2d298085...
2026-01-26 14:48:47 | INFO    | validation_run |   -> Uploading c4430aad...
2026-01-26 14:48:47 | INFO    | validation_run |   -> Uploading e28f78be...
2026-01-26 14:48:48 | INFO    | validation_run | [Uploader] Processing batch of 2 tasks...
2026-01-26 14:48:48 | INFO    | validation_run |   -> Uploading 91e1c6d3...
2026-01-26 14:48:48 | INFO    | validation_run | [Pipeline Status] Compile:0, Upload:0, Run:5, Down:0, Result:0
2026-01-26 14:48:48 | INFO    | validation_run |   -> Uploading ee2f3716...
2026-01-26 14:48:48 | INFO    | validation_run |   -> Uploading 86bd5d73...
2026-01-26 14:48:48 | INFO    | validation_run |   -> Running 3d7ab094...
2026-01-26 14:48:48 | INFO    | validation_run |   -> Running 769d3c3c...
2026-01-26 14:48:48 | INFO    | validation_run | [Downloader] Processing batch of 1 tasks...
2026-01-26 14:48:48 | INFO    | validation_run |   -> Running 9bbeb459...
2026-01-26 14:48:49 | INFO    | validation_run |   -> Running b67b13b3...
2026-01-26 14:48:49 | INFO    | validation_run | [DONE] Coe_Fence.r.rwdWR_Fre_Fence.rw.rwdWW | Act: -1.0000 | Pred: 1.6560 | Diff: -2.6560 | Rem: 198
2026-01-26 14:48:49 | INFO    | validation_run | [Downloader] Processing batch of 2 tasks...
2026-01-26 14:48:49 | INFO    | validation_run |   -> Uploading 9cc0282d...
2026-01-26 14:48:49 | INFO    | validation_run |   -> Uploading 36caf2e7...
2026-01-26 14:48:49 | INFO    | validation_run | [Uploader] Processing batch of 1 tasks...
2026-01-26 14:48:49 | INFO    | validation_run |   -> Running 659f3285...
2026-01-26 14:48:49 | INFO    | validation_run | [Runner] Processing batch of 10 tasks...
2026-01-26 14:48:50 | INFO    | validation_run | [Pipeline Status] Compile:0, Upload:0, Run:0, Down:2, Result:0
2026-01-26 14:48:50 | INFO    | validation_run | [Downloader] Processing batch of 2 tasks...
2026-01-26 14:48:50 | INFO    | validation_run | [DONE] Rfe_PodRW_Wse_PodWW  | Act: -1.0000 | Pred: 13.3962 | Diff: -14.3962 | Rem: 197
2026-01-26 14:48:50 | INFO    | validation_run |   -> Running 5d5a6470...
2026-01-26 14:48:50 | INFO    | validation_run | [DONE] Rfe_PodRW_Rfe_DpDatadW_Wse_PodWW | Act: -1.0000 | Pred: 1.2375 | Diff: -2.2375 | Rem: 196
2026-01-26 14:48:50 | INFO    | validation_run | [DONE] Coe_Fence.r.rwdWR_Fre_Rfe_Fence.r.rwdRR_Fre | Act: -1.0000 | Pred: 0.7923 | Diff: -1.7923 | Rem: 195
2026-01-26 14:48:50 | INFO    | validation_run |   -> Uploading 4ed5ad4a...
2026-01-26 14:48:50 | INFO    | validation_run | [Uploader] Processing batch of 1 tasks...
2026-01-26 14:48:50 | INFO    | validation_run |   -> Running 2444a82a...
2026-01-26 14:48:50 | INFO    | validation_run | [Downloader] Processing batch of 1 tasks...
2026-01-26 14:48:50 | INFO    | validation_run |   -> Running 2d298085...
2026-01-26 14:48:51 | INFO    | validation_run |   -> Running c4430aad...
2026-01-26 14:48:51 | INFO    | validation_run | [Uploader] Processing batch of 1 tasks...
2026-01-26 14:48:51 | INFO    | validation_run |   -> Running e28f78be...
2026-01-26 14:48:51 | INFO    | validation_run |   -> Running 91e1c6d3...
2026-01-26 14:48:51 | INFO    | validation_run |   -> Running ee2f3716...
2026-01-26 14:48:51 | INFO    | validation_run |   -> Running 86bd5d73...
2026-01-26 14:48:51 | INFO    | validation_run | [DONE] Rfe_PodRR_Fre_PodWW_Rfe_DpCtrldW | Act: 550.7246 | Pred: 0.9415 | Diff: +549.7831 | Rem: 194
2026-01-26 14:48:51 | INFO    | validation_run | [Downloader] Processing batch of 6 tasks...
2026-01-26 14:48:51 | INFO    | validation_run | [DONE] Coe_Fence.r.rwdWR_Fre_Fence.w.wdWW_Wse_Fence.rw.wdWW | Act: -1.0000 | Pred: 1.2061 | Diff: -2.2061 | Rem: 193
2026-01-26 14:48:51 | INFO    | validation_run |   -> Uploading 9791f8d1...
2026-01-26 14:48:51 | INFO    | validation_run | [Uploader] Processing batch of 1 tasks...
2026-01-26 14:48:52 | INFO    | validation_run |   -> Running 9cc0282d...
2026-01-26 14:48:52 | INFO    | validation_run |   -> Running 36caf2e7...
2026-01-26 14:48:52 | INFO    | validation_run | [Runner] Processing batch of 2 tasks...
2026-01-26 14:48:52 | INFO    | validation_run | [Downloader] Processing batch of 3 tasks...
2026-01-26 14:48:52 | INFO    | validation_run | [DONE] Rfe_Fence.rw.wdRW_Coe_Fence.rw.wdWR_Fre_Fence.rw.rwdWW | Act: -1.0000 | Pred: 0.6417 | Diff: -1.6417 | Rem: 192
2026-01-26 14:48:52 | INFO    | validation_run |   -> Running 4ed5ad4a...
2026-01-26 14:48:52 | INFO    | validation_run |   -> Uploading a3965817...
2026-01-26 14:48:52 | INFO    | validation_run | [Uploader] Processing batch of 2 tasks...
2026-01-26 14:48:52 | INFO    | validation_run | [DONE] Coe_PodWRPAR_FreARAR_PodWWARP | Act: -1.0000 | Pred: 3.2901 | Diff: -4.2901 | Rem: 191
2026-01-26 14:48:53 | INFO    | validation_run | [DONE] Rfe_DpAddrdR_Fre_PodWW_Wse_PodWW | Act: -1.0000 | Pred: 2.2816 | Diff: -3.2816 | Rem: 190
2026-01-26 14:48:53 | INFO    | validation_run | [DONE] Rfe_DpCtrldW_Wse_PodWW_Wse_PodWW | Act: -1.0000 | Pred: 0.7247 | Diff: -1.7247 | Rem: 189
2026-01-26 14:48:53 | INFO    | validation_run | [DONE] Rfe_Fence.r.rwdRW_Coe_Fence.r.rwdWR_Fre_Fence.w.wdWW | Act: -1.0000 | Pred: 0.5870 | Diff: -1.5870 | Rem: 188
2026-01-26 14:48:53 | INFO    | validation_run | [DONE] Coe_Fence.tsodWR_Fre_Fence.tsodWW | Act: -1.0000 | Pred: 1.2775 | Diff: -2.2775 | Rem: 187
2026-01-26 14:48:53 | INFO    | validation_run | [DONE] Wse_PodWW_Wse_RfLeave_PodRR_FrBack | Act: -1.0000 | Pred: 2.6288 | Diff: -3.6288 | Rem: 186
2026-01-26 14:48:53 | INFO    | validation_run |   -> Uploading 2b90febf...
2026-01-26 14:48:53 | INFO    | validation_run | [Uploader] Processing batch of 1 tasks...
2026-01-26 14:48:53 | INFO    | validation_run | [DONE] Rfe_PodRR_Fre_PodWW_Rfe_DpDatadW | Act: 3323.5294 | Pred: 1.2510 | Diff: +3322.2784 | Rem: 185
2026-01-26 14:48:53 | INFO    | validation_run | [DONE] Rfe_PodRW_Wse_PodWW_Rfe_DpAddrdW | Act: -1.0000 | Pred: 1.6518 | Diff: -2.6518 | Rem: 184
2026-01-26 14:48:53 | INFO    | validation_run | [DONE] Coe_Fence.rw.wdWR_Fre_Fence.rw.wdWW_Wse_Fence.rw.rwdWW | Act: -1.0000 | Pred: 0.6973 | Diff: -1.6973 | Rem: 183
2026-01-26 14:48:53 | INFO    | validation_run |   -> Uploading db86b87c...
2026-01-26 14:48:54 | INFO    | validation_run |   -> Running 9791f8d1...
2026-01-26 14:48:54 | INFO    | validation_run | [Downloader] Processing batch of 1 tasks...
2026-01-26 14:48:54 | INFO    | validation_run |   -> Uploading 6a179527...
2026-01-26 14:48:54 | INFO    | validation_run | [Uploader] Processing batch of 4 tasks...
2026-01-26 14:48:54 | INFO    | validation_run |   -> Uploading 24dd1795...
2026-01-26 14:48:54 | INFO    | validation_run | [Pipeline Status] Compile:1, Upload:2, Run:4, Down:0, Result:0
2026-01-26 14:48:54 | INFO    | validation_run | [Uploader] Processing batch of 4 tasks...
2026-01-26 14:48:54 | INFO    | validation_run | [DONE] Rfe_DpAddrdR_Fre_PodWR_Fre_PodWW | Act: 2444.0678 | Pred: 0.7252 | Diff: +2443.3426 | Rem: 182
2026-01-26 14:48:54 | INFO    | validation_run | [Runner] Processing batch of 5 tasks...
2026-01-26 14:48:54 | INFO    | validation_run | [Downloader] Processing batch of 1 tasks...
2026-01-26 14:48:55 | INFO    | validation_run |   -> Running a3965817...
2026-01-26 14:48:55 | INFO    | validation_run |   -> Uploading 549c401a...
2026-01-26 14:48:55 | INFO    | validation_run |   -> Uploading 5cab9636...
2026-01-26 14:48:55 | INFO    | validation_run |   -> Uploading 5c280aeb...
2026-01-26 14:48:55 | INFO    | validation_run |   -> Uploading f9220911...
2026-01-26 14:48:55 | INFO    | validation_run | [Uploader] Processing batch of 2 tasks...
2026-01-26 14:48:55 | INFO    | validation_run | [DONE] Rfe_PodRW_Rfe_PodRR_Fre_PosWW | Act: 5594.2529 | Pred: 1.4154 | Diff: +5592.8375 | Rem: 181
2026-01-26 14:48:56 | INFO    | validation_run |   -> Running 2b90febf...
2026-01-26 14:48:56 | INFO    | validation_run | [Downloader] Processing batch of 1 tasks...
2026-01-26 14:48:56 | INFO    | validation_run |   -> Uploading f169945d...
2026-01-26 14:48:56 | INFO    | validation_run |   -> Running db86b87c...
2026-01-26 14:48:56 | INFO    | validation_run | [Downloader] Processing batch of 1 tasks...
2026-01-26 14:48:56 | INFO    | validation_run |   -> Running 6a179527...
2026-01-26 14:48:56 | INFO    | validation_run |   -> Running 24dd1795...
2026-01-26 14:48:56 | INFO    | validation_run |   -> Uploading f3050015...
2026-01-26 14:48:56 | INFO    | validation_run |   -> Uploading 18cea969...
2026-01-26 14:48:56 | INFO    | validation_run |   -> Uploading 84778642...
2026-01-26 14:48:56 | INFO    | validation_run | [Uploader] Processing batch of 1 tasks...
2026-01-26 14:48:56 | INFO    | validation_run | [Pipeline Status] Compile:0, Upload:0, Run:8, Down:2, Result:0
2026-01-26 14:48:57 | INFO    | validation_run | [Runner] Processing batch of 8 tasks...
2026-01-26 14:48:57 | INFO    | validation_run |   -> Uploading c1c8e8f6...
2026-01-26 14:48:57 | INFO    | validation_run |   -> Uploading 2444a26c...
2026-01-26 14:48:57 | INFO    | validation_run | [Downloader] Processing batch of 3 tasks...
2026-01-26 14:48:57 | INFO    | validation_run | [DONE] Rfe_PodRW_Rfe_DpCtrldW_Wse_PodWW | Act: -1.0000 | Pred: 1.4081 | Diff: -2.4081 | Rem: 180
2026-01-26 14:48:57 | INFO    | validation_run |   -> Running 549c401a...
2026-01-26 14:48:57 | INFO    | validation_run | [DONE] Coe_Fence.rw.wdWR_Fre_Fence.rw.rwdWR_Fre_Fence.rw.wdWW | Act: -1.0000 | Pred: 0.9594 | Diff: -1.9594 | Rem: 179
2026-01-26 14:48:57 | INFO    | validation_run | [Uploader] Processing batch of 1 tasks...
2026-01-26 14:48:58 | INFO    | validation_run |   -> Uploading d8d191c0...
2026-01-26 14:48:58 | INFO    | validation_run | [Uploader] Processing batch of 1 tasks...
2026-01-26 14:48:58 | INFO    | validation_run |   -> Running 5cab9636...
2026-01-26 14:48:58 | INFO    | validation_run | [Downloader] Processing batch of 1 tasks...
2026-01-26 14:48:58 | INFO    | validation_run |   -> Running 5c280aeb...
2026-01-26 14:48:58 | INFO    | validation_run | [DONE] Coe_Fence.r.rwdWR_Fre_Fence.rw.rwdWR_Fre_Fence.w.wdWW | Act: -1.0000 | Pred: 1.4001 | Diff: -2.4001 | Rem: 178
2026-01-26 14:48:58 | INFO    | validation_run | [DONE] Rfe_Fence.r.rwdRW_Coe_Fence.rw.wdWR_Fre | Act: -1.0000 | Pred: 1.5939 | Diff: -2.5939 | Rem: 177
2026-01-26 14:48:58 | INFO    | validation_run |   -> Running f9220911...
2026-01-26 14:48:58 | INFO    | validation_run | [Downloader] Processing batch of 2 tasks...
2026-01-26 14:48:58 | INFO    | validation_run | [DONE] Rfe_PodRW_Rfe_PodRW_Rfe_DpDatadW | Act: 260.5263 | Pred: 1.3536 | Diff: +259.1727 | Rem: 176
2026-01-26 14:48:58 | INFO    | validation_run |   -> Uploading 68d4a883...
2026-01-26 14:48:58 | INFO    | validation_run | [Uploader] Processing batch of 1 tasks...
2026-01-26 14:48:59 | INFO    | validation_run |   -> Running f169945d...
2026-01-26 14:48:59 | INFO    | validation_run | [Pipeline Status] Compile:0, Upload:2, Run:4, Down:1, Result:0
2026-01-26 14:48:59 | INFO    | validation_run |   -> Running f3050015...
2026-01-26 14:48:59 | INFO    | validation_run |   -> Uploading 7ddb72ca...
2026-01-26 14:48:59 | INFO    | validation_run |   -> Running 18cea969...
2026-01-26 14:48:59 | INFO    | validation_run | [Uploader] Processing batch of 2 tasks...
2026-01-26 14:49:00 | INFO    | validation_run | [DONE] Coe_Fence.r.rwdWR_Fre_Fence.rw.rwdWW_Rfe_DpDatadW | Act: -1.0000 | Pred: 0.7068 | Diff: -1.7068 | Rem: 175
2026-01-26 14:49:00 | INFO    | validation_run | [Downloader] Processing batch of 3 tasks...
2026-01-26 14:49:00 | INFO    | validation_run | [DONE] Coe_Fence.rw.wdWR_Fre_RfLeave_Fence.r.rwdRR_FrBack | Act: -1.0000 | Pred: 1.0025 | Diff: -2.0025 | Rem: 174
2026-01-26 14:49:00 | INFO    | validation_run | [DONE] Rfe_Fence.r.rwdRW_Coe_Fence.r.rwdWR_Fre | Act: -1.0000 | Pred: 1.3853 | Diff: -2.3853 | Rem: 173
2026-01-26 14:49:00 | INFO    | validation_run |   -> Uploading 9f40cffc...
2026-01-26 14:49:00 | INFO    | validation_run |   -> Running 84778642...
2026-01-26 14:49:00 | INFO    | validation_run | [Downloader] Processing batch of 1 tasks...
2026-01-26 14:49:00 | INFO    | validation_run |   -> Uploading 90369237...
2026-01-26 14:49:00 | INFO    | validation_run | [Runner] Processing batch of 6 tasks...
2026-01-26 14:49:00 | INFO    | validation_run | [Uploader] Processing batch of 1 tasks...
2026-01-26 14:49:00 | INFO    | validation_run |   -> Uploading 163ad093...
2026-01-26 14:49:00 | INFO    | validation_run | [Uploader] Processing batch of 1 tasks...
2026-01-26 14:49:01 | INFO    | validation_run | [Pipeline Status] Compile:0, Upload:1, Run:2, Down:1, Result:0
2026-01-26 14:49:01 | INFO    | validation_run | [DONE] Rfe_DpAddrdR_Fre_CoLeave_Fence.rw.wdWR_FrBack | Act: 0.0000 | Pred: 2.3617 | Diff: -2.3617 | Rem: 172
2026-01-26 14:49:01 | INFO    | validation_run | [DONE] CoePAR_PodWRARP_FrePAR_PodWWARP | Act: -1.0000 | Pred: 3.2901 | Diff: -4.2901 | Rem: 171
2026-01-26 14:49:01 | INFO    | validation_run | [DONE] Coe_Fence.r.rwdWR_Fre_Rfe_Fence.rw.wdRW | Act: -1.0000 | Pred: 1.3801 | Diff: -2.3801 | Rem: 170
2026-01-26 14:49:01 | INFO    | validation_run | [Downloader] Processing batch of 1 tasks...
2026-01-26 14:49:01 | INFO    | validation_run |   -> Running c1c8e8f6...
2026-01-26 14:49:01 | INFO    | validation_run | [DONE] Rfe_PodRR_FrLeave_RfBack_Fre_PodWW | Act: 268.2927 | Pred: 1.2586 | Diff: +267.0341 | Rem: 169
2026-01-26 14:49:02 | INFO    | validation_run |   -> Uploading 6b8c5fa8...
2026-01-26 14:49:02 | INFO    | validation_run |   -> Running 2444a26c...
2026-01-26 14:49:02 | INFO    | validation_run | [Downloader] Processing batch of 1 tasks...
2026-01-26 14:49:02 | INFO    | validation_run |   -> Running d8d191c0...
2026-01-26 14:49:02 | INFO    | validation_run |   -> Running 68d4a883...
2026-01-26 14:49:02 | INFO    | validation_run | [Uploader] Processing batch of 4 tasks...
2026-01-26 14:49:02 | INFO    | validation_run |   -> Running 7ddb72ca...
2026-01-26 14:49:02 | INFO    | validation_run |   -> Uploading af78686c...
2026-01-26 14:49:02 | INFO    | validation_run | [Downloader] Processing batch of 3 tasks...
2026-01-26 14:49:02 | INFO    | validation_run | [DONE] Rfe_Fence.rw.wdRW_Coe_Fence.rw.wdWR_Fre_Fence.rw.wdWW | Act: -1.0000 | Pred: 1.5837 | Diff: -2.5837 | Rem: 168
2026-01-26 14:49:02 | INFO    | validation_run | [Uploader] Processing batch of 1 tasks...
2026-01-26 14:49:03 | INFO    | validation_run |   -> Uploading fb362d9a...
2026-01-26 14:49:03 | INFO    | validation_run | [Pipeline Status] Compile:0, Upload:1, Run:4, Down:0, Result:0
2026-01-26 14:49:03 | INFO    | validation_run |   -> Uploading 45028a15...
2026-01-26 14:49:04 | INFO    | validation_run |   -> Uploading e0798ad3...
2026-01-26 14:49:04 | INFO    | validation_run |   -> Uploading fc9c095f...
2026-01-26 14:49:04 | INFO    | validation_run | [Uploader] Processing batch of 1 tasks...
2026-01-26 14:49:04 | INFO    | validation_run | [DONE] Coe_Fence.r.rwdWR_Fre_Fence.rw.rwdWW_Wse_Fence.rw.wdWW | Act: -1.0000 | Pred: 1.2226 | Diff: -2.2226 | Rem: 167
2026-01-26 14:49:04 | INFO    | validation_run | [DONE] Coe_Fence.r.rwdWR_Fre_Fence.w.wdWW | Act: -1.0000 | Pred: 1.6527 | Diff: -2.6527 | Rem: 166
2026-01-26 14:49:04 | INFO    | validation_run | [DONE] Rfe_DpCtrlFenceIdW_Wse_PodWW_Wse_PodWW | Act: -1.0000 | Pred: 0.7265 | Diff: -1.7265 | Rem: 165
2026-01-26 14:49:04 | INFO    | validation_run | [DONE] Coe_Fence.r.rwdWR_Fre_Rfe_Fence.rw.rwdRW | Act: -1.0000 | Pred: 1.4349 | Diff: -2.4349 | Rem: 164
2026-01-26 14:49:04 | INFO    | validation_run |   -> Uploading 1df2423b...
2026-01-26 14:49:04 | INFO    | validation_run | [Uploader] Processing batch of 1 tasks...
2026-01-26 14:49:05 | INFO    | validation_run |   -> Running 9f40cffc...
2026-01-26 14:49:05 | INFO    | validation_run | [Downloader] Processing batch of 1 tasks...
2026-01-26 14:49:05 | INFO    | validation_run | [Runner] Processing batch of 9 tasks...
2026-01-26 14:49:05 | INFO    | validation_run | [Downloader] Processing batch of 1 tasks...
2026-01-26 14:49:05 | INFO    | validation_run | [Pipeline Status] Compile:0, Upload:3, Run:0, Down:0, Result:0
2026-01-26 14:49:05 | INFO    | validation_run |   -> Uploading d28b37bb...
2026-01-26 14:49:05 | INFO    | validation_run |   -> Running 90369237...
2026-01-26 14:49:05 | INFO    | validation_run | [Uploader] Processing batch of 3 tasks...
2026-01-26 14:49:06 | INFO    | validation_run |   -> Running 163ad093...
2026-01-26 14:49:06 | INFO    | validation_run |   -> Running 6b8c5fa8...
2026-01-26 14:49:06 | INFO    | validation_run |   -> Running af78686c...
2026-01-26 14:49:06 | INFO    | validation_run |   -> Running fb362d9a...
2026-01-26 14:49:06 | INFO    | validation_run |   -> Running 45028a15...
2026-01-26 14:49:06 | INFO    | validation_run |   -> Running e0798ad3...
2026-01-26 14:49:06 | INFO    | validation_run |   -> Running fc9c095f...
2026-01-26 14:49:06 | INFO    | validation_run |   -> Uploading cde6447b...
2026-01-26 14:49:06 | INFO    | validation_run | [Pipeline Status] Compile:0, Upload:0, Run:2, Down:7, Result:0
2026-01-26 14:49:06 | INFO    | validation_run | [Downloader] Processing batch of 7 tasks...
2026-01-26 14:49:06 | INFO    | validation_run | [DONE] Rfe_PodRW_Rfe_DpCtrlFenceIsR_Fre_PodWW | Act: 0.0000 | Pred: 2.9995 | Diff: -2.9995 | Rem: 163
2026-01-26 14:49:06 | INFO    | validation_run | [DONE] Coe_Fence.r.rwdWR_Fre_Fence.rw.rwdWR_Fre | Act: -1.0000 | Pred: 1.4190 | Diff: -2.4190 | Rem: 162
2026-01-26 14:49:07 | INFO    | validation_run |   -> Uploading e6541765...
2026-01-26 14:49:07 | INFO    | validation_run | [Uploader] Processing batch of 1 tasks...
2026-01-26 14:49:07 | INFO    | validation_run |   -> Uploading 1729ff39...
2026-01-26 14:49:07 | INFO    | validation_run |   -> Uploading 2d35e854...
2026-01-26 14:49:07 | INFO    | validation_run | [Uploader] Processing batch of 1 tasks...
2026-01-26 14:49:07 | INFO    | validation_run |   -> Running 1df2423b...
2026-01-26 14:49:07 | INFO    | validation_run | [Downloader] Processing batch of 1 tasks...
2026-01-26 14:49:07 | INFO    | validation_run | [Pipeline Status] Compile:0, Upload:0, Run:5, Down:0, Result:0
2026-01-26 14:49:07 | INFO    | validation_run | [DONE] Coe_Fence.r.rwdWR_Fre_RfLeave_Fence.rw.rwdRR_FrBack | Act: -1.0000 | Pred: 0.8978 | Diff: -1.8978 | Rem: 161
2026-01-26 14:49:07 | INFO    | validation_run | [DONE] PodWWPAR_CoeARAR_PodWRARAR_FreARP | Act: -1.0000 | Pred: 3.2901 | Diff: -4.2901 | Rem: 160
2026-01-26 14:49:08 | INFO    | validation_run | [DONE] Coe_Fence.r.rwdWR_Fre_Fence.rw.rwdWW_Rfe_DpCtrldW | Act: -1.0000 | Pred: 0.6470 | Diff: -1.6470 | Rem: 159
2026-01-26 14:49:08 | INFO    | validation_run | [DONE] Rfe_PodRW_Wse_PodWW_RfLeave_FrBack | Act: -1.0000 | Pred: 8.3100 | Diff: -9.3100 | Rem: 158
2026-01-26 14:49:08 | INFO    | validation_run | [DONE] Rfe_DpAddrdW_Wse_PodWW_Wse_PodWW | Act: -1.0000 | Pred: 3.8814 | Diff: -4.8814 | Rem: 157
2026-01-26 14:49:08 | INFO    | validation_run | [DONE] Coe_Fence.rw.wdWR_Fre_RfLeave_DpAddrdR_FrBack | Act: -1.0000 | Pred: 2.2174 | Diff: -3.2174 | Rem: 156
2026-01-26 14:49:08 | INFO    | validation_run | [DONE] Fre_PodWW_Wse_PodWR  | Act: -1.0000 | Pred: 3.2901 | Diff: -4.2901 | Rem: 155
2026-01-26 14:49:08 | INFO    | validation_run |   -> Uploading f7aaf64a...
2026-01-26 14:49:08 | INFO    | validation_run | [Runner] Processing batch of 6 tasks...
2026-01-26 14:49:08 | INFO    | validation_run | [Downloader] Processing batch of 1 tasks...
2026-01-26 14:49:08 | INFO    | validation_run | [Uploader] Processing batch of 1 tasks...
2026-01-26 14:49:08 | INFO    | validation_run |   -> Uploading af0e4652...
2026-01-26 14:49:08 | INFO    | validation_run | [Uploader] Processing batch of 1 tasks...
2026-01-26 14:49:09 | INFO    | validation_run | [DONE] Rfe_PodRW_Rfe_DpAddrsR_Fre_PodWW | Act: 767.2566 | Pred: 2.2601 | Diff: +764.9965 | Rem: 154
2026-01-26 14:49:09 | INFO    | validation_run |   -> Running d28b37bb...
2026-01-26 14:49:09 | INFO    | validation_run |   -> Uploading a343ed2e...
2026-01-26 14:49:10 | INFO    | validation_run |   -> Running cde6447b...
2026-01-26 14:49:10 | INFO    | validation_run | [Downloader] Processing batch of 1 tasks...
2026-01-26 14:49:10 | INFO    | validation_run | [Pipeline Status] Compile:0, Upload:6, Run:1, Down:0, Result:0
2026-01-26 14:49:10 | INFO    | validation_run | [Uploader] Processing batch of 6 tasks...
2026-01-26 14:49:10 | INFO    | validation_run | [DONE] Rfe_PodRW_Rfe_FrLeave_RfBack_PodRW | Act: 0.0000 | Pred: 0.8223 | Diff: -0.8223 | Rem: 153
2026-01-26 14:49:10 | INFO    | validation_run |   -> Uploading 9f05c010...
2026-01-26 14:49:10 | INFO    | validation_run | [Uploader] Processing batch of 1 tasks...
2026-01-26 14:49:10 | INFO    | validation_run |   -> Running e6541765...
2026-01-26 14:49:10 | INFO    | validation_run | [Downloader] Processing batch of 1 tasks...
2026-01-26 14:49:10 | INFO    | validation_run |   -> Running 1729ff39...
2026-01-26 14:49:11 | INFO    | validation_run | [Pipeline Status] Compile:0, Upload:0, Run:3, Down:1, Result:0
2026-01-26 14:49:11 | INFO    | validation_run | [Downloader] Processing batch of 1 tasks...
2026-01-26 14:49:11 | INFO    | validation_run | [DONE] Coe_Fence.rw.wdWR_Fre_Rfe_DpDatadW | Act: -1.0000 | Pred: 1.3816 | Diff: -2.3816 | Rem: 152
2026-01-26 14:49:11 | INFO    | validation_run |   -> Uploading 0d6f5113...
2026-01-26 14:49:11 | INFO    | validation_run |   -> Running 2d35e854...
2026-01-26 14:49:11 | INFO    | validation_run |   -> Uploading 4bd286fb...
2026-01-26 14:49:11 | INFO    | validation_run |   -> Running f7aaf64a...
2026-01-26 14:49:11 | INFO    | validation_run | [Runner] Processing batch of 3 tasks...
2026-01-26 14:49:11 | INFO    | validation_run | [Uploader] Processing batch of 1 tasks...
2026-01-26 14:49:11 | INFO    | validation_run |   -> Uploading 06553683...
2026-01-26 14:49:11 | INFO    | validation_run | [Downloader] Processing batch of 3 tasks...
2026-01-26 14:49:11 | INFO    | validation_run | [DONE] Rfe_Fence.rw.rwdRR_Fre_CoLeave_Fence.r.rwdWR_FrBack | Act: 0.0000 | Pred: 0.8978 | Diff: -0.8978 | Rem: 151
2026-01-26 14:49:12 | INFO    | validation_run |   -> Uploading 393032d3...
2026-01-26 14:49:12 | INFO    | validation_run |   -> Uploading 55551f9f...
2026-01-26 14:49:12 | INFO    | validation_run |   -> Uploading af4ea5d8...
2026-01-26 14:49:12 | INFO    | validation_run |   -> Uploading 5e359355...
2026-01-26 14:49:12 | INFO    | validation_run | [Uploader] Processing batch of 1 tasks...
2026-01-26 14:49:12 | INFO    | validation_run | [DONE] Rfe_PodRW_Rfe_DpCtrlFenceIdW_Wse_PodWW | Act: -1.0000 | Pred: 1.1870 | Diff: -2.1870 | Rem: 150
2026-01-26 14:49:12 | INFO    | validation_run |   -> Running af0e4652...
2026-01-26 14:49:13 | INFO    | validation_run |   -> Running a343ed2e...
2026-01-26 14:49:13 | INFO    | validation_run | [Downloader] Processing batch of 1 tasks...
2026-01-26 14:49:13 | INFO    | validation_run |   -> Running 9f05c010...
2026-01-26 14:49:13 | INFO    | validation_run | [Runner] Processing batch of 7 tasks...
2026-01-26 14:49:13 | INFO    | validation_run |   -> Uploading 038305da...
2026-01-26 14:49:13 | INFO    | validation_run | [Uploader] Processing batch of 1 tasks...
2026-01-26 14:49:13 | INFO    | validation_run | [Pipeline Status] Compile:0, Upload:0, Run:1, Down:2, Result:0
2026-01-26 14:49:13 | INFO    | validation_run | [DONE] Rfe_PodRR_Fre_PodWR_Fre_PosWW | Act: 15378.9474 | Pred: 1.0477 | Diff: +15377.8996 | Rem: 149
2026-01-26 14:49:13 | INFO    | validation_run | [DONE] Coe_Fence.rw.wdWR_Fre_Fence.rw.rwdWR_Fre | Act: -1.0000 | Pred: 1.2862 | Diff: -2.2862 | Rem: 148
2026-01-26 14:49:13 | INFO    | validation_run | [Downloader] Processing batch of 2 tasks...
2026-01-26 14:49:13 | INFO    | validation_run | [DONE] PodWRPAR_FreARAR_PodWWARAR_CoeARP | Act: -1.0000 | Pred: 3.2901 | Diff: -4.2901 | Rem: 147
2026-01-26 14:49:13 | INFO    | validation_run |   -> Uploading 929e6941...
2026-01-26 14:49:14 | INFO    | validation_run | [Uploader] Processing batch of 1 tasks...
2026-01-26 14:49:14 | INFO    | validation_run |   -> Running 0d6f5113...
2026-01-26 14:49:14 | INFO    | validation_run | [DONE] Coe_Fence.rw.wdWR_Fre_Fence.rw.rwdWW_Rfe_DpDatadW | Act: -1.0000 | Pred: 1.4099 | Diff: -2.4099 | Rem: 146
2026-01-26 14:49:14 | INFO    | validation_run |   -> Running 4bd286fb...
2026-01-26 14:49:14 | INFO    | validation_run | [Downloader] Processing batch of 1 tasks...
2026-01-26 14:49:14 | INFO    | validation_run |   -> Running 06553683...
2026-01-26 14:49:14 | INFO    | validation_run |   -> Running 393032d3...
2026-01-26 14:49:14 | INFO    | validation_run |   -> Running 55551f9f...
2026-01-26 14:49:14 | INFO    | validation_run |   -> Running af4ea5d8...
2026-01-26 14:49:14 | INFO    | validation_run |   -> Running 5e359355...
2026-01-26 14:49:14 | INFO    | validation_run | [DONE] Rfe_DpCtrldW_Wse_PodWR_Fre_PodWW | Act: -1.0000 | Pred: 1.7958 | Diff: -2.7958 | Rem: 145
2026-01-26 14:49:14 | INFO    | validation_run | [Downloader] Processing batch of 5 tasks...
2026-01-26 14:49:14 | INFO    | validation_run | [DONE] Coe_Fence.r.rwdWR_Fre_Fence.rw.wdWW_Rfe_Fence.rw.rwdRW | Act: -1.0000 | Pred: 0.6249 | Diff: -1.6249 | Rem: 144
2026-01-26 14:49:15 | INFO    | validation_run |   -> Uploading 9eac4a23...
2026-01-26 14:49:15 | INFO    | validation_run |   -> Uploading 058c5ab2...
2026-01-26 14:49:15 | INFO    | validation_run | [Uploader] Processing batch of 5 tasks...
2026-01-26 14:49:15 | INFO    | validation_run | [Runner] Processing batch of 4 tasks...
2026-01-26 14:49:15 | INFO    | validation_run | [Pipeline Status] Compile:0, Upload:0, Run:0, Down:1, Result:0
2026-01-26 14:49:16 | INFO    | validation_run | [Downloader] Processing batch of 1 tasks...
2026-01-26 14:49:16 | INFO    | validation_run | [DONE] Coe_Fence.r.rwdWR_Fre_Fence.rw.wdWW_Wse_Fence.rw.rwdWW | Act: -1.0000 | Pred: 1.2226 | Diff: -2.2226 | Rem: 143
2026-01-26 14:49:16 | INFO    | validation_run |   -> Running 038305da...
2026-01-26 14:49:16 | INFO    | validation_run | [Uploader] Processing batch of 1 tasks...
2026-01-26 14:49:16 | INFO    | validation_run | [DONE] Rfe_Fence.r.rwdRW_Coe_Fence.rw.wdWR_Fre_Fence.rw.wdWW | Act: -1.0000 | Pred: 0.6328 | Diff: -1.6328 | Rem: 142
2026-01-26 14:49:16 | INFO    | validation_run | [DONE] Fre_RfLeave_PodRR_FrBack_Wse_PodWR | Act: -1.0000 | Pred: 1.2480 | Diff: -2.2480 | Rem: 141
2026-01-26 14:49:16 | INFO    | validation_run |   -> Uploading 95fc62d2...
2026-01-26 14:49:16 | INFO    | validation_run | [DONE] Coe_Fence.r.rwdWR_Fre_Fence.w.wdWW_Rfe_Fence.rw.wdRW | Act: -1.0000 | Pred: 0.6218 | Diff: -1.6218 | Rem: 140
2026-01-26 14:49:16 | INFO    | validation_run | [DONE] Coe_Fence.r.rwdWR_Fre_Fence.rw.rwdWW_Rfe_DpAddrdW | Act: -1.0000 | Pred: 1.4716 | Diff: -2.4716 | Rem: 139
2026-01-26 14:49:16 | INFO    | validation_run | [DONE] Coe_Fence.r.rwdWR_Fre_Fence.rw.rwdWW_Wse_Fence.w.wdWW | Act: -1.0000 | Pred: 1.2378 | Diff: -2.2378 | Rem: 138
2026-01-26 14:49:16 | INFO    | validation_run |   -> Uploading 2d6f9252...
2026-01-26 14:49:16 | INFO    | validation_run |   -> Uploading 44f9a3a6...
2026-01-26 14:49:16 | INFO    | validation_run |   -> Uploading 7ac142d1...
2026-01-26 14:49:16 | INFO    | validation_run |   -> Running 929e6941...
2026-01-26 14:49:16 | INFO    | validation_run | [Downloader] Processing batch of 1 tasks...
2026-01-26 14:49:17 | INFO    | validation_run |   -> Running 058c5ab2...
2026-01-26 14:49:17 | INFO    | validation_run |   -> Running 9eac4a23...
2026-01-26 14:49:17 | INFO    | validation_run |   -> Uploading 5348ba03...
2026-01-26 14:49:17 | INFO    | validation_run | [Runner] Processing batch of 4 tasks...
2026-01-26 14:49:17 | INFO    | validation_run | [DONE] Rfe_PodRR_Fre_PosWW_Rfe_PodRW | Act: 5104.4444 | Pred: 1.4154 | Diff: +5103.0291 | Rem: 137
2026-01-26 14:49:17 | INFO    | validation_run | [Downloader] Processing batch of 3 tasks...
2026-01-26 14:49:17 | INFO    | validation_run | [Uploader] Processing batch of 2 tasks...
2026-01-26 14:49:17 | INFO    | validation_run |   -> Uploading a6f85f4c...
2026-01-26 14:49:17 | INFO    | validation_run | [Uploader] Processing batch of 2 tasks...
2026-01-26 14:49:17 | INFO    | validation_run |   -> Running 95fc62d2...
2026-01-26 14:49:18 | INFO    | validation_run | [DONE] Rfe_Fence.r.rwdRW_Coe_Fence.rw.wdWR_Fre_Fence.rw.rwdWW | Act: -1.0000 | Pred: 0.5940 | Diff: -1.5940 | Rem: 136
2026-01-26 14:49:18 | INFO    | validation_run | [DONE] Rfe_DpDatadW_Wse_PodWW_Wse_PodWW | Act: -1.0000 | Pred: 3.9279 | Diff: -4.9279 | Rem: 135
2026-01-26 14:49:18 | INFO    | validation_run | [DONE] Coe_Fence.rw.wdWR_Fre_Fence.rw.wdWW_Rfe_DpCtrldW | Act: -1.0000 | Pred: 1.3128 | Diff: -2.3128 | Rem: 134
2026-01-26 14:49:18 | INFO    | validation_run | [DONE] Coe_Fence.r.rwdWR_Fre_Fence.rw.wdWW_Wse_Fence.w.wdWW | Act: -1.0000 | Pred: 1.2061 | Diff: -2.2061 | Rem: 133
2026-01-26 14:49:18 | INFO    | validation_run |   -> Running 2d6f9252...
2026-01-26 14:49:18 | INFO    | validation_run | [Downloader] Processing batch of 1 tasks...
2026-01-26 14:49:19 | INFO    | validation_run |   -> Uploading 2e85c361...
2026-01-26 14:49:19 | INFO    | validation_run |   -> Uploading 2360dd87...
2026-01-26 14:49:19 | INFO    | validation_run |   -> Uploading 1f622290...
2026-01-26 14:49:19 | INFO    | validation_run | [Pipeline Status] Compile:0, Upload:6, Run:3, Down:0, Result:0
2026-01-26 14:49:19 | INFO    | validation_run |   -> Uploading b83e8833...
2026-01-26 14:49:19 | INFO    | validation_run |   -> Running 44f9a3a6...
2026-01-26 14:49:19 | INFO    | validation_run | [Downloader] Processing batch of 1 tasks...
2026-01-26 14:49:19 | INFO    | validation_run |   -> Running 7ac142d1...
2026-01-26 14:49:19 | INFO    | validation_run | [Uploader] Processing batch of 6 tasks...
2026-01-26 14:49:19 | INFO    | validation_run | [Downloader] Processing batch of 1 tasks...
2026-01-26 14:49:19 | INFO    | validation_run | [DONE] Coe_Fence.rw.wdWR_Fre_Fence.rw.rwdWW_Rfe_Fence.rw.rwdRW | Act: -1.0000 | Pred: 0.6266 | Diff: -1.6266 | Rem: 132
2026-01-26 14:49:19 | INFO    | validation_run | [Uploader] Processing batch of 1 tasks...
2026-01-26 14:49:20 | INFO    | validation_run | [Runner] Processing batch of 6 tasks...
2026-01-26 14:49:20 | INFO    | validation_run | [Downloader] Processing batch of 1 tasks...
2026-01-26 14:49:20 | INFO    | validation_run | [DONE] Rfe_PodRR_Fre_RfLeave_PodRR_FrBack | Act: 129.6296 | Pred: 0.9412 | Diff: +128.6884 | Rem: 131
2026-01-26 14:49:20 | INFO    | validation_run |   -> Uploading a4729ce0...
2026-01-26 14:49:20 | INFO    | validation_run |   -> Uploading a50d12c9...
2026-01-26 14:49:20 | INFO    | validation_run |   -> Uploading 2dddbf47...
2026-01-26 14:49:20 | INFO    | validation_run |   -> Uploading 695e20c5...
2026-01-26 14:49:20 | INFO    | validation_run | [DONE] Coe_Fence.rw.wdWR_Fre_Fence.rw.rwdWW_Rfe_DpCtrldW | Act: -1.0000 | Pred: 2.1857 | Diff: -3.1857 | Rem: 130
2026-01-26 14:49:20 | INFO    | validation_run |   -> Running 5348ba03...
2026-01-26 14:49:20 | INFO    | validation_run |   -> Uploading 02d63e12...
2026-01-26 14:49:20 | INFO    | validation_run |   -> Uploading 449d1eb7...
2026-01-26 14:49:21 | INFO    | validation_run | [Uploader] Processing batch of 1 tasks...
2026-01-26 14:49:21 | INFO    | validation_run |   -> Uploading 63c7e105...
2026-01-26 14:49:21 | INFO    | validation_run | [Uploader] Processing batch of 1 tasks...
2026-01-26 14:49:21 | INFO    | validation_run | [DONE] Rfe_PodRW_Rfe_PodRW_Rfe_DpCtrldW | Act: 112.6582 | Pred: 0.6902 | Diff: +111.9680 | Rem: 129
2026-01-26 14:49:22 | INFO    | validation_run |   -> Running a6f85f4c...
2026-01-26 14:49:22 | INFO    | validation_run | [Downloader] Processing batch of 1 tasks...
2026-01-26 14:49:22 | INFO    | validation_run |   -> Uploading 90a04176...
2026-01-26 14:49:22 | INFO    | validation_run | [Uploader] Processing batch of 1 tasks...
2026-01-26 14:49:22 | INFO    | validation_run |   -> Uploading c871ea03...
2026-01-26 14:49:22 | INFO    | validation_run |   -> Running 2e85c361...
2026-01-26 14:49:22 | INFO    | validation_run | [Downloader] Processing batch of 1 tasks...
2026-01-26 14:49:22 | INFO    | validation_run |   -> Running 2360dd87...
2026-01-26 14:49:22 | INFO    | validation_run | [Pipeline Status] Compile:0, Upload:0, Run:9, Down:1, Result:0
2026-01-26 14:49:22 | INFO    | validation_run |   -> Running 1f622290...
2026-01-26 14:49:22 | INFO    | validation_run |   -> Running b83e8833...
2026-01-26 14:49:22 | INFO    | validation_run | [Runner] Processing batch of 9 tasks...
2026-01-26 14:49:22 | INFO    | validation_run | [DONE] Rfe_PodRW_Rfe_PodRW_Rfe_DpAddrdW | Act: 877.3585 | Pred: 1.2598 | Diff: +876.0987 | Rem: 128
2026-01-26 14:49:22 | INFO    | validation_run | [Downloader] Processing batch of 4 tasks...
2026-01-26 14:49:23 | INFO    | validation_run |   -> Running a4729ce0...
2026-01-26 14:49:23 | INFO    | validation_run | [Uploader] Processing batch of 1 tasks...
2026-01-26 14:49:23 | INFO    | validation_run |   -> Uploading c5406afb...
2026-01-26 14:49:23 | INFO    | validation_run | [DONE] Rfe_PosRR_Fre_PodWW_Rfe_DpCtrldW | Act: 113.3333 | Pred: 1.5798 | Diff: +111.7535 | Rem: 127
2026-01-26 14:49:23 | INFO    | validation_run |   -> Running a50d12c9...
2026-01-26 14:49:23 | INFO    | validation_run | [Downloader] Processing batch of 1 tasks...
2026-01-26 14:49:23 | INFO    | validation_run |   -> Running 2dddbf47...
2026-01-26 14:49:23 | INFO    | validation_run |   -> Running 695e20c5...
2026-01-26 14:49:23 | INFO    | validation_run |   -> Running 02d63e12...
2026-01-26 14:49:23 | INFO    | validation_run |   -> Running 449d1eb7...
2026-01-26 14:49:23 | INFO    | validation_run | [DONE] Coe_Fence.rw.wdWR_Fre_Fence.w.wdWW_Rfe_DpCtrldW | Act: -1.0000 | Pred: 2.3223 | Diff: -3.3223 | Rem: 126
2026-01-26 14:49:23 | INFO    | validation_run | [DONE] Coe_Fence.rw.wdWR_Fre_Fence.rw.rwdWW_Wse_Fence.rw.wdWW | Act: -1.0000 | Pred: 0.6973 | Diff: -1.6973 | Rem: 125
2026-01-26 14:49:23 | INFO    | validation_run | [Uploader] Processing batch of 1 tasks...
2026-01-26 14:49:23 | INFO    | validation_run | [DONE] Rfe_DpCtrlFenceIsR_Fre_PodWW_Wse_PodWW | Act: -1.0000 | Pred: 2.7496 | Diff: -3.7496 | Rem: 124
2026-01-26 14:49:23 | INFO    | validation_run | [DONE] Rfe_PosRW_Rfe_PodRW_Wse_PodWW | Act: -1.0000 | Pred: 0.7434 | Diff: -1.7434 | Rem: 123
2026-01-26 14:49:23 | INFO    | validation_run | [Downloader] Processing batch of 4 tasks...
2026-01-26 14:49:24 | INFO    | validation_run |   -> Uploading 59d9a2a3...
2026-01-26 14:49:24 | INFO    | validation_run | [Uploader] Processing batch of 2 tasks...
2026-01-26 14:49:24 | INFO    | validation_run | [Pipeline Status] Compile:0, Upload:2, Run:2, Down:0, Result:0
2026-01-26 14:49:25 | INFO    | validation_run | [DONE] Coe_Fence.r.rwdWR_Fre_Fence.w.wdWW_Rfe_DpAddrdW | Act: -1.0000 | Pred: 0.6702 | Diff: -1.6702 | Rem: 122
2026-01-26 14:49:25 | INFO    | validation_run |   -> Uploading 4da4aabc...
2026-01-26 14:49:25 | INFO    | validation_run | [DONE] RfePAR_PodRWARAR_CoeARAR_PodWWARP | Act: -1.0000 | Pred: 13.3962 | Diff: -14.3962 | Rem: 121
2026-01-26 14:49:25 | INFO    | validation_run | [DONE] Rfe_PodRW_Wse_Rfe_PodRW | Act: -1.0000 | Pred: 1.3309 | Diff: -2.3309 | Rem: 120
2026-01-26 14:49:25 | INFO    | validation_run | [DONE] Coe_Fence.rw.wdWR_Fre_Fence.w.wdWW_Wse_Fence.rw.wdWW | Act: -1.0000 | Pred: 2.0712 | Diff: -3.0712 | Rem: 119
2026-01-26 14:49:25 | INFO    | validation_run | [DONE] Coe_Fence.rw.wdWR_Fre_Rfe_Fence.rw.rwdRR_Fre | Act: -1.0000 | Pred: 1.0556 | Diff: -2.0556 | Rem: 118
2026-01-26 14:49:25 | INFO    | validation_run | [Uploader] Processing batch of 3 tasks...
2026-01-26 14:49:25 | INFO    | validation_run |   -> Uploading 147c2db5...
2026-01-26 14:49:26 | INFO    | validation_run |   -> Uploading da800c4f...
2026-01-26 14:49:26 | INFO    | validation_run | [Uploader] Processing batch of 2 tasks...
2026-01-26 14:49:26 | INFO    | validation_run |   -> Running 63c7e105...
2026-01-26 14:49:26 | INFO    | validation_run | [Downloader] Processing batch of 1 tasks...
2026-01-26 14:49:26 | INFO    | validation_run |   -> Running 90a04176...
2026-01-26 14:49:26 | INFO    | validation_run | [Downloader] Processing batch of 1 tasks...
2026-01-26 14:49:26 | INFO    | validation_run |   -> Running c871ea03...
2026-01-26 14:49:26 | INFO    | validation_run | [Runner] Processing batch of 5 tasks...
2026-01-26 14:49:26 | INFO    | validation_run | [Pipeline Status] Compile:0, Upload:2, Run:0, Down:2, Result:0
2026-01-26 14:49:27 | INFO    | validation_run |   -> Uploading 68e3ff8a...
2026-01-26 14:49:27 | INFO    | validation_run |   -> Running c5406afb...
2026-01-26 14:49:27 | INFO    | validation_run |   -> Uploading 1fc0f052...
2026-01-26 14:49:27 | INFO    | validation_run |   -> Uploading 05216ade...
2026-01-26 14:49:27 | INFO    | validation_run | [Downloader] Processing batch of 2 tasks...
2026-01-26 14:49:27 | INFO    | validation_run | [DONE] Rfe_DpCtrlFenceIsR_Fre_PodWR_Fre_PodWW | Act: 0.0000 | Pred: 1.2892 | Diff: -1.2892 | Rem: 117
2026-01-26 14:49:27 | INFO    | validation_run | [Uploader] Processing batch of 2 tasks...
2026-01-26 14:49:27 | INFO    | validation_run |   -> Running 59d9a2a3...
2026-01-26 14:49:27 | INFO    | validation_run |   -> Running 4da4aabc...
2026-01-26 14:49:27 | INFO    | validation_run |   -> Running 147c2db5...
2026-01-26 14:49:27 | INFO    | validation_run |   -> Uploading 6cf6f7df...
2026-01-26 14:49:27 | INFO    | validation_run |   -> Uploading fb34939f...
2026-01-26 14:49:28 | INFO    | validation_run | [Uploader] Processing batch of 1 tasks...
2026-01-26 14:49:28 | INFO    | validation_run | [Downloader] Processing batch of 3 tasks...
2026-01-26 14:49:28 | INFO    | validation_run | [DONE] Coe_Fence.r.rwdWR_Fre_Fence.rw.wdWW | Act: -1.0000 | Pred: 1.5679 | Diff: -2.5679 | Rem: 116
2026-01-26 14:49:28 | INFO    | validation_run |   -> Uploading 6bc08ca5...
2026-01-26 14:49:28 | INFO    | validation_run |   -> Running da800c4f...
2026-01-26 14:49:28 | INFO    | validation_run |   -> Uploading 4260a26a...
2026-01-26 14:49:28 | INFO    | validation_run | [Uploader] Processing batch of 1 tasks...
2026-01-26 14:49:28 | INFO    | validation_run | [DONE] Coe_Fence.r.rwdWR_Fre_Fence.w.wdWW_Wse_Fence.rw.rwdWW | Act: -1.0000 | Pred: 1.2378 | Diff: -2.2378 | Rem: 115
2026-01-26 14:49:28 | INFO    | validation_run | [Downloader] Processing batch of 1 tasks...
2026-01-26 14:49:28 | INFO    | validation_run | [DONE] Coe_Fence.r.rwdWR_Fre_Rfe_Fence.rw.rwdRR_Fre | Act: -1.0000 | Pred: 0.8737 | Diff: -1.8737 | Rem: 114
2026-01-26 14:49:29 | INFO    | validation_run |   -> Uploading 74a43b94...
2026-01-26 14:49:29 | INFO    | validation_run | [Runner] Processing batch of 7 tasks...
2026-01-26 14:49:29 | INFO    | validation_run | [Uploader] Processing batch of 2 tasks...
2026-01-26 14:49:29 | INFO    | validation_run | [DONE] CoeARAR_PodWWARAR_RfeARAR_PodRWARAR | Act: -1.0000 | Pred: 13.3962 | Diff: -14.3962 | Rem: 113
2026-01-26 14:49:29 | INFO    | validation_run |   -> Uploading a08be565...
2026-01-26 14:49:29 | INFO    | validation_run | [DONE] Rfe_PodRW_Wse_Rfe_PodRW_Wse | Act: -1.0000 | Pred: 1.2619 | Diff: -2.2619 | Rem: 112
2026-01-26 14:49:29 | INFO    | validation_run | [Downloader] Processing batch of 1 tasks...
2026-01-26 14:49:29 | INFO    | validation_run | [DONE] FrePAR_PodWWARAR_CoeARAR_PodWRARP | Act: -1.0000 | Pred: 3.2901 | Diff: -4.2901 | Rem: 111
2026-01-26 14:49:29 | INFO    | validation_run |   -> Running 68e3ff8a...
2026-01-26 14:49:29 | INFO    | validation_run | [Uploader] Processing batch of 1 tasks...
2026-01-26 14:49:30 | INFO    | validation_run | [DONE] Rfe_PodRW_Rfe_DpCtrldW_Rfe_PodRW | Act: 458.3333 | Pred: 0.6902 | Diff: +457.6431 | Rem: 110
2026-01-26 14:49:30 | INFO    | validation_run |   -> Running 1fc0f052...
2026-01-26 14:49:30 | INFO    | validation_run | [Downloader] Processing batch of 1 tasks...
2026-01-26 14:49:30 | INFO    | validation_run |   -> Running 05216ade...
2026-01-26 14:49:30 | INFO    | validation_run |   -> Running 6cf6f7df...
2026-01-26 14:49:30 | INFO    | validation_run |   -> Running fb34939f...
2026-01-26 14:49:30 | INFO    | validation_run |   -> Uploading 421812a5...
2026-01-26 14:49:30 | INFO    | validation_run | [Downloader] Processing batch of 3 tasks...
2026-01-26 14:49:30 | INFO    | validation_run | [DONE] Rfe_PodRW_Rfe_PodRW_RfLeave_FrBack | Act: 1.2821 | Pred: 1.8874 | Diff: -0.6054 | Rem: 109
2026-01-26 14:49:30 | INFO    | validation_run |   -> Uploading a66fa235...
2026-01-26 14:49:30 | INFO    | validation_run |   -> Uploading 66d1c709...
2026-01-26 14:49:31 | INFO    | validation_run | [Uploader] Processing batch of 3 tasks...
2026-01-26 14:49:31 | INFO    | validation_run | [Uploader] Processing batch of 1 tasks...
2026-01-26 14:49:31 | INFO    | validation_run | [DONE] Coe_Fence.r.rwdWR_Fre_Fence.rw.wdWW_Rfe_DpCtrldW | Act: -1.0000 | Pred: 0.5705 | Diff: -1.5705 | Rem: 108
2026-01-26 14:49:31 | INFO    | validation_run |   -> Running 6bc08ca5...
2026-01-26 14:49:31 | INFO    | validation_run | [Downloader] Processing batch of 1 tasks...
2026-01-26 14:49:31 | INFO    | validation_run |   -> Running 4260a26a...
2026-01-26 14:49:31 | INFO    | validation_run | [Runner] Processing batch of 5 tasks...
2026-01-26 14:49:31 | INFO    | validation_run | [DONE] Rfe_PodRW_Rfe_PodRW_Wse | Act: -1.0000 | Pred: 1.3309 | Diff: -2.3309 | Rem: 107
2026-01-26 14:49:31 | INFO    | validation_run | [DONE] Coe_Fence.rw.wdWR_Fre_Fence.w.wdWW_Wse_Fence.rw.rwdWW | Act: -1.0000 | Pred: 1.5070 | Diff: -2.5070 | Rem: 106
2026-01-26 14:49:31 | INFO    | validation_run | [Downloader] Processing batch of 2 tasks...
2026-01-26 14:49:31 | INFO    | validation_run | [DONE] Coe_Fence.r.rwdWR_Fre_Fence.rw.wdWW_Rfe_DpCtrlFenceIdW | Act: -1.0000 | Pred: 0.6132 | Diff: -1.6132 | Rem: 105
2026-01-26 14:49:32 | INFO    | validation_run |   -> Running 74a43b94...
2026-01-26 14:49:32 | INFO    | validation_run |   -> Uploading 1184d2f3...
2026-01-26 14:49:32 | INFO    | validation_run |   -> Uploading b637edd1...
2026-01-26 14:49:32 | INFO    | validation_run |   -> Uploading cad67e45...
2026-01-26 14:49:32 | INFO    | validation_run | [Uploader] Processing batch of 2 tasks...
2026-01-26 14:49:32 | INFO    | validation_run |   -> Uploading 3a53bc56...
2026-01-26 14:49:32 | INFO    | validation_run | [Pipeline Status] Compile:0, Upload:0, Run:3, Down:0, Result:0
2026-01-26 14:49:33 | INFO    | validation_run | [DONE] Rfe_DpAddrsR_Fre_PodWR_Fre_PodWW | Act: 17407.7670 | Pred: 1.3328 | Diff: +17406.4342 | Rem: 104
2026-01-26 14:49:33 | INFO    | validation_run | [Uploader] Processing batch of 1 tasks...
2026-01-26 14:49:33 | INFO    | validation_run | [DONE] Coe_Fence.rw.wdWR_Fre_Fence.rw.wdWW_Rfe_Fence.rw.rwdRW | Act: -1.0000 | Pred: 0.6325 | Diff: -1.6325 | Rem: 103
2026-01-26 14:49:33 | INFO    | validation_run | [DONE] Rfe_Fence.rw.wdRW_Coe_Fence.rw.wdWR_Fre_Fence.w.wdWW | Act: -1.0000 | Pred: 1.3818 | Diff: -2.3818 | Rem: 102
2026-01-26 14:49:33 | INFO    | validation_run |   -> Running a08be565...
2026-01-26 14:49:33 | INFO    | validation_run | [Downloader] Processing batch of 1 tasks...
2026-01-26 14:49:33 | INFO    | validation_run |   -> Running 421812a5...
2026-01-26 14:49:33 | INFO    | validation_run | [Downloader] Processing batch of 1 tasks...
2026-01-26 14:49:33 | INFO    | validation_run |   -> Uploading 04745a2f...
2026-01-26 14:49:34 | INFO    | validation_run |   -> Uploading 38eeb07c...
2026-01-26 14:49:34 | INFO    | validation_run |   -> Uploading cf2a8e1e...
2026-01-26 14:49:34 | INFO    | validation_run | [Pipeline Status] Compile:0, Upload:3, Run:5, Down:0, Result:0
2026-01-26 14:49:34 | INFO    | validation_run | [Uploader] Processing batch of 4 tasks...
2026-01-26 14:49:34 | INFO    | validation_run | [DONE] Rfe_PodRW_Rfe_FrLeave_PodWR_FrBack | Act: 38.4615 | Pred: 1.2667 | Diff: +37.1948 | Rem: 101
2026-01-26 14:49:34 | INFO    | validation_run |   -> Running a66fa235...
2026-01-26 14:49:34 | INFO    | validation_run | [Downloader] Processing batch of 1 tasks...
2026-01-26 14:49:34 | INFO    | validation_run |   -> Running 66d1c709...
2026-01-26 14:49:34 | INFO    | validation_run | [Runner] Processing batch of 7 tasks...
2026-01-26 14:49:34 | INFO    | validation_run | [Uploader] Processing batch of 1 tasks...
2026-01-26 14:49:34 | INFO    | validation_run | [DONE] Rfe_PodRW_Wse_PodWW_Rfe_DpCtrlFenceIdW | Act: -1.0000 | Pred: 0.7180 | Diff: -1.7180 | Rem: 100
2026-01-26 14:49:34 | INFO    | validation_run | [Downloader] Processing batch of 2 tasks...
2026-01-26 14:49:35 | INFO    | validation_run |   -> Running 1184d2f3...
2026-01-26 14:49:35 | INFO    | validation_run |   -> Uploading 5c809428...
2026-01-26 14:49:35 | INFO    | validation_run |   -> Uploading 4811ad53...
2026-01-26 14:49:35 | INFO    | validation_run |   -> Uploading f7ad6fd1...
2026-01-26 14:49:35 | INFO    | validation_run |   -> Uploading 142a1c6d...
2026-01-26 14:49:35 | INFO    | validation_run | [Uploader] Processing batch of 1 tasks...
2026-01-26 14:49:35 | INFO    | validation_run | [DONE] Rfe_DpAddrdR_Fre_CoLeave_Fence.r.rwdWR_FrBack | Act: 0.0000 | Pred: 1.3792 | Diff: -1.3792 | Rem: 99
2026-01-26 14:49:35 | INFO    | validation_run |   -> Uploading c18babf2...
2026-01-26 14:49:36 | INFO    | validation_run | [Uploader] Processing batch of 1 tasks...
2026-01-26 14:49:36 | INFO    | validation_run | [DONE] Fre_PodWWPAR_CoeARAR_PodWRARP | Act: -1.0000 | Pred: 3.2901 | Diff: -4.2901 | Rem: 98
2026-01-26 14:49:36 | INFO    | validation_run | [DONE] Coe_Fence.r.rwdWR_Fre_Rfe_DpAddrdW | Act: -1.0000 | Pred: 2.3685 | Diff: -3.3685 | Rem: 97
2026-01-26 14:49:36 | INFO    | validation_run |   -> Running b637edd1...
2026-01-26 14:49:36 | INFO    | validation_run | [Downloader] Processing batch of 1 tasks...
2026-01-26 14:49:36 | INFO    | validation_run |   -> Running cad67e45...
2026-01-26 14:49:36 | INFO    | validation_run | [Downloader] Processing batch of 1 tasks...
2026-01-26 14:49:36 | INFO    | validation_run |   -> Running 3a53bc56...
2026-01-26 14:49:36 | INFO    | validation_run |   -> Uploading 965c6ff0...
2026-01-26 14:49:36 | INFO    | validation_run | [Uploader] Processing batch of 2 tasks...
2026-01-26 14:49:37 | INFO    | validation_run |   -> Uploading d816fe39...
2026-01-26 14:49:37 | INFO    | validation_run | [Pipeline Status] Compile:0, Upload:0, Run:6, Down:1, Result:0
2026-01-26 14:49:37 | INFO    | validation_run |   -> Running 04745a2f...
2026-01-26 14:49:37 | INFO    | validation_run | [Downloader] Processing batch of 2 tasks...
2026-01-26 14:49:37 | INFO    | validation_run | [DONE] Rfe_PosRW_Rfe_PodRR_Fre_PodWW | Act: 1496.8750 | Pred: 1.1739 | Diff: +1495.7011 | Rem: 96
2026-01-26 14:49:37 | INFO    | validation_run | [DONE] CoeARAR_PodWRARAR_FreARAR_PodWWARAR | Act: -1.0000 | Pred: 3.2901 | Diff: -4.2901 | Rem: 95
2026-01-26 14:49:38 | INFO    | validation_run |   -> Running cf2a8e1e...
2026-01-26 14:49:38 | INFO    | validation_run | [Downloader] Processing batch of 1 tasks...
2026-01-26 14:49:38 | INFO    | validation_run | [Uploader] Processing batch of 1 tasks...
2026-01-26 14:49:38 | INFO    | validation_run |   -> Uploading f7a19e49...
2026-01-26 14:49:38 | INFO    | validation_run |   -> Uploading de9fdcd7...
2026-01-26 14:49:38 | INFO    | validation_run | [Uploader] Processing batch of 1 tasks...
2026-01-26 14:49:38 | INFO    | validation_run | [DONE] Rfe_Fence.r.rwdRR_Fre_Coe_Fence.rw.wdWR_Fre | Act: -1.0000 | Pred: 0.8806 | Diff: -1.8806 | Rem: 94
2026-01-26 14:49:38 | INFO    | validation_run | [DONE] Rfe_PosRW_Rfe_PodRW_Rfe_PodRW | Act: 5.4795 | Pred: 0.6991 | Diff: +4.7804 | Rem: 93
2026-01-26 14:49:39 | INFO    | validation_run |   -> Running 38eeb07c...
2026-01-26 14:49:39 | INFO    | validation_run | [Downloader] Processing batch of 1 tasks...
2026-01-26 14:49:39 | INFO    | validation_run | [Runner] Processing batch of 9 tasks...
2026-01-26 14:49:39 | INFO    | validation_run |   -> Running 5c809428...
2026-01-26 14:49:39 | INFO    | validation_run | [Downloader] Processing batch of 1 tasks...
2026-01-26 14:49:39 | INFO    | validation_run | [DONE] Rfe_PodRW_RfLeave_FrBack_Rfe_PodRW | Act: 3.1746 | Pred: 1.8874 | Diff: +1.2872 | Rem: 92
2026-01-26 14:49:39 | INFO    | validation_run |   -> Uploading 566cae6d...
2026-01-26 14:49:39 | INFO    | validation_run |   -> Uploading 23885475...
2026-01-26 14:49:39 | INFO    | validation_run | [Uploader] Processing batch of 2 tasks...
2026-01-26 14:49:39 | INFO    | validation_run | [Uploader] Processing batch of 1 tasks...
2026-01-26 14:49:40 | INFO    | validation_run | [DONE] Rfe_Fence.rw.rwdRR_Fre_CoLeave_Fence.rw.wdWR_FrBack | Act: 0.0000 | Pred: 0.9381 | Diff: -0.9381 | Rem: 91
2026-01-26 14:49:40 | INFO    | validation_run |   -> Running 4811ad53...
2026-01-26 14:49:40 | INFO    | validation_run | [Downloader] Processing batch of 1 tasks...
2026-01-26 14:49:40 | INFO    | validation_run |   -> Running f7ad6fd1...
2026-01-26 14:49:41 | INFO    | validation_run |   -> Uploading 305f8f8b...
2026-01-26 14:49:41 | INFO    | validation_run | [Downloader] Processing batch of 1 tasks...
2026-01-26 14:49:41 | INFO    | validation_run | [DONE] Coe_Fence.rw.wdWR_Fre_Rfe_DpCtrlFenceIdW | Act: -1.0000 | Pred: 1.2585 | Diff: -2.2585 | Rem: 90
2026-01-26 14:49:41 | INFO    | validation_run |   -> Uploading 6598a366...
2026-01-26 14:49:41 | INFO    | validation_run | [Uploader] Processing batch of 1 tasks...
2026-01-26 14:49:41 | INFO    | validation_run |   -> Uploading 3c4a727b...
2026-01-26 14:49:41 | INFO    | validation_run |   -> Running 142a1c6d...
2026-01-26 14:49:41 | INFO    | validation_run | [Uploader] Processing batch of 1 tasks...
2026-01-26 14:49:41 | INFO    | validation_run |   -> Running c18babf2...
2026-01-26 14:49:41 | INFO    | validation_run |   -> Running 965c6ff0...
2026-01-26 14:49:41 | INFO    | validation_run |   -> Running d816fe39...
2026-01-26 14:49:42 | INFO    | validation_run | [Pipeline Status] Compile:0, Upload:0, Run:5, Down:4, Result:0
2026-01-26 14:49:42 | INFO    | validation_run | [Downloader] Processing batch of 4 tasks...
2026-01-26 14:49:42 | INFO    | validation_run | [DONE] Fre_PodWR_Fre_RfLeave_FrBack_PodWR | Act: 51.9231 | Pred: 1.5174 | Diff: +50.4057 | Rem: 89
2026-01-26 14:49:42 | INFO    | validation_run |   -> Running f7a19e49...
2026-01-26 14:49:42 | INFO    | validation_run |   -> Running de9fdcd7...
2026-01-26 14:49:42 | INFO    | validation_run | [Runner] Processing batch of 5 tasks...
2026-01-26 14:49:42 | INFO    | validation_run | [Downloader] Processing batch of 3 tasks...
2026-01-26 14:49:42 | INFO    | validation_run | [DONE] Rfe_DpAddrdW_Wse_PodWR_Fre_PodWW | Act: -1.0000 | Pred: 2.4858 | Diff: -3.4858 | Rem: 88
2026-01-26 14:49:42 | INFO    | validation_run |   -> Uploading 4c16e485...
2026-01-26 14:49:42 | INFO    | validation_run | [Uploader] Processing batch of 2 tasks...
2026-01-26 14:49:43 | INFO    | validation_run |   -> Uploading f02fc719...
2026-01-26 14:49:43 | INFO    | validation_run |   -> Running 566cae6d...
2026-01-26 14:49:43 | INFO    | validation_run | [Pipeline Status] Compile:0, Upload:0, Run:2, Down:0, Result:0
2026-01-26 14:49:43 | INFO    | validation_run | [DONE] Rfe_PodRR_Fre_PodWR_Fre | Act: 60698.1818 | Pred: 1.8135 | Diff: +60696.3684 | Rem: 87
2026-01-26 14:49:43 | INFO    | validation_run | [DONE] Coe_Fence.rw.wdWR_Fre_Fence.rw.wdWW | Act: -1.0000 | Pred: 1.6649 | Diff: -2.6649 | Rem: 86
2026-01-26 14:49:43 | INFO    | validation_run | [DONE] Coe_Fence.rw.wdWR_Fre_Fence.rw.wdWW_Rfe_DpDatadW | Act: -1.0000 | Pred: 1.3276 | Diff: -2.3276 | Rem: 85
2026-01-26 14:49:43 | INFO    | validation_run | [DONE] Hat_Rmw_PodWR_Hat_Rmw_PodWR | Act: 577505.7143 | Pred: 1.1363 | Diff: +577504.5780 | Rem: 84
2026-01-26 14:49:43 | INFO    | validation_run | [DONE] Fre_PodWW_Wse_PodWR_FrLeave_RfBack | Act: -1.0000 | Pred: 1.2421 | Diff: -2.2421 | Rem: 83
2026-01-26 14:49:43 | INFO    | validation_run | [DONE] Coe_Fence.rw.wdWR_Fre_Fence.rw.rwdWW_Wse_Fence.rw.rwdWW | Act: -1.0000 | Pred: 1.5390 | Diff: -2.5390 | Rem: 82
2026-01-26 14:49:43 | INFO    | validation_run | [DONE] Coe_Fence.r.rwdWR_Fre_Fence.rw.rwdWW_Rfe_Fence.rw.wdRW | Act: -1.0000 | Pred: 0.6253 | Diff: -1.6253 | Rem: 81
2026-01-26 14:49:44 | INFO    | validation_run | [Uploader] Processing batch of 1 tasks...
2026-01-26 14:49:44 | INFO    | validation_run |   -> Running 23885475...
2026-01-26 14:49:44 | INFO    | validation_run | [Downloader] Processing batch of 1 tasks...
2026-01-26 14:49:44 | INFO    | validation_run |   -> Running 305f8f8b...
2026-01-26 14:49:44 | INFO    | validation_run | [Downloader] Processing batch of 1 tasks...
2026-01-26 14:49:44 | INFO    | validation_run |   -> Uploading 9365a97c...
2026-01-26 14:49:44 | INFO    | validation_run |   -> Uploading e3725b57...
2026-01-26 14:49:44 | INFO    | validation_run | [Uploader] Processing batch of 3 tasks...
2026-01-26 14:49:44 | INFO    | validation_run | [Pipeline Status] Compile:1, Upload:0, Run:4, Down:0, Result:0
2026-01-26 14:49:45 | INFO    | validation_run |   -> Running 6598a366...
2026-01-26 14:49:45 | INFO    | validation_run |   -> Running 3c4a727b...
2026-01-26 14:49:45 | INFO    | validation_run |   -> Uploading c9bdc9e0...
2026-01-26 14:49:45 | INFO    | validation_run | [Uploader] Processing batch of 3 tasks...
2026-01-26 14:49:45 | INFO    | validation_run | [Runner] Processing batch of 5 tasks...
2026-01-26 14:49:45 | INFO    | validation_run | [Downloader] Processing batch of 3 tasks...
2026-01-26 14:49:45 | INFO    | validation_run | [DONE] Coe_Fence.rw.wdWR_Fre_Fence.w.wdWW_Rfe_DpDatadW | Act: -1.0000 | Pred: 2.1915 | Diff: -3.1915 | Rem: 80
2026-01-26 14:49:45 | INFO    | validation_run | [DONE] Rfe_PodRW_Wse_RfLeave_PodRR_FrBack | Act: -1.0000 | Pred: 1.7004 | Diff: -2.7004 | Rem: 79
2026-01-26 14:49:46 | INFO    | validation_run |   -> Uploading 8e5d0514...
2026-01-26 14:49:46 | INFO    | validation_run |   -> Uploading 1442b0b3...
2026-01-26 14:49:46 | INFO    | validation_run |   -> Uploading 9f3a4d16...
2026-01-26 14:49:46 | INFO    | validation_run | [Uploader] Processing batch of 1 tasks...
2026-01-26 14:49:46 | INFO    | validation_run |   -> Running 4c16e485...
2026-01-26 14:49:46 | INFO    | validation_run |   -> Uploading 7a08063f...
2026-01-26 14:49:46 | INFO    | validation_run |   -> Uploading 878a20b0...
2026-01-26 14:49:46 | INFO    | validation_run |   -> Uploading b9f96be3...
2026-01-26 14:49:46 | INFO    | validation_run | [Pipeline Status] Compile:0, Upload:1, Run:5, Down:0, Result:0
2026-01-26 14:49:46 | INFO    | validation_run | [Uploader] Processing batch of 1 tasks...
2026-01-26 14:49:46 | INFO    | validation_run | [DONE] Rfe_FrLeave_PodWW_RfBack_Fre_PodWW | Act: 6.1224 | Pred: 0.7970 | Diff: +5.3254 | Rem: 78
2026-01-26 14:49:47 | INFO    | validation_run | [DONE] Coe_Fence.rw.wdWR_Fre_Rfe_DpCtrldW | Act: -1.0000 | Pred: 1.2052 | Diff: -2.2052 | Rem: 77
2026-01-26 14:49:47 | INFO    | validation_run | [DONE] Rfe_PodRR_Fre_PodWW  | Act: 190258.3333 | Pred: 1.8078 | Diff: +190256.5255 | Rem: 76
2026-01-26 14:49:47 | INFO    | validation_run |   -> Running f02fc719...
2026-01-26 14:49:47 | INFO    | validation_run | [Downloader] Processing batch of 1 tasks...
2026-01-26 14:49:47 | INFO    | validation_run |   -> Running 9365a97c...
2026-01-26 14:49:47 | INFO    | validation_run | [Downloader] Processing batch of 1 tasks...
2026-01-26 14:49:47 | INFO    | validation_run |   -> Running e3725b57...
2026-01-26 14:49:47 | INFO    | validation_run |   -> Uploading 221724dc...
2026-01-26 14:49:47 | INFO    | validation_run | [Uploader] Processing batch of 2 tasks...
2026-01-26 14:49:47 | INFO    | validation_run |   -> Uploading 82a76c5e...
2026-01-26 14:49:47 | INFO    | validation_run | [Uploader] Processing batch of 1 tasks...
2026-01-26 14:49:47 | INFO    | validation_run | [Downloader] Processing batch of 1 tasks...
2026-01-26 14:49:47 | INFO    | validation_run | [DONE] Rfe_PodRW_Wse_PodWR_Fre | Act: -1.0000 | Pred: 1.6897 | Diff: -2.6897 | Rem: 75
2026-01-26 14:49:48 | INFO    | validation_run |   -> Running c9bdc9e0...
2026-01-26 14:49:48 | INFO    | validation_run | [Runner] Processing batch of 8 tasks...
2026-01-26 14:49:48 | INFO    | validation_run | [Downloader] Processing batch of 2 tasks...
2026-01-26 14:49:48 | INFO    | validation_run | [DONE] Rfe_DpDatadW_Wse_PodWR_Fre_PodWW | Act: -1.0000 | Pred: 0.8874 | Diff: -1.8874 | Rem: 74
2026-01-26 14:49:48 | INFO    | validation_run |   -> Running 8e5d0514...
2026-01-26 14:49:48 | INFO    | validation_run |   -> Uploading 5a29d933...
2026-01-26 14:49:49 | INFO    | validation_run |   -> Uploading e4a5a9bd...
2026-01-26 14:49:49 | INFO    | validation_run | [Uploader] Processing batch of 2 tasks...
2026-01-26 14:49:49 | INFO    | validation_run | [Pipeline Status] Compile:0, Upload:0, Run:2, Down:0, Result:0
2026-01-26 14:49:49 | INFO    | validation_run |   -> Uploading 82692e1b...
2026-01-26 14:49:49 | INFO    | validation_run | [DONE] Coe_Fence.r.rwdWR_Fre_Fence.w.wdWW_Rfe_DpCtrlFenceIdW | Act: -1.0000 | Pred: 1.3378 | Diff: -2.3378 | Rem: 73
2026-01-26 14:49:49 | INFO    | validation_run | [DONE] Rfe_PodRR_Fre_RfLeave_FrBack_PodWW | Act: 0.0000 | Pred: 2.5421 | Diff: -2.5421 | Rem: 72
2026-01-26 14:49:49 | INFO    | validation_run | [DONE] Rfe_Fence.r.rwdRW_Coe_Fence.r.rwdWR_Fre_Fence.rw.rwdWW | Act: -1.0000 | Pred: 0.6477 | Diff: -1.6477 | Rem: 71
2026-01-26 14:49:49 | INFO    | validation_run | [Uploader] Processing batch of 1 tasks...
2026-01-26 14:49:50 | INFO    | validation_run |   -> Running 1442b0b3...
2026-01-26 14:49:50 | INFO    | validation_run | [Downloader] Processing batch of 1 tasks...
2026-01-26 14:49:50 | INFO    | validation_run |   -> Uploading f6c79b11...
2026-01-26 14:49:50 | INFO    | validation_run |   -> Uploading 2bd00951...
2026-01-26 14:49:50 | INFO    | validation_run | [Uploader] Processing batch of 2 tasks...
2026-01-26 14:49:50 | INFO    | validation_run | [Pipeline Status] Compile:0, Upload:0, Run:5, Down:0, Result:0
2026-01-26 14:49:50 | INFO    | validation_run |   -> Running 9f3a4d16...
2026-01-26 14:49:50 | INFO    | validation_run | [Downloader] Processing batch of 1 tasks...
2026-01-26 14:49:50 | INFO    | validation_run |   -> Running 7a08063f...
2026-01-26 14:49:50 | INFO    | validation_run |   -> Running 878a20b0...
2026-01-26 14:49:50 | INFO    | validation_run |   -> Running b9f96be3...
2026-01-26 14:49:51 | INFO    | validation_run |   -> Running 221724dc...
2026-01-26 14:49:51 | INFO    | validation_run |   -> Running 82a76c5e...
2026-01-26 14:49:51 | INFO    | validation_run | [Runner] Processing batch of 5 tasks...
2026-01-26 14:49:51 | INFO    | validation_run |   -> Uploading 3b78e4ee...
2026-01-26 14:49:51 | INFO    | validation_run | [Downloader] Processing batch of 6 tasks...
2026-01-26 14:49:51 | INFO    | validation_run | [DONE] Rfe_FrLeave_RfBack_PodRW_Wse_PodWW | Act: 3.0303 | Pred: 1.3145 | Diff: +1.7158 | Rem: 70
2026-01-26 14:49:51 | INFO    | validation_run | [Uploader] Processing batch of 1 tasks...
2026-01-26 14:49:51 | INFO    | validation_run |   -> Running 5a29d933...
2026-01-26 14:49:51 | INFO    | validation_run | [DONE] Rfe_PodRW_Rfe_PodRW  | Act: 46764.0625 | Pred: 2.1068 | Diff: +46761.9557 | Rem: 69
2026-01-26 14:49:52 | INFO    | validation_run |   -> Uploading 11064690...
2026-01-26 14:49:52 | INFO    | validation_run |   -> Uploading bad43b9d...
2026-01-26 14:49:52 | INFO    | validation_run | [Uploader] Processing batch of 1 tasks...
2026-01-26 14:49:52 | INFO    | validation_run |   -> Running e4a5a9bd...
2026-01-26 14:49:52 | INFO    | validation_run | [Downloader] Processing batch of 1 tasks...
2026-01-26 14:49:52 | INFO    | validation_run | [DONE] Rfe_Fence.r.rwdRW_Coe_Fence.r.rwdWR_Fre_Fence.rw.wdWW | Act: -1.0000 | Pred: 0.6242 | Diff: -1.6242 | Rem: 68
2026-01-26 14:49:52 | INFO    | validation_run | [DONE] CoePAR_PodWWARP_RfePAR_PodRWARP | Act: -1.0000 | Pred: 13.3962 | Diff: -14.3962 | Rem: 67
2026-01-26 14:49:52 | INFO    | validation_run | [DONE] Rfe_Fence.rw.wdRW_Coe_Fence.rw.wdWR_Fre | Act: -1.0000 | Pred: 1.3915 | Diff: -2.3915 | Rem: 66
2026-01-26 14:49:52 | INFO    | validation_run | [DONE] CoePAR_PodWWARAR_RfeARAR_PodRWARP | Act: -1.0000 | Pred: 13.3962 | Diff: -14.3962 | Rem: 65
2026-01-26 14:49:52 | INFO    | validation_run |   -> Running 82692e1b...
2026-01-26 14:49:52 | INFO    | validation_run | [DONE] Coe_Fence.rw.wdWR_Fre_Fence.rw.wdWW_Wse_Fence.w.wdWW | Act: -1.0000 | Pred: 2.0712 | Diff: -3.0712 | Rem: 64
2026-01-26 14:49:52 | INFO    | validation_run | [Downloader] Processing batch of 1 tasks...
2026-01-26 14:49:52 | INFO    | validation_run | [DONE] Rfe_PodRW_Wse_PodWW_Rfe_DpCtrldW | Act: -1.0000 | Pred: 1.3566 | Diff: -2.3566 | Rem: 63
2026-01-26 14:49:52 | INFO    | validation_run |   -> Running f6c79b11...
2026-01-26 14:49:52 | INFO    | validation_run |   -> Running 2bd00951...
2026-01-26 14:49:52 | INFO    | validation_run |   -> Uploading 81cc9524...
2026-01-26 14:49:53 | INFO    | validation_run | [Uploader] Processing batch of 2 tasks...
2026-01-26 14:49:53 | INFO    | validation_run | [Runner] Processing batch of 4 tasks...
2026-01-26 14:49:53 | INFO    | validation_run |   -> Uploading a2e2477a...
2026-01-26 14:49:53 | INFO    | validation_run | [Pipeline Status] Compile:0, Upload:2, Run:0, Down:3, Result:0
2026-01-26 14:49:53 | INFO    | validation_run | [Uploader] Processing batch of 2 tasks...
2026-01-26 14:49:53 | INFO    | validation_run | [Downloader] Processing batch of 3 tasks...
2026-01-26 14:49:53 | INFO    | validation_run | [DONE] CoePAR_PodWRARAR_FreARAR_PodWWARP | Act: -1.0000 | Pred: 3.2901 | Diff: -4.2901 | Rem: 62
2026-01-26 14:49:53 | INFO    | validation_run |   -> Running 3b78e4ee...
2026-01-26 14:49:54 | INFO    | validation_run | [DONE] Rfe_PodRW_Wse_PodWW_Rfe_DpDatadW | Act: -1.0000 | Pred: 1.2717 | Diff: -2.2717 | Rem: 61
2026-01-26 14:49:54 | INFO    | validation_run |   -> Uploading facee3a6...
2026-01-26 14:49:54 | INFO    | validation_run |   -> Uploading ec37561d...
2026-01-26 14:49:54 | INFO    | validation_run |   -> Running 11064690...
2026-01-26 14:49:54 | INFO    | validation_run | [Downloader] Processing batch of 1 tasks...
2026-01-26 14:49:55 | INFO    | validation_run | [Uploader] Processing batch of 4 tasks...
2026-01-26 14:49:55 | INFO    | validation_run | [Pipeline Status] Compile:0, Upload:0, Run:3, Down:0, Result:0
2026-01-26 14:49:55 | INFO    | validation_run | [DONE] Coe_Fence.rw.wdWR_Fre_Fence.rw.rwdWW_Rfe_DpCtrlFenceIdW | Act: -1.0000 | Pred: 1.3427 | Diff: -2.3427 | Rem: 60
2026-01-26 14:49:55 | INFO    | validation_run | [DONE] Coe_Fence.r.rwdWR_Fre_Fence.rw.rwdWW_Wse_Fence.rw.rwdWW | Act: -1.0000 | Pred: 1.0317 | Diff: -2.0317 | Rem: 59
2026-01-26 14:49:55 | INFO    | validation_run |   -> Uploading 707c2ba7...
2026-01-26 14:49:55 | INFO    | validation_run | [DONE] Rfe_Fence.r.rwdRR_Fre_CoLeave_Fence.r.rwdWR_FrBack | Act: 0.0000 | Pred: 0.7867 | Diff: -0.7867 | Rem: 58
2026-01-26 14:49:55 | INFO    | validation_run |   -> Uploading d77e68bf...
2026-01-26 14:49:55 | INFO    | validation_run |   -> Running bad43b9d...
2026-01-26 14:49:55 | INFO    | validation_run | [Downloader] Processing batch of 1 tasks...
2026-01-26 14:49:55 | INFO    | validation_run |   -> Running 81cc9524...
2026-01-26 14:49:55 | INFO    | validation_run | [Uploader] Processing batch of 1 tasks...
2026-01-26 14:49:56 | INFO    | validation_run | [DONE] Coe_Fence.rw.wdWR_Fre_Rfe_DpAddrdW | Act: -1.0000 | Pred: 2.1103 | Diff: -3.1103 | Rem: 57
2026-01-26 14:49:56 | INFO    | validation_run | [Downloader] Processing batch of 1 tasks...
2026-01-26 14:49:56 | INFO    | validation_run | [Runner] Processing batch of 5 tasks...
2026-01-26 14:49:56 | INFO    | validation_run |   -> Uploading dfffa7a9...
2026-01-26 14:49:56 | INFO    | validation_run |   -> Uploading 6d455219...
2026-01-26 14:49:56 | INFO    | validation_run |   -> Uploading f69f4dea...
2026-01-26 14:49:56 | INFO    | validation_run |   -> Uploading 8004d2c8...
2026-01-26 14:49:56 | INFO    | validation_run | [Uploader] Processing batch of 3 tasks...
2026-01-26 14:49:56 | INFO    | validation_run | [Downloader] Processing batch of 1 tasks...
2026-01-26 14:49:56 | INFO    | validation_run | [DONE] Fre_PodWR_Fre_PodWR  | Act: 1149893.8776 | Pred: 3.5464 | Diff: +1149890.3312 | Rem: 56
2026-01-26 14:49:56 | INFO    | validation_run |   -> Uploading 13a820ec...
2026-01-26 14:49:57 | INFO    | validation_run |   -> Running a2e2477a...
2026-01-26 14:49:57 | INFO    | validation_run | [Uploader] Processing batch of 1 tasks...
2026-01-26 14:49:57 | INFO    | validation_run |   -> Running facee3a6...
2026-01-26 14:49:57 | INFO    | validation_run |   -> Running ec37561d...
2026-01-26 14:49:57 | INFO    | validation_run |   -> Running 707c2ba7...
2026-01-26 14:49:57 | INFO    | validation_run |   -> Running d77e68bf...
2026-01-26 14:49:57 | INFO    | validation_run | [Pipeline Status] Compile:0, Upload:0, Run:5, Down:4, Result:0
2026-01-26 14:49:57 | INFO    | validation_run | [Runner] Processing batch of 5 tasks...
2026-01-26 14:49:58 | INFO    | validation_run | [Downloader] Processing batch of 5 tasks...
2026-01-26 14:49:58 | INFO    | validation_run | [DONE] Coe_Fence.rw.wdWR_Fre_Fence.rw.rwdWW_Wse_Fence.w.wdWW | Act: -1.0000 | Pred: 1.5070 | Diff: -2.5070 | Rem: 55
2026-01-26 14:49:58 | INFO    | validation_run |   -> Uploading 16a4cee6...
2026-01-26 14:49:58 | INFO    | validation_run | [DONE] Rfe_PodRW_Rfe_PodRR_Fre | Act: 5279.0323 | Pred: 1.5829 | Diff: +5277.4494 | Rem: 54
2026-01-26 14:49:58 | INFO    | validation_run |   -> Uploading 32ab2727...
2026-01-26 14:49:58 | INFO    | validation_run |   -> Uploading 0dc79a2c...
2026-01-26 14:49:58 | INFO    | validation_run |   -> Running dfffa7a9...
2026-01-26 14:49:58 | INFO    | validation_run |   -> Uploading 74249333...
2026-01-26 14:49:58 | INFO    | validation_run | [Uploader] Processing batch of 1 tasks...
2026-01-26 14:49:58 | INFO    | validation_run | [Uploader] Processing batch of 1 tasks...
2026-01-26 14:49:59 | INFO    | validation_run | [Pipeline Status] Compile:0, Upload:0, Run:4, Down:0, Result:0
2026-01-26 14:49:59 | INFO    | validation_run |   -> Running 6d455219...
2026-01-26 14:49:59 | INFO    | validation_run | [Downloader] Processing batch of 1 tasks...
2026-01-26 14:49:59 | INFO    | validation_run |   -> Running f69f4dea...
2026-01-26 14:49:59 | INFO    | validation_run | [DONE] Coe_Fence.r.rwdWR_Fre_RfLeave_DpAddrdR_FrBack | Act: -1.0000 | Pred: 1.5147 | Diff: -2.5147 | Rem: 53
2026-01-26 14:49:59 | INFO    | validation_run | [DONE] Coe_Fence.r.rwdWR_Fre_Rfe_DpCtrldW | Act: -1.0000 | Pred: 1.5056 | Diff: -2.5056 | Rem: 52
2026-01-26 14:49:59 | INFO    | validation_run | [DONE] Coe_Fence.r.rwdWR_Fre_Fence.rw.rwdWW_Rfe_Fence.rw.rwdRW | Act: -1.0000 | Pred: 0.6385 | Diff: -1.6385 | Rem: 51
2026-01-26 14:49:59 | INFO    | validation_run | [DONE] Coe_Fence.rw.wdWR_Fre_Fence.w.wdWW_Wse_Fence.w.wdWW | Act: -1.0000 | Pred: 3.8823 | Diff: -4.8823 | Rem: 50
2026-01-26 14:49:59 | INFO    | validation_run |   -> Running 8004d2c8...
2026-01-26 14:49:59 | INFO    | validation_run | [Downloader] Processing batch of 2 tasks...
2026-01-26 14:49:59 | INFO    | validation_run | [DONE] Rfe_PodRR_Fre_Rfe_PodRW_Wse | Act: -1.0000 | Pred: 1.7453 | Diff: -2.7453 | Rem: 49
2026-01-26 14:49:59 | INFO    | validation_run |   -> Running 13a820ec...
2026-01-26 14:49:59 | INFO    | validation_run | [Runner] Processing batch of 4 tasks...
2026-01-26 14:49:59 | INFO    | validation_run |   -> Uploading 0a7c8953...
2026-01-26 14:49:59 | INFO    | validation_run |   -> Uploading 6c5d949d...
2026-01-26 14:49:59 | INFO    | validation_run | [Uploader] Processing batch of 1 tasks...
2026-01-26 14:49:59 | INFO    | validation_run | [Uploader] Processing batch of 1 tasks...
2026-01-26 14:50:00 | INFO    | validation_run |   -> Running 16a4cee6...
2026-01-26 14:50:00 | INFO    | validation_run | [Pipeline Status] Compile:1, Upload:0, Run:2, Down:2, Result:0
2026-01-26 14:50:00 | INFO    | validation_run | [Downloader] Processing batch of 2 tasks...
2026-01-26 14:50:00 | INFO    | validation_run | [DONE] Coe_Fence.r.rwdWR_Fre_Fence.rw.rwdWW_Rfe_DpCtrlFenceIdW | Act: -1.0000 | Pred: 1.0816 | Diff: -2.0816 | Rem: 48
2026-01-26 14:50:00 | INFO    | validation_run | [DONE] Coe_Fence.r.rwdWR_Fre_Fence.rw.wdWW_Rfe_DpDatadW | Act: -1.0000 | Pred: 0.6408 | Diff: -1.6408 | Rem: 47
2026-01-26 14:50:00 | INFO    | validation_run | [DONE] Rfe_PodRW_Wse_PodWW_Wse | Act: -1.0000 | Pred: 3.5555 | Diff: -4.5555 | Rem: 46
2026-01-26 14:50:00 | INFO    | validation_run |   -> Running 32ab2727...
2026-01-26 14:50:00 | INFO    | validation_run | [Downloader] Processing batch of 1 tasks...
2026-01-26 14:50:00 | INFO    | validation_run |   -> Running 0dc79a2c...
2026-01-26 14:50:00 | INFO    | validation_run |   -> Running 74249333...
2026-01-26 14:50:00 | INFO    | validation_run | [Runner] Processing batch of 2 tasks...
2026-01-26 14:50:01 | INFO    | validation_run |   -> Uploading 96a74f91...
2026-01-26 14:50:01 | INFO    | validation_run | [Uploader] Processing batch of 4 tasks...
2026-01-26 14:50:01 | INFO    | validation_run |   -> Uploading 81292448...
2026-01-26 14:50:01 | INFO    | validation_run |   -> Running 0a7c8953...
2026-01-26 14:50:01 | INFO    | validation_run | [Uploader] Processing batch of 1 tasks...
2026-01-26 14:50:01 | INFO    | validation_run | [DONE] Rfe_FrLeave_PodWR_FrBack_Wse_PodWW | Act: -1.0000 | Pred: 1.8669 | Diff: -2.8669 | Rem: 45
2026-01-26 14:50:01 | INFO    | validation_run | [Downloader] Processing batch of 3 tasks...
2026-01-26 14:50:01 | INFO    | validation_run | [DONE] Coe_PodWWPAR_RfeARAR_PodRWARP | Act: -1.0000 | Pred: 13.3962 | Diff: -14.3962 | Rem: 44
2026-01-26 14:50:02 | INFO    | validation_run | [DONE] Coe_Fence.r.rwdWR_Fre_Rfe_DpCtrlFenceIdW | Act: -1.0000 | Pred: 1.2611 | Diff: -2.2611 | Rem: 43
2026-01-26 14:50:02 | INFO    | validation_run |   -> Running 6c5d949d...
2026-01-26 14:50:02 | INFO    | validation_run | [Downloader] Processing batch of 1 tasks...
2026-01-26 14:50:03 | INFO    | validation_run |   -> Uploading 87a907cc...
2026-01-26 14:50:03 | INFO    | validation_run | [Runner] Processing batch of 2 tasks...
2026-01-26 14:50:03 | INFO    | validation_run |   -> Uploading 40839c12...
2026-01-26 14:50:03 | INFO    | validation_run | [DONE] Coe_Fence.r.rwdWR_Fre_Fence.rw.rwdWR_Fre_Fence.rw.rwdWW | Act: -1.0000 | Pred: 1.1662 | Diff: -2.1662 | Rem: 42
2026-01-26 14:50:03 | INFO    | validation_run | [DONE] Coe_Fence.rw.wdWR_Fre_Fence.rw.wdWW_Wse_Fence.rw.wdWW | Act: -1.0000 | Pred: 2.6495 | Diff: -3.6495 | Rem: 41
2026-01-26 14:50:03 | INFO    | validation_run | [Downloader] Processing batch of 1 tasks...
2026-01-26 14:50:03 | INFO    | validation_run | [DONE] Rfe_Fence.r.rwdRW_Coe_Fence.rw.wdWR_Fre_Fence.w.wdWW | Act: -1.0000 | Pred: 0.6181 | Diff: -1.6181 | Rem: 40
2026-01-26 14:50:03 | INFO    | validation_run |   -> Uploading d7d28317...
2026-01-26 14:50:03 | INFO    | validation_run | [Uploader] Processing batch of 4 tasks...
2026-01-26 14:50:03 | INFO    | validation_run |   -> Uploading 9044dbde...
2026-01-26 14:50:03 | INFO    | validation_run | [DONE] Coe_Fence.rw.wdWR_Fre_Fence.rw.rwdWW_Rfe_DpAddrdW | Act: -1.0000 | Pred: 1.4924 | Diff: -2.4924 | Rem: 39
2026-01-26 14:50:03 | INFO    | validation_run |   -> Uploading 4d811d44...
2026-01-26 14:50:03 | INFO    | validation_run | [Uploader] Processing batch of 2 tasks...
2026-01-26 14:50:03 | INFO    | validation_run |   -> Running 96a74f91...
2026-01-26 14:50:04 | INFO    | validation_run | [DONE] Rfe_PodRW_Rfe_DpDatadW_Rfe_PodRW | Act: 1047.4576 | Pred: 1.3536 | Diff: +1046.1040 | Rem: 38
2026-01-26 14:50:04 | INFO    | validation_run |   -> Running 81292448...
2026-01-26 14:50:04 | INFO    | validation_run | [Downloader] Processing batch of 1 tasks...
2026-01-26 14:50:04 | INFO    | validation_run |   -> Uploading 3e8a2ad0...
2026-01-26 14:50:04 | INFO    | validation_run |   -> Uploading 2d860ade...
2026-01-26 14:50:04 | INFO    | validation_run |   -> Uploading 43f25b08...
2026-01-26 14:50:04 | INFO    | validation_run |   -> Uploading 38fe23ad...
2026-01-26 14:50:04 | INFO    | validation_run | [Uploader] Processing batch of 3 tasks...
2026-01-26 14:50:05 | INFO    | validation_run |   -> Uploading 5178e784...
2026-01-26 14:50:05 | INFO    | validation_run | [Pipeline Status] Compile:0, Upload:0, Run:9, Down:0, Result:0
2026-01-26 14:50:05 | INFO    | validation_run |   -> Uploading 354d2921...
2026-01-26 14:50:05 | INFO    | validation_run | [DONE] Fre_PodWR_Fre_RfLeave_PodRW_RfBack | Act: 65.1163 | Pred: 1.5092 | Diff: +63.6071 | Rem: 37
2026-01-26 14:50:06 | INFO    | validation_run |   -> Uploading 15e16fe4...
2026-01-26 14:50:06 | INFO    | validation_run |   -> Uploading d4124787...
2026-01-26 14:50:06 | INFO    | validation_run |   -> Uploading 6eac91e0...
2026-01-26 14:50:06 | INFO    | validation_run | [Uploader] Processing batch of 1 tasks...
2026-01-26 14:50:06 | INFO    | validation_run | [Pipeline Status] Compile:0, Upload:0, Run:14, Down:0, Result:0
2026-01-26 14:50:07 | INFO    | validation_run |   -> Uploading cacd2b3d...
2026-01-26 14:50:07 | INFO    | validation_run | [Pipeline Status] Compile:0, Upload:0, Run:15, Down:0, Result:0
2026-01-26 14:50:08 | INFO    | validation_run | [Pipeline Status] Compile:0, Upload:0, Run:15, Down:0, Result:0
2026-01-26 14:50:09 | INFO    | validation_run | [Pipeline Status] Compile:0, Upload:0, Run:15, Down:0, Result:0
2026-01-26 14:50:10 | INFO    | validation_run | [Pipeline Status] Compile:0, Upload:0, Run:15, Down:0, Result:0
2026-01-26 14:50:11 | INFO    | validation_run | [Pipeline Status] Compile:0, Upload:0, Run:15, Down:0, Result:0
2026-01-26 14:50:12 | INFO    | validation_run | [Pipeline Status] Compile:0, Upload:0, Run:15, Down:0, Result:0
2026-01-26 14:50:13 | INFO    | validation_run | [Pipeline Status] Compile:0, Upload:0, Run:15, Down:0, Result:0
2026-01-26 14:50:14 | INFO    | validation_run | [Runner] Task 81292448 finished with status 124
2026-01-26 14:50:14 | INFO    | validation_run | [Downloader] Processing batch of 1 tasks...
2026-01-26 14:50:14 | INFO    | validation_run | [Runner] Processing batch of 15 tasks...
2026-01-26 14:50:14 | INFO    | validation_run | [Pipeline Status] Compile:0, Upload:0, Run:0, Down:0, Result:0
2026-01-26 14:50:15 | INFO    | validation_run |   -> Running 87a907cc...
2026-01-26 14:50:15 | INFO    | validation_run | [DONE] Fre_PodWR_Fre_PodWR_FrLeave_RfBack | Act: -1.0000 | Pred: 1.2069 | Diff: -2.2069 | Rem: 36
2026-01-26 14:50:16 | INFO    | validation_run |   -> Running 40839c12...
2026-01-26 14:50:16 | INFO    | validation_run | [Downloader] Processing batch of 1 tasks...
2026-01-26 14:50:16 | INFO    | validation_run | [Uploader] Processing batch of 1 tasks...
2026-01-26 14:50:16 | INFO    | validation_run |   -> Running d7d28317...
2026-01-26 14:50:16 | INFO    | validation_run | [Downloader] Processing batch of 1 tasks...
2026-01-26 14:50:16 | INFO    | validation_run |   -> Running 9044dbde...
2026-01-26 14:50:16 | INFO    | validation_run |   -> Running 4d811d44...
2026-01-26 14:50:16 | INFO    | validation_run |   -> Running 2d860ade...
2026-01-26 14:50:16 | INFO    | validation_run |   -> Running 3e8a2ad0...
2026-01-26 14:50:16 | INFO    | validation_run |   -> Running 43f25b08...
2026-01-26 14:50:16 | INFO    | validation_run | [Pipeline Status] Compile:0, Upload:0, Run:0, Down:5, Result:0
2026-01-26 14:50:17 | INFO    | validation_run | [Downloader] Processing batch of 5 tasks...
2026-01-26 14:50:17 | INFO    | validation_run | [DONE] Rfe_PodRR_Fre_PodWW_Rfe_DpAddrdW | Act: 7247.8261 | Pred: 1.5681 | Diff: +7246.2579 | Rem: 35
2026-01-26 14:50:17 | INFO    | validation_run |   -> Running 38fe23ad...
2026-01-26 14:50:17 | INFO    | validation_run |   -> Uploading 76546f46...
2026-01-26 14:50:17 | INFO    | validation_run |   -> Running 5178e784...
2026-01-26 14:50:17 | INFO    | validation_run |   -> Running 354d2921...
2026-01-26 14:50:17 | INFO    | validation_run | [Uploader] Processing batch of 1 tasks...
2026-01-26 14:50:17 | INFO    | validation_run | [Downloader] Processing batch of 3 tasks...
2026-01-26 14:50:17 | INFO    | validation_run | [DONE] Coe_Fence.r.rwdWR_Fre_Fence.w.wdWW_Wse_Fence.w.wdWW | Act: -1.0000 | Pred: 2.4843 | Diff: -3.4843 | Rem: 34
2026-01-26 14:50:17 | INFO    | validation_run |   -> Running 15e16fe4...
2026-01-26 14:50:17 | INFO    | validation_run |   -> Running d4124787...
2026-01-26 14:50:17 | INFO    | validation_run | [Uploader] Processing batch of 1 tasks...
2026-01-26 14:50:18 | INFO    | validation_run | [DONE] Coe_Fence.rw.wdWR_Fre_Fence.rw.rwdWR_Fre_Fence.rw.rwdWW | Act: -1.0000 | Pred: 1.4186 | Diff: -2.4186 | Rem: 33
2026-01-26 14:50:18 | INFO    | validation_run | [DONE] PodRWPAR_CoeARAR_PodWWARAR_RfeARP | Act: -1.0000 | Pred: 13.3962 | Diff: -14.3962 | Rem: 32
2026-01-26 14:50:18 | INFO    | validation_run | [DONE] Coe_Fence.rw.wdWR_Fre_Rfe_DpAddrdR_Fre | Act: -1.0000 | Pred: 1.2732 | Diff: -2.2732 | Rem: 31
2026-01-26 14:50:18 | INFO    | validation_run | [DONE] PodWWPAR_RfeARAR_PodRWARAR_CoeARP | Act: -1.0000 | Pred: 13.3962 | Diff: -14.3962 | Rem: 30
2026-01-26 14:50:18 | INFO    | validation_run | [Downloader] Processing batch of 2 tasks...
2026-01-26 14:50:18 | INFO    | validation_run | [DONE] Coe_Fence.r.rwdWR_Fre_Fence.rw.wdWW_Wse_Fence.rw.wdWW | Act: -1.0000 | Pred: 0.9930 | Diff: -1.9930 | Rem: 29
2026-01-26 14:50:18 | INFO    | validation_run | [DONE] Rfe_PosRR_Fre_PodWW_Rfe_DpAddrdW | Act: 12.0690 | Pred: 1.6507 | Diff: +10.4182 | Rem: 28
2026-01-26 14:50:18 | INFO    | validation_run | [DONE] Coe_Fence.r.rwdWR_Fre_Fence.w.wdWW_Rfe_Fence.rw.rwdRW | Act: -1.0000 | Pred: 0.5993 | Diff: -1.5993 | Rem: 27
2026-01-26 14:50:18 | INFO    | validation_run | [DONE] Coe_Fence.rw.wdWR_Fre_Fence.rw.wdWW_Rfe_DpCtrlFenceIdW | Act: -1.0000 | Pred: 1.3435 | Diff: -2.3435 | Rem: 26
2026-01-26 14:50:19 | INFO    | validation_run |   -> Uploading 0a2c6999...
2026-01-26 14:50:19 | INFO    | validation_run | [Uploader] Processing batch of 2 tasks...
2026-01-26 14:50:19 | INFO    | validation_run |   -> Uploading f20a9769...
2026-01-26 14:50:19 | INFO    | validation_run | [Uploader] Processing batch of 2 tasks...
2026-01-26 14:50:19 | INFO    | validation_run | [DONE] Rfe_PosRR_Fre_PodWW_Rfe_DpDatadW | Act: 120.0000 | Pred: 4.2842 | Diff: +115.7158 | Rem: 25
2026-01-26 14:50:19 | INFO    | validation_run | [DONE] Rfe_DpCtrlFenceIdW_Wse_PodWR_Fre_PodWW | Act: -1.0000 | Pred: 1.7485 | Diff: -2.7485 | Rem: 24
2026-01-26 14:50:20 | INFO    | validation_run |   -> Running 6eac91e0...
2026-01-26 14:50:20 | INFO    | validation_run | [Downloader] Processing batch of 1 tasks...
2026-01-26 14:50:20 | INFO    | validation_run |   -> Uploading b94701dd...
2026-01-26 14:50:20 | INFO    | validation_run | [Pipeline Status] Compile:0, Upload:4, Run:3, Down:0, Result:0
2026-01-26 14:50:20 | INFO    | validation_run |   -> Uploading 9133cb3a...
2026-01-26 14:50:21 | INFO    | validation_run | [Uploader] Processing batch of 6 tasks...
2026-01-26 14:50:21 | INFO    | validation_run |   -> Uploading e5b4ea30...
2026-01-26 14:50:21 | INFO    | validation_run |   -> Uploading 616b624f...
2026-01-26 14:50:21 | INFO    | validation_run | [DONE] Rfe_PodRW_Rfe_PodRW_Rfe_DpCtrlFenceIdW | Act: 0.0000 | Pred: 0.7591 | Diff: -0.7591 | Rem: 23
2026-01-26 14:50:22 | INFO    | validation_run | [Uploader] Processing batch of 1 tasks...
2026-01-26 14:50:22 | INFO    | validation_run |   -> Running cacd2b3d...
2026-01-26 14:50:22 | INFO    | validation_run | [Downloader] Processing batch of 1 tasks...
2026-01-26 14:50:22 | INFO    | validation_run |   -> Uploading 80e7ef4c...
2026-01-26 14:50:22 | INFO    | validation_run | [Downloader] Processing batch of 1 tasks...
2026-01-26 14:50:22 | INFO    | validation_run | [Runner] Processing batch of 7 tasks...
2026-01-26 14:50:22 | INFO    | validation_run |   -> Uploading e5ab1524...
2026-01-26 14:50:22 | INFO    | validation_run | [Pipeline Status] Compile:0, Upload:0, Run:1, Down:0, Result:0
2026-01-26 14:50:22 | INFO    | validation_run |   -> Uploading 37ab8cde...
2026-01-26 14:50:22 | INFO    | validation_run |   -> Uploading 0008e38b...
2026-01-26 14:50:22 | INFO    | validation_run |   -> Uploading 99781e34...
2026-01-26 14:50:23 | INFO    | validation_run |   -> Uploading fbf37d94...
2026-01-26 14:50:23 | INFO    | validation_run |   -> Running 76546f46...
2026-01-26 14:50:23 | INFO    | validation_run | [DONE] Rfe_PosRR_Fre_PodWW_Rfe_DpCtrlFenceIdW | Act: 13.8249 | Pred: 1.2005 | Diff: +12.6244 | Rem: 22
2026-01-26 14:50:23 | INFO    | validation_run | [Uploader] Processing batch of 1 tasks...
2026-01-26 14:50:23 | INFO    | validation_run |   -> Uploading e33d55ff...
2026-01-26 14:50:24 | INFO    | validation_run | [DONE] Coe_Fence.r.rwdWR_Fre_Rfe_DpDatadW | Act: -1.0000 | Pred: 1.5234 | Diff: -2.5234 | Rem: 21
2026-01-26 14:50:24 | INFO    | validation_run | [Uploader] Processing batch of 1 tasks...
2026-01-26 14:50:24 | INFO    | validation_run |   -> Uploading cdf0873a...
2026-01-26 14:50:24 | INFO    | validation_run |   -> Running 0a2c6999...
2026-01-26 14:50:24 | INFO    | validation_run | [Downloader] Processing batch of 1 tasks...
2026-01-26 14:50:25 | INFO    | validation_run |   -> Running f20a9769...
2026-01-26 14:50:25 | INFO    | validation_run | [Downloader] Processing batch of 1 tasks...
2026-01-26 14:50:25 | INFO    | validation_run | [Pipeline Status] Compile:0, Upload:0, Run:8, Down:0, Result:0
2026-01-26 14:50:25 | INFO    | validation_run |   -> Uploading 77175ebc...
2026-01-26 14:50:25 | INFO    | validation_run |   -> Running b94701dd...
2026-01-26 14:50:25 | INFO    | validation_run |   -> Running 9133cb3a...
2026-01-26 14:50:26 | INFO    | validation_run | [Pipeline Status] Compile:0, Upload:0, Run:9, Down:2, Result:0
2026-01-26 14:50:26 | INFO    | validation_run | [Downloader] Processing batch of 2 tasks...
2026-01-26 14:50:26 | INFO    | validation_run | [DONE] Rfe_PodRW_Rfe_DpAddrdW_Wse_PodWW | Act: 772.8000 | Pred: 1.9173 | Diff: +770.8827 | Rem: 20
2026-01-26 14:50:26 | INFO    | validation_run | [DONE] Coe_Fence.r.rwdWR_Fre_Fence.rw.rwdWR_Fre_Fence.rw.wdWW | Act: -1.0000 | Pred: 0.8506 | Diff: -1.8506 | Rem: 19
2026-01-26 14:50:26 | INFO    | validation_run | [Uploader] Processing batch of 1 tasks...
2026-01-26 14:50:26 | INFO    | validation_run | [Uploader] Processing batch of 1 tasks...
2026-01-26 14:50:27 | INFO    | validation_run | [Pipeline Status] Compile:0, Upload:0, Run:9, Down:0, Result:0
2026-01-26 14:50:27 | INFO    | validation_run | [DONE] Rfe_PodRR_Fre_Rfe_PodRR_Fre | Act: 204.8193 | Pred: 0.9742 | Diff: +203.8450 | Rem: 18
2026-01-26 14:50:27 | INFO    | validation_run | [DONE] PodWWPAR_RfeARP_PodRWPAR_CoeARP | Act: -1.0000 | Pred: 13.3962 | Diff: -14.3962 | Rem: 17
2026-01-26 14:50:27 | INFO    | validation_run |   -> Running e5b4ea30...
2026-01-26 14:50:27 | INFO    | validation_run | [Downloader] Processing batch of 1 tasks...
2026-01-26 14:50:27 | INFO    | validation_run |   -> Running 616b624f...
2026-01-26 14:50:27 | INFO    | validation_run | [Downloader] Processing batch of 1 tasks...
2026-01-26 14:50:28 | INFO    | validation_run |   -> Uploading de22716b...
2026-01-26 14:50:28 | INFO    | validation_run | [Uploader] Processing batch of 2 tasks...
2026-01-26 14:50:28 | INFO    | validation_run |   -> Uploading 29c32d81...
2026-01-26 14:50:28 | INFO    | validation_run | [Pipeline Status] Compile:0, Upload:0, Run:11, Down:0, Result:0
2026-01-26 14:50:28 | INFO    | validation_run | [Runner] Processing batch of 11 tasks...
2026-01-26 14:50:29 | INFO    | validation_run | [Downloader] Processing batch of 1 tasks...
2026-01-26 14:50:29 | INFO    | validation_run | [DONE] Rfe_PodRW_Rfe_DpCtrlFenceIdW_Rfe_PodRW | Act: 0.0000 | Pred: 0.7591 | Diff: -0.7591 | Rem: 16
2026-01-26 14:50:29 | INFO    | validation_run |   -> Running 80e7ef4c...
2026-01-26 14:50:29 | INFO    | validation_run | [DONE] Coe_Fence.rw.wdWR_Fre_Fence.w.wdWW_Rfe_DpCtrlFenceIdW | Act: -1.0000 | Pred: 0.6033 | Diff: -1.6033 | Rem: 15
2026-01-26 14:50:29 | INFO    | validation_run | [Uploader] Processing batch of 1 tasks...
2026-01-26 14:50:29 | INFO    | validation_run |   -> Uploading 234a12f5...
2026-01-26 14:50:29 | INFO    | validation_run |   -> Uploading 3fd125fd...
2026-01-26 14:50:30 | INFO    | validation_run | [Uploader] Processing batch of 1 tasks...
2026-01-26 14:50:30 | INFO    | validation_run |   -> Running e5ab1524...
2026-01-26 14:50:30 | INFO    | validation_run | [Downloader] Processing batch of 1 tasks...
2026-01-26 14:50:30 | INFO    | validation_run |   -> Running 37ab8cde...
2026-01-26 14:50:30 | INFO    | validation_run | [Downloader] Processing batch of 1 tasks...
2026-01-26 14:50:30 | INFO    | validation_run | [DONE] Rfe_Fence.r.rwdRR_Fre_CoLeave_Fence.rw.wdWR_FrBack | Act: 0.0000 | Pred: 0.8951 | Diff: -0.8951 | Rem: 14
2026-01-26 14:50:30 | INFO    | validation_run |   -> Running 0008e38b...
2026-01-26 14:50:30 | INFO    | validation_run |   -> Running 99781e34...
2026-01-26 14:50:30 | INFO    | validation_run |   -> Running fbf37d94...
2026-01-26 14:50:30 | INFO    | validation_run |   -> Running e33d55ff...
2026-01-26 14:50:30 | INFO    | validation_run |   -> Uploading 3237ee39...
2026-01-26 14:50:30 | INFO    | validation_run |   -> Running cdf0873a...
2026-01-26 14:50:30 | INFO    | validation_run | [Uploader] Processing batch of 1 tasks...
2026-01-26 14:50:31 | INFO    | validation_run | [Pipeline Status] Compile:0, Upload:0, Run:3, Down:5, Result:0
2026-01-26 14:50:31 | INFO    | validation_run | [Downloader] Processing batch of 5 tasks...
2026-01-26 14:50:31 | INFO    | validation_run | [DONE] Coe_Fence.rw.wdWR_Fre_Rfe_Fence.rw.rwdRW | Act: -1.0000 | Pred: 1.5517 | Diff: -2.5517 | Rem: 13
2026-01-26 14:50:31 | INFO    | validation_run |   -> Running 77175ebc...
2026-01-26 14:50:31 | INFO    | validation_run |   -> Running de22716b...
2026-01-26 14:50:31 | INFO    | validation_run |   -> Uploading 49c10700...
2026-01-26 14:50:31 | INFO    | validation_run | [Downloader] Processing batch of 2 tasks...
2026-01-26 14:50:31 | INFO    | validation_run | [DONE] Coe_Fence.r.rwdWR_Fre_Fence.rw.wdWW_Rfe_Fence.rw.wdRW | Act: -1.0000 | Pred: 0.5910 | Diff: -1.5910 | Rem: 12
2026-01-26 14:50:31 | INFO    | validation_run | [Uploader] Processing batch of 1 tasks...
2026-01-26 14:50:31 | INFO    | validation_run |   -> Uploading 93fc3e4d...
2026-01-26 14:50:32 | INFO    | validation_run |   -> Running 29c32d81...
2026-01-26 14:50:32 | INFO    | validation_run | [Runner] Processing batch of 5 tasks...
2026-01-26 14:50:32 | INFO    | validation_run | [Uploader] Processing batch of 1 tasks...
2026-01-26 14:50:32 | INFO    | validation_run | [DONE] Rfe_PodRR_Fre_PodWW_Wse | Act: -1.0000 | Pred: 2.0417 | Diff: -3.0417 | Rem: 11
2026-01-26 14:50:32 | INFO    | validation_run | [DONE] Coe_Fence.rw.wdWR_Fre_RfLeave_Fence.rw.rwdRR_FrBack | Act: -1.0000 | Pred: 1.0855 | Diff: -2.0855 | Rem: 10
2026-01-26 14:50:32 | INFO    | validation_run | [DONE] Coe_Fence.r.rwdWR_Fre_Fence.rw.wdWW_Rfe_DpAddrdW | Act: -1.0000 | Pred: 1.2535 | Diff: -2.2535 | Rem: 9
2026-01-26 14:50:32 | INFO    | validation_run | [DONE] Coe_Fence.rw.wdWR_Fre_Fence.rw.rwdWR_Fre_Fence.w.wdWW | Act: -1.0000 | Pred: 1.5188 | Diff: -2.5188 | Rem: 8
2026-01-26 14:50:32 | INFO    | validation_run | [DONE] Rfe_PodRWPAR_CoeARAR_PodWWARP | Act: -1.0000 | Pred: 13.3962 | Diff: -14.3962 | Rem: 7
2026-01-26 14:50:32 | INFO    | validation_run | [Downloader] Processing batch of 2 tasks...
2026-01-26 14:50:32 | INFO    | validation_run | [DONE] Rfe_DpAddrdR_Fre_PosWR_Fre_PodWW | Act: 100.0000 | Pred: 2.0517 | Diff: +97.9483 | Rem: 6
2026-01-26 14:50:32 | INFO    | validation_run | [DONE] Coe_Fence.r.rwdWR_Fre_Rfe_DpAddrdR_Fre | Act: -1.0000 | Pred: 1.5687 | Diff: -2.5687 | Rem: 5
2026-01-26 14:50:33 | INFO    | validation_run |   -> Running 234a12f5...
2026-01-26 14:50:33 | INFO    | validation_run |   -> Uploading e1dba29b...
2026-01-26 14:50:33 | INFO    | validation_run | [Uploader] Processing batch of 2 tasks...
2026-01-26 14:50:33 | INFO    | validation_run |   -> Uploading 86e02e48...
2026-01-26 14:50:33 | INFO    | validation_run | [Uploader] Processing batch of 4 tasks...
2026-01-26 14:50:33 | INFO    | validation_run | [Pipeline Status] Compile:0, Upload:0, Run:2, Down:0, Result:0
2026-01-26 14:50:33 | INFO    | validation_run | [DONE] Rfe_PodRR_Fre_Rfe_PodRW | Act: 9494.7368 | Pred: 1.5829 | Diff: +9493.1539 | Rem: 4
2026-01-26 14:50:33 | INFO    | validation_run | [DONE] Coe_Fence.r.rwdWR_Fre_Fence.w.wdWW_Rfe_DpDatadW | Act: -1.0000 | Pred: 1.6094 | Diff: -2.6094 | Rem: 3
2026-01-26 14:50:34 | INFO    | validation_run |   -> Uploading 54bd6547...
2026-01-26 14:50:34 | INFO    | validation_run |   -> Uploading 73ea6ee4...
2026-01-26 14:50:34 | INFO    | validation_run | [Uploader] Processing batch of 2 tasks...
2026-01-26 14:50:34 | INFO    | validation_run |   -> Running 3fd125fd...
2026-01-26 14:50:34 | INFO    | validation_run | [Downloader] Processing batch of 1 tasks...
2026-01-26 14:50:34 | INFO    | validation_run | [Pipeline Status] Compile:0, Upload:1, Run:4, Down:0, Result:0
2026-01-26 14:50:35 | INFO    | validation_run |   -> Uploading ceda655e...
2026-01-26 14:50:35 | INFO    | validation_run |   -> Uploading c343a560...
2026-01-26 14:50:35 | INFO    | validation_run |   -> Uploading 3f963f25...
2026-01-26 14:50:35 | INFO    | validation_run |   -> Running 3237ee39...
2026-01-26 14:50:35 | INFO    | validation_run | [Downloader] Processing batch of 1 tasks...
2026-01-26 14:50:35 | INFO    | validation_run |   -> Running 49c10700...
2026-01-26 14:50:35 | INFO    | validation_run |   -> Uploading 41e83796...
2026-01-26 14:50:35 | INFO    | validation_run |   -> Running 93fc3e4d...
2026-01-26 14:50:35 | INFO    | validation_run | [Runner] Processing batch of 7 tasks...
2026-01-26 14:50:35 | INFO    | validation_run | [Uploader] Processing batch of 1 tasks...
2026-01-26 14:50:35 | INFO    | validation_run |   -> Uploading 50d0af17...
2026-01-26 14:50:35 | INFO    | validation_run |   -> Uploading 94c8a3cf...
2026-01-26 14:50:35 | INFO    | validation_run | [Pipeline Status] Compile:0, Upload:0, Run:3, Down:3, Result:0
2026-01-26 14:50:36 | INFO    | validation_run | [Downloader] Processing batch of 3 tasks...
2026-01-26 14:50:36 | INFO    | validation_run | [DONE] Rfe_PodRW_Rfe_DpAddrdR_Fre_PodWW | Act: 1290.6250 | Pred: 2.8458 | Diff: +1287.7792 | Rem: 2
2026-01-26 14:50:36 | INFO    | validation_run |   -> Running e1dba29b...
2026-01-26 14:50:36 | INFO    | validation_run | [DONE] Rfe_PodRR_Fre_PodWW_RfLeave_FrBack | Act: 1.7241 | Pred: 2.4520 | Diff: -0.7278 | Rem: 1
2026-01-26 14:50:36 | INFO    | validation_run | [Uploader] Processing batch of 1 tasks...
2026-01-26 14:50:36 | INFO    | validation_run |   -> Running 86e02e48...
2026-01-26 14:50:36 | INFO    | validation_run | [Downloader] Processing batch of 1 tasks...
2026-01-26 14:50:36 | INFO    | validation_run |   -> Uploading 964c55c3...
2026-01-26 14:50:37 | INFO    | validation_run | [Uploader] Processing batch of 1 tasks...
2026-01-26 14:50:37 | INFO    | validation_run | [DONE] Coe_Fence.rw.wdWR_Fre_Fence.w.wdWW | Act: -1.0000 | Pred: 1.4675 | Diff: -2.4675 | Rem: 0
2026-01-26 14:50:37 | INFO    | validation_run | [DONE] Wse_PodWW_Wse_PodWW  | Act: -1.0000 | Pred: 11.8187 | Diff: -12.8187 | Rem: 0
2026-01-26 14:50:37 | INFO    | validation_run | [DONE] Coe_Fence.r.rwdWR_Fre_Fence.w.wdWW_Rfe_DpCtrldW | Act: -1.0000 | Pred: 0.6517 | Diff: -1.6517 | Rem: 0
2026-01-26 14:50:37 | INFO    | validation_run |   -> Running 54bd6547...
2026-01-26 14:50:37 | INFO    | validation_run | [Downloader] Processing batch of 1 tasks...
2026-01-26 14:50:37 | INFO    | validation_run |   -> Running 73ea6ee4...
2026-01-26 14:50:37 | INFO    | validation_run |   -> Running ceda655e...
2026-01-26 14:50:37 | INFO    | validation_run |   -> Uploading 09120ff4...
2026-01-26 14:50:37 | INFO    | validation_run |   -> Running c343a560...
2026-01-26 14:50:37 | INFO    | validation_run |   -> Running 3f963f25...
2026-01-26 14:50:37 | INFO    | validation_run | [Runner] Processing batch of 4 tasks...
2026-01-26 14:50:37 | INFO    | validation_run |   -> Uploading 70e0b565...
2026-01-26 14:50:38 | INFO    | validation_run | [Pipeline Status] Compile:0, Upload:0, Run:2, Down:5, Result:0
2026-01-26 14:50:38 | INFO    | validation_run | [DONE] PodWWPAR_CoeARP_PodWRPAR_FreARP | Act: -1.0000 | Pred: 3.2901 | Diff: -4.2901 | Rem: 0
2026-01-26 14:50:38 | INFO    | validation_run | [Downloader] Processing batch of 5 tasks...
2026-01-26 14:50:38 | INFO    | validation_run |   -> Running 41e83796...
2026-01-26 14:50:38 | INFO    | validation_run | [DONE] Rfe_PodRW_Rfe_DpAddrdW_Rfe_PodRW | Act: 1464.8649 | Pred: 1.2598 | Diff: +1463.6050 | Rem: 0
2026-01-26 14:50:38 | INFO    | validation_run |   -> Running 50d0af17...
2026-01-26 14:50:38 | INFO    | validation_run | [Downloader] Processing batch of 1 tasks...
2026-01-26 14:50:38 | INFO    | validation_run |   -> Running 94c8a3cf...
2026-01-26 14:50:38 | INFO    | validation_run |   -> Running 964c55c3...
2026-01-26 14:50:39 | INFO    | validation_run | [DONE] Rfe_DpAddrsR_Fre_PodWW_Wse_PodWW | Act: -1.0000 | Pred: 2.0080 | Diff: -3.0080 | Rem: 0
2026-01-26 14:50:39 | INFO    | validation_run | [DONE] Rfe_PodRW_Wse_PodWR_Fre_PosWW | Act: -1.0000 | Pred: 2.2757 | Diff: -3.2757 | Rem: 0
2026-01-26 14:50:39 | INFO    | validation_run | [DONE] Coe_Fence.rw.wdWR_Fre_Fence.rw.wdWW_Rfe_DpAddrdW | Act: -1.0000 | Pred: 1.5485 | Diff: -2.5485 | Rem: 0
2026-01-26 14:50:39 | INFO    | validation_run | [DONE] Coe_Fence.rw.wdWR_Fre_Fence.rw.rwdWW | Act: -1.0000 | Pred: 1.7218 | Diff: -2.7218 | Rem: 0
2026-01-26 14:50:39 | INFO    | validation_run | [Downloader] Processing batch of 2 tasks...
2026-01-26 14:50:39 | INFO    | validation_run | [DONE] Coe_Fence.rw.wdWR_Fre_Fence.w.wdWW_Rfe_Fence.rw.rwdRW | Act: -1.0000 | Pred: 0.6535 | Diff: -1.6535 | Rem: 0
2026-01-26 14:50:39 | INFO    | validation_run | [Runner] Processing batch of 2 tasks...
2026-01-26 14:50:39 | INFO    | validation_run | [Downloader] Processing batch of 1 tasks...
2026-01-26 14:50:39 | INFO    | validation_run | [DONE] Coe_Fence.rw.wdWR_Fre_Fence.w.wdWW_Rfe_DpAddrdW | Act: -1.0000 | Pred: 3.7458 | Diff: -4.7458 | Rem: 0
2026-01-26 14:50:39 | INFO    | validation_run |   -> Running 09120ff4...
2026-01-26 14:50:39 | INFO    | validation_run | [DONE] Fre_RfLeave_FrBack_PodWW_Wse_PodWR | Act: -1.0000 | Pred: 1.6427 | Diff: -2.6427 | Rem: 0
2026-01-26 14:50:39 | INFO    | validation_run | [DONE] Coe_Fence.r.rwdWR_Fre_RfLeave_Fence.r.rwdRR_FrBack | Act: -1.0000 | Pred: 0.7984 | Diff: -1.7984 | Rem: 0
2026-01-26 14:50:40 | INFO    | validation_run |   -> Running 70e0b565...
2026-01-26 14:50:40 | INFO    | validation_run | [Downloader] Processing batch of 1 tasks...
2026-01-26 14:50:40 | INFO    | validation_run | [DONE] Rfe_FrLeave_RfBack_PodRR_Fre_PodWW | Act: 261.5385 | Pred: 1.2139 | Diff: +260.3245 | Rem: 0
2026-01-26 14:50:41 | INFO    | validation_run | [Pipeline Status] Compile:0, Upload:0, Run:0, Down:0, Result:0
2026-01-26 14:50:41 | INFO    | validation_run | [Downloader] Processing batch of 1 tasks...
2026-01-26 14:50:42 | INFO    | validation_run | [DONE] Rfe_PodRW_Wse_Rfe_PodRR_Fre | Act: -1.0000 | Pred: 1.7453 | Diff: -2.7453 | Rem: 0
2026-01-26 14:50:42 | INFO    | validation_run | [DONE] Rfe_PodRR_Fre_PodWW_Rfe_DpCtrlFenceIdW | Act: 0.0000 | Pred: 0.7566 | Diff: -0.7566 | Rem: 0
2026-01-26 14:50:42 | INFO    | validation_run | Queue empty and Pipeline drained. Exiting loop.
2026-01-26 14:50:42 | INFO    | validation_run | Validation Finished. Processed: 215, Skipped: 0
2026-01-26 14:50:42 | INFO    | validation_run | All tasks completed.
