2026-01-26 14:45:25 | INFO    | validation_run | ================================================================================
2026-01-26 14:45:25 | INFO    | validation_run | Logger initialized
2026-01-26 14:45:25 | INFO    | validation_run | log_file=./make_new_litmus/log_record_random.log.20260126-144525.run.log
2026-01-26 14:45:25 | INFO    | validation_run | level=INFO
2026-01-26 14:45:25 | INFO    | validation_run | ================================================================================
2026-01-26 14:45:25 | INFO    | validation_run | Start Validation Run | JSON source: ./make_new_litmus/best_params_recommendation_robust.json
2026-01-26 14:45:25 | INFO    | validation_run | Loading recommendations from ./make_new_litmus/best_params_recommendation_robust.json...
2026-01-26 14:45:25 | INFO    | validation_run | Total validation tasks loaded: 215
2026-01-26 14:45:25 | INFO    | validation_run | Initializing Async Pipeline...
2026-01-26 14:45:25 | INFO    | validation_run | [Pipeline] Cleaning remote directory: /home/sipeed/test ...
2026-01-26 14:45:26 | INFO    | validation_run | [Pipeline] Remote environment ready.
2026-01-26 14:45:26 | INFO    | validation_run | Starting 2 compiler threads...
2026-01-26 14:45:26 | INFO    | validation_run | Starting 2 downloader threads...
2026-01-26 14:45:26 | INFO    | validation_run | === Starting Validation Execution Loop ===
2026-01-26 14:45:26 | INFO    | validation_run | [Uploader] Processing batch of 1 tasks...
2026-01-26 14:45:26 | INFO    | validation_run | [Uploader] Processing batch of 1 tasks...
2026-01-26 14:45:27 | INFO    | validation_run | [Pipeline Status] Compile:10, Upload:2, Run:0, Down:0, Result:0
2026-01-26 14:45:27 | INFO    | validation_run |   -> Uploading 80a58c4c...
2026-01-26 14:45:27 | INFO    | validation_run |   -> Uploading 1c99fd4e...
2026-01-26 14:45:27 | INFO    | validation_run | [Uploader] Processing batch of 4 tasks...
2026-01-26 14:45:27 | INFO    | validation_run | [Runner] Processing batch of 1 tasks...
2026-01-26 14:45:27 | INFO    | validation_run | [Uploader] Processing batch of 1 tasks...
2026-01-26 14:45:28 | INFO    | validation_run |   -> Running 80a58c4c...
2026-01-26 14:45:28 | INFO    | validation_run | [Pipeline Status] Compile:4, Upload:3, Run:1, Down:0, Result:0
2026-01-26 14:45:28 | INFO    | validation_run | [Runner] Processing batch of 1 tasks...
2026-01-26 14:45:28 | INFO    | validation_run | [Downloader] Processing batch of 1 tasks...
2026-01-26 14:45:28 | INFO    | validation_run |   -> Uploading f1c76bb2...
2026-01-26 14:45:28 | INFO    | validation_run |   -> Uploading 0cd2bd3d...
2026-01-26 14:45:28 | INFO    | validation_run |   -> Uploading 73912421...
2026-01-26 14:45:28 | INFO    | validation_run | [Uploader] Processing batch of 7 tasks...
2026-01-26 14:45:28 | INFO    | validation_run |   -> Uploading 0ef20706...
2026-01-26 14:45:28 | INFO    | validation_run |   -> Uploading 479b9e2f...
2026-01-26 14:45:29 | INFO    | validation_run | [Pipeline Status] Compile:0, Upload:0, Run:5, Down:0, Result:0
2026-01-26 14:45:29 | INFO    | validation_run | [Uploader] Processing batch of 1 tasks...
2026-01-26 14:45:29 | INFO    | validation_run |   -> Running 1c99fd4e...
2026-01-26 14:45:29 | INFO    | validation_run |   -> Uploading 13827c09...
2026-01-26 14:45:29 | INFO    | validation_run |   -> Uploading 8460ee5d...
2026-01-26 14:45:29 | INFO    | validation_run |   -> Uploading f385dc3f...
2026-01-26 14:45:29 | INFO    | validation_run |   -> Uploading 83f53f8c...
2026-01-26 14:45:29 | INFO    | validation_run | [Downloader] Processing batch of 1 tasks...
2026-01-26 14:45:29 | INFO    | validation_run | [Runner] Processing batch of 8 tasks...
2026-01-26 14:45:30 | INFO    | validation_run |   -> Uploading 60f2efe4...
2026-01-26 14:45:30 | INFO    | validation_run | [Pipeline Status] Compile:0, Upload:1, Run:1, Down:0, Result:0
2026-01-26 14:45:30 | INFO    | validation_run | [DONE] Fre_PodWW_Wse_RfLeave_PodRW_RfBack | Act: -1.0000 | Pred: 2.0456 | Diff: -3.0456 | Rem: 199
2026-01-26 14:45:30 | INFO    | validation_run |   -> Uploading f2860c0c...
2026-01-26 14:45:30 | INFO    | validation_run |   -> Uploading 30457a80...
2026-01-26 14:45:30 | INFO    | validation_run |   -> Uploading e9fca4f6...
2026-01-26 14:45:30 | INFO    | validation_run | [Uploader] Processing batch of 1 tasks...
2026-01-26 14:45:30 | INFO    | validation_run | [Uploader] Processing batch of 1 tasks...
2026-01-26 14:45:30 | INFO    | validation_run |   -> Running f1c76bb2...
2026-01-26 14:45:31 | INFO    | validation_run |   -> Running 0cd2bd3d...
2026-01-26 14:45:31 | INFO    | validation_run | [Downloader] Processing batch of 1 tasks...
2026-01-26 14:45:31 | INFO    | validation_run |   -> Running 73912421...
2026-01-26 14:45:31 | INFO    | validation_run | [Pipeline Status] Compile:0, Upload:0, Run:5, Down:1, Result:0
2026-01-26 14:45:31 | INFO    | validation_run |   -> Running 0ef20706...
2026-01-26 14:45:31 | INFO    | validation_run |   -> Running 479b9e2f...
2026-01-26 14:45:31 | INFO    | validation_run |   -> Running 13827c09...
2026-01-26 14:45:31 | INFO    | validation_run |   -> Running 8460ee5d...
2026-01-26 14:45:31 | INFO    | validation_run |   -> Running f385dc3f...
2026-01-26 14:45:31 | INFO    | validation_run | [Runner] Processing batch of 5 tasks...
2026-01-26 14:45:31 | INFO    | validation_run | [Downloader] Processing batch of 7 tasks...
2026-01-26 14:45:31 | INFO    | validation_run | [DONE] Coe_Fence.r.rwdWR_Fre_Fence.rw.rwdWW | Act: -1.0000 | Pred: 1.6560 | Diff: -2.6560 | Rem: 198
2026-01-26 14:45:31 | INFO    | validation_run |   -> Uploading 2281ced6...
2026-01-26 14:45:31 | INFO    | validation_run |   -> Uploading ae763e2b...
2026-01-26 14:45:31 | INFO    | validation_run | [Uploader] Processing batch of 1 tasks...
2026-01-26 14:45:32 | INFO    | validation_run |   -> Running 83f53f8c...
2026-01-26 14:45:32 | INFO    | validation_run | [DONE] Coe_Fence.r.rwdWR_Fre_Rfe_Fence.r.rwdRR_Fre | Act: -1.0000 | Pred: 0.7923 | Diff: -1.7923 | Rem: 197
2026-01-26 14:45:32 | INFO    | validation_run |   -> Running 60f2efe4...
2026-01-26 14:45:32 | INFO    | validation_run | [Downloader] Processing batch of 1 tasks...
2026-01-26 14:45:32 | INFO    | validation_run |   -> Running f2860c0c...
2026-01-26 14:45:32 | INFO    | validation_run | [Uploader] Processing batch of 1 tasks...
2026-01-26 14:45:32 | INFO    | validation_run |   -> Running 30457a80...
2026-01-26 14:45:32 | INFO    | validation_run |   -> Running e9fca4f6...
2026-01-26 14:45:32 | INFO    | validation_run | [DONE] Rfe_PodRW_Rfe_DpDatadW_Wse_PodWW | Act: -1.0000 | Pred: 1.2375 | Diff: -2.2375 | Rem: 196
2026-01-26 14:45:32 | INFO    | validation_run | [DONE] Rfe_PodRW_Wse_PodWW  | Act: -1.0000 | Pred: 13.3962 | Diff: -14.3962 | Rem: 195
2026-01-26 14:45:32 | INFO    | validation_run | [Runner] Processing batch of 2 tasks...
2026-01-26 14:45:32 | INFO    | validation_run | [DONE] Coe_Fence.r.rwdWR_Fre_Fence.w.wdWW_Wse_Fence.rw.wdWW | Act: -1.0000 | Pred: 1.2061 | Diff: -2.2061 | Rem: 194
2026-01-26 14:45:32 | INFO    | validation_run | [DONE] Rfe_PodRR_Fre_PodWW_Rfe_DpCtrldW | Act: 0.0000 | Pred: 0.9415 | Diff: -0.9415 | Rem: 193
2026-01-26 14:45:32 | INFO    | validation_run | [DONE] Rfe_Fence.rw.wdRW_Coe_Fence.rw.wdWR_Fre_Fence.rw.rwdWW | Act: -1.0000 | Pred: 0.6417 | Diff: -1.6417 | Rem: 192
2026-01-26 14:45:32 | INFO    | validation_run | [DONE] Coe_PodWRPAR_FreARAR_PodWWARP | Act: -1.0000 | Pred: 3.2901 | Diff: -4.2901 | Rem: 191
2026-01-26 14:45:32 | INFO    | validation_run | [Downloader] Processing batch of 4 tasks...
2026-01-26 14:45:32 | INFO    | validation_run | [DONE] Rfe_DpAddrdR_Fre_PodWW_Wse_PodWW | Act: -1.0000 | Pred: 2.2816 | Diff: -3.2816 | Rem: 190
2026-01-26 14:45:33 | INFO    | validation_run |   -> Uploading 7949fe5b...
2026-01-26 14:45:33 | INFO    | validation_run | [Uploader] Processing batch of 1 tasks...
2026-01-26 14:45:33 | INFO    | validation_run |   -> Running 2281ced6...
2026-01-26 14:45:33 | INFO    | validation_run | [Pipeline Status] Compile:1, Upload:3, Run:1, Down:0, Result:0
2026-01-26 14:45:33 | INFO    | validation_run | [DONE] Coe_Fence.tsodWR_Fre_Fence.tsodWW | Act: -1.0000 | Pred: 1.2775 | Diff: -2.2775 | Rem: 189
2026-01-26 14:45:34 | INFO    | validation_run | [DONE] Rfe_Fence.r.rwdRW_Coe_Fence.r.rwdWR_Fre_Fence.w.wdWW | Act: -1.0000 | Pred: 0.5870 | Diff: -1.5870 | Rem: 188
2026-01-26 14:45:34 | INFO    | validation_run | [DONE] Rfe_PodRR_Fre_PodWW_Rfe_DpDatadW | Act: 25.0000 | Pred: 1.2510 | Diff: +23.7490 | Rem: 187
2026-01-26 14:45:34 | INFO    | validation_run | [DONE] Rfe_DpCtrldW_Wse_PodWW_Wse_PodWW | Act: -1.0000 | Pred: 0.7247 | Diff: -1.7247 | Rem: 186
2026-01-26 14:45:34 | INFO    | validation_run | [DONE] Wse_PodWW_Wse_RfLeave_PodRR_FrBack | Act: -1.0000 | Pred: 2.6288 | Diff: -3.6288 | Rem: 185
2026-01-26 14:45:34 | INFO    | validation_run |   -> Uploading 9c888cd4...
2026-01-26 14:45:34 | INFO    | validation_run | [Uploader] Processing batch of 7 tasks...
2026-01-26 14:45:34 | INFO    | validation_run |   -> Uploading c8e35d27...
2026-01-26 14:45:34 | INFO    | validation_run |   -> Running ae763e2b...
2026-01-26 14:45:34 | INFO    | validation_run | [Downloader] Processing batch of 1 tasks...
2026-01-26 14:45:34 | INFO    | validation_run | [Uploader] Processing batch of 1 tasks...
2026-01-26 14:45:34 | INFO    | validation_run | [Downloader] Processing batch of 1 tasks...
2026-01-26 14:45:34 | INFO    | validation_run | [Runner] Processing batch of 3 tasks...
2026-01-26 14:45:35 | INFO    | validation_run | [Pipeline Status] Compile:0, Upload:1, Run:0, Down:0, Result:0
2026-01-26 14:45:35 | INFO    | validation_run |   -> Running 7949fe5b...
2026-01-26 14:45:35 | INFO    | validation_run | [DONE] Rfe_PodRW_Wse_PodWW_Rfe_DpAddrdW | Act: -1.0000 | Pred: 1.6518 | Diff: -2.6518 | Rem: 184
2026-01-26 14:45:35 | INFO    | validation_run |   -> Uploading 768fa20d...
2026-01-26 14:45:36 | INFO    | validation_run |   -> Uploading 31719137...
2026-01-26 14:45:36 | INFO    | validation_run |   -> Running 9c888cd4...
2026-01-26 14:45:36 | INFO    | validation_run | [Downloader] Processing batch of 1 tasks...
2026-01-26 14:45:36 | INFO    | validation_run |   -> Uploading 0d90972f...
2026-01-26 14:45:36 | INFO    | validation_run |   -> Uploading d6c88cb3...
2026-01-26 14:45:36 | INFO    | validation_run |   -> Running c8e35d27...
2026-01-26 14:45:36 | INFO    | validation_run |   -> Uploading beb71a6c...
2026-01-26 14:45:36 | INFO    | validation_run | [Runner] Processing batch of 4 tasks...
2026-01-26 14:45:36 | INFO    | validation_run |   -> Uploading 7bd8af0b...
2026-01-26 14:45:36 | INFO    | validation_run | [Downloader] Processing batch of 2 tasks...
2026-01-26 14:45:36 | INFO    | validation_run | [DONE] Coe_Fence.rw.wdWR_Fre_Fence.rw.wdWW_Wse_Fence.rw.rwdWW | Act: -1.0000 | Pred: 0.6973 | Diff: -1.6973 | Rem: 183
2026-01-26 14:45:36 | INFO    | validation_run |   -> Uploading 71030964...
2026-01-26 14:45:36 | INFO    | validation_run |   -> Uploading c8afff76...
2026-01-26 14:45:36 | INFO    | validation_run | [Uploader] Processing batch of 4 tasks...
2026-01-26 14:45:36 | INFO    | validation_run | [Uploader] Processing batch of 1 tasks...
2026-01-26 14:45:37 | INFO    | validation_run | [DONE] Rfe_DpAddrdR_Fre_PodWR_Fre_PodWW | Act: 20.0000 | Pred: 0.7252 | Diff: +19.2748 | Rem: 182
2026-01-26 14:45:37 | INFO    | validation_run |   -> Running 768fa20d...
2026-01-26 14:45:37 | INFO    | validation_run |   -> Uploading 8aba1d0d...
2026-01-26 14:45:37 | INFO    | validation_run |   -> Uploading 77a8b78e...
2026-01-26 14:45:37 | INFO    | validation_run |   -> Uploading 333b9f6b...
2026-01-26 14:45:37 | INFO    | validation_run |   -> Uploading 25b198b5...
2026-01-26 14:45:37 | INFO    | validation_run | [Uploader] Processing batch of 1 tasks...
2026-01-26 14:45:38 | INFO    | validation_run |   -> Running 31719137...
2026-01-26 14:45:38 | INFO    | validation_run | [Downloader] Processing batch of 1 tasks...
2026-01-26 14:45:38 | INFO    | validation_run |   -> Uploading 42e48703...
2026-01-26 14:45:38 | INFO    | validation_run |   -> Running 0d90972f...
2026-01-26 14:45:38 | INFO    | validation_run |   -> Running d6c88cb3...
2026-01-26 14:45:38 | INFO    | validation_run | [DONE] Rfe_PodRW_Rfe_PodRR_Fre_PosWW | Act: 20.0000 | Pred: 1.4154 | Diff: +18.5846 | Rem: 181
2026-01-26 14:45:38 | INFO    | validation_run | [Downloader] Processing batch of 2 tasks...
2026-01-26 14:45:38 | INFO    | validation_run | [DONE] Rfe_PodRW_Rfe_DpCtrldW_Wse_PodWW | Act: -1.0000 | Pred: 1.4081 | Diff: -2.4081 | Rem: 180
2026-01-26 14:45:38 | INFO    | validation_run | [Runner] Processing batch of 9 tasks...
2026-01-26 14:45:38 | INFO    | validation_run | [Uploader] Processing batch of 1 tasks...
2026-01-26 14:45:38 | INFO    | validation_run |   -> Running beb71a6c...
2026-01-26 14:45:38 | INFO    | validation_run |   -> Uploading 7230223b...
2026-01-26 14:45:39 | INFO    | validation_run | [Uploader] Processing batch of 1 tasks...
2026-01-26 14:45:39 | INFO    | validation_run | [DONE] Rfe_Fence.r.rwdRW_Coe_Fence.rw.wdWR_Fre | Act: -1.0000 | Pred: 1.5939 | Diff: -2.5939 | Rem: 179
2026-01-26 14:45:39 | INFO    | validation_run | [DONE] Coe_Fence.r.rwdWR_Fre_Fence.rw.rwdWR_Fre_Fence.w.wdWW | Act: -1.0000 | Pred: 1.4001 | Diff: -2.4001 | Rem: 178
2026-01-26 14:45:39 | INFO    | validation_run | [Downloader] Processing batch of 1 tasks...
2026-01-26 14:45:39 | INFO    | validation_run |   -> Running 7bd8af0b...
2026-01-26 14:45:39 | INFO    | validation_run |   -> Running 71030964...
2026-01-26 14:45:39 | INFO    | validation_run |   -> Running c8afff76...
2026-01-26 14:45:39 | INFO    | validation_run |   -> Running 8aba1d0d...
2026-01-26 14:45:39 | INFO    | validation_run |   -> Running 77a8b78e...
2026-01-26 14:45:39 | INFO    | validation_run |   -> Running 333b9f6b...
2026-01-26 14:45:39 | INFO    | validation_run |   -> Running 25b198b5...
2026-01-26 14:45:39 | INFO    | validation_run |   -> Running 42e48703...
2026-01-26 14:45:39 | INFO    | validation_run | [Downloader] Processing batch of 8 tasks...
2026-01-26 14:45:39 | INFO    | validation_run | [DONE] Coe_Fence.rw.wdWR_Fre_Fence.rw.rwdWR_Fre_Fence.rw.wdWW | Act: -1.0000 | Pred: 0.9594 | Diff: -1.9594 | Rem: 177
2026-01-26 14:45:39 | INFO    | validation_run | [Runner] Processing batch of 1 tasks...
2026-01-26 14:45:39 | INFO    | validation_run |   -> Uploading 14b7f450...
2026-01-26 14:45:40 | INFO    | validation_run | [Uploader] Processing batch of 2 tasks...
2026-01-26 14:45:40 | INFO    | validation_run |   -> Running 7230223b...
2026-01-26 14:45:40 | INFO    | validation_run |   -> Uploading 5db2febe...
2026-01-26 14:45:40 | INFO    | validation_run | [Pipeline Status] Compile:0, Upload:1, Run:1, Down:1, Result:0
2026-01-26 14:45:40 | INFO    | validation_run | [Uploader] Processing batch of 1 tasks...
2026-01-26 14:45:41 | INFO    | validation_run | [Downloader] Processing batch of 1 tasks...
2026-01-26 14:45:41 | INFO    | validation_run | [DONE] Rfe_PodRW_Rfe_PodRW_Rfe_DpDatadW | Act: 20.0000 | Pred: 1.3536 | Diff: +18.6464 | Rem: 176
2026-01-26 14:45:41 | INFO    | validation_run | [DONE] Coe_Fence.r.rwdWR_Fre_Fence.rw.rwdWW_Rfe_DpDatadW | Act: -1.0000 | Pred: 0.7068 | Diff: -1.7068 | Rem: 175
2026-01-26 14:45:41 | INFO    | validation_run | [DONE] Rfe_Fence.r.rwdRW_Coe_Fence.r.rwdWR_Fre | Act: -1.0000 | Pred: 1.3853 | Diff: -2.3853 | Rem: 174
2026-01-26 14:45:41 | INFO    | validation_run | [DONE] Rfe_DpAddrdR_Fre_CoLeave_Fence.rw.wdWR_FrBack | Act: 0.0000 | Pred: 2.3617 | Diff: -2.3617 | Rem: 173
2026-01-26 14:45:41 | INFO    | validation_run | [DONE] Coe_Fence.rw.wdWR_Fre_RfLeave_Fence.r.rwdRR_FrBack | Act: -1.0000 | Pred: 1.0025 | Diff: -2.0025 | Rem: 172
2026-01-26 14:45:41 | INFO    | validation_run | [Runner] Processing batch of 2 tasks...
2026-01-26 14:45:41 | INFO    | validation_run | [DONE] CoePAR_PodWRARP_FrePAR_PodWWARP | Act: -1.0000 | Pred: 3.2901 | Diff: -4.2901 | Rem: 171
2026-01-26 14:45:41 | INFO    | validation_run | [DONE] Coe_Fence.r.rwdWR_Fre_Rfe_Fence.rw.wdRW | Act: -1.0000 | Pred: 1.3801 | Diff: -2.3801 | Rem: 170
2026-01-26 14:45:41 | INFO    | validation_run | [DONE] Rfe_PodRR_FrLeave_RfBack_Fre_PodWW | Act: 14.2857 | Pred: 1.2586 | Diff: +13.0271 | Rem: 169
2026-01-26 14:45:41 | INFO    | validation_run | [Downloader] Processing batch of 1 tasks...
2026-01-26 14:45:41 | INFO    | validation_run | [DONE] Rfe_Fence.rw.wdRW_Coe_Fence.rw.wdWR_Fre_Fence.rw.wdWW | Act: -1.0000 | Pred: 1.5837 | Diff: -2.5837 | Rem: 168
2026-01-26 14:45:41 | INFO    | validation_run |   -> Uploading 8e60114e...
2026-01-26 14:45:41 | INFO    | validation_run |   -> Uploading c3af1966...
2026-01-26 14:45:41 | INFO    | validation_run | [Uploader] Processing batch of 2 tasks...
2026-01-26 14:45:41 | INFO    | validation_run |   -> Uploading cb65d448...
2026-01-26 14:45:42 | INFO    | validation_run | [Uploader] Processing batch of 1 tasks...
2026-01-26 14:45:42 | INFO    | validation_run |   -> Running 14b7f450...
2026-01-26 14:45:42 | INFO    | validation_run | [DONE] Coe_Fence.r.rwdWR_Fre_Rfe_Fence.rw.rwdRW | Act: -1.0000 | Pred: 1.4349 | Diff: -2.4349 | Rem: 167
2026-01-26 14:45:42 | INFO    | validation_run |   -> Running 5db2febe...
2026-01-26 14:45:42 | INFO    | validation_run | [Downloader] Processing batch of 1 tasks...
2026-01-26 14:45:42 | INFO    | validation_run | [Runner] Processing batch of 3 tasks...
2026-01-26 14:45:42 | INFO    | validation_run | [Downloader] Processing batch of 1 tasks...
2026-01-26 14:45:42 | INFO    | validation_run | [DONE] Coe_Fence.r.rwdWR_Fre_Fence.rw.rwdWW_Wse_Fence.rw.wdWW | Act: -1.0000 | Pred: 1.2226 | Diff: -2.2226 | Rem: 166
2026-01-26 14:45:43 | INFO    | validation_run |   -> Uploading 0444f33f...
2026-01-26 14:45:43 | INFO    | validation_run |   -> Uploading 1e22adb8...
2026-01-26 14:45:43 | INFO    | validation_run |   -> Uploading 5ce196ea...
2026-01-26 14:45:43 | INFO    | validation_run | [Uploader] Processing batch of 4 tasks...
2026-01-26 14:45:43 | INFO    | validation_run | [DONE] Coe_Fence.r.rwdWR_Fre_Fence.w.wdWW | Act: -1.0000 | Pred: 1.6527 | Diff: -2.6527 | Rem: 165
2026-01-26 14:45:43 | INFO    | validation_run | [Uploader] Processing batch of 1 tasks...
2026-01-26 14:45:43 | INFO    | validation_run |   -> Running 8e60114e...
2026-01-26 14:45:44 | INFO    | validation_run |   -> Running c3af1966...
2026-01-26 14:45:44 | INFO    | validation_run | [Downloader] Processing batch of 1 tasks...
2026-01-26 14:45:44 | INFO    | validation_run |   -> Running cb65d448...
2026-01-26 14:45:44 | INFO    | validation_run | [Runner] Processing batch of 3 tasks...
2026-01-26 14:45:44 | INFO    | validation_run | [Downloader] Processing batch of 2 tasks...
2026-01-26 14:45:44 | INFO    | validation_run | [DONE] Rfe_DpCtrlFenceIdW_Wse_PodWW_Wse_PodWW | Act: -1.0000 | Pred: 0.7265 | Diff: -1.7265 | Rem: 164
2026-01-26 14:45:44 | INFO    | validation_run |   -> Uploading 0321a963...
2026-01-26 14:45:44 | INFO    | validation_run |   -> Uploading a3bb3766...
2026-01-26 14:45:44 | INFO    | validation_run |   -> Uploading 91d1b832...
2026-01-26 14:45:44 | INFO    | validation_run |   -> Uploading f1b577ec...
2026-01-26 14:45:44 | INFO    | validation_run |   -> Uploading 5f95b818...
2026-01-26 14:45:44 | INFO    | validation_run | [Uploader] Processing batch of 5 tasks...
2026-01-26 14:45:45 | INFO    | validation_run |   -> Running 0444f33f...
2026-01-26 14:45:45 | INFO    | validation_run | [Pipeline Status] Compile:0, Upload:0, Run:5, Down:0, Result:0
2026-01-26 14:45:45 | INFO    | validation_run | [DONE] Rfe_PodRW_Rfe_DpCtrlFenceIsR_Fre_PodWW | Act: 0.0000 | Pred: 2.9995 | Diff: -2.9995 | Rem: 163
2026-01-26 14:45:45 | INFO    | validation_run |   -> Running 1e22adb8...
2026-01-26 14:45:45 | INFO    | validation_run | [Downloader] Processing batch of 1 tasks...
2026-01-26 14:45:45 | INFO    | validation_run |   -> Running 5ce196ea...
2026-01-26 14:45:45 | INFO    | validation_run | [Runner] Processing batch of 5 tasks...
2026-01-26 14:45:46 | INFO    | validation_run | [DONE] Coe_Fence.r.rwdWR_Fre_RfLeave_Fence.rw.rwdRR_FrBack | Act: -1.0000 | Pred: 0.8978 | Diff: -1.8978 | Rem: 162
2026-01-26 14:45:46 | INFO    | validation_run | [Downloader] Processing batch of 2 tasks...
2026-01-26 14:45:46 | INFO    | validation_run | [DONE] Coe_Fence.r.rwdWR_Fre_Fence.rw.rwdWR_Fre | Act: -1.0000 | Pred: 1.4190 | Diff: -2.4190 | Rem: 161
2026-01-26 14:45:46 | INFO    | validation_run |   -> Uploading b72ca1d9...
2026-01-26 14:45:46 | INFO    | validation_run |   -> Uploading 2ff7a4b7...
2026-01-26 14:45:46 | INFO    | validation_run | [Uploader] Processing batch of 1 tasks...
2026-01-26 14:45:46 | INFO    | validation_run |   -> Uploading af9a3565...
2026-01-26 14:45:46 | INFO    | validation_run |   -> Uploading 07c516a1...
2026-01-26 14:45:46 | INFO    | validation_run |   -> Uploading fd006574...
2026-01-26 14:45:46 | INFO    | validation_run | [Uploader] Processing batch of 2 tasks...
2026-01-26 14:45:46 | INFO    | validation_run |   -> Running 0321a963...
2026-01-26 14:45:47 | INFO    | validation_run | [Pipeline Status] Compile:0, Upload:0, Run:5, Down:0, Result:0
2026-01-26 14:45:47 | INFO    | validation_run | [DONE] PodWWPAR_CoeARAR_PodWRARAR_FreARP | Act: -1.0000 | Pred: 3.2901 | Diff: -4.2901 | Rem: 160
2026-01-26 14:45:47 | INFO    | validation_run |   -> Running a3bb3766...
2026-01-26 14:45:47 | INFO    | validation_run | [Downloader] Processing batch of 1 tasks...
2026-01-26 14:45:47 | INFO    | validation_run |   -> Running f1b577ec...
2026-01-26 14:45:47 | INFO    | validation_run |   -> Running 91d1b832...
2026-01-26 14:45:47 | INFO    | validation_run |   -> Running 5f95b818...
2026-01-26 14:45:47 | INFO    | validation_run | [Runner] Processing batch of 5 tasks...
2026-01-26 14:45:47 | INFO    | validation_run |   -> Uploading b733a46f...
2026-01-26 14:45:47 | INFO    | validation_run | [DONE] Rfe_PodRW_Wse_PodWW_RfLeave_FrBack | Act: -1.0000 | Pred: 8.3100 | Diff: -9.3100 | Rem: 159
2026-01-26 14:45:47 | INFO    | validation_run | [DONE] Coe_Fence.r.rwdWR_Fre_Fence.rw.rwdWW_Rfe_DpCtrldW | Act: -1.0000 | Pred: 0.6470 | Diff: -1.6470 | Rem: 158
2026-01-26 14:45:47 | INFO    | validation_run | [Downloader] Processing batch of 4 tasks...
2026-01-26 14:45:47 | INFO    | validation_run | [Uploader] Processing batch of 1 tasks...
2026-01-26 14:45:48 | INFO    | validation_run |   -> Uploading 2c9de7f1...
2026-01-26 14:45:48 | INFO    | validation_run |   -> Uploading d6e7c87a...
2026-01-26 14:45:48 | INFO    | validation_run | [Uploader] Processing batch of 2 tasks...
2026-01-26 14:45:48 | INFO    | validation_run | [DONE] Rfe_DpAddrdW_Wse_PodWW_Wse_PodWW | Act: -1.0000 | Pred: 3.8814 | Diff: -4.8814 | Rem: 157
2026-01-26 14:45:48 | INFO    | validation_run |   -> Running b72ca1d9...
2026-01-26 14:45:49 | INFO    | validation_run |   -> Running 2ff7a4b7...
2026-01-26 14:45:49 | INFO    | validation_run | [Downloader] Processing batch of 1 tasks...
2026-01-26 14:45:49 | INFO    | validation_run |   -> Running af9a3565...
2026-01-26 14:45:49 | INFO    | validation_run |   -> Running 07c516a1...
2026-01-26 14:45:49 | INFO    | validation_run | [DONE] Fre_PodWW_Wse_PodWR  | Act: -1.0000 | Pred: 3.2901 | Diff: -4.2901 | Rem: 156
2026-01-26 14:45:49 | INFO    | validation_run |   -> Running fd006574...
2026-01-26 14:45:49 | INFO    | validation_run | [DONE] Coe_Fence.rw.wdWR_Fre_RfLeave_DpAddrdR_FrBack | Act: -1.0000 | Pred: 2.2174 | Diff: -3.2174 | Rem: 155
2026-01-26 14:45:49 | INFO    | validation_run |   -> Uploading 0c409368...
2026-01-26 14:45:49 | INFO    | validation_run | [DONE] Rfe_PodRW_Rfe_FrLeave_RfBack_PodRW | Act: 0.0000 | Pred: 0.8223 | Diff: -0.8223 | Rem: 154
2026-01-26 14:45:49 | INFO    | validation_run | [Runner] Processing batch of 3 tasks...
2026-01-26 14:45:49 | INFO    | validation_run | [Downloader] Processing batch of 4 tasks...
2026-01-26 14:45:49 | INFO    | validation_run | [DONE] Rfe_PodRW_Rfe_DpAddrsR_Fre_PodWW | Act: 480.0000 | Pred: 2.2601 | Diff: +477.7399 | Rem: 153
2026-01-26 14:45:49 | INFO    | validation_run |   -> Uploading e4fda7cc...
2026-01-26 14:45:49 | INFO    | validation_run | [Uploader] Processing batch of 1 tasks...
2026-01-26 14:45:49 | INFO    | validation_run |   -> Uploading 0c5082d7...
2026-01-26 14:45:50 | INFO    | validation_run | [Uploader] Processing batch of 1 tasks...
2026-01-26 14:45:50 | INFO    | validation_run | [DONE] Coe_Fence.rw.wdWR_Fre_Rfe_DpDatadW | Act: -1.0000 | Pred: 1.3816 | Diff: -2.3816 | Rem: 152
2026-01-26 14:45:50 | INFO    | validation_run |   -> Running b733a46f...
2026-01-26 14:45:50 | INFO    | validation_run | [DONE] Rfe_Fence.rw.rwdRR_Fre_CoLeave_Fence.r.rwdWR_FrBack | Act: 0.0000 | Pred: 0.8978 | Diff: -0.8978 | Rem: 151
2026-01-26 14:45:50 | INFO    | validation_run | [DONE] Rfe_PodRW_Rfe_DpCtrlFenceIdW_Wse_PodWW | Act: -1.0000 | Pred: 1.1870 | Diff: -2.1870 | Rem: 150
2026-01-26 14:45:50 | INFO    | validation_run | [DONE] Rfe_PodRR_Fre_PodWR_Fre_PosWW | Act: 466.6667 | Pred: 1.0477 | Diff: +465.6189 | Rem: 149
2026-01-26 14:45:50 | INFO    | validation_run | [DONE] Coe_Fence.rw.wdWR_Fre_Fence.rw.rwdWR_Fre | Act: -1.0000 | Pred: 1.2862 | Diff: -2.2862 | Rem: 148
2026-01-26 14:45:51 | INFO    | validation_run |   -> Running 2c9de7f1...
2026-01-26 14:45:51 | INFO    | validation_run | [Downloader] Processing batch of 1 tasks...
2026-01-26 14:45:51 | INFO    | validation_run |   -> Running d6e7c87a...
2026-01-26 14:45:51 | INFO    | validation_run | [Downloader] Processing batch of 1 tasks...
2026-01-26 14:45:51 | INFO    | validation_run | [Runner] Processing batch of 3 tasks...
2026-01-26 14:45:51 | INFO    | validation_run |   -> Uploading 3be880ea...
2026-01-26 14:45:51 | INFO    | validation_run |   -> Uploading d4b1f143...
2026-01-26 14:45:51 | INFO    | validation_run | [Uploader] Processing batch of 7 tasks...
2026-01-26 14:45:51 | INFO    | validation_run | [Uploader] Processing batch of 1 tasks...
2026-01-26 14:45:51 | INFO    | validation_run | [Pipeline Status] Compile:0, Upload:0, Run:2, Down:1, Result:0
2026-01-26 14:45:52 | INFO    | validation_run |   -> Running 0c409368...
2026-01-26 14:45:52 | INFO    | validation_run | [Downloader] Processing batch of 1 tasks...
2026-01-26 14:45:52 | INFO    | validation_run | [DONE] PodWRPAR_FreARAR_PodWWARAR_CoeARP | Act: -1.0000 | Pred: 3.2901 | Diff: -4.2901 | Rem: 147
2026-01-26 14:45:52 | INFO    | validation_run | [DONE] Coe_Fence.rw.wdWR_Fre_Fence.rw.rwdWW_Rfe_DpDatadW | Act: -1.0000 | Pred: 1.4099 | Diff: -2.4099 | Rem: 146
2026-01-26 14:45:53 | INFO    | validation_run |   -> Uploading 5f06adc9...
2026-01-26 14:45:53 | INFO    | validation_run | [Uploader] Processing batch of 1 tasks...
2026-01-26 14:45:53 | INFO    | validation_run |   -> Running e4fda7cc...
2026-01-26 14:45:53 | INFO    | validation_run | [Downloader] Processing batch of 1 tasks...
2026-01-26 14:45:53 | INFO    | validation_run |   -> Uploading 6bb73e5a...
2026-01-26 14:45:53 | INFO    | validation_run |   -> Running 0c5082d7...
2026-01-26 14:45:53 | INFO    | validation_run | [Runner] Processing batch of 3 tasks...
2026-01-26 14:45:53 | INFO    | validation_run |   -> Uploading cb0ba152...
2026-01-26 14:45:53 | INFO    | validation_run |   -> Uploading 221fc940...
2026-01-26 14:45:53 | INFO    | validation_run |   -> Uploading 9c19b6dd...
2026-01-26 14:45:53 | INFO    | validation_run | [Downloader] Processing batch of 2 tasks...
2026-01-26 14:45:53 | INFO    | validation_run | [DONE] Coe_Fence.r.rwdWR_Fre_Fence.rw.wdWW_Rfe_Fence.rw.rwdRW | Act: -1.0000 | Pred: 0.6249 | Diff: -1.6249 | Rem: 145
2026-01-26 14:45:53 | INFO    | validation_run |   -> Uploading 7aaf51e7...
2026-01-26 14:45:53 | INFO    | validation_run |   -> Uploading 55cec29a...
2026-01-26 14:45:53 | INFO    | validation_run |   -> Uploading 2f292a7e...
2026-01-26 14:45:54 | INFO    | validation_run | [Uploader] Processing batch of 1 tasks...
2026-01-26 14:45:54 | INFO    | validation_run |   -> Running 3be880ea...
2026-01-26 14:45:54 | INFO    | validation_run |   -> Uploading 85e2308b...
2026-01-26 14:45:54 | INFO    | validation_run | [Uploader] Processing batch of 1 tasks...
2026-01-26 14:45:54 | INFO    | validation_run | [Pipeline Status] Compile:0, Upload:0, Run:8, Down:0, Result:0
2026-01-26 14:45:54 | INFO    | validation_run | [DONE] Rfe_DpCtrldW_Wse_PodWR_Fre_PodWW | Act: -1.0000 | Pred: 1.7958 | Diff: -2.7958 | Rem: 144
2026-01-26 14:45:54 | INFO    | validation_run | [DONE] Rfe_Fence.r.rwdRW_Coe_Fence.rw.wdWR_Fre_Fence.rw.wdWW | Act: -1.0000 | Pred: 0.6328 | Diff: -1.6328 | Rem: 143
2026-01-26 14:45:54 | INFO    | validation_run | [DONE] Fre_RfLeave_PodRR_FrBack_Wse_PodWR | Act: -1.0000 | Pred: 1.2480 | Diff: -2.2480 | Rem: 142
2026-01-26 14:45:55 | INFO    | validation_run |   -> Running d4b1f143...
2026-01-26 14:45:55 | INFO    | validation_run | [Downloader] Processing batch of 1 tasks...
2026-01-26 14:45:55 | INFO    | validation_run |   -> Running 5f06adc9...
2026-01-26 14:45:55 | INFO    | validation_run | [Downloader] Processing batch of 1 tasks...
2026-01-26 14:45:55 | INFO    | validation_run | [Runner] Processing batch of 8 tasks...
2026-01-26 14:45:55 | INFO    | validation_run |   -> Uploading b27fb1bf...
2026-01-26 14:45:55 | INFO    | validation_run | [Uploader] Processing batch of 2 tasks...
2026-01-26 14:45:55 | INFO    | validation_run |   -> Uploading 79598d7c...
2026-01-26 14:45:55 | INFO    | validation_run | [Pipeline Status] Compile:0, Upload:1, Run:1, Down:1, Result:0
2026-01-26 14:45:55 | INFO    | validation_run | [Uploader] Processing batch of 1 tasks...
2026-01-26 14:45:56 | INFO    | validation_run |   -> Running 6bb73e5a...
2026-01-26 14:45:56 | INFO    | validation_run | [Downloader] Processing batch of 1 tasks...
2026-01-26 14:45:56 | INFO    | validation_run | [DONE] Coe_Fence.r.rwdWR_Fre_Fence.w.wdWW_Rfe_Fence.rw.wdRW | Act: -1.0000 | Pred: 0.6218 | Diff: -1.6218 | Rem: 141
2026-01-26 14:45:56 | INFO    | validation_run |   -> Uploading 25d13354...
2026-01-26 14:45:56 | INFO    | validation_run |   -> Uploading ade57c35...
2026-01-26 14:45:56 | INFO    | validation_run | [Uploader] Processing batch of 1 tasks...
2026-01-26 14:45:56 | INFO    | validation_run | [DONE] Coe_Fence.r.rwdWR_Fre_Fence.rw.rwdWW_Rfe_DpAddrdW | Act: -1.0000 | Pred: 1.4716 | Diff: -2.4716 | Rem: 140
2026-01-26 14:45:56 | INFO    | validation_run |   -> Running cb0ba152...
2026-01-26 14:45:56 | INFO    | validation_run | [Downloader] Processing batch of 1 tasks...
2026-01-26 14:45:57 | INFO    | validation_run |   -> Running 221fc940...
2026-01-26 14:45:57 | INFO    | validation_run |   -> Running 9c19b6dd...
2026-01-26 14:45:57 | INFO    | validation_run |   -> Running 7aaf51e7...
2026-01-26 14:45:57 | INFO    | validation_run |   -> Running 55cec29a...
2026-01-26 14:45:57 | INFO    | validation_run |   -> Running 2f292a7e...
2026-01-26 14:45:57 | INFO    | validation_run |   -> Running 85e2308b...
2026-01-26 14:45:57 | INFO    | validation_run |   -> Uploading 2102d65e...
2026-01-26 14:45:57 | INFO    | validation_run | [Runner] Processing batch of 4 tasks...
2026-01-26 14:45:57 | INFO    | validation_run | [Downloader] Processing batch of 7 tasks...
2026-01-26 14:45:57 | INFO    | validation_run | [DONE] Coe_Fence.rw.wdWR_Fre_Fence.rw.rwdWW_Rfe_Fence.rw.rwdRW | Act: -1.0000 | Pred: 0.6266 | Diff: -1.6266 | Rem: 139
2026-01-26 14:45:57 | INFO    | validation_run | [Uploader] Processing batch of 1 tasks...
2026-01-26 14:45:57 | INFO    | validation_run |   -> Uploading e14bf818...
2026-01-26 14:45:58 | INFO    | validation_run |   -> Running b27fb1bf...
2026-01-26 14:45:58 | INFO    | validation_run | [Uploader] Processing batch of 1 tasks...
2026-01-26 14:45:58 | INFO    | validation_run | [Pipeline Status] Compile:0, Upload:0, Run:2, Down:0, Result:0
2026-01-26 14:45:58 | INFO    | validation_run | [DONE] Coe_Fence.r.rwdWR_Fre_Fence.rw.rwdWW_Wse_Fence.w.wdWW | Act: -1.0000 | Pred: 1.2378 | Diff: -2.2378 | Rem: 138
2026-01-26 14:45:58 | INFO    | validation_run | [DONE] Rfe_PodRR_Fre_PosWW_Rfe_PodRW | Act: 7.6923 | Pred: 1.4154 | Diff: +6.2769 | Rem: 137
2026-01-26 14:45:58 | INFO    | validation_run | [DONE] Coe_Fence.r.rwdWR_Fre_Fence.rw.wdWW_Wse_Fence.rw.rwdWW | Act: -1.0000 | Pred: 1.2226 | Diff: -2.2226 | Rem: 136
2026-01-26 14:45:58 | INFO    | validation_run | [DONE] Coe_Fence.r.rwdWR_Fre_Fence.rw.wdWW_Wse_Fence.w.wdWW | Act: -1.0000 | Pred: 1.2061 | Diff: -2.2061 | Rem: 135
2026-01-26 14:45:58 | INFO    | validation_run | [DONE] Rfe_Fence.r.rwdRW_Coe_Fence.rw.wdWR_Fre_Fence.rw.rwdWW | Act: -1.0000 | Pred: 0.5940 | Diff: -1.5940 | Rem: 134
2026-01-26 14:45:58 | INFO    | validation_run | [DONE] Coe_Fence.rw.wdWR_Fre_Fence.rw.wdWW_Rfe_DpCtrldW | Act: -1.0000 | Pred: 1.3128 | Diff: -2.3128 | Rem: 133
2026-01-26 14:45:58 | INFO    | validation_run | [DONE] Rfe_DpDatadW_Wse_PodWW_Wse_PodWW | Act: -1.0000 | Pred: 3.9279 | Diff: -4.9279 | Rem: 132
2026-01-26 14:45:58 | INFO    | validation_run | [DONE] Rfe_PodRR_Fre_RfLeave_PodRR_FrBack | Act: 0.0000 | Pred: 0.9412 | Diff: -0.9412 | Rem: 131
2026-01-26 14:45:58 | INFO    | validation_run |   -> Uploading d5c3e885...
2026-01-26 14:45:58 | INFO    | validation_run | [Uploader] Processing batch of 1 tasks...
2026-01-26 14:45:59 | INFO    | validation_run |   -> Running 79598d7c...
2026-01-26 14:45:59 | INFO    | validation_run | [Downloader] Processing batch of 1 tasks...
2026-01-26 14:45:59 | INFO    | validation_run |   -> Running 25d13354...
2026-01-26 14:45:59 | INFO    | validation_run | [Downloader] Processing batch of 1 tasks...
2026-01-26 14:45:59 | INFO    | validation_run |   -> Running ade57c35...
2026-01-26 14:45:59 | INFO    | validation_run |   -> Uploading 8096bf22...
2026-01-26 14:45:59 | INFO    | validation_run | [Runner] Processing batch of 3 tasks...
2026-01-26 14:45:59 | INFO    | validation_run | [Uploader] Processing batch of 4 tasks...
2026-01-26 14:45:59 | INFO    | validation_run | [Pipeline Status] Compile:1, Upload:0, Run:1, Down:2, Result:0
2026-01-26 14:45:59 | INFO    | validation_run | [Downloader] Processing batch of 2 tasks...
2026-01-26 14:45:59 | INFO    | validation_run | [DONE] Rfe_PodRW_Rfe_PodRW_Rfe_DpCtrldW | Act: 0.0000 | Pred: 0.6902 | Diff: -0.6902 | Rem: 130
2026-01-26 14:46:00 | INFO    | validation_run |   -> Running 2102d65e...
2026-01-26 14:46:00 | INFO    | validation_run |   -> Uploading c088c2e3...
2026-01-26 14:46:00 | INFO    | validation_run | [Uploader] Processing batch of 4 tasks...
2026-01-26 14:46:00 | INFO    | validation_run | [DONE] Coe_Fence.rw.wdWR_Fre_Fence.rw.rwdWW_Rfe_DpCtrldW | Act: -1.0000 | Pred: 2.1857 | Diff: -3.1857 | Rem: 129
2026-01-26 14:46:00 | INFO    | validation_run |   -> Uploading 3a30d795...
2026-01-26 14:46:00 | INFO    | validation_run |   -> Uploading 1d42853d...
2026-01-26 14:46:01 | INFO    | validation_run |   -> Uploading a83ac3e2...
2026-01-26 14:46:01 | INFO    | validation_run |   -> Running e14bf818...
2026-01-26 14:46:01 | INFO    | validation_run | [Downloader] Processing batch of 1 tasks...
2026-01-26 14:46:01 | INFO    | validation_run |   -> Uploading 01c813ae...
2026-01-26 14:46:01 | INFO    | validation_run |   -> Running d5c3e885...
2026-01-26 14:46:01 | INFO    | validation_run | [Runner] Processing batch of 5 tasks...
2026-01-26 14:46:01 | INFO    | validation_run | [Uploader] Processing batch of 1 tasks...
2026-01-26 14:46:01 | INFO    | validation_run | [DONE] Rfe_PodRW_Rfe_PodRW_Rfe_DpAddrdW | Act: 41.6667 | Pred: 1.2598 | Diff: +40.4068 | Rem: 128
2026-01-26 14:46:01 | INFO    | validation_run | [Downloader] Processing batch of 2 tasks...
2026-01-26 14:46:01 | INFO    | validation_run | [DONE] Rfe_PosRR_Fre_PodWW_Rfe_DpCtrldW | Act: 0.0000 | Pred: 1.5798 | Diff: -1.5798 | Rem: 127
2026-01-26 14:46:01 | INFO    | validation_run |   -> Uploading ca721c58...
2026-01-26 14:46:01 | INFO    | validation_run |   -> Running 8096bf22...
2026-01-26 14:46:01 | INFO    | validation_run |   -> Uploading d86144f6...
2026-01-26 14:46:01 | INFO    | validation_run |   -> Uploading 6f067a0e...
2026-01-26 14:46:01 | INFO    | validation_run |   -> Uploading 6d7e4e3a...
2026-01-26 14:46:01 | INFO    | validation_run | [Uploader] Processing batch of 2 tasks...
2026-01-26 14:46:02 | INFO    | validation_run |   -> Running c088c2e3...
2026-01-26 14:46:02 | INFO    | validation_run |   -> Running 3a30d795...
2026-01-26 14:46:02 | INFO    | validation_run |   -> Running 1d42853d...
2026-01-26 14:46:02 | INFO    | validation_run |   -> Running a83ac3e2...
2026-01-26 14:46:02 | INFO    | validation_run | [Runner] Processing batch of 5 tasks...
2026-01-26 14:46:02 | INFO    | validation_run | [Pipeline Status] Compile:0, Upload:0, Run:0, Down:5, Result:0
2026-01-26 14:46:02 | INFO    | validation_run | [DONE] Rfe_PosRW_Rfe_PodRW_Wse_PodWW | Act: -1.0000 | Pred: 0.7434 | Diff: -1.7434 | Rem: 126
2026-01-26 14:46:02 | INFO    | validation_run | [Downloader] Processing batch of 5 tasks...
2026-01-26 14:46:02 | INFO    | validation_run | [DONE] Coe_Fence.rw.wdWR_Fre_Fence.w.wdWW_Rfe_DpCtrldW | Act: -1.0000 | Pred: 2.3223 | Diff: -3.3223 | Rem: 125
2026-01-26 14:46:02 | INFO    | validation_run | [DONE] Coe_Fence.rw.wdWR_Fre_Fence.rw.rwdWW_Wse_Fence.rw.wdWW | Act: -1.0000 | Pred: 0.6973 | Diff: -1.6973 | Rem: 124
2026-01-26 14:46:02 | INFO    | validation_run |   -> Running 01c813ae...
2026-01-26 14:46:02 | INFO    | validation_run |   -> Uploading 57b35c31...
2026-01-26 14:46:02 | INFO    | validation_run | [Uploader] Processing batch of 2 tasks...
2026-01-26 14:46:03 | INFO    | validation_run |   -> Uploading 77725536...
2026-01-26 14:46:03 | INFO    | validation_run |   -> Uploading dec6d7b9...
2026-01-26 14:46:03 | INFO    | validation_run | [Uploader] Processing batch of 1 tasks...
2026-01-26 14:46:03 | INFO    | validation_run |   -> Running ca721c58...
2026-01-26 14:46:03 | INFO    | validation_run | [Downloader] Processing batch of 1 tasks...
2026-01-26 14:46:03 | INFO    | validation_run | [DONE] Rfe_DpCtrlFenceIsR_Fre_PodWW_Wse_PodWW | Act: -1.0000 | Pred: 2.7496 | Diff: -3.7496 | Rem: 123
2026-01-26 14:46:03 | INFO    | validation_run | [DONE] Coe_Fence.r.rwdWR_Fre_Fence.w.wdWW_Rfe_DpAddrdW | Act: -1.0000 | Pred: 0.6702 | Diff: -1.6702 | Rem: 122
2026-01-26 14:46:03 | INFO    | validation_run | [DONE] RfePAR_PodRWARAR_CoeARAR_PodWWARP | Act: -1.0000 | Pred: 13.3962 | Diff: -14.3962 | Rem: 121
2026-01-26 14:46:03 | INFO    | validation_run | [DONE] Rfe_PodRW_Wse_Rfe_PodRW | Act: -1.0000 | Pred: 1.3309 | Diff: -2.3309 | Rem: 120
2026-01-26 14:46:03 | INFO    | validation_run | [DONE] Coe_Fence.rw.wdWR_Fre_Fence.w.wdWW_Wse_Fence.rw.wdWW | Act: -1.0000 | Pred: 2.0712 | Diff: -3.0712 | Rem: 119
2026-01-26 14:46:03 | INFO    | validation_run |   -> Running d86144f6...
2026-01-26 14:46:03 | INFO    | validation_run | [Downloader] Processing batch of 1 tasks...
2026-01-26 14:46:03 | INFO    | validation_run |   -> Running 6f067a0e...
2026-01-26 14:46:03 | INFO    | validation_run |   -> Running 6d7e4e3a...
2026-01-26 14:46:03 | INFO    | validation_run | [Runner] Processing batch of 3 tasks...
2026-01-26 14:46:04 | INFO    | validation_run |   -> Uploading c664071e...
2026-01-26 14:46:04 | INFO    | validation_run |   -> Uploading 3746e8be...
2026-01-26 14:46:04 | INFO    | validation_run | [Uploader] Processing batch of 2 tasks...
2026-01-26 14:46:04 | INFO    | validation_run | [Downloader] Processing batch of 3 tasks...
2026-01-26 14:46:04 | INFO    | validation_run | [DONE] Coe_Fence.rw.wdWR_Fre_Rfe_Fence.rw.rwdRR_Fre | Act: -1.0000 | Pred: 1.0556 | Diff: -2.0556 | Rem: 118
2026-01-26 14:46:04 | INFO    | validation_run |   -> Uploading 26e5fe8b...
2026-01-26 14:46:04 | INFO    | validation_run |   -> Running 57b35c31...
2026-01-26 14:46:04 | INFO    | validation_run | [Uploader] Processing batch of 2 tasks...
2026-01-26 14:46:05 | INFO    | validation_run |   -> Running 77725536...
2026-01-26 14:46:05 | INFO    | validation_run |   -> Running dec6d7b9...
2026-01-26 14:46:05 | INFO    | validation_run | [Runner] Processing batch of 3 tasks...
2026-01-26 14:46:05 | INFO    | validation_run | [Pipeline Status] Compile:0, Upload:2, Run:0, Down:3, Result:0
2026-01-26 14:46:05 | INFO    | validation_run | [Downloader] Processing batch of 3 tasks...
2026-01-26 14:46:05 | INFO    | validation_run | [DONE] Rfe_DpCtrlFenceIsR_Fre_PodWR_Fre_PodWW | Act: 106.6667 | Pred: 1.2892 | Diff: +105.3775 | Rem: 117
2026-01-26 14:46:05 | INFO    | validation_run |   -> Uploading 05e793f6...
2026-01-26 14:46:05 | INFO    | validation_run |   -> Running c664071e...
2026-01-26 14:46:05 | INFO    | validation_run |   -> Uploading 3072e218...
2026-01-26 14:46:05 | INFO    | validation_run | [Uploader] Processing batch of 2 tasks...
2026-01-26 14:46:06 | INFO    | validation_run | [DONE] Coe_Fence.r.rwdWR_Fre_Fence.rw.wdWW | Act: -1.0000 | Pred: 1.5679 | Diff: -2.5679 | Rem: 116
2026-01-26 14:46:06 | INFO    | validation_run | [DONE] Coe_Fence.r.rwdWR_Fre_Fence.w.wdWW_Wse_Fence.rw.rwdWW | Act: -1.0000 | Pred: 1.2378 | Diff: -2.2378 | Rem: 115
2026-01-26 14:46:06 | INFO    | validation_run | [DONE] Coe_Fence.r.rwdWR_Fre_Rfe_Fence.rw.rwdRR_Fre | Act: -1.0000 | Pred: 0.8737 | Diff: -1.8737 | Rem: 114
2026-01-26 14:46:06 | INFO    | validation_run |   -> Uploading c5528a2f...
2026-01-26 14:46:06 | INFO    | validation_run |   -> Uploading b6cdaada...
2026-01-26 14:46:06 | INFO    | validation_run | [Uploader] Processing batch of 1 tasks...
2026-01-26 14:46:06 | INFO    | validation_run |   -> Running 3746e8be...
2026-01-26 14:46:06 | INFO    | validation_run | [Downloader] Processing batch of 1 tasks...
2026-01-26 14:46:06 | INFO    | validation_run |   -> Running 26e5fe8b...
2026-01-26 14:46:06 | INFO    | validation_run | [Runner] Processing batch of 4 tasks...
2026-01-26 14:46:07 | INFO    | validation_run | [Pipeline Status] Compile:0, Upload:3, Run:0, Down:2, Result:0
2026-01-26 14:46:07 | INFO    | validation_run |   -> Uploading 1781378a...
2026-01-26 14:46:07 | INFO    | validation_run |   -> Uploading badca4f7...
2026-01-26 14:46:07 | INFO    | validation_run |   -> Running 05e793f6...
2026-01-26 14:46:07 | INFO    | validation_run | [DONE] CoeARAR_PodWWARAR_RfeARAR_PodRWARAR | Act: -1.0000 | Pred: 13.3962 | Diff: -14.3962 | Rem: 113
2026-01-26 14:46:07 | INFO    | validation_run | [Uploader] Processing batch of 3 tasks...
2026-01-26 14:46:07 | INFO    | validation_run | [DONE] Rfe_PodRW_Wse_Rfe_PodRW_Wse | Act: -1.0000 | Pred: 1.2619 | Diff: -2.2619 | Rem: 112
2026-01-26 14:46:07 | INFO    | validation_run | [Downloader] Processing batch of 2 tasks...
2026-01-26 14:46:07 | INFO    | validation_run | [DONE] FrePAR_PodWWARAR_CoeARAR_PodWRARP | Act: -1.0000 | Pred: 3.2901 | Diff: -4.2901 | Rem: 111
2026-01-26 14:46:07 | INFO    | validation_run |   -> Uploading 0e343537...
2026-01-26 14:46:07 | INFO    | validation_run | [DONE] Rfe_PodRW_Rfe_PodRW_RfLeave_FrBack | Act: 0.0000 | Pred: 1.8874 | Diff: -1.8874 | Rem: 110
2026-01-26 14:46:07 | INFO    | validation_run | [Uploader] Processing batch of 1 tasks...
2026-01-26 14:46:07 | INFO    | validation_run |   -> Running 3072e218...
2026-01-26 14:46:07 | INFO    | validation_run | [Downloader] Processing batch of 1 tasks...
2026-01-26 14:46:08 | INFO    | validation_run |   -> Running c5528a2f...
2026-01-26 14:46:08 | INFO    | validation_run |   -> Running b6cdaada...
2026-01-26 14:46:08 | INFO    | validation_run | [Runner] Processing batch of 3 tasks...
2026-01-26 14:46:08 | INFO    | validation_run | [DONE] Rfe_PodRW_Rfe_DpCtrldW_Rfe_PodRW | Act: 0.0000 | Pred: 0.6902 | Diff: -0.6902 | Rem: 109
2026-01-26 14:46:08 | INFO    | validation_run | [Downloader] Processing batch of 3 tasks...
2026-01-26 14:46:08 | INFO    | validation_run | [DONE] Coe_Fence.r.rwdWR_Fre_Fence.rw.wdWW_Rfe_DpCtrldW | Act: -1.0000 | Pred: 0.5705 | Diff: -1.5705 | Rem: 108
2026-01-26 14:46:08 | INFO    | validation_run |   -> Running 1781378a...
2026-01-26 14:46:08 | INFO    | validation_run |   -> Uploading 40dc3758...
2026-01-26 14:46:08 | INFO    | validation_run |   -> Uploading f4ed1fd5...
2026-01-26 14:46:08 | INFO    | validation_run |   -> Uploading 06998ca5...
2026-01-26 14:46:09 | INFO    | validation_run | [Uploader] Processing batch of 5 tasks...
2026-01-26 14:46:09 | INFO    | validation_run | [DONE] Rfe_PodRW_Rfe_PodRW_Wse | Act: -1.0000 | Pred: 1.3309 | Diff: -2.3309 | Rem: 107
2026-01-26 14:46:09 | INFO    | validation_run |   -> Uploading c4a5b388...
2026-01-26 14:46:09 | INFO    | validation_run | [Uploader] Processing batch of 1 tasks...
2026-01-26 14:46:09 | INFO    | validation_run |   -> Running badca4f7...
2026-01-26 14:46:09 | INFO    | validation_run | [Downloader] Processing batch of 1 tasks...
2026-01-26 14:46:09 | INFO    | validation_run |   -> Running 0e343537...
2026-01-26 14:46:09 | INFO    | validation_run | [Runner] Processing batch of 4 tasks...
2026-01-26 14:46:09 | INFO    | validation_run | [DONE] Coe_Fence.rw.wdWR_Fre_Fence.w.wdWW_Wse_Fence.rw.rwdWW | Act: -1.0000 | Pred: 1.5070 | Diff: -2.5070 | Rem: 106
2026-01-26 14:46:09 | INFO    | validation_run | [DONE] Coe_Fence.r.rwdWR_Fre_Fence.rw.wdWW_Rfe_DpCtrlFenceIdW | Act: -1.0000 | Pred: 0.6132 | Diff: -1.6132 | Rem: 105
2026-01-26 14:46:09 | INFO    | validation_run | [Downloader] Processing batch of 2 tasks...
2026-01-26 14:46:09 | INFO    | validation_run | [DONE] Rfe_DpAddrsR_Fre_PodWR_Fre_PodWW | Act: 508.3333 | Pred: 1.3328 | Diff: +507.0005 | Rem: 104
2026-01-26 14:46:10 | INFO    | validation_run |   -> Running 40dc3758...
2026-01-26 14:46:10 | INFO    | validation_run |   -> Uploading edb8b4e9...
2026-01-26 14:46:10 | INFO    | validation_run |   -> Uploading 69e7c2e2...
2026-01-26 14:46:10 | INFO    | validation_run |   -> Uploading 7799ab11...
2026-01-26 14:46:10 | INFO    | validation_run |   -> Running f4ed1fd5...
2026-01-26 14:46:10 | INFO    | validation_run |   -> Running 06998ca5...
2026-01-26 14:46:10 | INFO    | validation_run |   -> Uploading 3badd424...
2026-01-26 14:46:10 | INFO    | validation_run |   -> Running c4a5b388...
2026-01-26 14:46:10 | INFO    | validation_run |   -> Uploading 029568bd...
2026-01-26 14:46:10 | INFO    | validation_run | [Runner] Processing batch of 4 tasks...
2026-01-26 14:46:10 | INFO    | validation_run | [Uploader] Processing batch of 3 tasks...
2026-01-26 14:46:10 | INFO    | validation_run | [Pipeline Status] Compile:0, Upload:0, Run:1, Down:4, Result:0
2026-01-26 14:46:10 | INFO    | validation_run | [DONE] Rfe_Fence.rw.wdRW_Coe_Fence.rw.wdWR_Fre_Fence.w.wdWW | Act: -1.0000 | Pred: 1.3818 | Diff: -2.3818 | Rem: 103
2026-01-26 14:46:10 | INFO    | validation_run | [Downloader] Processing batch of 4 tasks...
2026-01-26 14:46:10 | INFO    | validation_run | [DONE] Rfe_PodRW_Rfe_FrLeave_PodWR_FrBack | Act: 0.0000 | Pred: 1.2667 | Diff: -1.2667 | Rem: 102
2026-01-26 14:46:11 | INFO    | validation_run |   -> Uploading e6dc98e4...
2026-01-26 14:46:11 | INFO    | validation_run | [DONE] Coe_Fence.rw.wdWR_Fre_Fence.rw.wdWW_Rfe_Fence.rw.rwdRW | Act: -1.0000 | Pred: 0.6325 | Diff: -1.6325 | Rem: 101
2026-01-26 14:46:11 | INFO    | validation_run |   -> Running edb8b4e9...
2026-01-26 14:46:11 | INFO    | validation_run | [Uploader] Processing batch of 1 tasks...
2026-01-26 14:46:11 | INFO    | validation_run |   -> Running 69e7c2e2...
2026-01-26 14:46:11 | INFO    | validation_run | [Downloader] Processing batch of 1 tasks...
2026-01-26 14:46:11 | INFO    | validation_run |   -> Running 7799ab11...
2026-01-26 14:46:11 | INFO    | validation_run |   -> Running 3badd424...
2026-01-26 14:46:12 | INFO    | validation_run |   -> Uploading 4a10e32b...
2026-01-26 14:46:12 | INFO    | validation_run |   -> Uploading db34e57e...
2026-01-26 14:46:12 | INFO    | validation_run | [Runner] Processing batch of 3 tasks...
2026-01-26 14:46:12 | INFO    | validation_run | [Pipeline Status] Compile:0, Upload:2, Run:0, Down:3, Result:0
2026-01-26 14:46:12 | INFO    | validation_run | [DONE] Rfe_PodRW_Wse_PodWW_Rfe_DpCtrlFenceIdW | Act: -1.0000 | Pred: 0.7180 | Diff: -1.7180 | Rem: 100
2026-01-26 14:46:12 | INFO    | validation_run | [DONE] Rfe_DpAddrdR_Fre_CoLeave_Fence.r.rwdWR_FrBack | Act: 0.0000 | Pred: 1.3792 | Diff: -1.3792 | Rem: 99
2026-01-26 14:46:12 | INFO    | validation_run | [DONE] Fre_PodWWPAR_CoeARAR_PodWRARP | Act: -1.0000 | Pred: 3.2901 | Diff: -4.2901 | Rem: 98
2026-01-26 14:46:12 | INFO    | validation_run | [Downloader] Processing batch of 3 tasks...
2026-01-26 14:46:12 | INFO    | validation_run | [DONE] Rfe_PosRW_Rfe_PodRR_Fre_PodWW | Act: 66.6667 | Pred: 1.1739 | Diff: +65.4927 | Rem: 97
2026-01-26 14:46:12 | INFO    | validation_run |   -> Uploading 3c0a0ba5...
2026-01-26 14:46:12 | INFO    | validation_run | [Uploader] Processing batch of 2 tasks...
2026-01-26 14:46:12 | INFO    | validation_run |   -> Uploading 965fce2a...
2026-01-26 14:46:12 | INFO    | validation_run | [Uploader] Processing batch of 1 tasks...
2026-01-26 14:46:13 | INFO    | validation_run |   -> Running 029568bd...
2026-01-26 14:46:13 | INFO    | validation_run | [Pipeline Status] Compile:0, Upload:3, Run:3, Down:0, Result:0
2026-01-26 14:46:13 | INFO    | validation_run | [DONE] Coe_Fence.r.rwdWR_Fre_Rfe_DpAddrdW | Act: -1.0000 | Pred: 2.3685 | Diff: -3.3685 | Rem: 96
2026-01-26 14:46:13 | INFO    | validation_run | [DONE] CoeARAR_PodWRARAR_FreARAR_PodWWARAR | Act: -1.0000 | Pred: 3.2901 | Diff: -4.2901 | Rem: 95
2026-01-26 14:46:13 | INFO    | validation_run | [DONE] Rfe_Fence.r.rwdRR_Fre_Coe_Fence.rw.wdWR_Fre | Act: -1.0000 | Pred: 0.8806 | Diff: -1.8806 | Rem: 94
2026-01-26 14:46:13 | INFO    | validation_run | [DONE] Rfe_PosRW_Rfe_PodRW_Rfe_PodRW | Act: 0.0000 | Pred: 0.6991 | Diff: -0.6991 | Rem: 93
2026-01-26 14:46:13 | INFO    | validation_run |   -> Running e6dc98e4...
2026-01-26 14:46:13 | INFO    | validation_run | [Downloader] Processing batch of 1 tasks...
2026-01-26 14:46:13 | INFO    | validation_run |   -> Running 4a10e32b...
2026-01-26 14:46:13 | INFO    | validation_run | [Downloader] Processing batch of 1 tasks...
2026-01-26 14:46:13 | INFO    | validation_run | [Runner] Processing batch of 3 tasks...
2026-01-26 14:46:14 | INFO    | validation_run |   -> Uploading fbe2cdb0...
2026-01-26 14:46:14 | INFO    | validation_run |   -> Uploading ad69764d...
2026-01-26 14:46:14 | INFO    | validation_run | [Uploader] Processing batch of 7 tasks...
2026-01-26 14:46:14 | INFO    | validation_run |   -> Uploading 34b5b363...
2026-01-26 14:46:14 | INFO    | validation_run | [Pipeline Status] Compile:0, Upload:0, Run:2, Down:1, Result:0
2026-01-26 14:46:14 | INFO    | validation_run | [Downloader] Processing batch of 1 tasks...
2026-01-26 14:46:14 | INFO    | validation_run | [DONE] Rfe_PodRW_RfLeave_FrBack_Rfe_PodRW | Act: 0.0000 | Pred: 1.8874 | Diff: -1.8874 | Rem: 92
2026-01-26 14:46:14 | INFO    | validation_run |   -> Running db34e57e...
2026-01-26 14:46:15 | INFO    | validation_run | [Uploader] Processing batch of 1 tasks...
2026-01-26 14:46:15 | INFO    | validation_run | [DONE] Coe_Fence.rw.wdWR_Fre_Rfe_DpCtrlFenceIdW | Act: -1.0000 | Pred: 1.2585 | Diff: -2.2585 | Rem: 91
2026-01-26 14:46:15 | INFO    | validation_run |   -> Running 3c0a0ba5...
2026-01-26 14:46:15 | INFO    | validation_run | [Downloader] Processing batch of 1 tasks...
2026-01-26 14:46:15 | INFO    | validation_run |   -> Running 965fce2a...
2026-01-26 14:46:15 | INFO    | validation_run |   -> Uploading 862f67e2...
2026-01-26 14:46:15 | INFO    | validation_run | [Runner] Processing batch of 3 tasks...
2026-01-26 14:46:15 | INFO    | validation_run |   -> Uploading 14fe4dd5...
2026-01-26 14:46:15 | INFO    | validation_run | [Downloader] Processing batch of 2 tasks...
2026-01-26 14:46:15 | INFO    | validation_run | [DONE] Rfe_Fence.rw.rwdRR_Fre_CoLeave_Fence.rw.wdWR_FrBack | Act: 0.0000 | Pred: 0.9381 | Diff: -0.9381 | Rem: 90
2026-01-26 14:46:15 | INFO    | validation_run |   -> Uploading fabcc4b8...
2026-01-26 14:46:15 | INFO    | validation_run |   -> Uploading 227602b9...
2026-01-26 14:46:16 | INFO    | validation_run |   -> Uploading 5bd20adc...
2026-01-26 14:46:16 | INFO    | validation_run |   -> Uploading bbb04764...
2026-01-26 14:46:16 | INFO    | validation_run |   -> Running fbe2cdb0...
2026-01-26 14:46:16 | INFO    | validation_run |   -> Uploading 2c76b06d...
2026-01-26 14:46:16 | INFO    | validation_run | [Uploader] Processing batch of 2 tasks...
2026-01-26 14:46:16 | INFO    | validation_run |   -> Uploading cad55859...
2026-01-26 14:46:16 | INFO    | validation_run |   -> Running ad69764d...
2026-01-26 14:46:16 | INFO    | validation_run |   -> Running 34b5b363...
2026-01-26 14:46:16 | INFO    | validation_run | [Runner] Processing batch of 8 tasks...
2026-01-26 14:46:16 | INFO    | validation_run | [Pipeline Status] Compile:0, Upload:0, Run:0, Down:3, Result:0
2026-01-26 14:46:16 | INFO    | validation_run | [Downloader] Processing batch of 3 tasks...
2026-01-26 14:46:16 | INFO    | validation_run | [DONE] Fre_PodWR_Fre_RfLeave_FrBack_PodWR | Act: 0.0000 | Pred: 1.5174 | Diff: -1.5174 | Rem: 89
2026-01-26 14:46:17 | INFO    | validation_run | [DONE] Rfe_DpAddrdW_Wse_PodWR_Fre_PodWW | Act: -1.0000 | Pred: 2.4858 | Diff: -3.4858 | Rem: 88
2026-01-26 14:46:17 | INFO    | validation_run | [DONE] Hat_Rmw_PodWR_Hat_Rmw_PodWR | Act: 62723.0769 | Pred: 1.1363 | Diff: +62721.9406 | Rem: 87
2026-01-26 14:46:17 | INFO    | validation_run | [Uploader] Processing batch of 1 tasks...
2026-01-26 14:46:17 | INFO    | validation_run |   -> Running 862f67e2...
2026-01-26 14:46:17 | INFO    | validation_run |   -> Uploading 380d0745...
2026-01-26 14:46:17 | INFO    | validation_run |   -> Uploading 6e3b52a0...
2026-01-26 14:46:17 | INFO    | validation_run |   -> Running 14fe4dd5...
2026-01-26 14:46:17 | INFO    | validation_run | [Downloader] Processing batch of 1 tasks...
2026-01-26 14:46:17 | INFO    | validation_run | [Uploader] Processing batch of 2 tasks...
2026-01-26 14:46:17 | INFO    | validation_run |   -> Running fabcc4b8...
2026-01-26 14:46:17 | INFO    | validation_run |   -> Running 227602b9...
2026-01-26 14:46:17 | INFO    | validation_run |   -> Running 5bd20adc...
2026-01-26 14:46:17 | INFO    | validation_run |   -> Running bbb04764...
2026-01-26 14:46:18 | INFO    | validation_run |   -> Running 2c76b06d...
2026-01-26 14:46:18 | INFO    | validation_run |   -> Running cad55859...
2026-01-26 14:46:18 | INFO    | validation_run | [Pipeline Status] Compile:0, Upload:0, Run:2, Down:6, Result:0
2026-01-26 14:46:18 | INFO    | validation_run | [DONE] Coe_Fence.r.rwdWR_Fre_Fence.rw.rwdWW_Rfe_Fence.rw.wdRW | Act: -1.0000 | Pred: 0.6253 | Diff: -1.6253 | Rem: 86
2026-01-26 14:46:18 | INFO    | validation_run | [Runner] Processing batch of 2 tasks...
2026-01-26 14:46:18 | INFO    | validation_run | [DONE] Fre_PodWW_Wse_PodWR_FrLeave_RfBack | Act: -1.0000 | Pred: 1.2421 | Diff: -2.2421 | Rem: 85
2026-01-26 14:46:18 | INFO    | validation_run | [Downloader] Processing batch of 7 tasks...
2026-01-26 14:46:18 | INFO    | validation_run | [DONE] Coe_Fence.rw.wdWR_Fre_Fence.rw.rwdWW_Wse_Fence.rw.rwdWW | Act: -1.0000 | Pred: 1.5390 | Diff: -2.5390 | Rem: 84
2026-01-26 14:46:18 | INFO    | validation_run |   -> Uploading b577f558...
2026-01-26 14:46:18 | INFO    | validation_run | [Uploader] Processing batch of 1 tasks...
2026-01-26 14:46:19 | INFO    | validation_run | [DONE] Rfe_PodRR_Fre_PodWR_Fre | Act: 3533.3333 | Pred: 1.8135 | Diff: +3531.5199 | Rem: 83
2026-01-26 14:46:19 | INFO    | validation_run |   -> Running 380d0745...
2026-01-26 14:46:19 | INFO    | validation_run |   -> Uploading 814ebfa4...
2026-01-26 14:46:19 | INFO    | validation_run | [DONE] Coe_Fence.rw.wdWR_Fre_Fence.rw.wdWW | Act: -1.0000 | Pred: 1.6649 | Diff: -2.6649 | Rem: 82
2026-01-26 14:46:19 | INFO    | validation_run | [DONE] Coe_Fence.rw.wdWR_Fre_Fence.rw.wdWW_Rfe_DpDatadW | Act: -1.0000 | Pred: 1.3276 | Diff: -2.3276 | Rem: 81
2026-01-26 14:46:19 | INFO    | validation_run | [DONE] Coe_Fence.rw.wdWR_Fre_Fence.w.wdWW_Rfe_DpDatadW | Act: -1.0000 | Pred: 2.1915 | Diff: -3.1915 | Rem: 80
2026-01-26 14:46:19 | INFO    | validation_run | [DONE] Rfe_PodRW_Wse_RfLeave_PodRR_FrBack | Act: -1.0000 | Pred: 1.7004 | Diff: -2.7004 | Rem: 79
2026-01-26 14:46:19 | INFO    | validation_run | [DONE] Rfe_FrLeave_PodWW_RfBack_Fre_PodWW | Act: 0.0000 | Pred: 0.7970 | Diff: -0.7970 | Rem: 78
2026-01-26 14:46:19 | INFO    | validation_run |   -> Uploading efe1f319...
2026-01-26 14:46:19 | INFO    | validation_run | [DONE] Coe_Fence.rw.wdWR_Fre_Rfe_DpCtrldW | Act: -1.0000 | Pred: 1.2052 | Diff: -2.2052 | Rem: 77
2026-01-26 14:46:19 | INFO    | validation_run | [DONE] Rfe_PodRR_Fre_PodWW  | Act: 19325.0000 | Pred: 1.8078 | Diff: +19323.1922 | Rem: 76
2026-01-26 14:46:19 | INFO    | validation_run | [Uploader] Processing batch of 3 tasks...
2026-01-26 14:46:19 | INFO    | validation_run |   -> Running 6e3b52a0...
2026-01-26 14:46:19 | INFO    | validation_run | [Downloader] Processing batch of 1 tasks...
2026-01-26 14:46:19 | INFO    | validation_run | [Downloader] Processing batch of 1 tasks...
2026-01-26 14:46:19 | INFO    | validation_run | [Runner] Processing batch of 3 tasks...
2026-01-26 14:46:19 | INFO    | validation_run |   -> Uploading a938f928...
2026-01-26 14:46:20 | INFO    | validation_run | [Uploader] Processing batch of 2 tasks...
2026-01-26 14:46:20 | INFO    | validation_run |   -> Running b577f558...
2026-01-26 14:46:20 | INFO    | validation_run | [Pipeline Status] Compile:1, Upload:2, Run:1, Down:0, Result:0
2026-01-26 14:46:20 | INFO    | validation_run |   -> Running 814ebfa4...
2026-01-26 14:46:20 | INFO    | validation_run |   -> Uploading fa9d0762...
2026-01-26 14:46:20 | INFO    | validation_run |   -> Running efe1f319...
2026-01-26 14:46:20 | INFO    | validation_run |   -> Uploading 961a093b...
2026-01-26 14:46:20 | INFO    | validation_run | [Runner] Processing batch of 2 tasks...
2026-01-26 14:46:21 | INFO    | validation_run |   -> Uploading 9f7c7cf6...
2026-01-26 14:46:21 | INFO    | validation_run | [Uploader] Processing batch of 5 tasks...
2026-01-26 14:46:21 | INFO    | validation_run |   -> Uploading 9650584f...
2026-01-26 14:46:21 | INFO    | validation_run | [Downloader] Processing batch of 3 tasks...
2026-01-26 14:46:21 | INFO    | validation_run | [DONE] Rfe_PodRW_Wse_PodWR_Fre | Act: -1.0000 | Pred: 1.6897 | Diff: -2.6897 | Rem: 75
2026-01-26 14:46:21 | INFO    | validation_run |   -> Uploading a31a9fc1...
2026-01-26 14:46:21 | INFO    | validation_run |   -> Running a938f928...
2026-01-26 14:46:21 | INFO    | validation_run | [DONE] Rfe_DpDatadW_Wse_PodWR_Fre_PodWW | Act: -1.0000 | Pred: 0.8874 | Diff: -1.8874 | Rem: 74
2026-01-26 14:46:21 | INFO    | validation_run | [Uploader] Processing batch of 1 tasks...
2026-01-26 14:46:22 | INFO    | validation_run |   -> Running fa9d0762...
2026-01-26 14:46:22 | INFO    | validation_run | [Downloader] Processing batch of 1 tasks...
2026-01-26 14:46:22 | INFO    | validation_run | [Runner] Processing batch of 4 tasks...
2026-01-26 14:46:22 | INFO    | validation_run | [DONE] Coe_Fence.r.rwdWR_Fre_Fence.w.wdWW_Rfe_DpCtrlFenceIdW | Act: -1.0000 | Pred: 1.3378 | Diff: -2.3378 | Rem: 73
2026-01-26 14:46:22 | INFO    | validation_run | [DONE] Rfe_PodRR_Fre_RfLeave_FrBack_PodWW | Act: 0.0000 | Pred: 2.5421 | Diff: -2.5421 | Rem: 72
2026-01-26 14:46:22 | INFO    | validation_run | [Downloader] Processing batch of 1 tasks...
2026-01-26 14:46:22 | INFO    | validation_run | [DONE] Rfe_FrLeave_RfBack_PodRW_Wse_PodWW | Act: 0.0000 | Pred: 1.3145 | Diff: -1.3145 | Rem: 71
2026-01-26 14:46:22 | INFO    | validation_run |   -> Running 961a093b...
2026-01-26 14:46:22 | INFO    | validation_run |   -> Uploading c6588768...
2026-01-26 14:46:22 | INFO    | validation_run |   -> Uploading b74ba9eb...
2026-01-26 14:46:22 | INFO    | validation_run |   -> Uploading b2e37d41...
2026-01-26 14:46:22 | INFO    | validation_run |   -> Uploading 6ec5430d...
2026-01-26 14:46:22 | INFO    | validation_run |   -> Uploading 5dbe7729...
2026-01-26 14:46:22 | INFO    | validation_run | [Uploader] Processing batch of 3 tasks...
2026-01-26 14:46:23 | INFO    | validation_run |   -> Uploading 75e54bb4...
2026-01-26 14:46:23 | INFO    | validation_run | [Uploader] Processing batch of 1 tasks...
2026-01-26 14:46:23 | INFO    | validation_run |   -> Running 9f7c7cf6...
2026-01-26 14:46:23 | INFO    | validation_run | [Pipeline Status] Compile:0, Upload:0, Run:6, Down:1, Result:0
2026-01-26 14:46:23 | INFO    | validation_run |   -> Running 9650584f...
2026-01-26 14:46:23 | INFO    | validation_run |   -> Running a31a9fc1...
2026-01-26 14:46:23 | INFO    | validation_run | [Runner] Processing batch of 6 tasks...
2026-01-26 14:46:23 | INFO    | validation_run | [Downloader] Processing batch of 4 tasks...
2026-01-26 14:46:23 | INFO    | validation_run | [DONE] Rfe_Fence.r.rwdRW_Coe_Fence.r.rwdWR_Fre_Fence.rw.rwdWW | Act: -1.0000 | Pred: 0.6477 | Diff: -1.6477 | Rem: 70
2026-01-26 14:46:23 | INFO    | validation_run | [DONE] Rfe_Fence.r.rwdRW_Coe_Fence.r.rwdWR_Fre_Fence.rw.wdWW | Act: -1.0000 | Pred: 0.6242 | Diff: -1.6242 | Rem: 69
2026-01-26 14:46:23 | INFO    | validation_run |   -> Running c6588768...
2026-01-26 14:46:24 | INFO    | validation_run |   -> Uploading 9ea26fba...
2026-01-26 14:46:24 | INFO    | validation_run | [Uploader] Processing batch of 2 tasks...
2026-01-26 14:46:24 | INFO    | validation_run | [Pipeline Status] Compile:0, Upload:0, Run:1, Down:0, Result:0
2026-01-26 14:46:24 | INFO    | validation_run |   -> Uploading dafe0505...
2026-01-26 14:46:24 | INFO    | validation_run |   -> Running b74ba9eb...
2026-01-26 14:46:24 | INFO    | validation_run | [Downloader] Processing batch of 1 tasks...
2026-01-26 14:46:24 | INFO    | validation_run |   -> Running b2e37d41...
2026-01-26 14:46:24 | INFO    | validation_run |   -> Running 6ec5430d...
2026-01-26 14:46:24 | INFO    | validation_run |   -> Uploading 6c4ab5df...
2026-01-26 14:46:24 | INFO    | validation_run |   -> Running 5dbe7729...
2026-01-26 14:46:24 | INFO    | validation_run |   -> Running 75e54bb4...
2026-01-26 14:46:24 | INFO    | validation_run | [DONE] Rfe_PodRW_Rfe_PodRW  | Act: 4285.7143 | Pred: 2.1068 | Diff: +4283.6075 | Rem: 68
2026-01-26 14:46:24 | INFO    | validation_run | [DONE] CoePAR_PodWWARP_RfePAR_PodRWARP | Act: -1.0000 | Pred: 13.3962 | Diff: -14.3962 | Rem: 67
2026-01-26 14:46:24 | INFO    | validation_run | [Runner] Processing batch of 2 tasks...
2026-01-26 14:46:24 | INFO    | validation_run |   -> Uploading f64af5a8...
2026-01-26 14:46:25 | INFO    | validation_run | [DONE] Rfe_Fence.rw.wdRW_Coe_Fence.rw.wdWR_Fre | Act: -1.0000 | Pred: 1.3915 | Diff: -2.3915 | Rem: 66
2026-01-26 14:46:25 | INFO    | validation_run | [Downloader] Processing batch of 5 tasks...
2026-01-26 14:46:25 | INFO    | validation_run | [DONE] CoePAR_PodWWARAR_RfeARAR_PodRWARP | Act: -1.0000 | Pred: 13.3962 | Diff: -14.3962 | Rem: 65
2026-01-26 14:46:25 | INFO    | validation_run |   -> Uploading 84b91a9f...
2026-01-26 14:46:25 | INFO    | validation_run |   -> Uploading eec47dd6...
2026-01-26 14:46:25 | INFO    | validation_run | [Uploader] Processing batch of 1 tasks...
2026-01-26 14:46:25 | INFO    | validation_run | [Uploader] Processing batch of 1 tasks...
2026-01-26 14:46:25 | INFO    | validation_run |   -> Running 9ea26fba...
2026-01-26 14:46:26 | INFO    | validation_run | [DONE] Coe_Fence.rw.wdWR_Fre_Fence.rw.wdWW_Wse_Fence.w.wdWW | Act: -1.0000 | Pred: 2.0712 | Diff: -3.0712 | Rem: 64
2026-01-26 14:46:26 | INFO    | validation_run |   -> Running dafe0505...
2026-01-26 14:46:26 | INFO    | validation_run | [Downloader] Processing batch of 1 tasks...
2026-01-26 14:46:26 | INFO    | validation_run | [Runner] Processing batch of 4 tasks...
2026-01-26 14:46:26 | INFO    | validation_run | [DONE] Rfe_PodRW_Wse_PodWW_Rfe_DpCtrldW | Act: -1.0000 | Pred: 1.3566 | Diff: -2.3566 | Rem: 63
2026-01-26 14:46:26 | INFO    | validation_run |   -> Uploading b3d0cbb8...
2026-01-26 14:46:26 | INFO    | validation_run |   -> Uploading 509cec1e...
2026-01-26 14:46:26 | INFO    | validation_run | [DONE] Rfe_PodRW_Wse_PodWW_Rfe_DpDatadW | Act: -1.0000 | Pred: 1.2717 | Diff: -2.2717 | Rem: 62
2026-01-26 14:46:26 | INFO    | validation_run | [DONE] Coe_Fence.r.rwdWR_Fre_Fence.rw.rwdWW_Wse_Fence.rw.rwdWW | Act: -1.0000 | Pred: 1.0317 | Diff: -2.0317 | Rem: 61
2026-01-26 14:46:26 | INFO    | validation_run | [DONE] CoePAR_PodWRARAR_FreARAR_PodWWARP | Act: -1.0000 | Pred: 3.2901 | Diff: -4.2901 | Rem: 60
2026-01-26 14:46:26 | INFO    | validation_run | [Downloader] Processing batch of 1 tasks...
2026-01-26 14:46:26 | INFO    | validation_run | [DONE] Coe_Fence.rw.wdWR_Fre_Fence.rw.rwdWW_Rfe_DpCtrlFenceIdW | Act: -1.0000 | Pred: 1.3427 | Diff: -2.3427 | Rem: 59
2026-01-26 14:46:26 | INFO    | validation_run | [Uploader] Processing batch of 3 tasks...
2026-01-26 14:46:27 | INFO    | validation_run | [Uploader] Processing batch of 1 tasks...
2026-01-26 14:46:27 | INFO    | validation_run |   -> Running 6c4ab5df...
2026-01-26 14:46:27 | INFO    | validation_run |   -> Running f64af5a8...
2026-01-26 14:46:27 | INFO    | validation_run |   -> Running 84b91a9f...
2026-01-26 14:46:27 | INFO    | validation_run | [Pipeline Status] Compile:0, Upload:3, Run:2, Down:2, Result:0
2026-01-26 14:46:28 | INFO    | validation_run |   -> Running eec47dd6...
2026-01-26 14:46:28 | INFO    | validation_run | [Runner] Processing batch of 2 tasks...
2026-01-26 14:46:28 | INFO    | validation_run | [Downloader] Processing batch of 4 tasks...
2026-01-26 14:46:28 | INFO    | validation_run | [DONE] Rfe_Fence.r.rwdRR_Fre_CoLeave_Fence.r.rwdWR_FrBack | Act: 0.0000 | Pred: 0.7867 | Diff: -0.7867 | Rem: 58
2026-01-26 14:46:28 | INFO    | validation_run | [DONE] Coe_Fence.rw.wdWR_Fre_Fence.rw.rwdWW_Wse_Fence.w.wdWW | Act: -1.0000 | Pred: 1.5070 | Diff: -2.5070 | Rem: 57
2026-01-26 14:46:28 | INFO    | validation_run |   -> Uploading 7358806c...
2026-01-26 14:46:28 | INFO    | validation_run |   -> Running 509cec1e...
2026-01-26 14:46:28 | INFO    | validation_run |   -> Uploading 04eb2fdd...
2026-01-26 14:46:28 | INFO    | validation_run | [Uploader] Processing batch of 6 tasks...
2026-01-26 14:46:28 | INFO    | validation_run |   -> Uploading e38fe599...
2026-01-26 14:46:28 | INFO    | validation_run |   -> Uploading 72b4fd3b...
2026-01-26 14:46:29 | INFO    | validation_run | [Pipeline Status] Compile:0, Upload:0, Run:4, Down:0, Result:0
2026-01-26 14:46:29 | INFO    | validation_run | [DONE] Coe_Fence.rw.wdWR_Fre_Rfe_DpAddrdW | Act: -1.0000 | Pred: 2.1103 | Diff: -3.1103 | Rem: 56
2026-01-26 14:46:29 | INFO    | validation_run | [DONE] Fre_PodWR_Fre_PodWR  | Act: 0.0000 | Pred: 3.5464 | Diff: -3.5464 | Rem: 55
2026-01-26 14:46:29 | INFO    | validation_run | [DONE] Rfe_PodRW_Rfe_PodRR_Fre | Act: 66.6667 | Pred: 1.5829 | Diff: +65.0838 | Rem: 54
2026-01-26 14:46:29 | INFO    | validation_run | [DONE] Coe_Fence.r.rwdWR_Fre_RfLeave_DpAddrdR_FrBack | Act: -1.0000 | Pred: 1.5147 | Diff: -2.5147 | Rem: 53
2026-01-26 14:46:29 | INFO    | validation_run |   -> Running b3d0cbb8...
2026-01-26 14:46:29 | INFO    | validation_run | [Downloader] Processing batch of 1 tasks...
2026-01-26 14:46:29 | INFO    | validation_run | [Runner] Processing batch of 4 tasks...
2026-01-26 14:46:29 | INFO    | validation_run | [Downloader] Processing batch of 1 tasks...
2026-01-26 14:46:29 | INFO    | validation_run | [Uploader] Processing batch of 1 tasks...
2026-01-26 14:46:29 | INFO    | validation_run |   -> Uploading 075c27e7...
2026-01-26 14:46:29 | INFO    | validation_run |   -> Uploading 9f1e774a...
2026-01-26 14:46:29 | INFO    | validation_run |   -> Uploading 2b90273d...
2026-01-26 14:46:29 | INFO    | validation_run |   -> Uploading 6309501b...
2026-01-26 14:46:30 | INFO    | validation_run |   -> Uploading d9ccb661...
2026-01-26 14:46:30 | INFO    | validation_run |   -> Uploading d20b81ae...
2026-01-26 14:46:30 | INFO    | validation_run |   -> Running 7358806c...
2026-01-26 14:46:30 | INFO    | validation_run | [Uploader] Processing batch of 3 tasks...
2026-01-26 14:46:30 | INFO    | validation_run | [Pipeline Status] Compile:0, Upload:0, Run:6, Down:0, Result:0
2026-01-26 14:46:30 | INFO    | validation_run |   -> Uploading 44d4316b...
2026-01-26 14:46:31 | INFO    | validation_run | [DONE] Coe_Fence.r.rwdWR_Fre_Rfe_DpCtrldW | Act: -1.0000 | Pred: 1.5056 | Diff: -2.5056 | Rem: 52
2026-01-26 14:46:31 | INFO    | validation_run |   -> Running 04eb2fdd...
2026-01-26 14:46:31 | INFO    | validation_run | [Downloader] Processing batch of 1 tasks...
2026-01-26 14:46:31 | INFO    | validation_run |   -> Running e38fe599...
2026-01-26 14:46:31 | INFO    | validation_run |   -> Running 72b4fd3b...
2026-01-26 14:46:31 | INFO    | validation_run | [Downloader] Processing batch of 2 tasks...
2026-01-26 14:46:31 | INFO    | validation_run | [DONE] Coe_Fence.r.rwdWR_Fre_Fence.rw.rwdWW_Rfe_Fence.rw.rwdRW | Act: -1.0000 | Pred: 0.6385 | Diff: -1.6385 | Rem: 51
2026-01-26 14:46:31 | INFO    | validation_run | [Runner] Processing batch of 7 tasks...
2026-01-26 14:46:31 | INFO    | validation_run | [Uploader] Processing batch of 1 tasks...
2026-01-26 14:46:31 | INFO    | validation_run |   -> Uploading 647a5def...
2026-01-26 14:46:31 | INFO    | validation_run |   -> Running 075c27e7...
2026-01-26 14:46:31 | INFO    | validation_run |   -> Uploading 6f372689...
2026-01-26 14:46:31 | INFO    | validation_run |   -> Uploading 9b7e6e75...
2026-01-26 14:46:31 | INFO    | validation_run | [Uploader] Processing batch of 1 tasks...
2026-01-26 14:46:31 | INFO    | validation_run |   -> Running 9f1e774a...
2026-01-26 14:46:32 | INFO    | validation_run |   -> Running 2b90273d...
2026-01-26 14:46:32 | INFO    | validation_run |   -> Running 6309501b...
2026-01-26 14:46:32 | INFO    | validation_run |   -> Running d9ccb661...
2026-01-26 14:46:32 | INFO    | validation_run |   -> Running d20b81ae...
2026-01-26 14:46:32 | INFO    | validation_run |   -> Running 44d4316b...
2026-01-26 14:46:32 | INFO    | validation_run | [Pipeline Status] Compile:0, Upload:0, Run:3, Down:7, Result:0
2026-01-26 14:46:32 | INFO    | validation_run | [Runner] Processing batch of 3 tasks...
2026-01-26 14:46:32 | INFO    | validation_run | [DONE] Rfe_PodRW_Wse_PodWW_Wse | Act: -1.0000 | Pred: 3.5555 | Diff: -4.5555 | Rem: 50
2026-01-26 14:46:32 | INFO    | validation_run | [Downloader] Processing batch of 8 tasks...
2026-01-26 14:46:32 | INFO    | validation_run |   -> Running 647a5def...
2026-01-26 14:46:32 | INFO    | validation_run | [DONE] Rfe_PodRR_Fre_Rfe_PodRW_Wse | Act: -1.0000 | Pred: 1.7453 | Diff: -2.7453 | Rem: 49
2026-01-26 14:46:32 | INFO    | validation_run | [DONE] Coe_Fence.rw.wdWR_Fre_Fence.w.wdWW_Wse_Fence.w.wdWW | Act: -1.0000 | Pred: 3.8823 | Diff: -4.8823 | Rem: 48
2026-01-26 14:46:33 | INFO    | validation_run |   -> Uploading cbad374a...
2026-01-26 14:46:33 | INFO    | validation_run | [Uploader] Processing batch of 3 tasks...
2026-01-26 14:46:33 | INFO    | validation_run |   -> Uploading db240d0e...
2026-01-26 14:46:33 | INFO    | validation_run |   -> Running 6f372689...
2026-01-26 14:46:33 | INFO    | validation_run | [Downloader] Processing batch of 1 tasks...
2026-01-26 14:46:33 | INFO    | validation_run | [Pipeline Status] Compile:0, Upload:0, Run:2, Down:0, Result:0
2026-01-26 14:46:33 | INFO    | validation_run | [DONE] Coe_Fence.r.rwdWR_Fre_Fence.rw.wdWW_Rfe_DpDatadW | Act: -1.0000 | Pred: 0.6408 | Diff: -1.6408 | Rem: 47
2026-01-26 14:46:33 | INFO    | validation_run | [DONE] Coe_Fence.r.rwdWR_Fre_Fence.rw.rwdWW_Rfe_DpCtrlFenceIdW | Act: -1.0000 | Pred: 1.0816 | Diff: -2.0816 | Rem: 46
2026-01-26 14:46:33 | INFO    | validation_run | [DONE] Rfe_FrLeave_PodWR_FrBack_Wse_PodWW | Act: -1.0000 | Pred: 1.8669 | Diff: -2.8669 | Rem: 45
2026-01-26 14:46:33 | INFO    | validation_run | [DONE] Coe_PodWWPAR_RfeARAR_PodRWARP | Act: -1.0000 | Pred: 13.3962 | Diff: -14.3962 | Rem: 44
2026-01-26 14:46:33 | INFO    | validation_run | [DONE] Coe_Fence.r.rwdWR_Fre_Rfe_DpCtrlFenceIdW | Act: -1.0000 | Pred: 1.2611 | Diff: -2.2611 | Rem: 43
2026-01-26 14:46:33 | INFO    | validation_run |   -> Running 9b7e6e75...
2026-01-26 14:46:33 | INFO    | validation_run | [DONE] Coe_Fence.r.rwdWR_Fre_Fence.rw.rwdWR_Fre_Fence.rw.rwdWW | Act: -1.0000 | Pred: 1.1662 | Diff: -2.1662 | Rem: 42
2026-01-26 14:46:33 | INFO    | validation_run | [DONE] Coe_Fence.rw.wdWR_Fre_Fence.rw.wdWW_Wse_Fence.rw.wdWW | Act: -1.0000 | Pred: 2.6495 | Diff: -3.6495 | Rem: 41
2026-01-26 14:46:33 | INFO    | validation_run | [Downloader] Processing batch of 1 tasks...
2026-01-26 14:46:33 | INFO    | validation_run | [DONE] Coe_Fence.rw.wdWR_Fre_Fence.rw.rwdWW_Rfe_DpAddrdW | Act: -1.0000 | Pred: 1.4924 | Diff: -2.4924 | Rem: 40
2026-01-26 14:46:33 | INFO    | validation_run | [Runner] Processing batch of 2 tasks...
2026-01-26 14:46:34 | INFO    | validation_run |   -> Uploading e5784581...
2026-01-26 14:46:34 | INFO    | validation_run | [Uploader] Processing batch of 1 tasks...
2026-01-26 14:46:34 | INFO    | validation_run |   -> Uploading c0c29f07...
2026-01-26 14:46:34 | INFO    | validation_run |   -> Uploading b70a0eea...
2026-01-26 14:46:34 | INFO    | validation_run | [Uploader] Processing batch of 1 tasks...
2026-01-26 14:46:34 | INFO    | validation_run |   -> Running cbad374a...
2026-01-26 14:46:34 | INFO    | validation_run | [DONE] Rfe_Fence.r.rwdRW_Coe_Fence.rw.wdWR_Fre_Fence.w.wdWW | Act: -1.0000 | Pred: 0.6181 | Diff: -1.6181 | Rem: 39
2026-01-26 14:46:34 | INFO    | validation_run | [Downloader] Processing batch of 1 tasks...
2026-01-26 14:46:35 | INFO    | validation_run | [DONE] Rfe_PodRW_Rfe_DpDatadW_Rfe_PodRW | Act: 0.0000 | Pred: 1.3536 | Diff: -1.3536 | Rem: 38
2026-01-26 14:46:35 | INFO    | validation_run |   -> Uploading b0f646e1...
2026-01-26 14:46:35 | INFO    | validation_run | [Uploader] Processing batch of 6 tasks...
2026-01-26 14:46:36 | INFO    | validation_run |   -> Uploading 7b2379d6...
2026-01-26 14:46:36 | INFO    | validation_run | [Uploader] Processing batch of 2 tasks...
2026-01-26 14:46:36 | INFO    | validation_run | [DONE] Fre_PodWR_Fre_RfLeave_PodRW_RfBack | Act: 0.0000 | Pred: 1.5092 | Diff: -1.5092 | Rem: 37
2026-01-26 14:46:37 | INFO    | validation_run |   -> Uploading dbeee26b...
2026-01-26 14:46:37 | INFO    | validation_run | [Pipeline Status] Compile:0, Upload:1, Run:5, Down:0, Result:0
2026-01-26 14:46:37 | INFO    | validation_run |   -> Uploading 7404087b...
2026-01-26 14:46:37 | INFO    | validation_run |   -> Uploading 9dc8f9e5...
2026-01-26 14:46:37 | INFO    | validation_run |   -> Uploading 93b3e458...
2026-01-26 14:46:37 | INFO    | validation_run |   -> Uploading c543988e...
2026-01-26 14:46:37 | INFO    | validation_run |   -> Uploading 9b417227...
2026-01-26 14:46:37 | INFO    | validation_run |   -> Uploading 5fb0f990...
2026-01-26 14:46:37 | INFO    | validation_run |   -> Uploading 7cc0488d...
2026-01-26 14:46:37 | INFO    | validation_run | [Uploader] Processing batch of 1 tasks...
2026-01-26 14:46:38 | INFO    | validation_run | [Pipeline Status] Compile:0, Upload:0, Run:13, Down:0, Result:0
2026-01-26 14:46:38 | INFO    | validation_run |   -> Uploading b1c72df4...
2026-01-26 14:46:39 | INFO    | validation_run | [Pipeline Status] Compile:0, Upload:0, Run:14, Down:0, Result:0
2026-01-26 14:46:40 | INFO    | validation_run | [Pipeline Status] Compile:0, Upload:0, Run:14, Down:0, Result:0
2026-01-26 14:46:41 | INFO    | validation_run | [Pipeline Status] Compile:0, Upload:0, Run:14, Down:0, Result:0
2026-01-26 14:46:42 | INFO    | validation_run | [Pipeline Status] Compile:0, Upload:0, Run:14, Down:0, Result:0
2026-01-26 14:46:43 | INFO    | validation_run | [Pipeline Status] Compile:0, Upload:0, Run:14, Down:0, Result:0
2026-01-26 14:46:44 | INFO    | validation_run | [Pipeline Status] Compile:0, Upload:0, Run:14, Down:0, Result:0
2026-01-26 14:46:45 | INFO    | validation_run | [Pipeline Status] Compile:0, Upload:0, Run:14, Down:0, Result:0
2026-01-26 14:46:45 | INFO    | validation_run | [Runner] Task cbad374a finished with status 124
2026-01-26 14:46:45 | INFO    | validation_run |   -> Running db240d0e...
2026-01-26 14:46:45 | INFO    | validation_run | [Downloader] Processing batch of 1 tasks...
2026-01-26 14:46:45 | INFO    | validation_run | [Downloader] Processing batch of 1 tasks...
2026-01-26 14:46:45 | INFO    | validation_run | [Runner] Processing batch of 14 tasks...
2026-01-26 14:46:46 | INFO    | validation_run |   -> Running e5784581...
2026-01-26 14:46:46 | INFO    | validation_run | [Pipeline Status] Compile:0, Upload:0, Run:0, Down:0, Result:0
2026-01-26 14:46:46 | INFO    | validation_run | [DONE] Fre_PodWR_Fre_PodWR_FrLeave_RfBack | Act: -1.0000 | Pred: 1.2069 | Diff: -2.2069 | Rem: 36
2026-01-26 14:46:46 | INFO    | validation_run |   -> Running c0c29f07...
2026-01-26 14:46:46 | INFO    | validation_run | [Downloader] Processing batch of 1 tasks...
2026-01-26 14:46:46 | INFO    | validation_run |   -> Running b70a0eea...
2026-01-26 14:46:46 | INFO    | validation_run | [Uploader] Processing batch of 1 tasks...
2026-01-26 14:46:46 | INFO    | validation_run | [Downloader] Processing batch of 1 tasks...
2026-01-26 14:46:46 | INFO    | validation_run | [DONE] Rfe_PodRR_Fre_PodWW_Rfe_DpAddrdW | Act: 0.0000 | Pred: 1.5681 | Diff: -1.5681 | Rem: 35
2026-01-26 14:46:46 | INFO    | validation_run |   -> Running b0f646e1...
2026-01-26 14:46:46 | INFO    | validation_run |   -> Running 7b2379d6...
2026-01-26 14:46:46 | INFO    | validation_run |   -> Running dbeee26b...
2026-01-26 14:46:46 | INFO    | validation_run |   -> Running 7404087b...
2026-01-26 14:46:46 | INFO    | validation_run |   -> Running 9dc8f9e5...
2026-01-26 14:46:47 | INFO    | validation_run |   -> Running 93b3e458...
2026-01-26 14:46:47 | INFO    | validation_run |   -> Running c543988e...
2026-01-26 14:46:47 | INFO    | validation_run | [Uploader] Processing batch of 1 tasks...
2026-01-26 14:46:47 | INFO    | validation_run |   -> Running 9b417227...
2026-01-26 14:46:47 | INFO    | validation_run |   -> Running 5fb0f990...
2026-01-26 14:46:47 | INFO    | validation_run |   -> Running 7cc0488d...
2026-01-26 14:46:47 | INFO    | validation_run | [Downloader] Processing batch of 10 tasks...
2026-01-26 14:46:47 | INFO    | validation_run | [DONE] Coe_Fence.rw.wdWR_Fre_Fence.rw.rwdWR_Fre_Fence.rw.rwdWW | Act: -1.0000 | Pred: 1.4186 | Diff: -2.4186 | Rem: 34
2026-01-26 14:46:47 | INFO    | validation_run |   -> Running b1c72df4...
2026-01-26 14:46:48 | INFO    | validation_run | [Downloader] Processing batch of 2 tasks...
2026-01-26 14:46:48 | INFO    | validation_run | [DONE] Coe_Fence.rw.wdWR_Fre_Rfe_DpAddrdR_Fre | Act: -1.0000 | Pred: 1.2732 | Diff: -2.2732 | Rem: 33
2026-01-26 14:46:48 | INFO    | validation_run |   -> Uploading d7db6937...
2026-01-26 14:46:48 | INFO    | validation_run | [Runner] Processing batch of 1 tasks...
2026-01-26 14:46:48 | INFO    | validation_run | [Uploader] Processing batch of 1 tasks...
2026-01-26 14:46:48 | INFO    | validation_run | [DONE] PodRWPAR_CoeARAR_PodWWARAR_RfeARP | Act: -1.0000 | Pred: 13.3962 | Diff: -14.3962 | Rem: 32
2026-01-26 14:46:48 | INFO    | validation_run | [DONE] Coe_Fence.r.rwdWR_Fre_Fence.w.wdWW_Wse_Fence.w.wdWW | Act: -1.0000 | Pred: 2.4843 | Diff: -3.4843 | Rem: 31
2026-01-26 14:46:48 | INFO    | validation_run | [DONE] Coe_Fence.r.rwdWR_Fre_Fence.rw.wdWW_Wse_Fence.rw.wdWW | Act: -1.0000 | Pred: 0.9930 | Diff: -1.9930 | Rem: 30
2026-01-26 14:46:48 | INFO    | validation_run | [DONE] Coe_Fence.r.rwdWR_Fre_Fence.w.wdWW_Rfe_Fence.rw.rwdRW | Act: -1.0000 | Pred: 0.5993 | Diff: -1.5993 | Rem: 29
2026-01-26 14:46:48 | INFO    | validation_run | [DONE] Coe_Fence.rw.wdWR_Fre_Fence.rw.wdWW_Rfe_DpCtrlFenceIdW | Act: -1.0000 | Pred: 1.3435 | Diff: -2.3435 | Rem: 28
2026-01-26 14:46:48 | INFO    | validation_run | [DONE] Rfe_PosRR_Fre_PodWW_Rfe_DpDatadW | Act: 14.2857 | Pred: 4.2842 | Diff: +10.0015 | Rem: 27
2026-01-26 14:46:48 | INFO    | validation_run | [DONE] PodWWPAR_RfeARAR_PodRWARAR_CoeARP | Act: -1.0000 | Pred: 13.3962 | Diff: -14.3962 | Rem: 26
2026-01-26 14:46:48 | INFO    | validation_run | [DONE] Rfe_DpCtrlFenceIdW_Wse_PodWR_Fre_PodWW | Act: -1.0000 | Pred: 1.7485 | Diff: -2.7485 | Rem: 25
2026-01-26 14:46:48 | INFO    | validation_run | [DONE] Rfe_PosRR_Fre_PodWW_Rfe_DpAddrdW | Act: 0.0000 | Pred: 1.6507 | Diff: -1.6507 | Rem: 24
2026-01-26 14:46:48 | INFO    | validation_run | [DONE] Rfe_PosRR_Fre_PodWW_Rfe_DpCtrlFenceIdW | Act: 0.0000 | Pred: 1.2005 | Diff: -1.2005 | Rem: 23
2026-01-26 14:46:48 | INFO    | validation_run |   -> Uploading b7d63b0a...
2026-01-26 14:46:48 | INFO    | validation_run | [Uploader] Processing batch of 1 tasks...
2026-01-26 14:46:49 | INFO    | validation_run |   -> Running d7db6937...
2026-01-26 14:46:49 | INFO    | validation_run | [DONE] Rfe_PodRW_Rfe_PodRW_Rfe_DpCtrlFenceIdW | Act: 0.0000 | Pred: 0.7591 | Diff: -0.7591 | Rem: 22
2026-01-26 14:46:49 | INFO    | validation_run | [DONE] Coe_Fence.r.rwdWR_Fre_Rfe_DpDatadW | Act: -1.0000 | Pred: 1.5234 | Diff: -2.5234 | Rem: 21
2026-01-26 14:46:49 | INFO    | validation_run | [Downloader] Processing batch of 1 tasks...
2026-01-26 14:46:49 | INFO    | validation_run | [Runner] Processing batch of 1 tasks...
2026-01-26 14:46:49 | INFO    | validation_run |   -> Uploading aa0f0d53...
2026-01-26 14:46:50 | INFO    | validation_run |   -> Uploading d216247c...
2026-01-26 14:46:50 | INFO    | validation_run | [Uploader] Processing batch of 7 tasks...
2026-01-26 14:46:50 | INFO    | validation_run | [Uploader] Processing batch of 1 tasks...
2026-01-26 14:46:50 | INFO    | validation_run | [Pipeline Status] Compile:2, Upload:0, Run:2, Down:0, Result:0
2026-01-26 14:46:50 | INFO    | validation_run | [DONE] Rfe_PodRW_Rfe_DpAddrdW_Wse_PodWW | Act: 566.6667 | Pred: 1.9173 | Diff: +564.7493 | Rem: 20
2026-01-26 14:46:50 | INFO    | validation_run |   -> Running b7d63b0a...
2026-01-26 14:46:50 | INFO    | validation_run | [Downloader] Processing batch of 1 tasks...
2026-01-26 14:46:50 | INFO    | validation_run | [Runner] Processing batch of 2 tasks...
2026-01-26 14:46:51 | INFO    | validation_run |   -> Uploading 3591ccf5...
2026-01-26 14:46:51 | INFO    | validation_run |   -> Uploading 20e50d07...
2026-01-26 14:46:51 | INFO    | validation_run | [Pipeline Status] Compile:0, Upload:5, Run:0, Down:0, Result:0
2026-01-26 14:46:51 | INFO    | validation_run | [Uploader] Processing batch of 5 tasks...
2026-01-26 14:46:51 | INFO    | validation_run |   -> Uploading 8825b4f7...
2026-01-26 14:46:51 | INFO    | validation_run |   -> Uploading 7840f6a6...
2026-01-26 14:46:51 | INFO    | validation_run |   -> Uploading 97349792...
2026-01-26 14:46:51 | INFO    | validation_run |   -> Running aa0f0d53...
2026-01-26 14:46:51 | INFO    | validation_run |   -> Uploading 16ceca3f...
2026-01-26 14:46:51 | INFO    | validation_run | [DONE] Coe_Fence.r.rwdWR_Fre_Fence.rw.rwdWR_Fre_Fence.rw.wdWW | Act: -1.0000 | Pred: 0.8506 | Diff: -1.8506 | Rem: 19
2026-01-26 14:46:51 | INFO    | validation_run |   -> Uploading 19ebe340...
2026-01-26 14:46:51 | INFO    | validation_run |   -> Uploading 44604822...
2026-01-26 14:46:52 | INFO    | validation_run |   -> Running d216247c...
2026-01-26 14:46:52 | INFO    | validation_run | [Downloader] Processing batch of 1 tasks...
2026-01-26 14:46:52 | INFO    | validation_run | [Downloader] Processing batch of 1 tasks...
2026-01-26 14:46:52 | INFO    | validation_run | [Runner] Processing batch of 8 tasks...
2026-01-26 14:46:52 | INFO    | validation_run | [Uploader] Processing batch of 1 tasks...
2026-01-26 14:46:52 | INFO    | validation_run |   -> Uploading f7a74036...
2026-01-26 14:46:52 | INFO    | validation_run |   -> Uploading fada1d1d...
2026-01-26 14:46:52 | INFO    | validation_run |   -> Uploading a280b3d4...
2026-01-26 14:46:52 | INFO    | validation_run | [Pipeline Status] Compile:0, Upload:0, Run:2, Down:0, Result:0
2026-01-26 14:46:52 | INFO    | validation_run |   -> Uploading a248af1b...
2026-01-26 14:46:52 | INFO    | validation_run | [DONE] Rfe_PodRW_Rfe_DpCtrlFenceIdW_Rfe_PodRW | Act: 0.0000 | Pred: 0.7591 | Diff: -0.7591 | Rem: 18
2026-01-26 14:46:52 | INFO    | validation_run |   -> Uploading 9cc29bd7...
2026-01-26 14:46:52 | INFO    | validation_run |   -> Running 20e50d07...
2026-01-26 14:46:53 | INFO    | validation_run |   -> Uploading 789a0657...
2026-01-26 14:46:53 | INFO    | validation_run | [Uploader] Processing batch of 1 tasks...
2026-01-26 14:46:53 | INFO    | validation_run | [DONE] Rfe_PodRR_Fre_Rfe_PodRR_Fre | Act: 0.0000 | Pred: 0.9742 | Diff: -0.9742 | Rem: 17
2026-01-26 14:46:53 | INFO    | validation_run |   -> Running 3591ccf5...
2026-01-26 14:46:53 | INFO    | validation_run | [Downloader] Processing batch of 1 tasks...
2026-01-26 14:46:53 | INFO    | validation_run |   -> Running 8825b4f7...
2026-01-26 14:46:53 | INFO    | validation_run | [Downloader] Processing batch of 1 tasks...
2026-01-26 14:46:53 | INFO    | validation_run |   -> Running 7840f6a6...
2026-01-26 14:46:53 | INFO    | validation_run |   -> Running 97349792...
2026-01-26 14:46:53 | INFO    | validation_run |   -> Running 16ceca3f...
2026-01-26 14:46:53 | INFO    | validation_run |   -> Running 19ebe340...
2026-01-26 14:46:54 | INFO    | validation_run |   -> Running 44604822...
2026-01-26 14:46:54 | INFO    | validation_run | [Runner] Processing batch of 6 tasks...
2026-01-26 14:46:54 | INFO    | validation_run | [Uploader] Processing batch of 1 tasks...
2026-01-26 14:46:54 | INFO    | validation_run |   -> Uploading 0574d02d...
2026-01-26 14:46:54 | INFO    | validation_run | [Downloader] Processing batch of 6 tasks...
2026-01-26 14:46:54 | INFO    | validation_run | [DONE] Coe_Fence.r.rwdWR_Fre_Fence.rw.wdWW_Rfe_DpAddrdW | Act: -1.0000 | Pred: 1.2535 | Diff: -2.2535 | Rem: 16
2026-01-26 14:46:54 | INFO    | validation_run |   -> Running f7a74036...
2026-01-26 14:46:54 | INFO    | validation_run |   -> Uploading 5a05f0eb...
2026-01-26 14:46:55 | INFO    | validation_run | [Uploader] Processing batch of 1 tasks...
2026-01-26 14:46:55 | INFO    | validation_run | [DONE] PodWWPAR_RfeARP_PodRWPAR_CoeARP | Act: -1.0000 | Pred: 13.3962 | Diff: -14.3962 | Rem: 15
2026-01-26 14:46:55 | INFO    | validation_run |   -> Running fada1d1d...
2026-01-26 14:46:55 | INFO    | validation_run | [Downloader] Processing batch of 1 tasks...
2026-01-26 14:46:55 | INFO    | validation_run |   -> Running a280b3d4...
2026-01-26 14:46:55 | INFO    | validation_run |   -> Running a248af1b...
2026-01-26 14:46:55 | INFO    | validation_run |   -> Running 9cc29bd7...
2026-01-26 14:46:55 | INFO    | validation_run |   -> Running 789a0657...
2026-01-26 14:46:55 | INFO    | validation_run | [Uploader] Processing batch of 1 tasks...
2026-01-26 14:46:55 | INFO    | validation_run | [DONE] Rfe_Fence.r.rwdRR_Fre_CoLeave_Fence.rw.wdWR_FrBack | Act: 0.0000 | Pred: 0.8951 | Diff: -0.8951 | Rem: 14
2026-01-26 14:46:55 | INFO    | validation_run | [DONE] Coe_Fence.rw.wdWR_Fre_Fence.w.wdWW_Rfe_DpCtrlFenceIdW | Act: -1.0000 | Pred: 0.6033 | Diff: -1.6033 | Rem: 13
2026-01-26 14:46:55 | INFO    | validation_run | [Runner] Processing batch of 2 tasks...
2026-01-26 14:46:55 | INFO    | validation_run | [DONE] Coe_Fence.r.rwdWR_Fre_Fence.rw.wdWW_Rfe_Fence.rw.wdRW | Act: -1.0000 | Pred: 0.5910 | Diff: -1.5910 | Rem: 12
2026-01-26 14:46:55 | INFO    | validation_run | [DONE] Coe_Fence.rw.wdWR_Fre_Rfe_Fence.rw.rwdRW | Act: -1.0000 | Pred: 1.5517 | Diff: -2.5517 | Rem: 11
2026-01-26 14:46:55 | INFO    | validation_run | [DONE] Rfe_PodRR_Fre_PodWW_Wse | Act: -1.0000 | Pred: 2.0417 | Diff: -3.0417 | Rem: 10
2026-01-26 14:46:55 | INFO    | validation_run | [DONE] Coe_Fence.rw.wdWR_Fre_RfLeave_Fence.rw.rwdRR_FrBack | Act: -1.0000 | Pred: 1.0855 | Diff: -2.0855 | Rem: 9
2026-01-26 14:46:55 | INFO    | validation_run | [Downloader] Processing batch of 5 tasks...
2026-01-26 14:46:55 | INFO    | validation_run |   -> Uploading f9d4b435...
2026-01-26 14:46:56 | INFO    | validation_run | [Uploader] Processing batch of 1 tasks...
2026-01-26 14:46:56 | INFO    | validation_run | [DONE] Coe_Fence.rw.wdWR_Fre_Fence.rw.rwdWR_Fre_Fence.w.wdWW | Act: -1.0000 | Pred: 1.5188 | Diff: -2.5188 | Rem: 8
2026-01-26 14:46:56 | INFO    | validation_run |   -> Running 0574d02d...
2026-01-26 14:46:57 | INFO    | validation_run |   -> Uploading f913631e...
2026-01-26 14:46:57 | INFO    | validation_run |   -> Uploading 7b3c741c...
2026-01-26 14:46:57 | INFO    | validation_run | [Pipeline Status] Compile:0, Upload:6, Run:1, Down:0, Result:0
2026-01-26 14:46:57 | INFO    | validation_run | [Uploader] Processing batch of 6 tasks...
2026-01-26 14:46:57 | INFO    | validation_run | [DONE] Rfe_PodRWPAR_CoeARAR_PodWWARP | Act: -1.0000 | Pred: 13.3962 | Diff: -14.3962 | Rem: 7
2026-01-26 14:46:57 | INFO    | validation_run | [DONE] Rfe_DpAddrdR_Fre_PosWR_Fre_PodWW | Act: 0.0000 | Pred: 2.0517 | Diff: -2.0517 | Rem: 6
2026-01-26 14:46:57 | INFO    | validation_run | [DONE] Coe_Fence.r.rwdWR_Fre_Rfe_DpAddrdR_Fre | Act: -1.0000 | Pred: 1.5687 | Diff: -2.5687 | Rem: 5
2026-01-26 14:46:57 | INFO    | validation_run |   -> Running 5a05f0eb...
2026-01-26 14:46:57 | INFO    | validation_run | [Downloader] Processing batch of 1 tasks...
2026-01-26 14:46:57 | INFO    | validation_run | [DONE] Rfe_PodRR_Fre_Rfe_PodRW | Act: 7.6923 | Pred: 1.5829 | Diff: +6.1094 | Rem: 4
2026-01-26 14:46:57 | INFO    | validation_run | [DONE] Coe_Fence.r.rwdWR_Fre_Fence.w.wdWW_Rfe_DpDatadW | Act: -1.0000 | Pred: 1.6094 | Diff: -2.6094 | Rem: 3
2026-01-26 14:46:57 | INFO    | validation_run | [Downloader] Processing batch of 1 tasks...
2026-01-26 14:46:57 | INFO    | validation_run | [Runner] Processing batch of 3 tasks...
2026-01-26 14:46:58 | INFO    | validation_run | [Uploader] Processing batch of 2 tasks...
2026-01-26 14:46:58 | INFO    | validation_run |   -> Uploading 83da565f...
2026-01-26 14:46:58 | INFO    | validation_run |   -> Uploading 16b8e5ce...
2026-01-26 14:46:58 | INFO    | validation_run |   -> Running f9d4b435...
2026-01-26 14:46:58 | INFO    | validation_run |   -> Uploading 6f03d59c...
2026-01-26 14:46:58 | INFO    | validation_run | [Pipeline Status] Compile:0, Upload:2, Run:2, Down:0, Result:0
2026-01-26 14:46:58 | INFO    | validation_run |   -> Uploading 92fa8aed...
2026-01-26 14:46:58 | INFO    | validation_run | [DONE] Rfe_PodRR_Fre_PodWW_RfLeave_FrBack | Act: 0.0000 | Pred: 2.4520 | Diff: -2.4520 | Rem: 2
2026-01-26 14:46:58 | INFO    | validation_run |   -> Uploading 652fe3eb...
2026-01-26 14:46:58 | INFO    | validation_run |   -> Uploading 592d7825...
2026-01-26 14:46:59 | INFO    | validation_run | [Uploader] Processing batch of 3 tasks...
2026-01-26 14:46:59 | INFO    | validation_run |   -> Running f913631e...
2026-01-26 14:46:59 | INFO    | validation_run | [Downloader] Processing batch of 1 tasks...
2026-01-26 14:46:59 | INFO    | validation_run |   -> Uploading 5ecd946b...
2026-01-26 14:46:59 | INFO    | validation_run |   -> Running 7b3c741c...
2026-01-26 14:46:59 | INFO    | validation_run | [Runner] Processing batch of 6 tasks...
2026-01-26 14:46:59 | INFO    | validation_run |   -> Uploading a877e423...
2026-01-26 14:46:59 | INFO    | validation_run | [Downloader] Processing batch of 2 tasks...
2026-01-26 14:46:59 | INFO    | validation_run | [DONE] Rfe_PodRW_Rfe_DpAddrdR_Fre_PodWW | Act: 100.0000 | Pred: 2.8458 | Diff: +97.1542 | Rem: 1
2026-01-26 14:46:59 | INFO    | validation_run | [Uploader] Processing batch of 1 tasks...
2026-01-26 14:47:00 | INFO    | validation_run |   -> Uploading a3b7f85c...
2026-01-26 14:47:00 | INFO    | validation_run |   -> Running 83da565f...
2026-01-26 14:47:00 | INFO    | validation_run |   -> Uploading d7e33dcd...
2026-01-26 14:47:00 | INFO    | validation_run | [DONE] Wse_PodWW_Wse_PodWW  | Act: -1.0000 | Pred: 11.8187 | Diff: -12.8187 | Rem: 0
2026-01-26 14:47:00 | INFO    | validation_run | [DONE] PodWWPAR_CoeARP_PodWRPAR_FreARP | Act: -1.0000 | Pred: 3.2901 | Diff: -4.2901 | Rem: 0
2026-01-26 14:47:00 | INFO    | validation_run |   -> Uploading 7daec204...
2026-01-26 14:47:00 | INFO    | validation_run | [Uploader] Processing batch of 1 tasks...
2026-01-26 14:47:00 | INFO    | validation_run |   -> Uploading 4009899c...
2026-01-26 14:47:00 | INFO    | validation_run | [DONE] Coe_Fence.rw.wdWR_Fre_Fence.w.wdWW | Act: -1.0000 | Pred: 1.4675 | Diff: -2.4675 | Rem: 0
2026-01-26 14:47:01 | INFO    | validation_run |   -> Running 16b8e5ce...
2026-01-26 14:47:01 | INFO    | validation_run | [Downloader] Processing batch of 1 tasks...
2026-01-26 14:47:01 | INFO    | validation_run |   -> Running 6f03d59c...
2026-01-26 14:47:01 | INFO    | validation_run | [Downloader] Processing batch of 1 tasks...
2026-01-26 14:47:01 | INFO    | validation_run |   -> Running 92fa8aed...
2026-01-26 14:47:01 | INFO    | validation_run |   -> Running 652fe3eb...
2026-01-26 14:47:01 | INFO    | validation_run |   -> Running 592d7825...
2026-01-26 14:47:01 | INFO    | validation_run | [Runner] Processing batch of 6 tasks...
2026-01-26 14:47:01 | INFO    | validation_run |   -> Uploading 4fcdc458...
2026-01-26 14:47:01 | INFO    | validation_run |   -> Running 5ecd946b...
2026-01-26 14:47:01 | INFO    | validation_run | [Pipeline Status] Compile:0, Upload:0, Run:1, Down:4, Result:0
2026-01-26 14:47:02 | INFO    | validation_run | [Downloader] Processing batch of 4 tasks...
2026-01-26 14:47:02 | INFO    | validation_run | [DONE] Rfe_PodRW_Rfe_DpAddrdW_Rfe_PodRW | Act: 50.0000 | Pred: 1.2598 | Diff: +48.7402 | Rem: 0
2026-01-26 14:47:02 | INFO    | validation_run |   -> Running a877e423...
2026-01-26 14:47:02 | INFO    | validation_run |   -> Running a3b7f85c...
2026-01-26 14:47:02 | INFO    | validation_run |   -> Running d7e33dcd...
2026-01-26 14:47:02 | INFO    | validation_run |   -> Running 7daec204...
2026-01-26 14:47:02 | INFO    | validation_run | [Downloader] Processing batch of 4 tasks...
2026-01-26 14:47:02 | INFO    | validation_run | [DONE] Coe_Fence.r.rwdWR_Fre_Fence.w.wdWW_Rfe_DpCtrldW | Act: -1.0000 | Pred: 0.6517 | Diff: -1.6517 | Rem: 0
2026-01-26 14:47:02 | INFO    | validation_run |   -> Running 4009899c...
2026-01-26 14:47:02 | INFO    | validation_run | [Runner] Processing batch of 1 tasks...
2026-01-26 14:47:03 | INFO    | validation_run | [DONE] Rfe_DpAddrsR_Fre_PodWW_Wse_PodWW | Act: -1.0000 | Pred: 2.0080 | Diff: -3.0080 | Rem: 0
2026-01-26 14:47:03 | INFO    | validation_run | [DONE] Rfe_PodRW_Wse_PodWR_Fre_PosWW | Act: -1.0000 | Pred: 2.2757 | Diff: -3.2757 | Rem: 0
2026-01-26 14:47:03 | INFO    | validation_run | [DONE] Coe_Fence.rw.wdWR_Fre_Fence.rw.wdWW_Rfe_DpAddrdW | Act: -1.0000 | Pred: 1.5485 | Diff: -2.5485 | Rem: 0
2026-01-26 14:47:03 | INFO    | validation_run | [Downloader] Processing batch of 2 tasks...
2026-01-26 14:47:03 | INFO    | validation_run | [DONE] Coe_Fence.rw.wdWR_Fre_Fence.rw.rwdWW | Act: -1.0000 | Pred: 1.7218 | Diff: -2.7218 | Rem: 0
2026-01-26 14:47:03 | INFO    | validation_run |   -> Running 4fcdc458...
2026-01-26 14:47:03 | INFO    | validation_run | [DONE] Coe_Fence.rw.wdWR_Fre_Fence.w.wdWW_Rfe_Fence.rw.rwdRW | Act: -1.0000 | Pred: 0.6535 | Diff: -1.6535 | Rem: 0
2026-01-26 14:47:03 | INFO    | validation_run | [DONE] Coe_Fence.rw.wdWR_Fre_Fence.w.wdWW_Rfe_DpAddrdW | Act: -1.0000 | Pred: 3.7458 | Diff: -4.7458 | Rem: 0
2026-01-26 14:47:03 | INFO    | validation_run | [DONE] Fre_RfLeave_FrBack_PodWW_Wse_PodWR | Act: -1.0000 | Pred: 1.6427 | Diff: -2.6427 | Rem: 0
2026-01-26 14:47:03 | INFO    | validation_run | [DONE] Coe_Fence.r.rwdWR_Fre_RfLeave_Fence.r.rwdRR_FrBack | Act: -1.0000 | Pred: 0.7984 | Diff: -1.7984 | Rem: 0
2026-01-26 14:47:03 | INFO    | validation_run | [Downloader] Processing batch of 1 tasks...
2026-01-26 14:47:03 | INFO    | validation_run | [DONE] Rfe_FrLeave_RfBack_PodRR_Fre_PodWW | Act: 0.0000 | Pred: 1.2139 | Diff: -1.2139 | Rem: 0
2026-01-26 14:47:03 | INFO    | validation_run | [DONE] Rfe_PodRW_Wse_Rfe_PodRR_Fre | Act: -1.0000 | Pred: 1.7453 | Diff: -2.7453 | Rem: 0
2026-01-26 14:47:04 | INFO    | validation_run | [DONE] Rfe_PodRR_Fre_PodWW_Rfe_DpCtrlFenceIdW | Act: 0.0000 | Pred: 0.7566 | Diff: -0.7566 | Rem: 0
2026-01-26 14:47:04 | INFO    | validation_run | Queue empty and Pipeline drained. Exiting loop.
2026-01-26 14:47:04 | INFO    | validation_run | Validation Finished. Processed: 215, Skipped: 0
2026-01-26 14:47:04 | INFO    | validation_run | All tasks completed.
